 I WILL CALCULATE           14  RESONANCES   sigma = k*lambda - kp*lambda_p + (kp-k)*varpi
 pla  kp:k    a(au)    e     i     w  ln      <R>      <R>-R_min  width(au)  sigma_0          periods(yr)      RHTol=   3.0000000000000000     
 1    1  1  60.02291 0.000  10.0  90 270  3.3332E+00  2.1417E+00  2.1478E+01   0  60 300 999  2.380E-02  2.609E-01  2.609E-01  0.000E+00
 1    1  1  60.02291 0.050  10.0  90 270  3.3603E+00  2.1702E+00  2.1447E+01  60 300 999 999  2.640E-01  2.640E-01  0.000E+00  0.000E+00
 1    1  1  60.02291 0.100  10.0  90 270  3.3143E+00  2.1061E+00  2.1301E+01  60 300 999 999  2.625E-01  2.625E-01  0.000E+00  0.000E+00
 1    1  1  60.02291 0.150  10.0  90 270  3.2104E+00  1.9648E+00  2.1038E+01   0  61 299 999  4.648E-02  2.623E-01  2.623E-01  0.000E+00
 1    1  1  60.02291 0.200  10.0  90 270  3.0885E+00  1.7861E+00  2.0656E+01   0  62 298 999  7.859E-02  2.575E-01  2.575E-01  0.000E+00
 1    1  1  60.02291 0.250  10.0  90 270  2.9668E+00  1.5894E+00  2.0151E+01   0  64 296 999  1.143E-01  2.549E-01  2.549E-01  0.000E+00
 1    1  1  60.02291 0.300  10.0  90 270  2.8526E+00  1.3833E+00  1.9524E+01   0  67 293 999  1.515E-01  2.556E-01  2.556E-01  0.000E+00
 1    1  1  60.02291 0.350  10.0  90 270  2.7475E+00  1.1711E+00  1.8770E+01   0  70 290 999  1.880E-01  2.531E-01  2.531E-01  0.000E+00
 1    1  1  60.02291 0.400  10.0  90 270  2.6511E+00  9.5473E-01  1.7889E+01   0  74 286 999  2.221E-01  2.557E-01  2.557E-01  0.000E+00
 1    1  1  60.02291 0.450  10.0  90 270  2.5624E+00  7.8568E-01  1.7171E+01   0  78 282 999  2.529E-01  2.561E-01  2.561E-01  0.000E+00
 1    1  1  60.02291 0.500  10.0  90 270  2.4803E+00  1.0670E+00  1.8923E+01   0  82 278 999  2.802E-01  2.539E-01  2.539E-01  0.000E+00
 1    1  1  60.02291 0.550  10.0  90 270  2.4039E+00  1.2698E+00  2.0089E+01   0  88 272 999  3.041E-01  2.695E-01  2.695E-01  0.000E+00
 1    1  1  60.02291 0.600  10.0  90 270  2.3323E+00  1.4123E+00  2.0862E+01   0  93 267 999  3.253E-01  2.735E-01  2.735E-01  0.000E+00
 1    1  1  60.02291 0.650  10.0  90 270  2.2648E+00  1.5069E+00  2.1347E+01   0 100 260 999  3.447E-01  2.984E-01  2.984E-01  0.000E+00
 1    1  1  60.02291 0.700  10.0  90 270  2.2008E+00  1.5622E+00  2.1608E+01   0 107 253 999  3.629E-01  3.232E-01  3.232E-01  0.000E+00
 1    1  1  60.02291 0.750  10.0  90 270  2.1399E+00  1.5838E+00  2.1684E+01   0 115 245 999  3.810E-01  3.608E-01  3.608E-01  0.000E+00
      
 1    2  1  37.81206 0.000  10.0  90 270  2.6184E+00  3.4613E-02  0.0000E+00 180 999 999 999  2.250E+01  0.000E+00  0.000E+00  0.000E+00
 1    2  1  37.81206 0.050  10.0  90 270  2.6175E+00  9.1641E-02  0.0000E+00   0 999 999 999  1.025E+00  0.000E+00  0.000E+00  0.000E+00
 1    2  1  37.81206 0.100  10.0  90 270  2.6193E+00  2.1802E-01  0.0000E+00   0 999 999 999  7.501E-01  0.000E+00  0.000E+00  0.000E+00
 1    2  1  37.81206 0.150  10.0  90 270  2.6238E+00  3.2846E-01  0.0000E+00 999 999 999 999  0.000E+00  0.000E+00  0.000E+00  0.000E+00
 1    2  1  37.81206 0.200  10.0  90 270  2.6310E+00  4.2590E-01  0.0000E+00 999 999 999 999  0.000E+00  0.000E+00  0.000E+00  0.000E+00
 1    2  1  37.81206 0.250  10.0  90 270  2.6407E+00  5.1263E-01  1.7156E+00   0 999 999 999  6.111E-01  0.000E+00  0.000E+00  0.000E+00
 1    2  1  37.81206 0.300  10.0  90 270  2.6528E+00  5.9042E-01  3.4786E+00   0 999 999 999  6.018E-01  0.000E+00  0.000E+00  0.000E+00
 1    2  1  37.81206 0.350  10.0  90 270  2.6672E+00  6.6051E-01  4.6401E+00   0 999 999 999  5.972E-01  0.000E+00  0.000E+00  0.000E+00
 1    2  1  37.81206 0.400  10.0  90 270  2.6833E+00  7.2369E-01  5.5802E+00   0 999 999 999  5.950E-01  0.000E+00  0.000E+00  0.000E+00
 1    2  1  37.81206 0.450  10.0  90 270  2.7006E+00  7.8022E-01  6.4824E+00 999 999 999 999  0.000E+00  0.000E+00  0.000E+00  0.000E+00
 1    2  1  37.81206 0.500  10.0  90 270  2.7182E+00  8.2980E-01  7.0693E+00   0 999 999 999  5.930E-01  0.000E+00  0.000E+00  0.000E+00
 1    2  1  37.81206 0.550  10.0  90 270  2.7346E+00  8.7147E-01  6.7351E+00   0 999 999 999  5.917E-01  0.000E+00  0.000E+00  0.000E+00
 1    2  1  37.81206 0.600  10.0  90 270  2.7480E+00  9.0367E-01  6.3264E+00   0 999 999 999  5.897E-01  0.000E+00  0.000E+00  0.000E+00
 1    2  1  37.81206 0.650  10.0  90 270  2.7565E+00  9.2448E-01  5.9278E+00   0 999 999 999  5.863E-01  0.000E+00  0.000E+00  0.000E+00
 1    2  1  37.81206 0.700  10.0  90 270  2.7585E+00  9.3193E-01  5.4732E+00   0 999 999 999  5.812E-01  0.000E+00  0.000E+00  0.000E+00
 1    2  1  37.81206 0.750  10.0  90 270  2.7531E+00  9.2438E-01  4.9659E+00   0 999 999 999  5.738E-01  0.000E+00  0.000E+00  0.000E+00
      
 1    3  2  45.80605 0.000  10.0  90 270  2.8044E+00  2.5469E-01  0.0000E+00 180 999 999 999  5.170E-01  0.000E+00  0.000E+00  0.000E+00
 1    3  2  45.80605 0.050  10.0  90 270  2.8023E+00  1.0278E-01  0.0000E+00   0 180 999 999  9.824E-01  6.060E-01  0.000E+00  0.000E+00
 1    3  2  45.80605 0.100  10.0  90 270  2.8041E+00  1.2800E-01  0.0000E+00   0 180 999 999  5.565E-01  3.558E+00  0.000E+00  0.000E+00
 1    3  2  45.80605 0.150  10.0  90 270  2.8094E+00  2.7253E-01  0.0000E+00   0 999 999 999  4.974E-01  0.000E+00  0.000E+00  0.000E+00
 1    3  2  45.80605 0.200  10.0  90 270  2.8172E+00  3.8883E-01  0.0000E+00 999 999 999 999  0.000E+00  0.000E+00  0.000E+00  0.000E+00
 1    3  2  45.80605 0.250  10.0  90 270  2.8259E+00  4.8166E-01  0.0000E+00   0 999 999 999  4.745E-01  0.000E+00  0.000E+00  0.000E+00
 1    3  2  45.80605 0.300  10.0  90 270  2.8328E+00  5.5292E-01  0.0000E+00 999 999 999 999  0.000E+00  0.000E+00  0.000E+00  0.000E+00
 1    3  2  45.80605 0.350  10.0  90 270  2.8345E+00  6.0242E-01  0.0000E+00 999 999 999 999  0.000E+00  0.000E+00  0.000E+00  0.000E+00
 1    3  2  45.80605 0.400  10.0  90 270  2.8279E+00  6.2908E-01  3.5770E+00   0 999 999 999  4.551E-01  0.000E+00  0.000E+00  0.000E+00
 1    3  2  45.80605 0.450  10.0  90 270  2.8115E+00  6.3231E-01  3.7693E+00   0 999 999 999  4.416E-01  0.000E+00  0.000E+00  0.000E+00
 1    3  2  45.80605 0.500  10.0  90 270  2.7853E+00  6.1265E-01  3.0330E+00   0 999 999 999  4.236E-01  0.000E+00  0.000E+00  0.000E+00
 1    3  2  45.80605 0.550  10.0  90 270  2.7509E+00  5.7115E-01  2.2175E+00   0 180 999 999  4.014E-01  4.800E-01  0.000E+00  0.000E+00
 1    3  2  45.80605 0.600  10.0  90 270  2.7105E+00  5.0842E-01  1.2799E+00   0 180 999 999  3.752E-01  4.350E-01  0.000E+00  0.000E+00
 1    3  2  45.80605 0.650  10.0  90 270  2.6660E+00  4.2360E-01  2.3004E-01   0 180 999 999  3.462E-01  4.580E-01  0.000E+00  0.000E+00
 1    3  2  45.80605 0.700  10.0  90 270  2.6188E+00  3.1377E-01  0.0000E+00   0 180 999 999  3.162E-01  4.996E-01  0.000E+00  0.000E+00
 1    3  2  45.80605 0.750  10.0  90 270  2.5700E+00  1.7345E-01  0.0000E+00   0 180 999 999  2.899E-01  5.465E-01  0.000E+00  0.000E+00
      
 1    4  3  49.54782 0.000  10.0  90 270  2.9231E+00  2.9227E-01  0.0000E+00 180 999 999 999  3.616E-01  0.000E+00  0.000E+00  0.000E+00
 1    4  3  49.54782 0.050  10.0  90 270  2.9214E+00  1.1908E-01  0.0000E+00   0 180 999 999  4.767E-01  3.942E-01  0.000E+00  0.000E+00
 1    4  3  49.54782 0.100  10.0  90 270  2.9211E+00  1.6877E-01  0.0000E+00   0 180 999 999  3.669E-01  9.122E-01  0.000E+00  0.000E+00
 1    4  3  49.54782 0.150  10.0  90 270  2.9216E+00  3.2028E-01  0.0000E+00   0 999 999 999  3.538E-01  0.000E+00  0.000E+00  0.000E+00
 1    4  3  49.54782 0.200  10.0  90 270  2.9201E+00  4.2627E-01  0.0000E+00   0 999 999 999  3.530E-01  0.000E+00  0.000E+00  0.000E+00
 1    4  3  49.54782 0.250  10.0  90 270  2.9128E+00  4.9281E-01  0.0000E+00   0 999 999 999  3.511E-01  0.000E+00  0.000E+00  0.000E+00
 1    4  3  49.54782 0.300  10.0  90 270  2.8959E+00  5.2233E-01  0.0000E+00   0 999 999 999  3.440E-01  0.000E+00  0.000E+00  0.000E+00
 1    4  3  49.54782 0.350  10.0  90 270  2.8675E+00  5.1649E-01  0.0000E+00   0 999 999 999  3.306E-01  0.000E+00  0.000E+00  0.000E+00
 1    4  3  49.54782 0.400  10.0  90 270  2.8287E+00  4.7723E-01  0.0000E+00   0 180 999 999  3.107E-01  5.413E-01  0.000E+00  0.000E+00
 1    4  3  49.54782 0.450  10.0  90 270  2.7820E+00  4.0590E-01  0.0000E+00   0 180 999 999  2.857E-01  3.625E-01  0.000E+00  0.000E+00
 1    4  3  49.54782 0.500  10.0  90 270  2.7300E+00  3.0167E-01  0.0000E+00   0 180 999 999  2.577E-01  3.755E-01  0.000E+00  0.000E+00
 1    4  3  49.54782 0.550  10.0  90 270  2.6751E+00  1.6057E-01  0.0000E+00   0 180 999 999  2.321E-01  4.096E-01  0.000E+00  0.000E+00
 1    4  3  49.54782 0.600  10.0  90 270  2.6187E+00  1.4017E-01  0.0000E+00   0 180 999 999  2.267E-01  4.439E-01  0.000E+00  0.000E+00
 1    4  3  49.54782 0.650  10.0  90 270  2.5621E+00  1.9645E-01  0.0000E+00   0 180 999 999  8.222E-01  4.688E-01  0.000E+00  0.000E+00
 1    4  3  49.54782 0.700  10.0  90 270  2.5058E+00  2.2542E-01  0.0000E+00 180 999 999 999  4.785E-01  0.000E+00  0.000E+00  0.000E+00
 1    4  3  49.54782 0.750  10.0  90 270  2.4501E+00  2.2965E-01  0.0000E+00 180 999 999 999  4.707E-01  0.000E+00  0.000E+00  0.000E+00
      
 1    5  4  51.72617 0.000  10.0  90 270  3.0027E+00  3.1258E-01  0.0000E+00 180 999 999 999  2.830E-01  0.000E+00  0.000E+00  0.000E+00
 1    5  4  51.72617 0.050  10.0  90 270  3.0024E+00  1.3042E-01  0.0000E+00   0 180 999 999  3.178E-01  2.926E-01  0.000E+00  0.000E+00
 1    5  4  51.72617 0.100  10.0  90 270  2.9989E+00  1.9323E-01  0.0000E+00   0 180 999 999  2.799E-01  5.261E-01  0.000E+00  0.000E+00
 1    5  4  51.72617 0.150  10.0  90 270  2.9913E+00  3.3837E-01  0.0000E+00   0 999 999 999  2.817E-01  0.000E+00  0.000E+00  0.000E+00
 1    5  4  51.72617 0.200  10.0  90 270  2.9763E+00  4.2150E-01  0.0000E+00   0 999 999 999  2.834E-01  0.000E+00  0.000E+00  0.000E+00
 1    5  4  51.72617 0.250  10.0  90 270  2.9502E+00  4.5126E-01  0.0000E+00   0 999 999 999  2.778E-01  0.000E+00  0.000E+00  0.000E+00
 1    5  4  51.72617 0.300  10.0  90 270  2.9118E+00  4.3252E-01  0.0000E+00   0 999 999 999  2.634E-01  0.000E+00  0.000E+00  0.000E+00
 1    5  4  51.72617 0.350  10.0  90 270  2.8628E+00  3.6815E-01  0.0000E+00   0 180 999 999  2.414E-01  3.467E-01  0.000E+00  0.000E+00
 1    5  4  51.72617 0.400  10.0  90 270  2.8064E+00  2.5786E-01  0.0000E+00   0 180 999 999  2.151E-01  3.195E-01  0.000E+00  0.000E+00
 1    5  4  51.72617 0.450  10.0  90 270  2.7459E+00  9.6929E-02  0.0000E+00   0 180 999 999  1.938E-01  3.458E-01  0.000E+00  0.000E+00
 1    5  4  51.72617 0.500  10.0  90 270  2.6836E+00  1.5442E-01  0.0000E+00   0 180 999 999  2.329E-01  3.725E-01  0.000E+00  0.000E+00
 1    5  4  51.72617 0.550  10.0  90 270  2.6210E+00  2.0000E-01  0.0000E+00 180 999 999 999  3.863E-01  0.000E+00  0.000E+00  0.000E+00
 1    5  4  51.72617 0.600  10.0  90 270  2.5591E+00  2.1161E-01  0.0000E+00 180 999 999 999  3.823E-01  0.000E+00  0.000E+00  0.000E+00
 1    5  4  51.72617 0.650  10.0  90 270  2.4983E+00  1.9232E-01  0.0000E+00 180 999 999 999  3.617E-01  0.000E+00  0.000E+00  0.000E+00
 1    5  4  51.72617 0.700  10.0  90 270  2.4390E+00  1.4151E-01  0.0000E+00   0 180 999 999  5.212E-01  3.322E-01  0.000E+00  0.000E+00
 1    5  4  51.72617 0.750  10.0  90 270  2.3811E+00  5.5739E-02  0.0000E+00   0 180 999 999  4.716E-01  3.157E-01  0.000E+00  0.000E+00
      
 1    3  1  28.85600 0.000  10.0  90 270  2.4864E+00  3.3731E-03  3.8290E-01   0 999 999 999  4.733E+00  0.000E+00  0.000E+00  0.000E+00
 1    3  1  28.85600 0.050  10.0  90 270  2.4862E+00  1.3429E-02  7.7304E-01   0 999 999 999  2.457E+00  0.000E+00  0.000E+00  0.000E+00
 1    3  1  28.85600 0.100  10.0  90 270  2.4873E+00  1.7037E-02  8.7294E-01   0 999 999 999  2.198E+00  0.000E+00  0.000E+00  0.000E+00
 1    3  1  28.85600 0.150  10.0  90 270  2.4897E+00  1.4309E-02  7.9989E-01   0 999 999 999  2.398E+00  0.000E+00  0.000E+00  0.000E+00
 1    3  1  28.85600 0.200  10.0  90 270  2.4933E+00  5.2635E-03  4.8505E-01   0 999 999 999  3.951E+00  0.000E+00  0.000E+00  0.000E+00
 1    3  1  28.85600 0.250  10.0  90 270  2.4981E+00  9.6725E-03  6.5229E-01 999 999 999 999  0.000E+00  0.000E+00  0.000E+00  0.000E+00
 1    3  1  28.85600 0.300  10.0  90 270  2.5042E+00  2.9835E-02  9.2056E-01 180 999 999 999  1.752E+00  0.000E+00  0.000E+00  0.000E+00
 1    3  1  28.85600 0.350  10.0  90 270  2.5116E+00  5.4423E-02  1.1321E+00 180 999 999 999  1.330E+00  0.000E+00  0.000E+00  0.000E+00
 1    3  1  28.85600 0.400  10.0  90 270  2.5203E+00  8.2563E-02  1.3545E+00 999 999 999 999  0.000E+00  0.000E+00  0.000E+00  0.000E+00
 1    3  1  28.85600 0.450  10.0  90 270  2.5303E+00  1.1336E-01  1.5821E+00 180 999 999 999  9.789E-01  0.000E+00  0.000E+00  0.000E+00
 1    3  1  28.85600 0.500  10.0  90 270  2.5416E+00  1.4596E-01  1.8057E+00 180 999 999 999  8.902E-01  0.000E+00  0.000E+00  0.000E+00
 1    3  1  28.85600 0.550  10.0  90 270  2.5542E+00  1.7953E-01  2.0346E+00 180 999 999 999  8.275E-01  0.000E+00  0.000E+00  0.000E+00
 1    3  1  28.85600 0.600  10.0  90 270  2.5681E+00  2.1328E-01  2.2332E+00 180 999 999 999  7.809E-01  0.000E+00  0.000E+00  0.000E+00
 1    3  1  28.85600 0.650  10.0  90 270  2.5833E+00  2.4642E-01  2.3488E+00 999 999 999 999  0.000E+00  0.000E+00  0.000E+00  0.000E+00
 1    3  1  28.85600 0.700  10.0  90 270  2.5997E+00  2.7813E-01  2.3411E+00 180 999 999 999  7.151E-01  0.000E+00  0.000E+00  0.000E+00
 1    3  1  28.85600 0.750  10.0  90 270  2.6172E+00  3.0741E-01  2.2520E+00 180 999 999 999  6.897E-01  0.000E+00  0.000E+00  0.000E+00
      
 1    5  3  42.69902 0.000  10.0  90 270  2.7222E+00  1.4033E-02  0.0000E+00 180 999 999 999  1.074E+00  0.000E+00  0.000E+00  0.000E+00
 1    5  3  42.69902 0.050  10.0  90 270  2.7207E+00  1.7060E-02  0.0000E+00   0 999 999 999  1.084E+00  0.000E+00  0.000E+00  0.000E+00
 1    5  3  42.69902 0.100  10.0  90 270  2.7227E+00  1.7440E-02  0.0000E+00   0 999 999 999  1.094E+00  0.000E+00  0.000E+00  0.000E+00
 1    5  3  42.69902 0.150  10.0  90 270  2.7284E+00  1.0679E-02  0.0000E+00 180 999 999 999  1.283E+00  0.000E+00  0.000E+00  0.000E+00
 1    5  3  42.69902 0.200  10.0  90 270  2.7372E+00  6.0788E-02  0.0000E+00 180 999 999 999  5.994E-01  0.000E+00  0.000E+00  0.000E+00
 1    5  3  42.69902 0.250  10.0  90 270  2.7487E+00  1.2137E-01  0.0000E+00 999 999 999 999  0.000E+00  0.000E+00  0.000E+00  0.000E+00
 1    5  3  42.69902 0.300  10.0  90 270  2.7619E+00  1.8258E-01  0.0000E+00 180 999 999 999  4.065E-01  0.000E+00  0.000E+00  0.000E+00
 1    5  3  42.69902 0.350  10.0  90 270  2.7750E+00  2.3684E-01  0.0000E+00 180 999 999 999  3.776E-01  0.000E+00  0.000E+00  0.000E+00
 1    5  3  42.69902 0.400  10.0  90 270  2.7860E+00  2.7825E-01  0.0000E+00 180 999 999 999  3.581E-01  0.000E+00  0.000E+00  0.000E+00
 1    5  3  42.69902 0.450  10.0  90 270  2.7919E+00  3.0169E-01  3.4819E-01 180 999 999 999  3.412E-01  0.000E+00  0.000E+00  0.000E+00
 1    5  3  42.69902 0.500  10.0  90 270  2.7905E+00  3.0270E-01  0.0000E+00 180 999 999 999  3.240E-01  0.000E+00  0.000E+00  0.000E+00
 1    5  3  42.69902 0.550  10.0  90 270  2.7801E+00  2.7764E-01  0.0000E+00 180 999 999 999  3.061E-01  0.000E+00  0.000E+00  0.000E+00
 1    5  3  42.69902 0.600  10.0  90 270  2.7609E+00  2.2384E-01  0.0000E+00   0 180 999 999  1.564E+00  2.896E-01  0.000E+00  0.000E+00
 1    5  3  42.69902 0.650  10.0  90 270  2.7339E+00  1.3965E-01  0.0000E+00   0 180 999 999  5.482E-01  2.819E-01  0.000E+00  0.000E+00
 1    5  3  42.69902 0.700  10.0  90 270  2.7007E+00  4.4240E-02  0.0000E+00   0 180 999 999  4.842E-01  3.127E-01  0.000E+00  0.000E+00
 1    5  3  42.69902 0.750  10.0  90 270  2.6629E+00  1.0755E-01  0.0000E+00   0 999 999 999  4.695E-01  0.000E+00  0.000E+00  0.000E+00
      
 1    4  1  23.82011 0.000  10.0  90 270  2.4358E+00  6.5116E-04  1.2787E-01   0 999 999 999  9.254E+00  0.000E+00  0.000E+00  0.000E+00
 1    4  1  23.82011 0.050  10.0  90 270  2.4358E+00  1.1507E-03  1.7009E-01   0 999 999 999  6.974E+00  0.000E+00  0.000E+00  0.000E+00
 1    4  1  23.82011 0.100  10.0  90 270  2.4365E+00  1.0774E-03  1.6459E-01   0 999 999 999  7.209E+00  0.000E+00  0.000E+00  0.000E+00
 1    4  1  23.82011 0.150  10.0  90 270  2.4380E+00  8.1954E-04  1.4354E-01   0 999 999 999  8.264E+00  0.000E+00  0.000E+00  0.000E+00
 1    4  1  23.82011 0.200  10.0  90 270  2.4403E+00  7.6456E-04  1.3865E-01 999 999 999 999  0.000E+00  0.000E+00  0.000E+00  0.000E+00
 1    4  1  23.82011 0.250  10.0  90 270  2.4433E+00  1.2878E-03  1.7995E-01   0 999 999 999  6.594E+00  0.000E+00  0.000E+00  0.000E+00
 1    4  1  23.82011 0.300  10.0  90 270  2.4471E+00  2.7387E-03  2.6256E-01   0 999 999 999  4.529E+00  0.000E+00  0.000E+00  0.000E+00
 1    4  1  23.82011 0.350  10.0  90 270  2.4517E+00  5.4238E-03  3.6993E-01 999 999 999 999  0.000E+00  0.000E+00  0.000E+00  0.000E+00
 1    4  1  23.82011 0.400  10.0  90 270  2.4571E+00  9.5903E-03  4.9285E-01   0 999 999 999  2.442E+00  0.000E+00  0.000E+00  0.000E+00
 1    4  1  23.82011 0.450  10.0  90 270  2.4632E+00  1.5409E-02  6.2641E-01   0 999 999 999  1.942E+00  0.000E+00  0.000E+00  0.000E+00
 1    4  1  23.82011 0.500  10.0  90 270  2.4702E+00  2.2960E-02  7.6733E-01   0 999 999 999  1.607E+00  0.000E+00  0.000E+00  0.000E+00
 1    4  1  23.82011 0.550  10.0  90 270  2.4780E+00  3.2224E-02  8.3279E-01   0 999 999 999  1.373E+00  0.000E+00  0.000E+00  0.000E+00
 1    4  1  23.82011 0.600  10.0  90 270  2.4866E+00  4.3071E-02  8.9011E-01   0 999 999 999  1.204E+00  0.000E+00  0.000E+00  0.000E+00
 1    4  1  23.82011 0.650  10.0  90 270  2.4960E+00  5.5260E-02  9.4323E-01 999 999 999 999  0.000E+00  0.000E+00  0.000E+00  0.000E+00
 1    4  1  23.82011 0.700  10.0  90 270  2.5063E+00  6.8427E-02  9.9935E-01   0 999 999 999  9.831E-01  0.000E+00  0.000E+00  0.000E+00
 1    4  1  23.82011 0.750  10.0  90 270  2.5175E+00  8.2067E-02  1.0351E+00   0 999 999 999  9.103E-01  0.000E+00  0.000E+00  0.000E+00
      
 1    5  2  32.58545 0.000  10.0  90 270  2.5338E+00  3.1668E-04  0.0000E+00   0 999 999 999  8.945E+00  0.000E+00  0.000E+00  0.000E+00
 1    5  2  32.58545 0.050  10.0  90 270  2.5334E+00  1.0083E-03  0.0000E+00   0 999 999 999  5.104E+00  0.000E+00  0.000E+00  0.000E+00
 1    5  2  32.58545 0.100  10.0  90 270  2.5348E+00  2.0377E-04  0.0000E+00   0 999 999 999  1.132E+01  0.000E+00  0.000E+00  0.000E+00
 1    5  2  32.58545 0.150  10.0  90 270  2.5380E+00  4.1590E-04  0.0000E+00 180 999 999 999  7.939E+00  0.000E+00  0.000E+00  0.000E+00
 1    5  2  32.58545 0.200  10.0  90 270  2.5429E+00  7.8134E-04  0.0000E+00   0 999 999 999  5.787E+00  0.000E+00  0.000E+00  0.000E+00
 1    5  2  32.58545 0.250  10.0  90 270  2.5495E+00  5.2183E-03  0.0000E+00 999 999 999 999  0.000E+00  0.000E+00  0.000E+00  0.000E+00
 1    5  2  32.58545 0.300  10.0  90 270  2.5579E+00  1.3916E-02  0.0000E+00   0 999 999 999  1.398E+00  0.000E+00  0.000E+00  0.000E+00
 1    5  2  32.58545 0.350  10.0  90 270  2.5681E+00  2.7338E-02  0.0000E+00   0 999 999 999  1.017E+00  0.000E+00  0.000E+00  0.000E+00
 1    5  2  32.58545 0.400  10.0  90 270  2.5799E+00  4.5322E-02  0.0000E+00   0 999 999 999  8.109E-01  0.000E+00  0.000E+00  0.000E+00
 1    5  2  32.58545 0.450  10.0  90 270  2.5935E+00  6.7120E-02  2.1444E-01   0 999 999 999  6.863E-01  0.000E+00  0.000E+00  0.000E+00
 1    5  2  32.58545 0.500  10.0  90 270  2.6087E+00  9.1524E-02  5.4106E-01   0 999 999 999  6.059E-01  0.000E+00  0.000E+00  0.000E+00
 1    5  2  32.58545 0.550  10.0  90 270  2.6255E+00  1.1700E-01  8.8219E-01   0 999 999 999  5.511E-01  0.000E+00  0.000E+00  0.000E+00
 1    5  2  32.58545 0.600  10.0  90 270  2.6435E+00  1.4178E-01  7.9702E-01   0 999 999 999  5.119E-01  0.000E+00  0.000E+00  0.000E+00
 1    5  2  32.58545 0.650  10.0  90 270  2.6625E+00  1.6390E-01  5.6401E-01   0 999 999 999  4.824E-01  0.000E+00  0.000E+00  0.000E+00
 1    5  2  32.58545 0.700  10.0  90 270  2.6820E+00  1.8109E-01  2.4676E-01   0 999 999 999  4.592E-01  0.000E+00  0.000E+00  0.000E+00
 1    5  2  32.58545 0.750  10.0  90 270  2.7012E+00  1.9070E-01  0.0000E+00   0 999 999 999  4.405E-01  0.000E+00  0.000E+00  0.000E+00
      
 1    5  1  20.52755 0.000  10.0  90 270  2.4097E+00  7.0093E-05  3.3583E-02   0 999 999 999  2.435E+01  0.000E+00  0.000E+00  0.000E+00
 1    5  1  20.52755 0.050  10.0  90 270  2.4097E+00  8.5348E-05  3.7059E-02   0 999 999 999  2.207E+01  0.000E+00  0.000E+00  0.000E+00
 1    5  1  20.52755 0.100  10.0  90 270  2.4103E+00  6.9157E-05  3.3359E-02   0 999 999 999  2.452E+01  0.000E+00  0.000E+00  0.000E+00
 1    5  1  20.52755 0.150  10.0  90 270  2.4114E+00  5.6782E-05  3.0227E-02   0 999 999 999  2.706E+01  0.000E+00  0.000E+00  0.000E+00
 1    5  1  20.52755 0.200  10.0  90 270  2.4130E+00  5.6684E-05  3.0201E-02   0 999 999 999  2.708E+01  0.000E+00  0.000E+00  0.000E+00
 1    5  1  20.52755 0.250  10.0  90 270  2.4151E+00  5.0820E-05  2.8596E-02   0 999 999 999  2.860E+01  0.000E+00  0.000E+00  0.000E+00
 1    5  1  20.52755 0.300  10.0  90 270  2.4178E+00  3.8261E-06  7.8501E-03 180 999 999 999  1.044E+02  0.000E+00  0.000E+00  0.000E+00
 1    5  1  20.52755 0.350  10.0  90 270  2.4211E+00  1.7241E-04  5.2680E-02 180 999 999 999  1.553E+01  0.000E+00  0.000E+00  0.000E+00
 1    5  1  20.52755 0.400  10.0  90 270  2.4249E+00  5.3802E-04  9.3078E-02 180 999 999 999  8.799E+00  0.000E+00  0.000E+00  0.000E+00
 1    5  1  20.52755 0.450  10.0  90 270  2.4292E+00  1.1958E-03  1.3882E-01 180 999 999 999  5.909E+00  0.000E+00  0.000E+00  0.000E+00
 1    5  1  20.52755 0.500  10.0  90 270  2.4340E+00  2.2457E-03  1.9034E-01 180 999 999 999  4.319E+00  0.000E+00  0.000E+00  0.000E+00
 1    5  1  20.52755 0.550  10.0  90 270  2.4395E+00  3.7831E-03  2.4726E-01 180 999 999 999  3.336E+00  0.000E+00  0.000E+00  0.000E+00
 1    5  1  20.52755 0.600  10.0  90 270  2.4455E+00  5.8879E-03  3.0881E-01 180 999 999 999  2.683E+00  0.000E+00  0.000E+00  0.000E+00
 1    5  1  20.52755 0.650  10.0  90 270  2.4520E+00  8.6113E-03  3.7399E-01 180 999 999 999  2.228E+00  0.000E+00  0.000E+00  0.000E+00
 1    5  1  20.52755 0.700  10.0  90 270  2.4592E+00  1.1961E-02  4.4152E-01 180 999 999 999  1.900E+00  0.000E+00  0.000E+00  0.000E+00
 1    5  1  20.52755 0.750  10.0  90 270  2.4670E+00  1.5881E-02  5.0974E-01 180 999 999 999  1.658E+00  0.000E+00  0.000E+00  0.000E+00
      
 1    2  3  78.65226 0.000  10.0  90 270  2.1561E+00  1.6439E-01  0.0000E+00   0 999 999 999  6.763E-01  0.000E+00  0.000E+00  0.000E+00
 1    2  3  78.65226 0.050  10.0  90 270  2.1554E+00  5.0537E-02  0.0000E+00   0 180 999 999  9.486E-01  8.352E-01  0.000E+00  0.000E+00
 1    2  3  78.65226 0.100  10.0  90 270  2.1595E+00  2.0571E-01  0.0000E+00 180 999 999 999  6.757E-01  0.000E+00  0.000E+00  0.000E+00
 1    2  3  78.65226 0.150  10.0  90 270  2.1682E+00  3.2757E-01  3.5869E+00 180 999 999 999  6.546E-01  0.000E+00  0.000E+00  0.000E+00
 1    2  3  78.65226 0.200  10.0  90 270  2.1810E+00  4.2611E-01  7.9118E+00 180 999 999 999  6.596E-01  0.000E+00  0.000E+00  0.000E+00
 1    2  3  78.65226 0.250  10.0  90 270  2.1945E+00  5.0488E-01  1.1228E+01 180 999 999 999  6.693E-01  0.000E+00  0.000E+00  0.000E+00
 1    2  3  78.65226 0.300  10.0  90 270  2.2012E+00  5.6073E-01  1.4909E+01 180 999 999 999  6.753E-01  0.000E+00  0.000E+00  0.000E+00
 1    2  3  78.65226 0.350  10.0  90 270  2.1932E+00  5.8851E-01  1.2905E+01   0 180 999 999  1.164E-01  6.731E-01  0.000E+00  0.000E+00
 1    2  3  78.65226 0.400  10.0  90 270  2.1699E+00  5.8926E-01  1.1092E+01   0 180 999 999  1.554E-01  6.592E-01  0.000E+00  0.000E+00
 1    2  3  78.65226 0.450  10.0  90 270  2.1358E+00  5.6835E-01  9.5433E+00   0 180 999 999  2.258E-01  6.315E-01  0.000E+00  0.000E+00
 1    2  3  78.65226 0.500  10.0  90 270  2.0820E+00  5.1649E-01  7.8383E+00   0 180 999 999  3.106E-01  5.888E-01  0.000E+00  0.000E+00
 1    2  3  78.65226 0.550  10.0  90 270  1.9988E+00  4.2280E-01  6.1923E+00   0 180 999 999  4.017E-01  5.317E-01  0.000E+00  0.000E+00
 1    2  3  78.65226 0.600  10.0  90 270  1.9242E+00  3.2219E-01  4.4463E+00   0 999 999 999  4.918E-01  0.000E+00  0.000E+00  0.000E+00
 1    2  3  78.65226 0.650  10.0  90 270  1.8560E+00  2.0654E-01  6.0239E+00   0 180 999 999  5.739E-01  3.836E-01  0.000E+00  0.000E+00
 1    2  3  78.65226 0.700  10.0  90 270  1.7929E+00  2.0615E-01  6.9559E+00   0 180 999 999  6.428E-01  3.006E-01  0.000E+00  0.000E+00
 1    2  3  78.65226 0.750  10.0  90 270  1.7338E+00  2.3743E-01  9.0676E+00   0 180 999 999  6.955E-01  2.228E-01  0.000E+00  0.000E+00
      
 1    3  4  72.71258 0.000  10.0  90 270  2.4322E+00  2.1434E-01  0.0000E+00   0 999 999 999  4.287E-01  0.000E+00  0.000E+00  0.000E+00
 1    3  4  72.71258 0.050  10.0  90 270  2.4329E+00  6.4538E-02  0.0000E+00   0 180 999 999  4.912E-01  4.840E-01  0.000E+00  0.000E+00
 1    3  4  72.71258 0.100  10.0  90 270  2.4384E+00  2.5303E-01  0.0000E+00 180 999 999 999  4.354E-01  0.000E+00  0.000E+00  0.000E+00
 1    3  4  72.71258 0.150  10.0  90 270  2.4479E+00  3.9065E-01  0.0000E+00 180 999 999 999  4.369E-01  0.000E+00  0.000E+00  0.000E+00
 1    3  4  72.71258 0.200  10.0  90 270  2.4569E+00  4.8980E-01  0.0000E+00 180 999 999 999  4.415E-01  0.000E+00  0.000E+00  0.000E+00
 1    3  4  72.71258 0.250  10.0  90 270  2.4573E+00  5.5175E-01  4.9485E+00 180 999 999 999  4.386E-01  0.000E+00  0.000E+00  0.000E+00
 1    3  4  72.71258 0.300  10.0  90 270  2.4418E+00  5.7464E-01  7.1089E+00   0 180 999 999  1.178E-01  4.241E-01  0.000E+00  0.000E+00
 1    3  4  72.71258 0.350  10.0  90 270  2.4110E+00  5.6096E-01  5.1953E+00   0 180 999 999  1.725E-01  3.965E-01  0.000E+00  0.000E+00
 1    3  4  72.71258 0.400  10.0  90 270  2.3696E+00  5.1484E-01  3.1261E+00   0 180 999 999  2.509E-01  3.561E-01  0.000E+00  0.000E+00
 1    3  4  72.71258 0.450  10.0  90 270  2.2862E+00  4.0044E-01  5.5492E-01   0 180 999 999  3.393E-01  3.038E-01  0.000E+00  0.000E+00
 1    3  4  72.71258 0.500  10.0  90 270  2.1945E+00  2.4063E-01  0.0000E+00   0 180 999 999  4.276E-01  2.422E-01  0.000E+00  0.000E+00
 1    3  4  72.71258 0.550  10.0  90 270  2.1125E+00  2.1091E-01  0.0000E+00   0 180 999 999  5.050E-01  1.758E-01  0.000E+00  0.000E+00
 1    3  4  72.71258 0.600  10.0  90 270  2.0381E+00  2.3822E-01  0.0000E+00   0 180 999 999  5.607E-01  1.209E-01  0.000E+00  0.000E+00
 1    3  4  72.71258 0.650  10.0  90 270  1.9695E+00  2.4557E-01  5.7365E+00   0 999 999 999  5.864E-01  0.000E+00  0.000E+00  0.000E+00
 1    3  4  72.71258 0.700  10.0  90 270  1.9056E+00  2.3551E-01  5.0172E+00   0 180 999 999  5.781E-01  4.083E-01  0.000E+00  0.000E+00
 1    3  4  72.71258 0.750  10.0  90 270  1.8455E+00  2.0778E-01  3.1188E+00   0 180 999 999  5.369E-01  3.467E-01  0.000E+00  0.000E+00
      
 1    4  5  69.65042 0.000  10.0  90 270  2.6083E+00  2.4517E-01  0.0000E+00   0 999 999 999  3.192E-01  0.000E+00  0.000E+00  0.000E+00
 1    4  5  69.65042 0.050  10.0  90 270  2.6118E+00  7.5590E-02  0.0000E+00   0 180 999 999  3.289E-01  3.355E-01  0.000E+00  0.000E+00
 1    4  5  69.65042 0.100  10.0  90 270  2.6179E+00  2.8220E-01  0.0000E+00 180 999 999 999  3.254E-01  0.000E+00  0.000E+00  0.000E+00
 1    4  5  69.65042 0.150  10.0  90 270  2.6248E+00  4.1990E-01  0.0000E+00 180 999 999 999  3.335E-01  0.000E+00  0.000E+00  0.000E+00
 1    4  5  69.65042 0.200  10.0  90 270  2.6253E+00  5.0310E-01  0.0000E+00 180 999 999 999  3.340E-01  0.000E+00  0.000E+00  0.000E+00
 1    4  5  69.65042 0.250  10.0  90 270  2.6112E+00  5.3436E-01  0.0000E+00   0 180 999 999  1.081E-01  3.205E-01  0.000E+00  0.000E+00
 1    4  5  69.65042 0.300  10.0  90 270  2.5804E+00  5.1516E-01  1.3544E+00   0 180 999 999  1.562E-01  2.914E-01  0.000E+00  0.000E+00
 1    4  5  69.65042 0.350  10.0  90 270  2.5369E+00  4.4645E-01  0.0000E+00   0 180 999 999  2.322E-01  2.476E-01  0.000E+00  0.000E+00
 1    4  5  69.65042 0.400  10.0  90 270  2.4497E+00  2.8345E-01  0.0000E+00   0 180 999 999  3.139E-01  1.917E-01  0.000E+00  0.000E+00
 1    4  5  69.65042 0.450  10.0  90 270  2.3479E+00  2.2975E-01  0.0000E+00   0 180 999 999  3.855E-01  1.288E-01  0.000E+00  0.000E+00
 1    4  5  69.65042 0.500  10.0  90 270  2.2578E+00  2.5621E-01  0.0000E+00   0 180 999 999  4.323E-01  8.225E-02  0.000E+00  0.000E+00
 1    4  5  69.65042 0.550  10.0  90 270  2.1767E+00  2.5460E-01  0.0000E+00   0 999 999 999  4.444E-01  0.000E+00  0.000E+00  0.000E+00
 1    4  5  69.65042 0.600  10.0  90 270  2.1024E+00  2.2849E-01  1.5916E+00   0 180 999 999  4.206E-01  2.203E-01  0.000E+00  0.000E+00
 1    4  5  69.65042 0.650  10.0  90 270  2.0338E+00  1.7636E-01  0.0000E+00   0 180 999 999  3.677E-01  3.231E-01  0.000E+00  0.000E+00
 1    4  5  69.65042 0.700  10.0  90 270  1.9696E+00  9.0102E-02  0.0000E+00   0 180 999 999  2.997E-01  4.323E-01  0.000E+00  0.000E+00
 1    4  5  69.65042 0.750  10.0  90 270  1.9091E+00  9.4484E-02  9.9418E-01   0 180 999 999  2.580E-01  5.187E-01  0.000E+00  0.000E+00
      
 1    3  5  84.37547 0.000  10.0  90 270  1.9500E+00  3.2584E-03  0.0000E+00   0 999 999 999  2.537E+00  0.000E+00  0.000E+00  0.000E+00
 1    3  5  84.37547 0.050  10.0  90 270  1.9493E+00  1.4996E-02  0.0000E+00   0 999 999 999  1.396E+00  0.000E+00  0.000E+00  0.000E+00
 1    3  5  84.37547 0.100  10.0  90 270  1.9523E+00  1.5216E-02  0.0000E+00 180 999 999 999  1.238E+00  0.000E+00  0.000E+00  0.000E+00
 1    3  5  84.37547 0.150  10.0  90 270  1.9591E+00  7.7459E-02  0.0000E+00 180 999 999 999  6.642E-01  0.000E+00  0.000E+00  0.000E+00
 1    3  5  84.37547 0.200  10.0  90 270  1.9698E+00  1.5351E-01  2.0327E+00 180 999 999 999  5.546E-01  0.000E+00  0.000E+00  0.000E+00
 1    3  5  84.37547 0.250  10.0  90 270  1.9842E+00  2.3020E-01  4.9849E+00 180 999 999 999  5.218E-01  0.000E+00  0.000E+00  0.000E+00
 1    3  5  84.37547 0.300  10.0  90 270  1.9992E+00  2.9840E-01  8.1224E+00 180 999 999 999  5.083E-01  0.000E+00  0.000E+00  0.000E+00
 1    3  5  84.37547 0.350  10.0  90 270  2.0076E+00  3.4796E-01  9.3420E+00 180 999 999 999  4.940E-01  0.000E+00  0.000E+00  0.000E+00
 1    3  5  84.37547 0.400  10.0  90 270  2.0013E+00  3.6949E-01  7.1960E+00   0 180 999 999  1.638E-01  4.697E-01  0.000E+00  0.000E+00
 1    3  5  84.37547 0.450  10.0  90 270  1.9803E+00  3.6103E-01  5.0515E+00   0 180 999 999  2.169E-01  4.306E-01  0.000E+00  0.000E+00
 1    3  5  84.37547 0.500  10.0  90 270  1.9494E+00  3.2390E-01  2.6331E+00   0 180 999 999  3.091E-01  3.752E-01  0.000E+00  0.000E+00
 1    3  5  84.37547 0.550  10.0  90 270  1.9015E+00  2.4322E-01  0.0000E+00 180 999 999 999  3.043E-01  0.000E+00  0.000E+00  0.000E+00
 1    3  5  84.37547 0.600  10.0  90 270  1.8266E+00  1.5206E-01  0.0000E+00   0 180 999 999  5.135E-01  2.215E-01  0.000E+00  0.000E+00
 1    3  5  84.37547 0.650  10.0  90 270  1.7589E+00  1.7935E-01  0.0000E+00   0 180 999 999  5.899E-01  1.375E-01  0.000E+00  0.000E+00
 1    3  5  84.37547 0.700  10.0  90 270  1.6967E+00  1.8717E-01  6.1315E+00   0 999 999 999  6.272E-01  0.000E+00  0.000E+00  0.000E+00
 1    3  5  84.37547 0.750  10.0  90 270  1.6386E+00  1.7781E-01  5.3733E+00   0 180 999 999  6.163E-01  3.041E-01  0.000E+00  0.000E+00
      
