 I WILL CALCULATE           19  RESONANCES   sigma = k*lambda - kp*lambda_p + (kp-k)*varpi
 pla  kp:k    a(au)    e     i     w  ln      <R>      <R>-R_min  width(au)  sigma_0          periods(yr)      RHTol=   3.0000000000000000     
 7    2  1   3.26410 0.000  10.0  90 270  7.8266E-07  1.0346E-08  0.0000E+00 180 999 999 999  3.553E+03  0.000E+00  0.000E+00  0.000E+00
 7    2  1   3.26410 0.050  10.0  90 270  7.8240E-07  2.7393E-08  0.0000E+00   0 999 999 999  1.618E+02  0.000E+00  0.000E+00  0.000E+00
 7    2  1   3.26410 0.100  10.0  90 270  7.8294E-07  6.5168E-08  0.0000E+00   0 999 999 999  1.184E+02  0.000E+00  0.000E+00  0.000E+00
 7    2  1   3.26410 0.150  10.0  90 270  7.8430E-07  9.8181E-08  0.0000E+00 999 999 999 999  0.000E+00  0.000E+00  0.000E+00  0.000E+00
 7    2  1   3.26410 0.200  10.0  90 270  7.8643E-07  1.2731E-07  0.0000E+00   0 999 999 999  9.936E+01  0.000E+00  0.000E+00  0.000E+00
 7    2  1   3.26410 0.250  10.0  90 270  7.8934E-07  1.5323E-07  1.4809E-01   0 999 999 999  9.648E+01  0.000E+00  0.000E+00  0.000E+00
 7    2  1   3.26410 0.300  10.0  90 270  7.9296E-07  1.7648E-07  3.0029E-01   0 999 999 999  9.502E+01  0.000E+00  0.000E+00  0.000E+00
 7    2  1   3.26410 0.350  10.0  90 270  7.9725E-07  1.9743E-07  4.0055E-01   0 999 999 999  9.429E+01  0.000E+00  0.000E+00  0.000E+00
 7    2  1   3.26410 0.400  10.0  90 270  8.0207E-07  2.1632E-07  4.8170E-01   0 999 999 999  9.394E+01  0.000E+00  0.000E+00  0.000E+00
 7    2  1   3.26410 0.450  10.0  90 270  8.0725E-07  2.3322E-07  5.5959E-01   0 999 999 999  9.376E+01  0.000E+00  0.000E+00  0.000E+00
 7    2  1   3.26410 0.500  10.0  90 270  8.1250E-07  2.4804E-07  6.1025E-01   0 999 999 999  9.362E+01  0.000E+00  0.000E+00  0.000E+00
 7    2  1   3.26410 0.550  10.0  90 270  8.1739E-07  2.6049E-07  5.8140E-01   0 999 999 999  9.343E+01  0.000E+00  0.000E+00  0.000E+00
 7    2  1   3.26410 0.600  10.0  90 270  8.2141E-07  2.7012E-07  5.4613E-01   0 999 999 999  9.310E+01  0.000E+00  0.000E+00  0.000E+00
 7    2  1   3.26410 0.650  10.0  90 270  8.2396E-07  2.7634E-07  5.1171E-01   0 999 999 999  9.257E+01  0.000E+00  0.000E+00  0.000E+00
 7    2  1   3.26410 0.700  10.0  90 270  8.2456E-07  2.7856E-07  4.7247E-01   0 999 999 999  9.177E+01  0.000E+00  0.000E+00  0.000E+00
 7    2  1   3.26410 0.750  10.0  90 270  8.2293E-07  2.7631E-07  4.2868E-01   0 999 999 999  9.060E+01  0.000E+00  0.000E+00  0.000E+00
      
 7    3  2   3.95418 0.000  10.0  90 270  8.3826E-07  7.6129E-08  0.0000E+00 180 999 999 999  8.162E+01  0.000E+00  0.000E+00  0.000E+00
 7    3  2   3.95418 0.050  10.0  90 270  8.3765E-07  3.0721E-08  0.0000E+00   0 180 999 999  1.551E+02  9.569E+01  0.000E+00  0.000E+00
 7    3  2   3.95418 0.100  10.0  90 270  8.3818E-07  3.8260E-08  0.0000E+00   0 180 999 999  8.787E+01  5.618E+02  0.000E+00  0.000E+00
 7    3  2   3.95418 0.150  10.0  90 270  8.3975E-07  8.1461E-08  0.0000E+00   0 999 999 999  7.853E+01  0.000E+00  0.000E+00  0.000E+00
 7    3  2   3.95418 0.200  10.0  90 270  8.4210E-07  1.1623E-07  0.0000E+00   0 999 999 999  7.587E+01  0.000E+00  0.000E+00  0.000E+00
 7    3  2   3.95418 0.250  10.0  90 270  8.4470E-07  1.4397E-07  0.0000E+00   0 999 999 999  7.492E+01  0.000E+00  0.000E+00  0.000E+00
 7    3  2   3.95418 0.300  10.0  90 270  8.4675E-07  1.6528E-07  0.0000E+00   0 999 999 999  7.426E+01  0.000E+00  0.000E+00  0.000E+00
 7    3  2   3.95418 0.350  10.0  90 270  8.4726E-07  1.8007E-07  0.0000E+00   0 999 999 999  7.333E+01  0.000E+00  0.000E+00  0.000E+00
 7    3  2   3.95418 0.400  10.0  90 270  8.4530E-07  1.8804E-07  3.0878E-01   0 999 999 999  7.185E+01  0.000E+00  0.000E+00  0.000E+00
 7    3  2   3.95418 0.450  10.0  90 270  8.4038E-07  1.8901E-07  3.2538E-01   0 999 999 999  6.972E+01  0.000E+00  0.000E+00  0.000E+00
 7    3  2   3.95418 0.500  10.0  90 270  8.3255E-07  1.8313E-07  2.6182E-01   0 999 999 999  6.689E+01  0.000E+00  0.000E+00  0.000E+00
 7    3  2   3.95418 0.550  10.0  90 270  8.2228E-07  1.7072E-07  1.9143E-01   0 180 999 999  6.337E+01  7.578E+01  0.000E+00  0.000E+00
 7    3  2   3.95418 0.600  10.0  90 270  8.1021E-07  1.5197E-07  1.1049E-01   0 180 999 999  5.925E+01  6.868E+01  0.000E+00  0.000E+00
 7    3  2   3.95418 0.650  10.0  90 270  7.9689E-07  1.2662E-07  1.9858E-02   0 180 999 999  5.466E+01  7.232E+01  0.000E+00  0.000E+00
 7    3  2   3.95418 0.700  10.0  90 270  7.8278E-07  9.3791E-08  0.0000E+00   0 180 999 999  4.992E+01  7.889E+01  0.000E+00  0.000E+00
 7    3  2   3.95418 0.750  10.0  90 270  7.6820E-07  5.1847E-08  0.0000E+00   0 180 999 999  4.577E+01  8.629E+01  0.000E+00  0.000E+00
      
 7    4  3   4.27719 0.000  10.0  90 270  8.7376E-07  8.7363E-08  0.0000E+00 180 999 999 999  5.709E+01  0.000E+00  0.000E+00  0.000E+00
 7    4  3   4.27719 0.050  10.0  90 270  8.7325E-07  3.5593E-08  0.0000E+00   0 180 999 999  7.527E+01  6.225E+01  0.000E+00  0.000E+00
 7    4  3   4.27719 0.100  10.0  90 270  8.7315E-07  5.0446E-08  0.0000E+00   0 180 999 999  5.792E+01  1.440E+02  0.000E+00  0.000E+00
 7    4  3   4.27719 0.150  10.0  90 270  8.7329E-07  9.5735E-08  0.0000E+00   0 999 999 999  5.586E+01  0.000E+00  0.000E+00  0.000E+00
 7    4  3   4.27719 0.200  10.0  90 270  8.7286E-07  1.2742E-07  0.0000E+00   0 999 999 999  5.574E+01  0.000E+00  0.000E+00  0.000E+00
 7    4  3   4.27719 0.250  10.0  90 270  8.7067E-07  1.4731E-07  0.0000E+00   0 999 999 999  5.544E+01  0.000E+00  0.000E+00  0.000E+00
 7    4  3   4.27719 0.300  10.0  90 270  8.6561E-07  1.5613E-07  0.0000E+00   0 999 999 999  5.432E+01  0.000E+00  0.000E+00  0.000E+00
 7    4  3   4.27719 0.350  10.0  90 270  8.5714E-07  1.5438E-07  0.0000E+00   0 999 999 999  5.219E+01  0.000E+00  0.000E+00  0.000E+00
 7    4  3   4.27719 0.400  10.0  90 270  8.4554E-07  1.4265E-07  0.0000E+00   0 180 999 999  4.906E+01  8.546E+01  0.000E+00  0.000E+00
 7    4  3   4.27719 0.450  10.0  90 270  8.3156E-07  1.2133E-07  0.0000E+00   0 180 999 999  4.511E+01  5.723E+01  0.000E+00  0.000E+00
 7    4  3   4.27719 0.500  10.0  90 270  8.1603E-07  9.0172E-08  0.0000E+00   0 180 999 999  4.069E+01  5.928E+01  0.000E+00  0.000E+00
 7    4  3   4.27719 0.550  10.0  90 270  7.9961E-07  4.7997E-08  0.0000E+00   0 180 999 999  3.665E+01  6.467E+01  0.000E+00  0.000E+00
 7    4  3   4.27719 0.600  10.0  90 270  7.8277E-07  4.1899E-08  0.0000E+00   0 180 999 999  3.579E+01  7.009E+01  0.000E+00  0.000E+00
 7    4  3   4.27719 0.650  10.0  90 270  7.6584E-07  5.8721E-08  0.0000E+00   0 180 999 999  1.298E+02  7.402E+01  0.000E+00  0.000E+00
 7    4  3   4.27719 0.700  10.0  90 270  7.4900E-07  6.7382E-08  0.0000E+00 180 999 999 999  7.555E+01  0.000E+00  0.000E+00  0.000E+00
 7    4  3   4.27719 0.750  10.0  90 270  7.3237E-07  6.8645E-08  0.0000E+00 180 999 999 999  7.431E+01  0.000E+00  0.000E+00  0.000E+00
      
 7    5  4   4.46523 0.000  10.0  90 270  8.9754E-07  9.3435E-08  0.0000E+00 180 999 999 999  4.468E+01  0.000E+00  0.000E+00  0.000E+00
 7    5  4   4.46523 0.050  10.0  90 270  8.9746E-07  3.8985E-08  0.0000E+00   0 180 999 999  5.018E+01  4.620E+01  0.000E+00  0.000E+00
 7    5  4   4.46523 0.100  10.0  90 270  8.9639E-07  5.7758E-08  0.0000E+00   0 180 999 999  4.420E+01  8.306E+01  0.000E+00  0.000E+00
 7    5  4   4.46523 0.150  10.0  90 270  8.9413E-07  1.0114E-07  0.0000E+00   0 999 999 999  4.448E+01  0.000E+00  0.000E+00  0.000E+00
 7    5  4   4.46523 0.200  10.0  90 270  8.8965E-07  1.2599E-07  0.0000E+00   0 999 999 999  4.475E+01  0.000E+00  0.000E+00  0.000E+00
 7    5  4   4.46523 0.250  10.0  90 270  8.8186E-07  1.3489E-07  0.0000E+00   0 999 999 999  4.386E+01  0.000E+00  0.000E+00  0.000E+00
 7    5  4   4.46523 0.300  10.0  90 270  8.7037E-07  1.2929E-07  0.0000E+00   0 999 999 999  4.159E+01  0.000E+00  0.000E+00  0.000E+00
 7    5  4   4.46523 0.350  10.0  90 270  8.5572E-07  1.1005E-07  0.0000E+00   0 180 999 999  3.811E+01  5.474E+01  0.000E+00  0.000E+00
 7    5  4   4.46523 0.400  10.0  90 270  8.3888E-07  7.7077E-08  0.0000E+00   0 180 999 999  3.396E+01  5.045E+01  0.000E+00  0.000E+00
 7    5  4   4.46523 0.450  10.0  90 270  8.2078E-07  2.8973E-08  0.0000E+00 180 999 999 999  5.459E+01  0.000E+00  0.000E+00  0.000E+00
 7    5  4   4.46523 0.500  10.0  90 270  8.0216E-07  4.6157E-08  0.0000E+00   0 180 999 999  3.678E+01  5.882E+01  0.000E+00  0.000E+00
 7    5  4   4.46523 0.550  10.0  90 270  7.8345E-07  5.9782E-08  0.0000E+00 180 999 999 999  6.100E+01  0.000E+00  0.000E+00  0.000E+00
 7    5  4   4.46523 0.600  10.0  90 270  7.6494E-07  6.3252E-08  0.0000E+00 180 999 999 999  6.036E+01  0.000E+00  0.000E+00  0.000E+00
 7    5  4   4.46523 0.650  10.0  90 270  7.4678E-07  5.7487E-08  0.0000E+00 180 999 999 999  5.711E+01  0.000E+00  0.000E+00  0.000E+00
 7    5  4   4.46523 0.700  10.0  90 270  7.2904E-07  4.2299E-08  0.0000E+00   0 180 999 999  8.229E+01  5.245E+01  0.000E+00  0.000E+00
 7    5  4   4.46523 0.750  10.0  90 270  7.1173E-07  1.6661E-08  0.0000E+00   0 180 999 999  7.446E+01  4.985E+01  0.000E+00  0.000E+00
      
 7    3  1   2.49098 0.000  10.0  90 270  7.4321E-07  1.0082E-09  3.3053E-02   0 999 999 999  7.473E+02  0.000E+00  0.000E+00  0.000E+00
 7    3  1   2.49098 0.050  10.0  90 270  7.4316E-07  4.0140E-09  6.6732E-02   0 999 999 999  3.880E+02  0.000E+00  0.000E+00  0.000E+00
 7    3  1   2.49098 0.100  10.0  90 270  7.4349E-07  5.0926E-09  7.5356E-02   0 999 999 999  3.471E+02  0.000E+00  0.000E+00  0.000E+00
 7    3  1   2.49098 0.150  10.0  90 270  7.4419E-07  4.2770E-09  6.9050E-02   0 999 999 999  3.786E+02  0.000E+00  0.000E+00  0.000E+00
 7    3  1   2.49098 0.200  10.0  90 270  7.4526E-07  1.5733E-09  4.1872E-02   0 999 999 999  6.238E+02  0.000E+00  0.000E+00  0.000E+00
 7    3  1   2.49098 0.250  10.0  90 270  7.4671E-07  2.8912E-09  5.6309E-02 180 999 999 999  4.778E+02  0.000E+00  0.000E+00  0.000E+00
 7    3  1   2.49098 0.300  10.0  90 270  7.4854E-07  8.9180E-09  7.9467E-02 180 999 999 999  2.766E+02  0.000E+00  0.000E+00  0.000E+00
 7    3  1   2.49098 0.350  10.0  90 270  7.5075E-07  1.6268E-08  9.7727E-02 180 999 999 999  2.101E+02  0.000E+00  0.000E+00  0.000E+00
 7    3  1   2.49098 0.400  10.0  90 270  7.5335E-07  2.4679E-08  1.1693E-01 180 999 999 999  1.756E+02  0.000E+00  0.000E+00  0.000E+00
 7    3  1   2.49098 0.450  10.0  90 270  7.5633E-07  3.3886E-08  1.3657E-01 180 999 999 999  1.546E+02  0.000E+00  0.000E+00  0.000E+00
 7    3  1   2.49098 0.500  10.0  90 270  7.5970E-07  4.3629E-08  1.5588E-01 180 999 999 999  1.406E+02  0.000E+00  0.000E+00  0.000E+00
 7    3  1   2.49098 0.550  10.0  90 270  7.6347E-07  5.3663E-08  1.7563E-01 180 999 999 999  1.307E+02  0.000E+00  0.000E+00  0.000E+00
 7    3  1   2.49098 0.600  10.0  90 270  7.6762E-07  6.3751E-08  1.9278E-01 180 999 999 999  1.233E+02  0.000E+00  0.000E+00  0.000E+00
 7    3  1   2.49098 0.650  10.0  90 270  7.7216E-07  7.3659E-08  2.0276E-01 999 999 999 999  0.000E+00  0.000E+00  0.000E+00  0.000E+00
 7    3  1   2.49098 0.700  10.0  90 270  7.7707E-07  8.3136E-08  2.0209E-01 180 999 999 999  1.129E+02  0.000E+00  0.000E+00  0.000E+00
 7    3  1   2.49098 0.750  10.0  90 270  7.8233E-07  9.1889E-08  1.9440E-01 180 999 999 999  1.089E+02  0.000E+00  0.000E+00  0.000E+00
      
 7    5  3   3.68597 0.000  10.0  90 270  8.1371E-07  4.1946E-09  0.0000E+00 180 999 999 999  1.695E+02  0.000E+00  0.000E+00  0.000E+00
 7    5  3   3.68597 0.050  10.0  90 270  8.1323E-07  5.0994E-09  0.0000E+00   0 999 999 999  1.711E+02  0.000E+00  0.000E+00  0.000E+00
 7    5  3   3.68597 0.100  10.0  90 270  8.1385E-07  5.2130E-09  0.0000E+00   0 999 999 999  1.728E+02  0.000E+00  0.000E+00  0.000E+00
 7    5  3   3.68597 0.150  10.0  90 270  8.1554E-07  3.1919E-09  0.0000E+00 180 999 999 999  2.025E+02  0.000E+00  0.000E+00  0.000E+00
 7    5  3   3.68597 0.200  10.0  90 270  8.1819E-07  1.8170E-08  0.0000E+00 180 999 999 999  9.464E+01  0.000E+00  0.000E+00  0.000E+00
 7    5  3   3.68597 0.250  10.0  90 270  8.2163E-07  3.6279E-08  0.0000E+00 180 999 999 999  7.295E+01  0.000E+00  0.000E+00  0.000E+00
 7    5  3   3.68597 0.300  10.0  90 270  8.2556E-07  5.4574E-08  0.0000E+00 180 999 999 999  6.418E+01  0.000E+00  0.000E+00  0.000E+00
 7    5  3   3.68597 0.350  10.0  90 270  8.2949E-07  7.0795E-08  0.0000E+00 180 999 999 999  5.961E+01  0.000E+00  0.000E+00  0.000E+00
 7    5  3   3.68597 0.400  10.0  90 270  8.3275E-07  8.3172E-08  0.0000E+00 180 999 999 999  5.654E+01  0.000E+00  0.000E+00  0.000E+00
 7    5  3   3.68597 0.450  10.0  90 270  8.3454E-07  9.0179E-08  3.0057E-02 180 999 999 999  5.388E+01  0.000E+00  0.000E+00  0.000E+00
 7    5  3   3.68597 0.500  10.0  90 270  8.3410E-07  9.0480E-08  0.0000E+00 180 999 999 999  5.116E+01  0.000E+00  0.000E+00  0.000E+00
 7    5  3   3.68597 0.550  10.0  90 270  8.3101E-07  8.2990E-08  0.0000E+00 180 999 999 999  4.834E+01  0.000E+00  0.000E+00  0.000E+00
 7    5  3   3.68597 0.600  10.0  90 270  8.2527E-07  6.6908E-08  0.0000E+00   0 180 999 999  2.470E+02  4.573E+01  0.000E+00  0.000E+00
 7    5  3   3.68597 0.650  10.0  90 270  8.1719E-07  4.1744E-08  0.0000E+00   0 180 999 999  8.655E+01  4.451E+01  0.000E+00  0.000E+00
 7    5  3   3.68597 0.700  10.0  90 270  8.0727E-07  1.3224E-08  0.0000E+00   0 180 999 999  7.646E+01  4.938E+01  0.000E+00  0.000E+00
 7    5  3   3.68597 0.750  10.0  90 270  7.9598E-07  3.2149E-08  0.0000E+00 999 999 999 999  0.000E+00  0.000E+00  0.000E+00  0.000E+00
      
 7    7  5   4.14030 0.000  10.0  90 270  8.5788E-07  6.6149E-09  0.0000E+00 180 999 999 999  8.466E+01  0.000E+00  0.000E+00  0.000E+00
 7    7  5   4.14030 0.050  10.0  90 270  8.5727E-07  9.7097E-09  0.0000E+00   0 999 999 999  8.561E+01  0.000E+00  0.000E+00  0.000E+00
 7    7  5   4.14030 0.100  10.0  90 270  8.5754E-07  8.0043E-09  0.0000E+00   0 999 999 999  9.410E+01  0.000E+00  0.000E+00  0.000E+00
 7    7  5   4.14030 0.150  10.0  90 270  8.5858E-07  9.7149E-09  0.0000E+00 180 999 999 999  7.833E+01  0.000E+00  0.000E+00  0.000E+00
 7    7  5   4.14030 0.200  10.0  90 270  8.5982E-07  3.3164E-08  0.0000E+00 180 999 999 999  5.023E+01  0.000E+00  0.000E+00  0.000E+00
 7    7  5   4.14030 0.250  10.0  90 270  8.6036E-07  5.3048E-08  0.0000E+00 180 999 999 999  4.385E+01  0.000E+00  0.000E+00  0.000E+00
 7    7  5   4.14030 0.300  10.0  90 270  8.5904E-07  6.4349E-08  0.0000E+00 180 999 999 999  4.088E+01  0.000E+00  0.000E+00  0.000E+00
 7    7  5   4.14030 0.350  10.0  90 270  8.5487E-07  6.4417E-08  0.0000E+00 180 999 999 999  3.842E+01  0.000E+00  0.000E+00  0.000E+00
 7    7  5   4.14030 0.400  10.0  90 270  8.4748E-07  5.1776E-08  0.0000E+00 180 999 999 999  3.617E+01  0.000E+00  0.000E+00  0.000E+00
 7    7  5   4.14030 0.450  10.0  90 270  8.3713E-07  2.5893E-08  0.0000E+00   0 180 999 999  6.873E+01  3.601E+01  0.000E+00  0.000E+00
 7    7  5   4.14030 0.500  10.0  90 270  8.2449E-07  1.8955E-08  0.0000E+00   0 999 999 999  5.668E+01  0.000E+00  0.000E+00  0.000E+00
 7    7  5   4.14030 0.550  10.0  90 270  8.1029E-07  3.3822E-08  0.0000E+00   0 999 999 999  5.404E+01  0.000E+00  0.000E+00  0.000E+00
 7    7  5   4.14030 0.600  10.0  90 270  7.9513E-07  3.7744E-08  0.0000E+00   0 999 999 999  5.185E+01  0.000E+00  0.000E+00  0.000E+00
 7    7  5   4.14030 0.650  10.0  90 270  7.7945E-07  3.1009E-08  0.0000E+00   0 999 999 999  4.959E+01  0.000E+00  0.000E+00  0.000E+00
 7    7  5   4.14030 0.700  10.0  90 270  7.6354E-07  1.3976E-08  0.0000E+00   0 180 999 999  5.154E+01  9.548E+01  0.000E+00  0.000E+00
 7    7  5   4.14030 0.750  10.0  90 270  7.4760E-07  1.2957E-08  0.0000E+00   0 180 999 999  3.185E+02  7.094E+01  0.000E+00  0.000E+00
      
 7    9  7   4.38215 0.000  10.0  90 270  8.8676E-07  9.6164E-09  0.0000E+00 180 999 999 999  5.228E+01  0.000E+00  0.000E+00  0.000E+00
 7    9  7   4.38215 0.050  10.0  90 270  8.8644E-07  1.3449E-08  0.0000E+00   0 999 999 999  5.618E+01  0.000E+00  0.000E+00  0.000E+00
 7    9  7   4.38215 0.100  10.0  90 270  8.8589E-07  9.7210E-09  0.0000E+00   0 999 999 999  6.379E+01  0.000E+00  0.000E+00  0.000E+00
 7    9  7   4.38215 0.150  10.0  90 270  8.8489E-07  1.5818E-08  0.0000E+00 180 999 999 999  4.774E+01  0.000E+00  0.000E+00  0.000E+00
 7    9  7   4.38215 0.200  10.0  90 270  8.8248E-07  3.9590E-08  0.0000E+00 180 999 999 999  3.631E+01  0.000E+00  0.000E+00  0.000E+00
 7    9  7   4.38215 0.250  10.0  90 270  8.7742E-07  4.9874E-08  0.0000E+00 180 999 999 999  3.332E+01  0.000E+00  0.000E+00  0.000E+00
 7    9  7   4.38215 0.300  10.0  90 270  8.6889E-07  4.2835E-08  0.0000E+00 180 999 999 999  3.137E+01  0.000E+00  0.000E+00  0.000E+00
 7    9  7   4.38215 0.350  10.0  90 270  8.5695E-07  1.7661E-08  0.0000E+00   0 180 999 999  6.199E+01  3.251E+01  0.000E+00  0.000E+00
 7    9  7   4.38215 0.400  10.0  90 270  8.4231E-07  2.0599E-08  0.0000E+00   0 999 999 999  4.595E+01  0.000E+00  0.000E+00  0.000E+00
 7    9  7   4.38215 0.450  10.0  90 270  8.2591E-07  3.1071E-08  0.0000E+00   0 999 999 999  4.288E+01  0.000E+00  0.000E+00  0.000E+00
 7    9  7   4.38215 0.500  10.0  90 270  8.0853E-07  2.6677E-08  0.0000E+00   0 999 999 999  4.075E+01  0.000E+00  0.000E+00  0.000E+00
 7    9  7   4.38215 0.550  10.0  90 270  7.9074E-07  8.6614E-09  0.0000E+00   0 180 999 999  4.483E+01  7.437E+01  0.000E+00  0.000E+00
 7    9  7   4.38215 0.600  10.0  90 270  7.7290E-07  1.4793E-08  0.0000E+00 180 999 999 999  5.552E+01  0.000E+00  0.000E+00  0.000E+00
 7    9  7   4.38215 0.650  10.0  90 270  7.5522E-07  1.9252E-08  0.0000E+00 180 999 999 999  5.222E+01  0.000E+00  0.000E+00  0.000E+00
 7    9  7   4.38215 0.700  10.0  90 270  7.3783E-07  1.2130E-08  0.0000E+00 180 999 999 999  5.333E+01  0.000E+00  0.000E+00  0.000E+00
 7    9  7   4.38215 0.750  10.0  90 270  7.2079E-07  5.3696E-09  0.0000E+00   0 180 999 999  7.580E+01  2.037E+02  0.000E+00  0.000E+00
      
 7    4  1   2.05626 0.000  10.0  90 270  7.2809E-07  1.9464E-10  1.1038E-02 999 999 999 999  0.000E+00  0.000E+00  0.000E+00  0.000E+00
 7    4  1   2.05626 0.050  10.0  90 270  7.2808E-07  3.4396E-10  1.4683E-02   0 999 999 999  1.101E+03  0.000E+00  0.000E+00  0.000E+00
 7    4  1   2.05626 0.100  10.0  90 270  7.2830E-07  3.2204E-10  1.4208E-02   0 999 999 999  1.138E+03  0.000E+00  0.000E+00  0.000E+00
 7    4  1   2.05626 0.150  10.0  90 270  7.2875E-07  2.4497E-10  1.2391E-02   0 999 999 999  1.305E+03  0.000E+00  0.000E+00  0.000E+00
 7    4  1   2.05626 0.200  10.0  90 270  7.2943E-07  2.2854E-10  1.1969E-02   0 999 999 999  1.351E+03  0.000E+00  0.000E+00  0.000E+00
 7    4  1   2.05626 0.250  10.0  90 270  7.3034E-07  3.8495E-10  1.5534E-02   0 999 999 999  1.041E+03  0.000E+00  0.000E+00  0.000E+00
 7    4  1   2.05626 0.300  10.0  90 270  7.3148E-07  8.1862E-10  2.2665E-02   0 999 999 999  7.151E+02  0.000E+00  0.000E+00  0.000E+00
 7    4  1   2.05626 0.350  10.0  90 270  7.3285E-07  1.6212E-09  3.1934E-02   0 999 999 999  5.099E+02  0.000E+00  0.000E+00  0.000E+00
 7    4  1   2.05626 0.400  10.0  90 270  7.3445E-07  2.8666E-09  4.2545E-02   0 999 999 999  3.856E+02  0.000E+00  0.000E+00  0.000E+00
 7    4  1   2.05626 0.450  10.0  90 270  7.3629E-07  4.6059E-09  5.4074E-02   0 999 999 999  3.066E+02  0.000E+00  0.000E+00  0.000E+00
 7    4  1   2.05626 0.500  10.0  90 270  7.3837E-07  6.8631E-09  6.6239E-02   0 999 999 999  2.537E+02  0.000E+00  0.000E+00  0.000E+00
 7    4  1   2.05626 0.550  10.0  90 270  7.4070E-07  9.6320E-09  7.1890E-02   0 999 999 999  2.168E+02  0.000E+00  0.000E+00  0.000E+00
 7    4  1   2.05626 0.600  10.0  90 270  7.4327E-07  1.2874E-08  7.6838E-02   0 999 999 999  1.900E+02  0.000E+00  0.000E+00  0.000E+00
 7    4  1   2.05626 0.650  10.0  90 270  7.4609E-07  1.6518E-08  8.1424E-02   0 999 999 999  1.702E+02  0.000E+00  0.000E+00  0.000E+00
 7    4  1   2.05626 0.700  10.0  90 270  7.4917E-07  2.0454E-08  8.6268E-02   0 999 999 999  1.552E+02  0.000E+00  0.000E+00  0.000E+00
 7    4  1   2.05626 0.750  10.0  90 270  7.5250E-07  2.4531E-08  8.9353E-02   0 999 999 999  1.437E+02  0.000E+00  0.000E+00  0.000E+00
      
 7    5  2   2.81292 0.000  10.0  90 270  7.5739E-07  9.4660E-11  0.0000E+00   0 999 999 999  1.412E+03  0.000E+00  0.000E+00  0.000E+00
 7    5  2   2.81292 0.050  10.0  90 270  7.5728E-07  3.0139E-10  0.0000E+00   0 999 999 999  8.060E+02  0.000E+00  0.000E+00  0.000E+00
 7    5  2   2.81292 0.100  10.0  90 270  7.5769E-07  6.0910E-11  0.0000E+00   0 999 999 999  1.787E+03  0.000E+00  0.000E+00  0.000E+00
 7    5  2   2.81292 0.150  10.0  90 270  7.5863E-07  1.2432E-10  0.0000E+00 180 999 999 999  1.254E+03  0.000E+00  0.000E+00  0.000E+00
 7    5  2   2.81292 0.200  10.0  90 270  7.6009E-07  2.3355E-10  0.0000E+00   0 999 999 999  9.137E+02  0.000E+00  0.000E+00  0.000E+00
 7    5  2   2.81292 0.250  10.0  90 270  7.6208E-07  1.5598E-09  0.0000E+00   0 999 999 999  3.558E+02  0.000E+00  0.000E+00  0.000E+00
 7    5  2   2.81292 0.300  10.0  90 270  7.6459E-07  4.1597E-09  0.0000E+00   0 999 999 999  2.207E+02  0.000E+00  0.000E+00  0.000E+00
 7    5  2   2.81292 0.350  10.0  90 270  7.6762E-07  8.1718E-09  0.0000E+00   0 999 999 999  1.607E+02  0.000E+00  0.000E+00  0.000E+00
 7    5  2   2.81292 0.400  10.0  90 270  7.7117E-07  1.3547E-08  0.0000E+00   0 999 999 999  1.280E+02  0.000E+00  0.000E+00  0.000E+00
 7    5  2   2.81292 0.450  10.0  90 270  7.7523E-07  2.0063E-08  1.8511E-02   0 999 999 999  1.084E+02  0.000E+00  0.000E+00  0.000E+00
 7    5  2   2.81292 0.500  10.0  90 270  7.7978E-07  2.7358E-08  4.6706E-02 999 999 999 999  0.000E+00  0.000E+00  0.000E+00  0.000E+00
 7    5  2   2.81292 0.550  10.0  90 270  7.8478E-07  3.4972E-08  7.6154E-02   0 999 999 999  8.702E+01  0.000E+00  0.000E+00  0.000E+00
 7    5  2   2.81292 0.600  10.0  90 270  7.9018E-07  4.2381E-08  6.8802E-02   0 999 999 999  8.083E+01  0.000E+00  0.000E+00  0.000E+00
 7    5  2   2.81292 0.650  10.0  90 270  7.9586E-07  4.8991E-08  4.8688E-02   0 999 999 999  7.617E+01  0.000E+00  0.000E+00  0.000E+00
 7    5  2   2.81292 0.700  10.0  90 270  8.0169E-07  5.4131E-08  2.1302E-02   0 999 999 999  7.250E+01  0.000E+00  0.000E+00  0.000E+00
 7    5  2   2.81292 0.750  10.0  90 270  8.0743E-07  5.7001E-08  0.0000E+00   0 999 999 999  6.955E+01  0.000E+00  0.000E+00  0.000E+00
      
 7    7  4   3.56800 0.000  10.0  90 270  8.0417E-07  6.3091E-10  0.0000E+00   0 999 999 999  3.484E+02  0.000E+00  0.000E+00  0.000E+00
 7    7  4   3.56800 0.050  10.0  90 270  8.0376E-07  8.1385E-10  0.0000E+00   0 999 999 999  3.120E+02  0.000E+00  0.000E+00  0.000E+00
 7    7  4   3.56800 0.100  10.0  90 270  8.0438E-07  2.9811E-10  0.0000E+00 999 999 999 999  0.000E+00  0.000E+00  0.000E+00  0.000E+00
 7    7  4   3.56800 0.150  10.0  90 270  8.0600E-07  4.1722E-10  0.0000E+00 180 999 999 999  4.342E+02  0.000E+00  0.000E+00  0.000E+00
 7    7  4   3.56800 0.200  10.0  90 270  8.0856E-07  2.3707E-09  0.0000E+00   0 999 999 999  1.824E+02  0.000E+00  0.000E+00  0.000E+00
 7    7  4   3.56800 0.250  10.0  90 270  8.1196E-07  8.8588E-09  0.0000E+00   0 999 999 999  9.788E+01  0.000E+00  0.000E+00  0.000E+00
 7    7  4   3.56800 0.300  10.0  90 270  8.1603E-07  1.8345E-08  0.0000E+00   0 999 999 999  7.156E+01  0.000E+00  0.000E+00  0.000E+00
 7    7  4   3.56800 0.350  10.0  90 270  8.2045E-07  2.9024E-08  0.0000E+00   0 999 999 999  5.984E+01  0.000E+00  0.000E+00  0.000E+00
 7    7  4   3.56800 0.400  10.0  90 270  8.2478E-07  3.8677E-08  0.0000E+00   0 999 999 999  5.362E+01  0.000E+00  0.000E+00  0.000E+00
 7    7  4   3.56800 0.450  10.0  90 270  8.2838E-07  4.5115E-08  0.0000E+00   0 999 999 999  4.978E+01  0.000E+00  0.000E+00  0.000E+00
 7    7  4   3.56800 0.500  10.0  90 270  8.3052E-07  4.6349E-08  0.0000E+00   0 999 999 999  4.713E+01  0.000E+00  0.000E+00  0.000E+00
 7    7  4   3.56800 0.550  10.0  90 270  8.3052E-07  4.0737E-08  0.0000E+00   0 999 999 999  4.562E+01  0.000E+00  0.000E+00  0.000E+00
 7    7  4   3.56800 0.600  10.0  90 270  8.2799E-07  2.7358E-08  0.0000E+00   0 999 999 999  4.672E+01  0.000E+00  0.000E+00  0.000E+00
 7    7  4   3.56800 0.650  10.0  90 270  8.2293E-07  6.9341E-09  0.0000E+00   0 180 999 999  5.903E+01  9.327E+01  0.000E+00  0.000E+00
 7    7  4   3.56800 0.700  10.0  90 270  8.1561E-07  1.6681E-08  0.0000E+00 180 999 999 999  7.076E+01  0.000E+00  0.000E+00  0.000E+00
 7    7  4   3.56800 0.750  10.0  90 270  8.0646E-07  2.5462E-08  0.0000E+00 180 999 999 999  6.431E+01  0.000E+00  0.000E+00  0.000E+00
      
 7    8  5   3.78766 0.000  10.0  90 270  8.2253E-07  1.0021E-09  0.0000E+00   0 999 999 999  2.346E+02  0.000E+00  0.000E+00  0.000E+00
 7    8  5   3.78766 0.050  10.0  90 270  8.2200E-07  1.1173E-09  0.0000E+00   0 999 999 999  2.264E+02  0.000E+00  0.000E+00  0.000E+00
 7    8  5   3.78766 0.100  10.0  90 270  8.2260E-07  6.1665E-10  0.0000E+00 180 999 999 999  3.020E+02  0.000E+00  0.000E+00  0.000E+00
 7    8  5   3.78766 0.150  10.0  90 270  8.2430E-07  5.0780E-10  0.0000E+00 180 999 999 999  3.323E+02  0.000E+00  0.000E+00  0.000E+00
 7    8  5   3.78766 0.200  10.0  90 270  8.2695E-07  4.1602E-09  0.0000E+00   0 999 999 999  1.174E+02  0.000E+00  0.000E+00  0.000E+00
 7    8  5   3.78766 0.250  10.0  90 270  8.3027E-07  1.3452E-08  0.0000E+00   0 999 999 999  6.901E+01  0.000E+00  0.000E+00  0.000E+00
 7    8  5   3.78766 0.300  10.0  90 270  8.3380E-07  2.4828E-08  0.0000E+00   0 999 999 999  5.395E+01  0.000E+00  0.000E+00  0.000E+00
 7    8  5   3.78766 0.350  10.0  90 270  8.3687E-07  3.4720E-08  0.0000E+00   0 999 999 999  4.736E+01  0.000E+00  0.000E+00  0.000E+00
 7    8  5   3.78766 0.400  10.0  90 270  8.3863E-07  3.9831E-08  0.0000E+00   0 999 999 999  4.380E+01  0.000E+00  0.000E+00  0.000E+00
 7    8  5   3.78766 0.450  10.0  90 270  8.3822E-07  3.7591E-08  0.0000E+00   0 999 999 999  4.182E+01  0.000E+00  0.000E+00  0.000E+00
 7    8  5   3.78766 0.500  10.0  90 270  8.3510E-07  2.6476E-08  0.0000E+00   0 999 999 999  4.224E+01  0.000E+00  0.000E+00  0.000E+00
 7    8  5   3.78766 0.550  10.0  90 270  8.2919E-07  6.9644E-09  0.0000E+00   0 180 999 999  5.325E+01  8.824E+01  0.000E+00  0.000E+00
 7    8  5   3.78766 0.600  10.0  90 270  8.2080E-07  1.5768E-08  0.0000E+00 180 999 999 999  6.262E+01  0.000E+00  0.000E+00  0.000E+00
 7    8  5   3.78766 0.650  10.0  90 270  8.1046E-07  2.3841E-08  0.0000E+00 180 999 999 999  5.651E+01  0.000E+00  0.000E+00  0.000E+00
 7    8  5   3.78766 0.700  10.0  90 270  7.9868E-07  2.3060E-08  0.0000E+00 180 999 999 999  5.439E+01  0.000E+00  0.000E+00  0.000E+00
 7    8  5   3.78766 0.750  10.0  90 270  7.8591E-07  1.3423E-08  0.0000E+00 180 999 999 999  5.827E+01  0.000E+00  0.000E+00  0.000E+00
      
 7   10  7   4.08491 0.000  10.0  90 270  8.5181E-07  1.8174E-09  0.0000E+00   0 999 999 999  1.337E+02  0.000E+00  0.000E+00  0.000E+00
 7   10  7   4.08491 0.050  10.0  90 270  8.5118E-07  1.7699E-09  0.0000E+00   0 999 999 999  1.387E+02  0.000E+00  0.000E+00  0.000E+00
 7   10  7   4.08491 0.100  10.0  90 270  8.5156E-07  1.4501E-09  0.0000E+00 180 999 999 999  1.526E+02  0.000E+00  0.000E+00  0.000E+00
 7   10  7   4.08491 0.150  10.0  90 270  8.5282E-07  4.7267E-10  0.0000E+00 180 999 999 999  2.516E+02  0.000E+00  0.000E+00  0.000E+00
 7   10  7   4.08491 0.200  10.0  90 270  8.5451E-07  8.2401E-09  0.0000E+00   0 999 999 999  6.526E+01  0.000E+00  0.000E+00  0.000E+00
 7   10  7   4.08491 0.250  10.0  90 270  8.5583E-07  2.0355E-08  0.0000E+00   0 999 999 999  4.486E+01  0.000E+00  0.000E+00  0.000E+00
 7   10  7   4.08491 0.300  10.0  90 270  8.5572E-07  2.8725E-08  0.0000E+00   0 999 999 999  3.883E+01  0.000E+00  0.000E+00  0.000E+00
 7   10  7   4.08491 0.350  10.0  90 270  8.5313E-07  2.7972E-08  0.0000E+00   0 999 999 999  3.677E+01  0.000E+00  0.000E+00  0.000E+00
 7   10  7   4.08491 0.400  10.0  90 270  8.4743E-07  1.5720E-08  0.0000E+00   0 999 999 999  3.952E+01  0.000E+00  0.000E+00  0.000E+00
 7   10  7   4.08491 0.450  10.0  90 270  8.3867E-07  7.8107E-09  0.0000E+00   0 180 999 999  1.964E+02  5.947E+01  0.000E+00  0.000E+00
 7   10  7   4.08491 0.500  10.0  90 270  8.2737E-07  1.8687E-08  0.0000E+00 180 999 999 999  4.825E+01  0.000E+00  0.000E+00  0.000E+00
 7   10  7   4.08491 0.550  10.0  90 270  8.1422E-07  1.8693E-08  0.0000E+00 180 999 999 999  4.579E+01  0.000E+00  0.000E+00  0.000E+00
 7   10  7   4.08491 0.600  10.0  90 270  7.9987E-07  8.0896E-09  0.0000E+00 180 999 999 999  5.292E+01  0.000E+00  0.000E+00  0.000E+00
 7   10  7   4.08491 0.650  10.0  90 270  7.8480E-07  8.1124E-09  0.0000E+00   0 999 999 999  6.501E+01  0.000E+00  0.000E+00  0.000E+00
 7   10  7   4.08491 0.700  10.0  90 270  7.6936E-07  1.2860E-08  0.0000E+00   0 999 999 999  5.702E+01  0.000E+00  0.000E+00  0.000E+00
 7   10  7   4.08491 0.750  10.0  90 270  7.5377E-07  8.0465E-09  0.0000E+00   0 999 999 999  6.176E+01  0.000E+00  0.000E+00  0.000E+00
      
 7    7  3   2.94532 0.000  10.0  90 270  7.6409E-07  7.1076E-11  0.0000E+00   0 999 999 999  1.157E+03  0.000E+00  0.000E+00  0.000E+00
 7    7  3   2.94532 0.050  10.0  90 270  7.6394E-07  2.3709E-11  0.0000E+00   0 999 999 999  2.002E+03  0.000E+00  0.000E+00  0.000E+00
 7    7  3   2.94532 0.100  10.0  90 270  7.6439E-07  1.7513E-11  0.0000E+00 180 999 999 999  2.330E+03  0.000E+00  0.000E+00  0.000E+00
 7    7  3   2.94532 0.150  10.0  90 270  7.6545E-07  7.6339E-12  0.0000E+00   0 999 999 999  3.529E+03  0.000E+00  0.000E+00  0.000E+00
 7    7  3   2.94532 0.200  10.0  90 270  7.6709E-07  2.2813E-11  0.0000E+00 180 999 999 999  2.041E+03  0.000E+00  0.000E+00  0.000E+00
 7    7  3   2.94532 0.250  10.0  90 270  7.6934E-07  3.7755E-10  0.0000E+00 180 999 999 999  5.027E+02  0.000E+00  0.000E+00  0.000E+00
 7    7  3   2.94532 0.300  10.0  90 270  7.7217E-07  1.3983E-09  0.0000E+00 180 999 999 999  2.629E+02  0.000E+00  0.000E+00  0.000E+00
 7    7  3   2.94532 0.350  10.0  90 270  7.7558E-07  3.3939E-09  0.0000E+00 180 999 999 999  1.708E+02  0.000E+00  0.000E+00  0.000E+00
 7    7  3   2.94532 0.400  10.0  90 270  7.7956E-07  6.5259E-09  0.0000E+00 180 999 999 999  1.255E+02  0.000E+00  0.000E+00  0.000E+00
 7    7  3   2.94532 0.450  10.0  90 270  7.8407E-07  1.0724E-08  0.0000E+00 180 999 999 999  1.002E+02  0.000E+00  0.000E+00  0.000E+00
 7    7  3   2.94532 0.500  10.0  90 270  7.8907E-07  1.5659E-08  0.0000E+00 999 999 999 999  0.000E+00  0.000E+00  0.000E+00  0.000E+00
 7    7  3   2.94532 0.550  10.0  90 270  7.9447E-07  2.0775E-08  0.0000E+00 180 999 999 999  7.532E+01  0.000E+00  0.000E+00  0.000E+00
 7    7  3   2.94532 0.600  10.0  90 270  8.0013E-07  2.5340E-08  0.0000E+00 180 999 999 999  6.896E+01  0.000E+00  0.000E+00  0.000E+00
 7    7  3   2.94532 0.650  10.0  90 270  8.0584E-07  2.8500E-08  0.0000E+00 180 999 999 999  6.478E+01  0.000E+00  0.000E+00  0.000E+00
 7    7  3   2.94532 0.700  10.0  90 270  8.1131E-07  2.9317E-08  0.0000E+00 180 999 999 999  6.237E+01  0.000E+00  0.000E+00  0.000E+00
 7    7  3   2.94532 0.750  10.0  90 270  8.1616E-07  2.6851E-08  0.0000E+00 180 999 999 999  6.208E+01  0.000E+00  0.000E+00  0.000E+00
      
 7    9  5   3.50162 0.000  10.0  90 270  7.9911E-07  2.3093E-10  0.0000E+00   0 999 999 999  4.585E+02  0.000E+00  0.000E+00  0.000E+00
 7    9  5   3.50162 0.050  10.0  90 270  7.9874E-07  1.8652E-11  0.0000E+00   0 999 999 999  1.603E+03  0.000E+00  0.000E+00  0.000E+00
 7    9  5   3.50162 0.100  10.0  90 270  7.9934E-07  5.6990E-11  0.0000E+00 999 999 999 999  0.000E+00  0.000E+00  0.000E+00  0.000E+00
 7    9  5   3.50162 0.150  10.0  90 270  8.0091E-07  8.0918E-11  0.0000E+00   0 999 999 999  7.736E+02  0.000E+00  0.000E+00  0.000E+00
 7    9  5   3.50162 0.200  10.0  90 270  8.0340E-07  2.6916E-10  0.0000E+00 180 999 999 999  4.235E+02  0.000E+00  0.000E+00  0.000E+00
 7    9  5   3.50162 0.250  10.0  90 270  8.0673E-07  2.1495E-09  0.0000E+00 180 999 999 999  1.517E+02  0.000E+00  0.000E+00  0.000E+00
 7    9  5   3.50162 0.300  10.0  90 270  8.1077E-07  6.2133E-09  0.0000E+00 180 999 999 999  9.160E+01  0.000E+00  0.000E+00  0.000E+00
 7    9  5   3.50162 0.350  10.0  90 270  8.1529E-07  1.2108E-08  0.0000E+00 180 999 999 999  6.796E+01  0.000E+00  0.000E+00  0.000E+00
 7    9  5   3.50162 0.400  10.0  90 270  8.1995E-07  1.8426E-08  0.0000E+00 180 999 999 999  5.675E+01  0.000E+00  0.000E+00  0.000E+00
 7    9  5   3.50162 0.450  10.0  90 270  8.2423E-07  2.3155E-08  0.0000E+00 180 999 999 999  5.098E+01  0.000E+00  0.000E+00  0.000E+00
 7    9  5   3.50162 0.500  10.0  90 270  8.2748E-07  2.4207E-08  0.0000E+00 180 999 999 999  4.830E+01  0.000E+00  0.000E+00  0.000E+00
 7    9  5   3.50162 0.550  10.0  90 270  8.2899E-07  1.9926E-08  0.0000E+00 180 999 999 999  4.891E+01  0.000E+00  0.000E+00  0.000E+00
 7    9  5   3.50162 0.600  10.0  90 270  8.2823E-07  9.8554E-09  0.0000E+00 180 999 999 999  5.839E+01  0.000E+00  0.000E+00  0.000E+00
 7    9  5   3.50162 0.650  10.0  90 270  8.2496E-07  5.2213E-09  0.0000E+00   0 999 999 999  8.645E+01  0.000E+00  0.000E+00  0.000E+00
 7    9  5   3.50162 0.700  10.0  90 270  8.1929E-07  1.3396E-08  0.0000E+00   0 999 999 999  6.547E+01  0.000E+00  0.000E+00  0.000E+00
 7    9  5   3.50162 0.750  10.0  90 270  8.1157E-07  1.5218E-08  0.0000E+00   0 999 999 999  6.103E+01  0.000E+00  0.000E+00  0.000E+00
      
 7    7  2   2.24770 0.000  10.0  90 270  7.3423E-07  3.0306E-12  1.5751E-03   0 999 999 999  6.412E+03  0.000E+00  0.000E+00  0.000E+00
 7    7  2   2.24770 0.050  10.0  90 270  7.3421E-07  6.8197E-13  7.4720E-04   0 999 999 999  1.352E+04  0.000E+00  0.000E+00  0.000E+00
 7    7  2   2.24770 0.100  10.0  90 270  7.3448E-07  3.5613E-13  5.3996E-04 180 999 999 999  1.871E+04  0.000E+00  0.000E+00  0.000E+00
 7    7  2   2.24770 0.150  10.0  90 270  7.3503E-07  2.9696E-14  1.5592E-04   0 999 999 999  6.478E+04  0.000E+00  0.000E+00  0.000E+00
 7    7  2   2.24770 0.200  10.0  90 270  7.3587E-07  1.9750E-14  1.2716E-04 180 999 999 999  7.944E+04  0.000E+00  0.000E+00  0.000E+00
 7    7  2   2.24770 0.250  10.0  90 270  7.3699E-07  2.3485E-12  1.3866E-03   0 999 999 999  7.284E+03  0.000E+00  0.000E+00  0.000E+00
 7    7  2   2.24770 0.300  10.0  90 270  7.3840E-07  2.0286E-11  4.0755E-03   0 999 999 999  2.479E+03  0.000E+00  0.000E+00  0.000E+00
 7    7  2   2.24770 0.350  10.0  90 270  7.4011E-07  8.0737E-11  8.1315E-03   0 999 999 999  1.243E+03  0.000E+00  0.000E+00  0.000E+00
 7    7  2   2.24770 0.400  10.0  90 270  7.4211E-07  2.2494E-10  1.0976E-02   0 999 999 999  7.454E+02  0.000E+00  0.000E+00  0.000E+00
 7    7  2   2.24770 0.450  10.0  90 270  7.4440E-07  5.0528E-10  9.6809E-03   0 999 999 999  4.983E+02  0.000E+00  0.000E+00  0.000E+00
 7    7  2   2.24770 0.500  10.0  90 270  7.4700E-07  9.7810E-10  8.9264E-03   0 999 999 999  3.593E+02  0.000E+00  0.000E+00  0.000E+00
 7    7  2   2.24770 0.550  10.0  90 270  7.4990E-07  1.6927E-09  8.5983E-03   0 999 999 999  2.744E+02  0.000E+00  0.000E+00  0.000E+00
 7    7  2   2.24770 0.600  10.0  90 270  7.5311E-07  2.6777E-09  8.7852E-03   0 999 999 999  2.195E+02  0.000E+00  0.000E+00  0.000E+00
 7    7  2   2.24770 0.650  10.0  90 270  7.5664E-07  3.9258E-09  9.1350E-03   0 999 999 999  1.826E+02  0.000E+00  0.000E+00  0.000E+00
 7    7  2   2.24770 0.700  10.0  90 270  7.6048E-07  5.3799E-09  7.2762E-03   0 999 999 999  1.572E+02  0.000E+00  0.000E+00  0.000E+00
 7    7  2   2.24770 0.750  10.0  90 270  7.6464E-07  6.9201E-09  1.2628E-03   0 999 999 999  1.396E+02  0.000E+00  0.000E+00  0.000E+00
      
 7    8  3   2.69446 0.000  10.0  90 270  7.5184E-07  7.4754E-12  0.0000E+00   0 999 999 999  3.263E+03  0.000E+00  0.000E+00  0.000E+00
 7    8  3   2.69446 0.050  10.0  90 270  7.5175E-07  5.0640E-14  0.0000E+00 180 999 999 999  3.959E+04  0.000E+00  0.000E+00  0.000E+00
 7    8  3   2.69446 0.100  10.0  90 270  7.5214E-07  8.0994E-13  1.0688E-03 180 999 999 999  9.912E+03  0.000E+00  0.000E+00  0.000E+00
 7    8  3   2.69446 0.150  10.0  90 270  7.5298E-07  4.0569E-13  7.5641E-04   0 999 999 999  1.401E+04  0.000E+00  0.000E+00  0.000E+00
 7    8  3   2.69446 0.200  10.0  90 270  7.5429E-07  1.1055E-13  0.0000E+00 180 999 999 999  2.683E+04  0.000E+00  0.000E+00  0.000E+00
 7    8  3   2.69446 0.250  10.0  90 270  7.5607E-07  2.2545E-11  0.0000E+00   0 999 999 999  1.879E+03  0.000E+00  0.000E+00  0.000E+00
 7    8  3   2.69446 0.300  10.0  90 270  7.5831E-07  1.3925E-10  0.0000E+00   0 999 999 999  7.567E+02  0.000E+00  0.000E+00  0.000E+00
 7    8  3   2.69446 0.350  10.0  90 270  7.6102E-07  4.6760E-10  0.0000E+00   0 999 999 999  4.139E+02  0.000E+00  0.000E+00  0.000E+00
 7    8  3   2.69446 0.400  10.0  90 270  7.6420E-07  1.1520E-09  0.0000E+00   0 999 999 999  2.650E+02  0.000E+00  0.000E+00  0.000E+00
 7    8  3   2.69446 0.450  10.0  90 270  7.6785E-07  2.3243E-09  0.0000E+00   0 999 999 999  1.881E+02  0.000E+00  0.000E+00  0.000E+00
 7    8  3   2.69446 0.500  10.0  90 270  7.7196E-07  4.0523E-09  0.0000E+00   0 999 999 999  1.441E+02  0.000E+00  0.000E+00  0.000E+00
 7    8  3   2.69446 0.550  10.0  90 270  7.7652E-07  6.2920E-09  0.0000E+00   0 999 999 999  1.172E+02  0.000E+00  0.000E+00  0.000E+00
 7    8  3   2.69446 0.600  10.0  90 270  7.8150E-07  8.8566E-09  0.0000E+00   0 999 999 999  1.001E+02  0.000E+00  0.000E+00  0.000E+00
 7    8  3   2.69446 0.650  10.0  90 270  7.8686E-07  1.1412E-08  0.0000E+00   0 999 999 999  8.901E+01  0.000E+00  0.000E+00  0.000E+00
 7    8  3   2.69446 0.700  10.0  90 270  7.9252E-07  1.3494E-08  0.0000E+00   0 999 999 999  8.208E+01  0.000E+00  0.000E+00  0.000E+00
 7    8  3   2.69446 0.750  10.0  90 270  7.9837E-07  1.4548E-08  0.0000E+00   0 999 999 999  7.844E+01  0.000E+00  0.000E+00  0.000E+00
      
 7    9  4   3.01760 0.000  10.0  90 270  7.6798E-07  1.4723E-11  0.0000E+00   0 999 999 999  1.953E+03  0.000E+00  0.000E+00  0.000E+00
 7    9  4   3.01760 0.050  10.0  90 270  7.6781E-07  2.0308E-12  0.0000E+00 180 999 999 999  5.258E+03  0.000E+00  0.000E+00  0.000E+00
 7    9  4   3.01760 0.100  10.0  90 270  7.6829E-07  6.6767E-13  0.0000E+00 180 999 999 999  9.170E+03  0.000E+00  0.000E+00  0.000E+00
 7    9  4   3.01760 0.150  10.0  90 270  7.6941E-07  4.8624E-13  0.0000E+00   0 999 999 999  1.075E+04  0.000E+00  0.000E+00  0.000E+00
 7    9  4   3.01760 0.200  10.0  90 270  7.7116E-07  1.3371E-12  0.0000E+00   0 999 999 999  6.479E+03  0.000E+00  0.000E+00  0.000E+00
 7    9  4   3.01760 0.250  10.0  90 270  7.7355E-07  9.2271E-11  0.0000E+00   0 999 999 999  7.804E+02  0.000E+00  0.000E+00  0.000E+00
 7    9  4   3.01760 0.300  10.0  90 270  7.7656E-07  4.7800E-10  0.0000E+00   0 999 999 999  3.439E+02  0.000E+00  0.000E+00  0.000E+00
 7    9  4   3.01760 0.350  10.0  90 270  7.8018E-07  1.4317E-09  0.0000E+00   0 999 999 999  2.001E+02  0.000E+00  0.000E+00  0.000E+00
 7    9  4   3.01760 0.400  10.0  90 270  7.8439E-07  3.1816E-09  0.0000E+00   0 999 999 999  1.359E+02  0.000E+00  0.000E+00  0.000E+00
 7    9  4   3.01760 0.450  10.0  90 270  7.8913E-07  5.7694E-09  0.0000E+00   0 999 999 999  1.026E+02  0.000E+00  0.000E+00  0.000E+00
 7    9  4   3.01760 0.500  10.0  90 270  7.9433E-07  8.9459E-09  0.0000E+00   0 999 999 999  8.392E+01  0.000E+00  0.000E+00  0.000E+00
 7    9  4   3.01760 0.550  10.0  90 270  7.9985E-07  1.2154E-08  0.0000E+00   0 999 999 999  7.294E+01  0.000E+00  0.000E+00  0.000E+00
 7    9  4   3.01760 0.600  10.0  90 270  8.0550E-07  1.4594E-08  0.0000E+00   0 999 999 999  6.664E+01  0.000E+00  0.000E+00  0.000E+00
 7    9  4   3.01760 0.650  10.0  90 270  8.1098E-07  1.5355E-08  0.0000E+00   0 999 999 999  6.389E+01  0.000E+00  0.000E+00  0.000E+00
 7    9  4   3.01760 0.700  10.0  90 270  8.1590E-07  1.3600E-08  0.0000E+00   0 999 999 999  6.521E+01  0.000E+00  0.000E+00  0.000E+00
 7    9  4   3.01760 0.750  10.0  90 270  8.1980E-07  8.9083E-09  0.0000E+00   0 999 999 999  7.510E+01  0.000E+00  0.000E+00  0.000E+00
      
 7   10  3   2.32201 0.000  10.0  90 270  7.3683E-07  3.3069E-14  1.7277E-04   0 999 999 999  4.228E+04  0.000E+00  0.000E+00  0.000E+00
 7   10  3   2.32201 0.050  10.0  90 270  7.3680E-07  1.0568E-14  9.7667E-05 999 999 999 999  0.000E+00  0.000E+00  0.000E+00  0.000E+00
 7   10  3   2.32201 0.100  10.0  90 270  7.3709E-07  9.7474E-16  2.9661E-05   0 999 999 999  2.465E+05  0.000E+00  0.000E+00  0.000E+00
 7   10  3   2.32201 0.150  10.0  90 270  7.3768E-07  1.7052E-16  1.2406E-05 180 999 999 999  5.886E+05  0.000E+00  0.000E+00  0.000E+00
 7   10  3   2.32201 0.200  10.0  90 270  7.3859E-07  5.8536E-17  7.2687E-06 180 999 999 999  9.957E+05  0.000E+00  0.000E+00  0.000E+00
 7   10  3   2.32201 0.250  10.0  90 270  7.3980E-07  3.6420E-14  1.8131E-04   0 999 999 999  4.028E+04  0.000E+00  0.000E+00  0.000E+00
 7   10  3   2.32201 0.300  10.0  90 270  7.4134E-07  7.4555E-13  8.2032E-04   0 999 999 999  8.903E+03  0.000E+00  0.000E+00  0.000E+00
 7   10  3   2.32201 0.350  10.0  90 270  7.4318E-07  5.0506E-12  1.4007E-03   0 999 999 999  3.421E+03  0.000E+00  0.000E+00  0.000E+00
 7   10  3   2.32201 0.400  10.0  90 270  7.4535E-07  2.0740E-11  0.0000E+00   0 999 999 999  1.688E+03  0.000E+00  0.000E+00  0.000E+00
 7   10  3   2.32201 0.450  10.0  90 270  7.4784E-07  6.2952E-11  0.0000E+00   0 999 999 999  9.695E+02  0.000E+00  0.000E+00  0.000E+00
 7   10  3   2.32201 0.500  10.0  90 270  7.5066E-07  1.5495E-10  0.0000E+00   0 999 999 999  6.185E+02  0.000E+00  0.000E+00  0.000E+00
 7   10  3   2.32201 0.550  10.0  90 270  7.5381E-07  3.2539E-10  0.0000E+00 999 999 999 999  0.000E+00  0.000E+00  0.000E+00  0.000E+00
 7   10  3   2.32201 0.600  10.0  90 270  7.5730E-07  6.0068E-10  0.0000E+00   0 999 999 999  3.153E+02  0.000E+00  0.000E+00  0.000E+00
 7   10  3   2.32201 0.650  10.0  90 270  7.6112E-07  9.9253E-10  0.0000E+00   0 999 999 999  2.460E+02  0.000E+00  0.000E+00  0.000E+00
 7   10  3   2.32201 0.700  10.0  90 270  7.6529E-07  1.4824E-09  0.0000E+00   0 999 999 999  2.020E+02  0.000E+00  0.000E+00  0.000E+00
 7   10  3   2.32201 0.750  10.0  90 270  7.6979E-07  2.0073E-09  0.0000E+00   0 999 999 999  1.741E+02  0.000E+00  0.000E+00  0.000E+00
      
