 I WILL CALCULATE           19  RESONANCES   sigma = k*lambda - kp*lambda_p + (kp-k)*varpi
 pla  kp:k    a(au)    e     i     w  ln      <R>      <R>-R_min  width(au)  sigma_0          periods(yr)      RHTol=   3.0000000000000000     
 4    2  1   3.27199 0.000  10.0  90 270  3.1831E-07  4.1621E-09  9.0816E-02 180 999 999 999  9.235E+02  0.000E+00  0.000E+00  0.000E+00
 4    2  1   3.27199 0.050  10.0  90 270  3.1823E-07  1.1982E-08  1.6385E-01   0 999 999 999  2.464E+02  0.000E+00  0.000E+00  0.000E+00
 4    2  1   3.27199 0.100  10.0  90 270  3.1848E-07  2.7060E-08  2.5500E-01   0 999 999 999  1.868E+02  0.000E+00  0.000E+00  0.000E+00
 4    2  1   3.27199 0.150  10.0  90 270  3.1907E-07  4.0266E-08  3.2167E-01   0 999 999 999  1.675E+02  0.000E+00  0.000E+00  0.000E+00
 4    2  1   3.27199 0.200  10.0  90 270  3.1997E-07  5.1944E-08  3.2521E-01   0 999 999 999  1.588E+02  0.000E+00  0.000E+00  0.000E+00
 4    2  1   3.27199 0.250  10.0  90 270  3.2118E-07  6.2364E-08  3.5440E-01   0 999 999 999  1.545E+02  0.000E+00  0.000E+00  0.000E+00
 4    2  1   3.27199 0.300  10.0  90 270  3.2269E-07  7.1729E-08  3.8761E-01   0 999 999 999  1.523E+02  0.000E+00  0.000E+00  0.000E+00
 4    2  1   3.27199 0.350  10.0  90 270  3.2446E-07  8.0185E-08  4.1903E-01   0 999 999 999  1.512E+02  0.000E+00  0.000E+00  0.000E+00
 4    2  1   3.27199 0.400  10.0  90 270  3.2643E-07  8.7814E-08  4.5402E-01   0 999 999 999  1.506E+02  0.000E+00  0.000E+00  0.000E+00
 4    2  1   3.27199 0.450  10.0  90 270  3.2854E-07  9.4637E-08  4.7755E-01   0 999 999 999  1.503E+02  0.000E+00  0.000E+00  0.000E+00
 4    2  1   3.27199 0.500  10.0  90 270  3.3063E-07  1.0060E-07  4.7146E-01   0 999 999 999  1.500E+02  0.000E+00  0.000E+00  0.000E+00
 4    2  1   3.27199 0.550  10.0  90 270  3.3253E-07  1.0557E-07  4.5289E-01   0 999 999 999  1.496E+02  0.000E+00  0.000E+00  0.000E+00
 4    2  1   3.27199 0.600  10.0  90 270  3.3401E-07  1.0934E-07  4.3360E-01   0 999 999 999  1.490E+02  0.000E+00  0.000E+00  0.000E+00
 4    2  1   3.27199 0.650  10.0  90 270  3.3484E-07  1.1168E-07  4.0553E-01   0 999 999 999  1.479E+02  0.000E+00  0.000E+00  0.000E+00
 4    2  1   3.27199 0.700  10.0  90 270  3.3483E-07  1.1237E-07  3.7895E-01   0 999 999 999  1.464E+02  0.000E+00  0.000E+00  0.000E+00
 4    2  1   3.27199 0.750  10.0  90 270  3.3389E-07  1.1123E-07  3.5391E-01   0 999 999 999  1.443E+02  0.000E+00  0.000E+00  0.000E+00
      
 4    3  2   3.96373 0.000  10.0  90 270  3.4105E-07  2.8536E-08  0.0000E+00 180 999 999 999  1.294E+02  0.000E+00  0.000E+00  0.000E+00
 4    3  2   3.96373 0.050  10.0  90 270  3.4086E-07  9.3756E-09  0.0000E+00   0 180 999 999  1.986E+02  1.567E+02  0.000E+00  0.000E+00
 4    3  2   3.96373 0.100  10.0  90 270  3.4112E-07  1.8756E-08  0.0000E+00   0 999 999 999  1.339E+02  0.000E+00  0.000E+00  0.000E+00
 4    3  2   3.96373 0.150  10.0  90 270  3.4179E-07  3.5848E-08  0.0000E+00   0 999 999 999  1.223E+02  0.000E+00  0.000E+00  0.000E+00
 4    3  2   3.96373 0.200  10.0  90 270  3.4275E-07  4.9599E-08  1.0169E-01   0 999 999 999  1.189E+02  0.000E+00  0.000E+00  0.000E+00
 4    3  2   3.96373 0.250  10.0  90 270  3.4376E-07  6.0528E-08  2.2906E-01   0 999 999 999  1.177E+02  0.000E+00  0.000E+00  0.000E+00
 4    3  2   3.96373 0.300  10.0  90 270  3.4446E-07  6.8817E-08  3.3260E-01   0 999 999 999  1.167E+02  0.000E+00  0.000E+00  0.000E+00
 4    3  2   3.96373 0.350  10.0  90 270  3.4444E-07  7.4410E-08  3.9478E-01   0 999 999 999  1.152E+02  0.000E+00  0.000E+00  0.000E+00
 4    3  2   3.96373 0.400  10.0  90 270  3.4335E-07  7.7183E-08  3.5585E-01   0 999 999 999  1.128E+02  0.000E+00  0.000E+00  0.000E+00
 4    3  2   3.96373 0.450  10.0  90 270  3.4103E-07  7.7102E-08  3.1565E-01   0 999 999 999  1.093E+02  0.000E+00  0.000E+00  0.000E+00
 4    3  2   3.96373 0.500  10.0  90 270  3.3754E-07  7.4270E-08  2.7374E-01   0 180 999 999  1.047E+02  4.057E+02  0.000E+00  0.000E+00
 4    3  2   3.96373 0.550  10.0  90 270  3.3312E-07  6.8836E-08  2.2883E-01   0 180 999 999  9.906E+01  1.101E+02  0.000E+00  0.000E+00
 4    3  2   3.96373 0.600  10.0  90 270  3.2801E-07  6.0865E-08  1.7901E-01 180 999 999 999  1.058E+02  0.000E+00  0.000E+00  0.000E+00
 4    3  2   3.96373 0.650  10.0  90 270  3.2245E-07  5.0232E-08  1.2590E-01 180 999 999 999  1.133E+02  0.000E+00  0.000E+00  0.000E+00
 4    3  2   3.96373 0.700  10.0  90 270  3.1661E-07  3.6548E-08  6.5920E-02   0 180 999 999  7.752E+01  1.242E+02  0.000E+00  0.000E+00
 4    3  2   3.96373 0.750  10.0  90 270  3.1061E-07  1.9110E-08  0.0000E+00   0 180 999 999  7.100E+01  1.361E+02  0.000E+00  0.000E+00
      
 4    4  3   4.28752 0.000  10.0  90 270  3.5561E-07  3.3060E-08  0.0000E+00 180 999 999 999  8.967E+01  0.000E+00  0.000E+00  0.000E+00
 4    4  3   4.28752 0.050  10.0  90 270  3.5543E-07  1.0975E-08  0.0000E+00   0 180 999 999  1.077E+02  9.982E+01  0.000E+00  0.000E+00
 4    4  3   4.28752 0.100  10.0  90 270  3.5541E-07  2.4016E-08  0.0000E+00   0 999 999 999  8.959E+01  0.000E+00  0.000E+00  0.000E+00
 4    4  3   4.28752 0.150  10.0  90 270  3.5542E-07  4.1688E-08  0.0000E+00   0 999 999 999  8.748E+01  0.000E+00  0.000E+00  0.000E+00
 4    4  3   4.28752 0.200  10.0  90 270  3.5511E-07  5.3921E-08  0.0000E+00   0 999 999 999  8.749E+01  0.000E+00  0.000E+00  0.000E+00
 4    4  3   4.28752 0.250  10.0  90 270  3.5398E-07  6.1366E-08  7.5028E-02   0 999 999 999  8.696E+01  0.000E+00  0.000E+00  0.000E+00
 4    4  3   4.28752 0.300  10.0  90 270  3.5158E-07  6.4297E-08  2.8509E-01   0 999 999 999  8.505E+01  0.000E+00  0.000E+00  0.000E+00
 4    4  3   4.28752 0.350  10.0  90 270  3.4779E-07  6.2945E-08  2.2291E-01   0 999 999 999  8.150E+01  0.000E+00  0.000E+00  0.000E+00
 4    4  3   4.28752 0.400  10.0  90 270  3.4276E-07  5.7579E-08  1.6215E-01   0 180 999 999  7.638E+01  1.067E+02  0.000E+00  0.000E+00
 4    4  3   4.28752 0.450  10.0  90 270  3.3683E-07  4.8354E-08  8.9193E-02   0 180 999 999  6.998E+01  8.748E+01  0.000E+00  0.000E+00
 4    4  3   4.28752 0.500  10.0  90 270  3.3034E-07  3.5124E-08  4.6933E-03   0 180 999 999  6.291E+01  9.300E+01  0.000E+00  0.000E+00
 4    4  3   4.28752 0.550  10.0  90 270  3.2353E-07  1.7346E-08  0.0000E+00   0 180 999 999  5.658E+01  1.021E+02  0.000E+00  0.000E+00
 4    4  3   4.28752 0.600  10.0  90 270  3.1661E-07  1.8309E-08  0.0000E+00   0 180 999 999  5.608E+01  1.107E+02  0.000E+00  0.000E+00
 4    4  3   4.28752 0.650  10.0  90 270  3.0966E-07  2.4680E-08  9.9473E-02 180 999 999 999  1.167E+02  0.000E+00  0.000E+00  0.000E+00
 4    4  3   4.28752 0.700  10.0  90 270  3.0278E-07  2.7816E-08  1.8201E-01 180 999 999 999  1.188E+02  0.000E+00  0.000E+00  0.000E+00
 4    4  3   4.28752 0.750  10.0  90 270  2.9599E-07  2.8003E-08  1.8358E-01 180 999 999 999  1.164E+02  0.000E+00  0.000E+00  0.000E+00
      
 4    5  4   4.47602 0.000  10.0  90 270  3.6539E-07  3.5634E-08  0.0000E+00 999 999 999 999  0.000E+00  0.000E+00  0.000E+00  0.000E+00
 4    5  4   4.47602 0.050  10.0  90 270  3.6534E-07  1.2161E-08  0.0000E+00   0 180 999 999  7.436E+01  7.304E+01  0.000E+00  0.000E+00
 4    5  4   4.47602 0.100  10.0  90 270  3.6486E-07  2.7060E-08  0.0000E+00   0 180 999 999  6.894E+01  2.092E+02  0.000E+00  0.000E+00
 4    5  4   4.47602 0.150  10.0  90 270  3.6379E-07  4.3672E-08  0.0000E+00   0 999 999 999  6.983E+01  0.000E+00  0.000E+00  0.000E+00
 4    5  4   4.47602 0.200  10.0  90 270  3.6169E-07  5.2862E-08  0.0000E+00   0 999 999 999  7.018E+01  0.000E+00  0.000E+00  0.000E+00
 4    5  4   4.47602 0.250  10.0  90 270  3.5816E-07  5.5606E-08  0.0000E+00   0 999 999 999  6.854E+01  0.000E+00  0.000E+00  0.000E+00
 4    5  4   4.47602 0.300  10.0  90 270  3.5312E-07  5.2495E-08  1.1550E-01   0 999 999 999  6.470E+01  0.000E+00  0.000E+00  0.000E+00
 4    5  4   4.47602 0.350  10.0  90 270  3.4684E-07  4.3871E-08  2.5099E-02   0 180 999 999  5.897E+01  7.926E+01  0.000E+00  0.000E+00
 4    5  4   4.47602 0.400  10.0  90 270  3.3976E-07  2.9637E-08  0.0000E+00   0 180 999 999  5.230E+01  7.863E+01  0.000E+00  0.000E+00
 4    5  4   4.47602 0.450  10.0  90 270  3.3224E-07  1.0186E-08  0.0000E+00   0 180 999 999  4.721E+01  8.610E+01  0.000E+00  0.000E+00
 4    5  4   4.47602 0.500  10.0  90 270  3.2455E-07  1.9994E-08  0.0000E+00   0 180 999 999  6.243E+01  9.281E+01  0.000E+00  0.000E+00
 4    5  4   4.47602 0.550  10.0  90 270  3.1687E-07  2.4961E-08  0.0000E+00 180 999 999 999  9.592E+01  0.000E+00  0.000E+00  0.000E+00
 4    5  4   4.47602 0.600  10.0  90 270  3.0930E-07  2.5896E-08  1.4362E-01 180 999 999 999  9.447E+01  0.000E+00  0.000E+00  0.000E+00
 4    5  4   4.47602 0.650  10.0  90 270  3.0189E-07  2.3127E-08  6.9615E-02 180 999 999 999  8.894E+01  0.000E+00  0.000E+00  0.000E+00
 4    5  4   4.47602 0.700  10.0  90 270  2.9466E-07  1.6529E-08  0.0000E+00   0 180 999 999  1.214E+02  8.138E+01  0.000E+00  0.000E+00
 4    5  4   4.47602 0.750  10.0  90 270  2.8762E-07  5.6511E-09  0.0000E+00   0 999 999 999  1.161E+02  0.000E+00  0.000E+00  0.000E+00
      
 4    3  1   2.49699 0.000  10.0  90 270  3.0219E-07  4.7147E-10  2.2721E-02   0 999 999 999  1.101E+03  0.000E+00  0.000E+00  0.000E+00
 4    3  1   2.49699 0.050  10.0  90 270  3.0218E-07  1.5206E-09  4.1255E-02   0 999 999 999  6.335E+02  0.000E+00  0.000E+00  0.000E+00
 4    3  1   2.49699 0.100  10.0  90 270  3.0233E-07  1.7851E-09  4.4791E-02   0 999 999 999  5.882E+02  0.000E+00  0.000E+00  0.000E+00
 4    3  1   2.49699 0.150  10.0  90 270  3.0262E-07  1.2751E-09  3.7825E-02   0 999 999 999  6.943E+02  0.000E+00  0.000E+00  0.000E+00
 4    3  1   2.49699 0.200  10.0  90 270  3.0308E-07  5.8299E-12  3.0095E-03 152 208 999 999  1.745E+04  1.745E+04  0.000E+00  0.000E+00
 4    3  1   2.49699 0.250  10.0  90 270  3.0368E-07  1.9907E-09  4.7806E-02 180 999 999 999  5.750E+02  0.000E+00  0.000E+00  0.000E+00
 4    3  1   2.49699 0.300  10.0  90 270  3.0444E-07  4.5959E-09  7.3219E-02 999 999 999 999  0.000E+00  0.000E+00  0.000E+00  0.000E+00
 4    3  1   2.49699 0.350  10.0  90 270  3.0536E-07  7.7207E-09  9.5870E-02 999 999 999 999  0.000E+00  0.000E+00  0.000E+00  0.000E+00
 4    3  1   2.49699 0.400  10.0  90 270  3.0643E-07  1.1257E-08  1.1716E-01 999 999 999 999  0.000E+00  0.000E+00  0.000E+00  0.000E+00
 4    3  1   2.49699 0.450  10.0  90 270  3.0766E-07  1.5098E-08  1.3750E-01 180 999 999 999  2.335E+02  0.000E+00  0.000E+00  0.000E+00
 4    3  1   2.49699 0.500  10.0  90 270  3.0906E-07  1.9138E-08  1.5703E-01 180 999 999 999  2.141E+02  0.000E+00  0.000E+00  0.000E+00
 4    3  1   2.49699 0.550  10.0  90 270  3.1061E-07  2.3280E-08  1.6912E-01 180 999 999 999  2.002E+02  0.000E+00  0.000E+00  0.000E+00
 4    3  1   2.49699 0.600  10.0  90 270  3.1233E-07  2.7428E-08  1.7757E-01 180 999 999 999  1.898E+02  0.000E+00  0.000E+00  0.000E+00
 4    3  1   2.49699 0.650  10.0  90 270  3.1420E-07  3.1489E-08  1.8357E-01 180 999 999 999  1.815E+02  0.000E+00  0.000E+00  0.000E+00
 4    3  1   2.49699 0.700  10.0  90 270  3.1622E-07  3.5362E-08  1.8551E-01 180 999 999 999  1.747E+02  0.000E+00  0.000E+00  0.000E+00
 4    3  1   2.49699 0.750  10.0  90 270  3.1837E-07  3.8926E-08  1.8247E-01 999 999 999 999  0.000E+00  0.000E+00  0.000E+00  0.000E+00
      
 4    5  3   3.69487 0.000  10.0  90 270  3.3101E-07  8.3438E-10  0.0000E+00 180 999 999 999  3.500E+02  0.000E+00  0.000E+00  0.000E+00
 4    5  3   3.69487 0.050  10.0  90 270  3.3086E-07  2.3607E-09  0.0000E+00   0 999 999 999  2.556E+02  0.000E+00  0.000E+00  0.000E+00
 4    5  3   3.69487 0.100  10.0  90 270  3.3115E-07  1.8371E-09  0.0000E+00   0 999 999 999  2.892E+02  0.000E+00  0.000E+00  0.000E+00
 4    5  3   3.69487 0.150  10.0  90 270  3.3188E-07  2.2052E-09  0.0000E+00 180 999 999 999  2.505E+02  0.000E+00  0.000E+00  0.000E+00
 4    5  3   3.69487 0.200  10.0  90 270  3.3299E-07  8.7108E-09  0.0000E+00 180 999 999 999  1.390E+02  0.000E+00  0.000E+00  0.000E+00
 4    5  3   3.69487 0.250  10.0  90 270  3.3441E-07  1.6285E-08  7.3461E-03 180 999 999 999  1.108E+02  0.000E+00  0.000E+00  0.000E+00
 4    5  3   3.69487 0.300  10.0  90 270  3.3600E-07  2.3760E-08  7.8484E-02 180 999 999 999  9.892E+01  0.000E+00  0.000E+00  0.000E+00
 4    5  3   3.69487 0.350  10.0  90 270  3.3753E-07  3.0245E-08  1.5060E-01 180 999 999 999  9.248E+01  0.000E+00  0.000E+00  0.000E+00
 4    5  3   3.69487 0.400  10.0  90 270  3.3873E-07  3.5036E-08  1.6432E-01 180 999 999 999  8.795E+01  0.000E+00  0.000E+00  0.000E+00
 4    5  3   3.69487 0.450  10.0  90 270  3.3924E-07  3.7524E-08  1.2857E-01 180 999 999 999  8.383E+01  0.000E+00  0.000E+00  0.000E+00
 4    5  3   3.69487 0.500  10.0  90 270  3.3878E-07  3.7185E-08  8.7694E-02 999 999 999 999  0.000E+00  0.000E+00  0.000E+00  0.000E+00
 4    5  3   3.69487 0.550  10.0  90 270  3.3723E-07  3.3611E-08  3.8023E-02 180 999 999 999  7.503E+01  0.000E+00  0.000E+00  0.000E+00
 4    5  3   3.69487 0.600  10.0  90 270  3.3460E-07  2.6504E-08  0.0000E+00   0 180 999 999  2.169E+02  7.092E+01  0.000E+00  0.000E+00
 4    5  3   3.69487 0.650  10.0  90 270  3.3107E-07  1.5686E-08  0.0000E+00   0 180 999 999  1.287E+02  6.922E+01  0.000E+00  0.000E+00
 4    5  3   3.69487 0.700  10.0  90 270  3.2684E-07  6.7586E-09  0.0000E+00   0 180 999 999  1.180E+02  7.865E+01  0.000E+00  0.000E+00
 4    5  3   3.69487 0.750  10.0  90 270  3.2209E-07  1.4061E-08  0.0000E+00   0 999 999 999  1.156E+02  0.000E+00  0.000E+00  0.000E+00
      
 4    7  5   4.15030 0.000  10.0  90 270  3.4909E-07  1.2422E-09  0.0000E+00   0 180 999 999  3.175E+02  1.676E+02  0.000E+00  0.000E+00
 4    7  5   4.15030 0.050  10.0  90 270  3.4889E-07  4.3682E-09  0.0000E+00   0 999 999 999  1.301E+02  0.000E+00  0.000E+00  0.000E+00
 4    7  5   4.15030 0.100  10.0  90 270  3.4904E-07  2.6881E-09  0.0000E+00   0 999 999 999  1.583E+02  0.000E+00  0.000E+00  0.000E+00
 4    7  5   4.15030 0.150  10.0  90 270  3.4946E-07  5.4956E-09  0.0000E+00 180 999 999 999  1.078E+02  0.000E+00  0.000E+00  0.000E+00
 4    7  5   4.15030 0.200  10.0  90 270  3.4991E-07  1.5212E-08  0.0000E+00 180 999 999 999  7.591E+01  0.000E+00  0.000E+00  0.000E+00
 4    7  5   4.15030 0.250  10.0  90 270  3.4998E-07  2.3023E-08  0.0000E+00 180 999 999 999  6.764E+01  0.000E+00  0.000E+00  0.000E+00
 4    7  5   4.15030 0.300  10.0  90 270  3.4919E-07  2.7067E-08  0.0000E+00 180 999 999 999  6.336E+01  0.000E+00  0.000E+00  0.000E+00
 4    7  5   4.15030 0.350  10.0  90 270  3.4717E-07  2.6372E-08  0.0000E+00 180 999 999 999  5.950E+01  0.000E+00  0.000E+00  0.000E+00
 4    7  5   4.15030 0.400  10.0  90 270  3.4382E-07  2.0403E-08  0.0000E+00 180 999 999 999  5.597E+01  0.000E+00  0.000E+00  0.000E+00
 4    7  5   4.15030 0.450  10.0  90 270  3.3932E-07  9.0017E-09  0.0000E+00   0 180 999 999  9.981E+01  5.634E+01  0.000E+00  0.000E+00
 4    7  5   4.15030 0.500  10.0  90 270  3.3394E-07  9.0048E-09  0.0000E+00   0 180 999 999  8.733E+01  1.132E+02  0.000E+00  0.000E+00
 4    7  5   4.15030 0.550  10.0  90 270  3.2799E-07  1.4495E-08  0.0000E+00   0 999 999 999  8.408E+01  0.000E+00  0.000E+00  0.000E+00
 4    7  5   4.15030 0.600  10.0  90 270  3.2171E-07  1.5537E-08  0.0000E+00   0 999 999 999  8.067E+01  0.000E+00  0.000E+00  0.000E+00
 4    7  5   4.15030 0.650  10.0  90 270  3.1524E-07  1.2256E-08  0.0000E+00   0 999 999 999  7.712E+01  0.000E+00  0.000E+00  0.000E+00
 4    7  5   4.15030 0.700  10.0  90 270  3.0871E-07  4.8118E-09  0.0000E+00   0 180 999 999  8.142E+01  1.350E+02  0.000E+00  0.000E+00
 4    7  5   4.15030 0.750  10.0  90 270  3.0219E-07  5.9617E-09  0.0000E+00 180 999 999 999  1.093E+02  0.000E+00  0.000E+00  0.000E+00
      
 4    9  7   4.39274 0.000  10.0  90 270  3.6095E-07  1.9921E-09  0.0000E+00   0 180 999 999  1.603E+02  9.753E+01  0.000E+00  0.000E+00
 4    9  7   4.39274 0.050  10.0  90 270  3.6083E-07  6.0124E-09  0.0000E+00   0 999 999 999  8.598E+01  0.000E+00  0.000E+00  0.000E+00
 4    9  7   4.39274 0.100  10.0  90 270  3.6059E-07  3.1229E-09  0.0000E+00   0 999 999 999  1.070E+02  0.000E+00  0.000E+00  0.000E+00
 4    9  7   4.39274 0.150  10.0  90 270  3.6009E-07  8.2934E-09  0.0000E+00 180 999 999 999  6.863E+01  0.000E+00  0.000E+00  0.000E+00
 4    9  7   4.39274 0.200  10.0  90 270  3.5890E-07  1.7584E-08  0.0000E+00 180 999 999 999  5.559E+01  0.000E+00  0.000E+00  0.000E+00
 4    9  7   4.39274 0.250  10.0  90 270  3.5653E-07  2.0906E-08  0.0000E+00 180 999 999 999  5.147E+01  0.000E+00  0.000E+00  0.000E+00
 4    9  7   4.39274 0.300  10.0  90 270  3.5269E-07  1.6958E-08  0.0000E+00 180 999 999 999  4.849E+01  0.000E+00  0.000E+00  0.000E+00
 4    9  7   4.39274 0.350  10.0  90 270  3.4749E-07  5.5506E-09  0.0000E+00   0 180 999 999  8.625E+01  5.154E+01  0.000E+00  0.000E+00
 4    9  7   4.39274 0.400  10.0  90 270  3.4127E-07  9.5650E-09  0.0000E+00   0 999 999 999  7.055E+01  0.000E+00  0.000E+00  0.000E+00
 4    9  7   4.39274 0.450  10.0  90 270  3.3440E-07  1.3061E-08  0.0000E+00   0 999 999 999  6.646E+01  0.000E+00  0.000E+00  0.000E+00
 4    9  7   4.39274 0.500  10.0  90 270  3.2720E-07  1.0493E-08  0.0000E+00   0 999 999 999  6.324E+01  0.000E+00  0.000E+00  0.000E+00
 4    9  7   4.39274 0.550  10.0  90 270  3.1987E-07  2.4416E-09  0.0000E+00   0 999 999 999  7.244E+01  0.000E+00  0.000E+00  0.000E+00
 4    9  7   4.39274 0.600  10.0  90 270  3.1255E-07  6.6578E-09  0.0000E+00 180 999 999 999  8.551E+01  0.000E+00  0.000E+00  0.000E+00
 4    9  7   4.39274 0.650  10.0  90 270  3.0533E-07  7.9277E-09  0.0000E+00 180 999 999 999  8.113E+01  0.000E+00  0.000E+00  0.000E+00
 4    9  7   4.39274 0.700  10.0  90 270  2.9823E-07  4.5057E-09  0.0000E+00 180 999 999 999  8.402E+01  0.000E+00  0.000E+00  0.000E+00
 4    9  7   4.39274 0.750  10.0  90 270  2.9129E-07  2.7189E-09  0.0000E+00   0 999 999 999  1.136E+02  0.000E+00  0.000E+00  0.000E+00
      
 4    4  1   2.06122 0.000  10.0  90 270  2.9602E-07  7.4145E-11  6.8391E-03   0 999 999 999  2.375E+03  0.000E+00  0.000E+00  0.000E+00
 4    4  1   2.06122 0.050  10.0  90 270  2.9602E-07  1.1189E-10  8.4053E-03   0 999 999 999  1.936E+03  0.000E+00  0.000E+00  0.000E+00
 4    4  1   2.06122 0.100  10.0  90 270  2.9612E-07  9.2386E-11  7.6375E-03   0 999 999 999  2.130E+03  0.000E+00  0.000E+00  0.000E+00
 4    4  1   2.06122 0.150  10.0  90 270  2.9631E-07  6.3365E-11  6.3249E-03   0 999 999 999  2.572E+03  0.000E+00  0.000E+00  0.000E+00
 4    4  1   2.06122 0.200  10.0  90 270  2.9659E-07  7.2210E-11  6.7520E-03   0 999 999 999  2.409E+03  0.000E+00  0.000E+00  0.000E+00
 4    4  1   2.06122 0.250  10.0  90 270  2.9697E-07  1.6449E-10  1.0192E-02   0 999 999 999  1.597E+03  0.000E+00  0.000E+00  0.000E+00
 4    4  1   2.06122 0.300  10.0  90 270  2.9744E-07  3.8212E-10  1.5546E-02   0 999 999 999  1.050E+03  0.000E+00  0.000E+00  0.000E+00
 4    4  1   2.06122 0.350  10.0  90 270  2.9800E-07  7.6135E-10  2.1975E-02 999 999 999 999  0.000E+00  0.000E+00  0.000E+00  0.000E+00
 4    4  1   2.06122 0.400  10.0  90 270  2.9867E-07  1.3306E-09  2.9114E-02   0 999 999 999  5.687E+02  0.000E+00  0.000E+00  0.000E+00
 4    4  1   2.06122 0.450  10.0  90 270  2.9943E-07  2.1086E-09  3.6759E-02   0 999 999 999  4.557E+02  0.000E+00  0.000E+00  0.000E+00
 4    4  1   2.06122 0.500  10.0  90 270  3.0028E-07  3.1026E-09  4.4759E-02   0 999 999 999  3.797E+02  0.000E+00  0.000E+00  0.000E+00
 4    4  1   2.06122 0.550  10.0  90 270  3.0124E-07  4.3075E-09  5.2980E-02   0 999 999 999  3.264E+02  0.000E+00  0.000E+00  0.000E+00
 4    4  1   2.06122 0.600  10.0  90 270  3.0230E-07  5.7049E-09  6.1291E-02   0 999 999 999  2.877E+02  0.000E+00  0.000E+00  0.000E+00
 4    4  1   2.06122 0.650  10.0  90 270  3.0346E-07  7.2626E-09  6.9549E-02   0 999 999 999  2.588E+02  0.000E+00  0.000E+00  0.000E+00
 4    4  1   2.06122 0.700  10.0  90 270  3.0473E-07  8.9339E-09  7.7592E-02   0 999 999 999  2.369E+02  0.000E+00  0.000E+00  0.000E+00
 4    4  1   2.06122 0.750  10.0  90 270  3.0611E-07  1.0655E-08  8.5218E-02   0 999 999 999  2.200E+02  0.000E+00  0.000E+00  0.000E+00
      
 4    5  2   2.81971 0.000  10.0  90 270  3.0798E-07  7.8010E-11  1.1215E-02   0 999 999 999  1.580E+03  0.000E+00  0.000E+00  0.000E+00
 4    5  2   2.81971 0.050  10.0  90 270  3.0795E-07  1.0750E-10  1.3188E-02   0 999 999 999  1.353E+03  0.000E+00  0.000E+00  0.000E+00
 4    5  2   2.81971 0.100  10.0  90 270  3.0814E-07  4.2475E-12  2.6082E-03 180 999 999 999  6.704E+03  0.000E+00  0.000E+00  0.000E+00
 4    5  2   2.81971 0.150  10.0  90 270  3.0854E-07  4.9862E-11  8.9792E-03 180 999 999 999  1.984E+03  0.000E+00  0.000E+00  0.000E+00
 4    5  2   2.81971 0.200  10.0  90 270  3.0916E-07  1.6845E-10  1.6502E-02 999 999 999 999  0.000E+00  0.000E+00  0.000E+00  0.000E+00
 4    5  2   2.81971 0.250  10.0  90 270  3.0999E-07  8.1879E-10  3.6477E-02   0 999 999 999  4.933E+02  0.000E+00  0.000E+00  0.000E+00
 4    5  2   2.81971 0.300  10.0  90 270  3.1103E-07  2.0153E-09  5.7516E-02   0 999 999 999  3.191E+02  0.000E+00  0.000E+00  0.000E+00
 4    5  2   2.81971 0.350  10.0  90 270  3.1229E-07  3.8005E-09  7.7470E-02   0 999 999 999  2.375E+02  0.000E+00  0.000E+00  0.000E+00
 4    5  2   2.81971 0.400  10.0  90 270  3.1376E-07  6.1398E-09  8.5623E-02   0 999 999 999  1.920E+02  0.000E+00  0.000E+00  0.000E+00
 4    5  2   2.81971 0.450  10.0  90 270  3.1544E-07  8.9289E-09  9.6174E-02 999 999 999 999  0.000E+00  0.000E+00  0.000E+00  0.000E+00
 4    5  2   2.81971 0.500  10.0  90 270  3.1731E-07  1.2011E-08  1.0632E-01   0 999 999 999  1.460E+02  0.000E+00  0.000E+00  0.000E+00
 4    5  2   2.81971 0.550  10.0  90 270  3.1937E-07  1.5191E-08  1.1319E-01   0 999 999 999  1.336E+02  0.000E+00  0.000E+00  0.000E+00
 4    5  2   2.81971 0.600  10.0  90 270  3.2158E-07  1.8250E-08  1.1213E-01 999 999 999 999  0.000E+00  0.000E+00  0.000E+00  0.000E+00
 4    5  2   2.81971 0.650  10.0  90 270  3.2390E-07  2.0942E-08  1.0359E-01   0 999 999 999  1.176E+02  0.000E+00  0.000E+00  0.000E+00
 4    5  2   2.81971 0.700  10.0  90 270  3.2625E-07  2.2984E-08  8.9184E-02 999 999 999 999  0.000E+00  0.000E+00  0.000E+00  0.000E+00
 4    5  2   2.81971 0.750  10.0  90 270  3.2854E-07  2.4040E-08  6.8020E-02   0 999 999 999  1.076E+02  0.000E+00  0.000E+00  0.000E+00
      
 4    7  4   3.57662 0.000  10.0  90 270  3.2710E-07  3.4754E-10  0.0000E+00   0 999 999 999  4.761E+02  0.000E+00  0.000E+00  0.000E+00
 4    7  4   3.57662 0.050  10.0  90 270  3.2698E-07  2.6213E-10  0.0000E+00   0 999 999 999  5.497E+02  0.000E+00  0.000E+00  0.000E+00
 4    7  4   3.57662 0.100  10.0  90 270  3.2727E-07  1.9719E-10  0.0000E+00 180 999 999 999  6.322E+02  0.000E+00  0.000E+00  0.000E+00
 4    7  4   3.57662 0.150  10.0  90 270  3.2797E-07  8.9769E-11  0.0000E+00 180 999 999 999  9.281E+02  0.000E+00  0.000E+00  0.000E+00
 4    7  4   3.57662 0.200  10.0  90 270  3.2905E-07  1.3305E-09  0.0000E+00   0 999 999 999  2.451E+02  0.000E+00  0.000E+00  0.000E+00
 4    7  4   3.57662 0.250  10.0  90 270  3.3046E-07  4.2867E-09  0.0000E+00   0 999 999 999  1.422E+02  0.000E+00  0.000E+00  0.000E+00
 4    7  4   3.57662 0.300  10.0  90 270  3.3213E-07  8.3909E-09  0.0000E+00   0 999 999 999  1.073E+02  0.000E+00  0.000E+00  0.000E+00
 4    7  4   3.57662 0.350  10.0  90 270  3.3391E-07  1.2844E-08  2.9321E-02   0 999 999 999  9.118E+01  0.000E+00  0.000E+00  0.000E+00
 4    7  4   3.57662 0.400  10.0  90 270  3.3560E-07  1.6717E-08  6.3253E-02   0 999 999 999  8.243E+01  0.000E+00  0.000E+00  0.000E+00
 4    7  4   3.57662 0.450  10.0  90 270  3.3693E-07  1.9118E-08  3.1149E-02   0 999 999 999  7.685E+01  0.000E+00  0.000E+00  0.000E+00
 4    7  4   3.57662 0.500  10.0  90 270  3.3758E-07  1.9244E-08  0.0000E+00 999 999 999 999  0.000E+00  0.000E+00  0.000E+00  0.000E+00
 4    7  4   3.57662 0.550  10.0  90 270  3.3731E-07  1.6457E-08  0.0000E+00   0 999 999 999  7.071E+01  0.000E+00  0.000E+00  0.000E+00
 4    7  4   3.57662 0.600  10.0  90 270  3.3599E-07  1.0438E-08  0.0000E+00   0 999 999 999  7.304E+01  0.000E+00  0.000E+00  0.000E+00
 4    7  4   3.57662 0.650  10.0  90 270  3.3365E-07  1.6133E-09  0.0000E+00   0 180 999 999  9.719E+01  1.336E+02  0.000E+00  0.000E+00
 4    7  4   3.57662 0.700  10.0  90 270  3.3043E-07  7.6709E-09  0.0000E+00 180 999 999 999  1.078E+02  0.000E+00  0.000E+00  0.000E+00
 4    7  4   3.57662 0.750  10.0  90 270  3.2651E-07  1.0880E-08  0.0000E+00 180 999 999 999  9.943E+01  0.000E+00  0.000E+00  0.000E+00
      
 4    8  5   3.79681 0.000  10.0  90 270  3.3461E-07  5.3425E-10  0.0000E+00   0 999 999 999  3.267E+02  0.000E+00  0.000E+00  0.000E+00
 4    8  5   3.79681 0.050  10.0  90 270  3.3444E-07  3.4817E-10  0.0000E+00   0 999 999 999  4.046E+02  0.000E+00  0.000E+00  0.000E+00
 4    8  5   3.79681 0.100  10.0  90 270  3.3474E-07  3.5369E-10  0.0000E+00 180 999 999 999  4.019E+02  0.000E+00  0.000E+00  0.000E+00
 4    8  5   3.79681 0.150  10.0  90 270  3.3547E-07  6.0194E-11  0.0000E+00 180 999 999 999  9.105E+02  0.000E+00  0.000E+00  0.000E+00
 4    8  5   3.79681 0.200  10.0  90 270  3.3658E-07  2.2433E-09  0.0000E+00   0 999 999 999  1.614E+02  0.000E+00  0.000E+00  0.000E+00
 4    8  5   3.79681 0.250  10.0  90 270  3.3793E-07  6.3654E-09  0.0000E+00 999 999 999 999  0.000E+00  0.000E+00  0.000E+00  0.000E+00
 4    8  5   3.79681 0.300  10.0  90 270  3.3932E-07  1.1128E-08  0.0000E+00   0 999 999 999  8.172E+01  0.000E+00  0.000E+00  0.000E+00
 4    8  5   3.79681 0.350  10.0  90 270  3.4045E-07  1.5037E-08  8.9970E-03   0 999 999 999  7.266E+01  0.000E+00  0.000E+00  0.000E+00
 4    8  5   3.79681 0.400  10.0  90 270  3.4097E-07  1.6771E-08  0.0000E+00   0 999 999 999  6.758E+01  0.000E+00  0.000E+00  0.000E+00
 4    8  5   3.79681 0.450  10.0  90 270  3.4053E-07  1.5328E-08  0.0000E+00   0 999 999 999  6.472E+01  0.000E+00  0.000E+00  0.000E+00
 4    8  5   3.79681 0.500  10.0  90 270  3.3895E-07  1.0163E-08  0.0000E+00   0 999 999 999  6.597E+01  0.000E+00  0.000E+00  0.000E+00
 4    8  5   3.79681 0.550  10.0  90 270  3.3625E-07  1.6336E-09  0.0000E+00 180 999 999 999  1.233E+02  0.000E+00  0.000E+00  0.000E+00
 4    8  5   3.79681 0.600  10.0  90 270  3.3258E-07  7.2802E-09  0.0000E+00 180 999 999 999  9.523E+01  0.000E+00  0.000E+00  0.000E+00
 4    8  5   3.79681 0.650  10.0  90 270  3.2816E-07  1.0142E-08  0.0000E+00 180 999 999 999  8.733E+01  0.000E+00  0.000E+00  0.000E+00
 4    8  5   3.79681 0.700  10.0  90 270  3.2321E-07  9.3466E-09  0.0000E+00 180 999 999 999  8.457E+01  0.000E+00  0.000E+00  0.000E+00
 4    8  5   3.79681 0.750  10.0  90 270  3.1790E-07  4.9595E-09  0.0000E+00 180 999 999 999  9.221E+01  0.000E+00  0.000E+00  0.000E+00
      
 4   10  7   4.09478 0.000  10.0  90 270  3.4660E-07  9.5772E-10  0.0000E+00   0 999 999 999  1.886E+02  0.000E+00  0.000E+00  0.000E+00
 4   10  7   4.09478 0.050  10.0  90 270  3.4640E-07  5.2509E-10  0.0000E+00   0 999 999 999  2.525E+02  0.000E+00  0.000E+00  0.000E+00
 4   10  7   4.09478 0.100  10.0  90 270  3.4659E-07  7.4502E-10  0.0000E+00 180 999 999 999  2.148E+02  0.000E+00  0.000E+00  0.000E+00
 4   10  7   4.09478 0.150  10.0  90 270  3.4712E-07  1.5557E-10  0.0000E+00   0 999 999 999  4.041E+02  0.000E+00  0.000E+00  0.000E+00
 4   10  7   4.09478 0.200  10.0  90 270  3.4777E-07  4.2091E-09  0.0000E+00   0 999 999 999  9.268E+01  0.000E+00  0.000E+00  0.000E+00
 4   10  7   4.09478 0.250  10.0  90 270  3.4819E-07  9.2576E-09  0.0000E+00   0 999 999 999  6.748E+01  0.000E+00  0.000E+00  0.000E+00
 4   10  7   4.09478 0.300  10.0  90 270  3.4793E-07  1.2327E-08  0.0000E+00   0 999 999 999  5.953E+01  0.000E+00  0.000E+00  0.000E+00
 4   10  7   4.09478 0.350  10.0  90 270  3.4658E-07  1.1363E-08  0.0000E+00   0 999 999 999  5.688E+01  0.000E+00  0.000E+00  0.000E+00
 4   10  7   4.09478 0.400  10.0  90 270  3.4393E-07  5.5829E-09  0.0000E+00   0 999 999 999  6.281E+01  0.000E+00  0.000E+00  0.000E+00
 4   10  7   4.09478 0.450  10.0  90 270  3.4005E-07  4.1733E-09  0.0000E+00 180 999 999 999  8.728E+01  0.000E+00  0.000E+00  0.000E+00
 4   10  7   4.09478 0.500  10.0  90 270  3.3520E-07  8.1228E-09  0.0000E+00 180 999 999 999  7.404E+01  0.000E+00  0.000E+00  0.000E+00
 4   10  7   4.09478 0.550  10.0  90 270  3.2966E-07  7.5141E-09  0.0000E+00 180 999 999 999  7.116E+01  0.000E+00  0.000E+00  0.000E+00
 4   10  7   4.09478 0.600  10.0  90 270  3.2368E-07  2.6251E-09  0.0000E+00   0 180 999 999  2.379E+02  8.606E+01  0.000E+00  0.000E+00
 4   10  7   4.09478 0.650  10.0  90 270  3.1745E-07  3.8680E-09  0.0000E+00   0 999 999 999  9.767E+01  0.000E+00  0.000E+00  0.000E+00
 4   10  7   4.09478 0.700  10.0  90 270  3.1109E-07  5.3702E-09  0.0000E+00   0 999 999 999  8.828E+01  0.000E+00  0.000E+00  0.000E+00
 4   10  7   4.09478 0.750  10.0  90 270  3.0470E-07  2.9694E-09  0.0000E+00   0 999 999 999  9.842E+01  0.000E+00  0.000E+00  0.000E+00
      
 4    7  3   2.95244 0.000  10.0  90 270  3.1072E-07  2.7534E-11  7.1486E-03   0 999 999 999  1.864E+03  0.000E+00  0.000E+00  0.000E+00
 4    7  3   2.95244 0.050  10.0  90 270  3.1068E-07  3.3719E-12  2.5006E-03   0 999 999 999  5.319E+03  0.000E+00  0.000E+00  0.000E+00
 4    7  3   2.95244 0.100  10.0  90 270  3.1089E-07  6.8821E-12  3.5735E-03 180 999 999 999  3.727E+03  0.000E+00  0.000E+00  0.000E+00
 4    7  3   2.95244 0.150  10.0  90 270  3.1134E-07  6.0790E-12  3.3584E-03   0 999 999 999  3.965E+03  0.000E+00  0.000E+00  0.000E+00
 4    7  3   2.95244 0.200  10.0  90 270  3.1203E-07  2.2403E-11  6.4469E-03 180 999 999 999  2.065E+03  0.000E+00  0.000E+00  0.000E+00
 4    7  3   2.95244 0.250  10.0  90 270  3.1297E-07  2.1347E-10  1.9919E-02 180 999 999 999  6.707E+02  0.000E+00  0.000E+00  0.000E+00
 4    7  3   2.95244 0.300  10.0  90 270  3.1415E-07  7.1137E-10  3.0449E-02 180 999 999 999  3.702E+02  0.000E+00  0.000E+00  0.000E+00
 4    7  3   2.95244 0.350  10.0  90 270  3.1556E-07  1.6376E-09  3.3137E-02 180 999 999 999  2.475E+02  0.000E+00  0.000E+00  0.000E+00
 4    7  3   2.95244 0.400  10.0  90 270  3.1721E-07  3.0442E-09  3.9250E-02 180 999 999 999  1.853E+02  0.000E+00  0.000E+00  0.000E+00
 4    7  3   2.95244 0.450  10.0  90 270  3.1907E-07  4.8827E-09  4.8189E-02 180 999 999 999  1.499E+02  0.000E+00  0.000E+00  0.000E+00
 4    7  3   2.95244 0.500  10.0  90 270  3.2112E-07  6.9980E-09  5.5845E-02 180 999 999 999  1.284E+02  0.000E+00  0.000E+00  0.000E+00
 4    7  3   2.95244 0.550  10.0  90 270  3.2333E-07  9.1442E-09  5.3186E-02 180 999 999 999  1.146E+02  0.000E+00  0.000E+00  0.000E+00
 4    7  3   2.95244 0.600  10.0  90 270  3.2563E-07  1.1008E-08  4.0608E-02 180 999 999 999  1.055E+02  0.000E+00  0.000E+00  0.000E+00
 4    7  3   2.95244 0.650  10.0  90 270  3.2792E-07  1.2226E-08  1.9848E-02 180 999 999 999  9.944E+01  0.000E+00  0.000E+00  0.000E+00
 4    7  3   2.95244 0.700  10.0  90 270  3.3008E-07  1.2406E-08  0.0000E+00 180 999 999 999  9.600E+01  0.000E+00  0.000E+00  0.000E+00
 4    7  3   2.95244 0.750  10.0  90 270  3.3193E-07  1.1156E-08  0.0000E+00 180 999 999 999  9.586E+01  0.000E+00  0.000E+00  0.000E+00
      
 4    9  5   3.51008 0.000  10.0  90 270  3.2504E-07  8.6060E-11  0.0000E+00   0 999 999 999  7.529E+02  0.000E+00  0.000E+00  0.000E+00
 4    9  5   3.51008 0.050  10.0  90 270  3.2492E-07  9.3184E-12  0.0000E+00 180 999 999 999  2.278E+03  0.000E+00  0.000E+00  0.000E+00
 4    9  5   3.51008 0.100  10.0  90 270  3.2521E-07  1.4959E-11  0.0000E+00 180 999 999 999  1.803E+03  0.000E+00  0.000E+00  0.000E+00
 4    9  5   3.51008 0.150  10.0  90 270  3.2588E-07  3.8066E-11  0.0000E+00   0 999 999 999  1.131E+03  0.000E+00  0.000E+00  0.000E+00
 4    9  5   3.51008 0.200  10.0  90 270  3.2693E-07  1.8670E-10  0.0000E+00 999 999 999 999  0.000E+00  0.000E+00  0.000E+00  0.000E+00
 4    9  5   3.51008 0.250  10.0  90 270  3.2832E-07  1.1236E-09  0.0000E+00 180 999 999 999  2.111E+02  0.000E+00  0.000E+00  0.000E+00
 4    9  5   3.51008 0.300  10.0  90 270  3.2998E-07  2.9902E-09  0.0000E+00 180 999 999 999  1.333E+02  0.000E+00  0.000E+00  0.000E+00
 4    9  5   3.51008 0.350  10.0  90 270  3.3182E-07  5.5582E-09  0.0000E+00 180 999 999 999  1.014E+02  0.000E+00  0.000E+00  0.000E+00
 4    9  5   3.51008 0.400  10.0  90 270  3.3367E-07  8.1791E-09  4.9962E-03 180 999 999 999  8.601E+01  0.000E+00  0.000E+00  0.000E+00
 4    9  5   3.51008 0.450  10.0  90 270  3.3532E-07  9.9912E-09  0.0000E+00 180 999 999 999  7.801E+01  0.000E+00  0.000E+00  0.000E+00
 4    9  5   3.51008 0.500  10.0  90 270  3.3647E-07  1.0137E-08  0.0000E+00 180 999 999 999  7.442E+01  0.000E+00  0.000E+00  0.000E+00
 4    9  5   3.51008 0.550  10.0  90 270  3.3685E-07  7.9725E-09  0.0000E+00 180 999 999 999  7.613E+01  0.000E+00  0.000E+00  0.000E+00
 4    9  5   3.51008 0.600  10.0  90 270  3.3625E-07  3.4138E-09  0.0000E+00 180 999 999 999  9.437E+01  0.000E+00  0.000E+00  0.000E+00
 4    9  5   3.51008 0.650  10.0  90 270  3.3464E-07  2.8502E-09  0.0000E+00   0 999 999 999  1.242E+02  0.000E+00  0.000E+00  0.000E+00
 4    9  5   3.51008 0.700  10.0  90 270  3.3207E-07  5.9494E-09  0.0000E+00   0 999 999 999  9.950E+01  0.000E+00  0.000E+00  0.000E+00
 4    9  5   3.51008 0.750  10.0  90 270  3.2870E-07  6.3235E-09  0.0000E+00   0 999 999 999  9.440E+01  0.000E+00  0.000E+00  0.000E+00
      
 4    7  2   2.25313 0.000  10.0  90 270  2.9853E-07  9.5610E-13  8.8793E-04   0 999 999 999  1.144E+04  0.000E+00  0.000E+00  0.000E+00
 4    7  2   2.25313 0.050  10.0  90 270  2.9853E-07  4.1759E-14  1.8557E-04   0 999 999 999  5.475E+04  0.000E+00  0.000E+00  0.000E+00
 4    7  2   2.25313 0.100  10.0  90 270  2.9864E-07  1.2137E-13  3.1636E-04 180 999 999 999  3.212E+04  0.000E+00  0.000E+00  0.000E+00
 4    7  2   2.25313 0.150  10.0  90 270  2.9887E-07  3.8454E-14  1.7807E-04   0 999 999 999  5.706E+04  0.000E+00  0.000E+00  0.000E+00
 4    7  2   2.25313 0.200  10.0  90 270  2.9922E-07  3.2377E-15  5.1671E-05 180 999 999 999  1.966E+05  0.000E+00  0.000E+00  0.000E+00
 4    7  2   2.25313 0.250  10.0  90 270  2.9969E-07  1.8359E-12  1.2304E-03   0 999 999 999  8.258E+03  0.000E+00  0.000E+00  0.000E+00
 4    7  2   2.25313 0.300  10.0  90 270  3.0028E-07  1.2403E-11  3.1983E-03   0 999 999 999  3.178E+03  0.000E+00  0.000E+00  0.000E+00
 4    7  2   2.25313 0.350  10.0  90 270  3.0098E-07  4.4516E-11  6.0603E-03   0 999 999 999  1.678E+03  0.000E+00  0.000E+00  0.000E+00
 4    7  2   2.25313 0.400  10.0  90 270  3.0181E-07  1.1687E-10  9.8235E-03   0 999 999 999  1.037E+03  0.000E+00  0.000E+00  0.000E+00
 4    7  2   2.25313 0.450  10.0  90 270  3.0276E-07  2.5236E-10  1.4447E-02   0 999 999 999  7.074E+02  0.000E+00  0.000E+00  0.000E+00
 4    7  2   2.25313 0.500  10.0  90 270  3.0383E-07  4.7477E-10  1.9840E-02   0 999 999 999  5.177E+02  0.000E+00  0.000E+00  0.000E+00
 4    7  2   2.25313 0.550  10.0  90 270  3.0503E-07  8.0391E-10  2.5863E-02   0 999 999 999  3.999E+02  0.000E+00  0.000E+00  0.000E+00
 4    7  2   2.25313 0.600  10.0  90 270  3.0635E-07  1.2497E-09  3.2322E-02 999 999 999 999  0.000E+00  0.000E+00  0.000E+00  0.000E+00
 4    7  2   2.25313 0.650  10.0  90 270  3.0781E-07  1.8062E-09  3.8964E-02   0 999 999 999  2.707E+02  0.000E+00  0.000E+00  0.000E+00
 4    7  2   2.25313 0.700  10.0  90 270  3.0939E-07  2.4456E-09  4.3030E-02   0 999 999 999  2.346E+02  0.000E+00  0.000E+00  0.000E+00
 4    7  2   2.25313 0.750  10.0  90 270  3.1110E-07  3.1135E-09  4.1825E-02   0 999 999 999  2.094E+02  0.000E+00  0.000E+00  0.000E+00
      
 4    8  3   2.70097 0.000  10.0  90 270  3.0572E-07  2.1969E-12  1.7666E-03   0 999 999 999  6.033E+03  0.000E+00  0.000E+00  0.000E+00
 4    8  3   2.70097 0.050  10.0  90 270  3.0570E-07  3.9835E-13  7.5224E-04 180 999 999 999  1.417E+04  0.000E+00  0.000E+00  0.000E+00
 4    8  3   2.70097 0.100  10.0  90 270  3.0587E-07  1.1371E-13  4.0191E-04 180 999 999 999  2.652E+04  0.000E+00  0.000E+00  0.000E+00
 4    8  3   2.70097 0.150  10.0  90 270  3.0623E-07  7.9418E-14  3.3588E-04   0 999 999 999  3.173E+04  0.000E+00  0.000E+00  0.000E+00
 4    8  3   2.70097 0.200  10.0  90 270  3.0678E-07  3.5001E-13  7.0512E-04   0 999 999 999  1.511E+04  0.000E+00  0.000E+00  0.000E+00
 4    8  3   2.70097 0.250  10.0  90 270  3.0752E-07  1.4858E-11  4.5945E-03   0 999 999 999  2.320E+03  0.000E+00  0.000E+00  0.000E+00
 4    8  3   2.70097 0.300  10.0  90 270  3.0845E-07  7.7816E-11  1.0518E-02   0 999 999 999  1.015E+03  0.000E+00  0.000E+00  0.000E+00
 4    8  3   2.70097 0.350  10.0  90 270  3.0958E-07  2.4220E-10  1.8575E-02   0 999 999 999  5.770E+02  0.000E+00  0.000E+00  0.000E+00
 4    8  3   2.70097 0.400  10.0  90 270  3.1089E-07  5.6976E-10  2.8546E-02   0 999 999 999  3.784E+02  0.000E+00  0.000E+00  0.000E+00
 4    8  3   2.70097 0.450  10.0  90 270  3.1240E-07  1.1131E-09  3.0099E-02   0 999 999 999  2.732E+02  0.000E+00  0.000E+00  0.000E+00
 4    8  3   2.70097 0.500  10.0  90 270  3.1410E-07  1.8941E-09  3.2143E-02   0 999 999 999  2.121E+02  0.000E+00  0.000E+00  0.000E+00
 4    8  3   2.70097 0.550  10.0  90 270  3.1598E-07  2.8845E-09  3.3878E-02   0 999 999 999  1.743E+02  0.000E+00  0.000E+00  0.000E+00
 4    8  3   2.70097 0.600  10.0  90 270  3.1803E-07  3.9953E-09  3.2143E-02   0 999 999 999  1.501E+02  0.000E+00  0.000E+00  0.000E+00
 4    8  3   2.70097 0.650  10.0  90 270  3.2023E-07  5.0764E-09  2.5367E-02   0 999 999 999  1.344E+02  0.000E+00  0.000E+00  0.000E+00
 4    8  3   2.70097 0.700  10.0  90 270  3.2254E-07  5.9262E-09  1.1923E-02   0 999 999 999  1.246E+02  0.000E+00  0.000E+00  0.000E+00
 4    8  3   2.70097 0.750  10.0  90 270  3.2491E-07  6.3066E-09  0.0000E+00   0 999 999 999  1.196E+02  0.000E+00  0.000E+00  0.000E+00
      
 4    9  4   3.02489 0.000  10.0  90 270  3.1231E-07  4.1369E-12  2.8731E-03   0 999 999 999  3.693E+03  0.000E+00  0.000E+00  0.000E+00
 4    9  4   3.02489 0.050  10.0  90 270  3.1226E-07  1.3054E-12  1.6139E-03 180 999 999 999  6.574E+03  0.000E+00  0.000E+00  0.000E+00
 4    9  4   3.02489 0.100  10.0  90 270  3.1248E-07  2.4693E-13  7.0193E-04   0 999 999 999  1.511E+04  0.000E+00  0.000E+00  0.000E+00
 4    9  4   3.02489 0.150  10.0  90 270  3.1296E-07  2.8452E-13  7.5347E-04 999 999 999 999  0.000E+00  0.000E+00  0.000E+00  0.000E+00
 4    9  4   3.02489 0.200  10.0  90 270  3.1370E-07  2.5957E-12  2.2758E-03   0 999 999 999  4.662E+03  0.000E+00  0.000E+00  0.000E+00
 4    9  4   3.02489 0.250  10.0  90 270  3.1470E-07  5.6329E-11  1.0605E-02   0 999 999 999  1.002E+03  0.000E+00  0.000E+00  0.000E+00
 4    9  4   3.02489 0.300  10.0  90 270  3.1595E-07  2.5543E-10  8.0612E-03   0 999 999 999  4.720E+02  0.000E+00  0.000E+00  0.000E+00
 4    9  4   3.02489 0.350  10.0  90 270  3.1745E-07  7.1659E-10  7.1283E-03   0 999 999 999  2.842E+02  0.000E+00  0.000E+00  0.000E+00
 4    9  4   3.02489 0.400  10.0  90 270  3.1919E-07  1.5271E-09  9.8052E-03   0 999 999 999  1.974E+02  0.000E+00  0.000E+00  0.000E+00
 4    9  4   3.02489 0.450  10.0  90 270  3.2114E-07  2.6857E-09  1.5787E-02   0 999 999 999  1.516E+02  0.000E+00  0.000E+00  0.000E+00
 4    9  4   3.02489 0.500  10.0  90 270  3.2327E-07  4.0646E-09  1.6902E-02   0 999 999 999  1.255E+02  0.000E+00  0.000E+00  0.000E+00
 4    9  4   3.02489 0.550  10.0  90 270  3.2552E-07  5.4091E-09  5.0423E-03   0 999 999 999  1.101E+02  0.000E+00  0.000E+00  0.000E+00
 4    9  4   3.02489 0.600  10.0  90 270  3.2779E-07  6.3706E-09  0.0000E+00   0 999 999 999  1.014E+02  0.000E+00  0.000E+00  0.000E+00
 4    9  4   3.02489 0.650  10.0  90 270  3.2996E-07  6.5615E-09  0.0000E+00   0 999 999 999  9.784E+01  0.000E+00  0.000E+00  0.000E+00
 4    9  4   3.02489 0.700  10.0  90 270  3.3185E-07  5.6395E-09  0.0000E+00   0 999 999 999  1.008E+02  0.000E+00  0.000E+00  0.000E+00
 4    9  4   3.02489 0.750  10.0  90 270  3.3327E-07  3.4629E-09  0.0000E+00   0 999 999 999  1.186E+02  0.000E+00  0.000E+00  0.000E+00
      
 4   10  3   2.32762 0.000  10.0  90 270  2.9959E-07  3.2424E-15  5.4293E-05   0 999 999 999  1.353E+05  0.000E+00  0.000E+00  0.000E+00
 4   10  3   2.32762 0.050  10.0  90 270  2.9958E-07  2.7722E-15  5.0203E-05 180 999 999 999  1.464E+05  0.000E+00  0.000E+00  0.000E+00
 4   10  3   2.32762 0.100  10.0  90 270  2.9971E-07  6.6969E-16  2.4675E-05   0 999 999 999  2.978E+05  0.000E+00  0.000E+00  0.000E+00
 4   10  3   2.32762 0.150  10.0  90 270  2.9996E-07  1.4545E-16  1.1499E-05 180 999 999 999  6.426E+05  0.000E+00  0.000E+00  0.000E+00
 4   10  3   2.32762 0.200  10.0  90 270  3.0034E-07  1.6027E-16  1.2071E-05 180 999 999 999  6.072E+05  0.000E+00  0.000E+00  0.000E+00
 4   10  3   2.32762 0.250  10.0  90 270  3.0085E-07  3.5925E-14  1.8072E-04   0 999 999 999  4.066E+04  0.000E+00  0.000E+00  0.000E+00
 4   10  3   2.32762 0.300  10.0  90 270  3.0148E-07  5.2428E-13  6.9040E-04   0 999 999 999  1.064E+04  0.000E+00  0.000E+00  0.000E+00
 4   10  3   2.32762 0.350  10.0  90 270  3.0225E-07  3.0908E-12  1.6764E-03   0 999 999 999  4.384E+03  0.000E+00  0.000E+00  0.000E+00
 4   10  3   2.32762 0.400  10.0  90 270  3.0314E-07  1.1718E-11  3.2642E-03   0 999 999 999  2.252E+03  0.000E+00  0.000E+00  0.000E+00
 4   10  3   2.32762 0.450  10.0  90 270  3.0417E-07  3.3726E-11  5.5387E-03   0 999 999 999  1.328E+03  0.000E+00  0.000E+00  0.000E+00
 4   10  3   2.32762 0.500  10.0  90 270  3.0534E-07  7.9877E-11  8.5269E-03   0 999 999 999  8.638E+02  0.000E+00  0.000E+00  0.000E+00
 4   10  3   2.32762 0.550  10.0  90 270  3.0664E-07  1.6284E-10  1.2182E-02 999 999 999 999  0.000E+00  0.000E+00  0.000E+00  0.000E+00
 4   10  3   2.32762 0.600  10.0  90 270  3.0808E-07  2.9355E-10  1.6371E-02   0 999 999 999  4.526E+02  0.000E+00  0.000E+00  0.000E+00
 4   10  3   2.32762 0.650  10.0  90 270  3.0965E-07  4.7553E-10  1.8278E-02   0 999 999 999  3.568E+02  0.000E+00  0.000E+00  0.000E+00
 4   10  3   2.32762 0.700  10.0  90 270  3.1137E-07  6.9827E-10  1.6267E-02   0 999 999 999  2.955E+02  0.000E+00  0.000E+00  0.000E+00
 4   10  3   2.32762 0.750  10.0  90 270  3.1322E-07  9.3138E-10  1.2375E-02   0 999 999 999  2.566E+02  0.000E+00  0.000E+00  0.000E+00
      
