 I WILL CALCULATE           20  RESONANCES   sigma = k*lambda - kp*lambda_p + (kp-k)*varpi
 pla  kp:k    a(au)    e     i     w  ln      <R>      <R>-R_min  width(au)  sigma_0          periods(yr)      RHTol=   3.0000000000000000     
 3    2  1   3.17931 0.000  10.0  90 270  6.0333E-06  6.9359E-08  0.0000E+00 180 999 999 999  2.590E+02  0.000E+00  0.000E+00  0.000E+00
 3    2  1   3.17931 0.050  10.0  90 270  6.0321E-06  2.1266E-07  0.0000E+00   0 999 999 999  5.782E+01  0.000E+00  0.000E+00  0.000E+00
 3    2  1   3.17931 0.100  10.0  90 270  6.0367E-06  4.8277E-07  0.0000E+00 999 999 999 999  0.000E+00  0.000E+00  0.000E+00  0.000E+00
 3    2  1   3.17931 0.150  10.0  90 270  6.0470E-06  7.2065E-07  0.0000E+00   0 999 999 999  3.828E+01  0.000E+00  0.000E+00  0.000E+00
 3    2  1   3.17931 0.200  10.0  90 270  6.0631E-06  9.3193E-07  0.0000E+00   0 999 999 999  3.611E+01  0.000E+00  0.000E+00  0.000E+00
 3    2  1   3.17931 0.250  10.0  90 270  6.0847E-06  1.1211E-06  0.0000E+00   0 999 999 999  3.500E+01  0.000E+00  0.000E+00  0.000E+00
 3    2  1   3.17931 0.300  10.0  90 270  6.1117E-06  1.2917E-06  0.0000E+00   0 999 999 999  3.440E+01  0.000E+00  0.000E+00  0.000E+00
 3    2  1   3.17931 0.350  10.0  90 270  6.1438E-06  1.4462E-06  0.0000E+00   0 999 999 999  3.407E+01  0.000E+00  0.000E+00  0.000E+00
 3    2  1   3.17931 0.400  10.0  90 270  6.1803E-06  1.5865E-06  0.0000E+00   0 999 999 999  3.388E+01  0.000E+00  0.000E+00  0.000E+00
 3    2  1   3.17931 0.450  10.0  90 270  6.2202E-06  1.7132E-06  0.0000E+00   0 999 999 999  3.376E+01  0.000E+00  0.000E+00  0.000E+00
 3    2  1   3.17931 0.500  10.0  90 270  6.2618E-06  1.8261E-06  0.0000E+00   0 999 999 999  3.365E+01  0.000E+00  0.000E+00  0.000E+00
 3    2  1   3.17931 0.550  10.0  90 270  6.3028E-06  1.9235E-06  0.0000E+00   0 999 999 999  3.352E+01  0.000E+00  0.000E+00  0.000E+00
 3    2  1   3.17931 0.600  10.0  90 270  6.3398E-06  2.0025E-06  0.0000E+00   0 999 999 999  3.335E+01  0.000E+00  0.000E+00  0.000E+00
 3    2  1   3.17931 0.650  10.0  90 270  6.3686E-06  2.0590E-06  0.0000E+00   0 999 999 999  3.310E+01  0.000E+00  0.000E+00  0.000E+00
 3    2  1   3.17931 0.700  10.0  90 270  6.3852E-06  2.0880E-06  0.0000E+00   0 999 999 999  3.276E+01  0.000E+00  0.000E+00  0.000E+00
 3    2  1   3.17931 0.750  10.0  90 270  6.3862E-06  2.0847E-06  0.0000E+00   0 999 999 999  3.229E+01  0.000E+00  0.000E+00  0.000E+00
      
 3    3  2   3.85146 0.000  10.0  90 270  6.4285E-06  4.9948E-07  0.0000E+00 180 999 999 999  3.005E+01  0.000E+00  0.000E+00  0.000E+00
 3    3  2   3.85146 0.050  10.0  90 270  6.4251E-06  1.6497E-07  0.0000E+00   0 180 999 999  5.581E+01  3.757E+01  0.000E+00  0.000E+00
 3    3  2   3.85146 0.100  10.0  90 270  6.4306E-06  3.0796E-07  0.0000E+00   0 999 999 999  3.202E+01  0.000E+00  0.000E+00  0.000E+00
 3    3  2   3.85146 0.150  10.0  90 270  6.4445E-06  6.1229E-07  0.0000E+00   0 999 999 999  2.837E+01  0.000E+00  0.000E+00  0.000E+00
 3    3  2   3.85146 0.200  10.0  90 270  6.4651E-06  8.6095E-07  0.0000E+00   0 999 999 999  2.719E+01  0.000E+00  0.000E+00  0.000E+00
 3    3  2   3.85146 0.250  10.0  90 270  6.4894E-06  1.0631E-06  0.0000E+00 999 999 999 999  0.000E+00  0.000E+00  0.000E+00  0.000E+00
 3    3  2   3.85146 0.300  10.0  90 270  6.5128E-06  1.2228E-06  0.0000E+00   0 999 999 999  2.630E+01  0.000E+00  0.000E+00  0.000E+00
 3    3  2   3.85146 0.350  10.0  90 270  6.5286E-06  1.3394E-06  0.0000E+00   0 999 999 999  2.586E+01  0.000E+00  0.000E+00  0.000E+00
 3    3  2   3.85146 0.400  10.0  90 270  6.5296E-06  1.4094E-06  0.0000E+00   0 999 999 999  2.526E+01  0.000E+00  0.000E+00  0.000E+00
 3    3  2   3.85146 0.450  10.0  90 270  6.5101E-06  1.4291E-06  0.0000E+00   0 999 999 999  2.446E+01  0.000E+00  0.000E+00  0.000E+00
 3    3  2   3.85146 0.500  10.0  90 270  6.4679E-06  1.3969E-06  0.0000E+00   0 999 999 999  2.342E+01  0.000E+00  0.000E+00  0.000E+00
 3    3  2   3.85146 0.550  10.0  90 270  6.4050E-06  1.3130E-06  0.0000E+00   0 180 999 999  2.218E+01  3.208E+01  0.000E+00  0.000E+00
 3    3  2   3.85146 0.600  10.0  90 270  6.3251E-06  1.1779E-06  0.0000E+00   0 180 999 999  2.074E+01  2.561E+01  0.000E+00  0.000E+00
 3    3  2   3.85146 0.650  10.0  90 270  6.2329E-06  9.8979E-07  0.0000E+00   0 180 999 999  1.916E+01  2.598E+01  0.000E+00  0.000E+00
 3    3  2   3.85146 0.700  10.0  90 270  6.1322E-06  7.4257E-07  0.0000E+00   0 180 999 999  1.755E+01  2.783E+01  0.000E+00  0.000E+00
 3    3  2   3.85146 0.750  10.0  90 270  6.0259E-06  4.2506E-07  0.0000E+00   0 180 999 999  1.618E+01  3.013E+01  0.000E+00  0.000E+00
      
 3    4  3   4.16607 0.000  10.0  90 270  6.6801E-06  5.6249E-07  0.0000E+00 180 999 999 999  2.104E+01  0.000E+00  0.000E+00  0.000E+00
 3    4  3   4.16607 0.050  10.0  90 270  6.6762E-06  1.8111E-07  0.0000E+00   0 180 999 999  2.981E+01  2.467E+01  0.000E+00  0.000E+00
 3    4  3   4.16607 0.100  10.0  90 270  6.6787E-06  3.8710E-07  0.0000E+00   0 999 999 999  2.157E+01  0.000E+00  0.000E+00  0.000E+00
 3    4  3   4.16607 0.150  10.0  90 270  6.6862E-06  7.0316E-07  0.0000E+00   0 999 999 999  2.031E+01  0.000E+00  0.000E+00  0.000E+00
 3    4  3   4.16607 0.200  10.0  90 270  6.6934E-06  9.3106E-07  0.0000E+00   0 999 999 999  1.997E+01  0.000E+00  0.000E+00  0.000E+00
 3    4  3   4.16607 0.250  10.0  90 270  6.6925E-06  1.0812E-06  0.0000E+00   0 999 999 999  1.966E+01  0.000E+00  0.000E+00  0.000E+00
 3    4  3   4.16607 0.300  10.0  90 270  6.6742E-06  1.1559E-06  0.0000E+00   0 999 999 999  1.913E+01  0.000E+00  0.000E+00  0.000E+00
 3    4  3   4.16607 0.350  10.0  90 270  6.6319E-06  1.1543E-06  0.0000E+00   0 999 999 999  1.830E+01  0.000E+00  0.000E+00  0.000E+00
 3    4  3   4.16607 0.400  10.0  90 270  6.5643E-06  1.0764E-06  0.0000E+00   0 180 999 999  1.716E+01  5.561E+01  0.000E+00  0.000E+00
 3    4  3   4.16607 0.450  10.0  90 270  6.4750E-06  9.2261E-07  0.0000E+00   0 180 999 999  1.577E+01  2.197E+01  0.000E+00  0.000E+00
 3    4  3   4.16607 0.500  10.0  90 270  6.3697E-06  6.9016E-07  0.0000E+00   0 180 999 999  1.427E+01  2.158E+01  0.000E+00  0.000E+00
 3    4  3   4.16607 0.550  10.0  90 270  6.2540E-06  3.7114E-07  0.0000E+00   0 180 999 999  1.296E+01  2.301E+01  0.000E+00  0.000E+00
 3    4  3   4.16607 0.600  10.0  90 270  6.1323E-06  3.0944E-07  0.0000E+00   0 180 999 999  1.288E+01  2.463E+01  0.000E+00  0.000E+00
 3    4  3   4.16607 0.650  10.0  90 270  6.0077E-06  4.4503E-07  0.0000E+00   0 180 999 999  5.204E+01  2.585E+01  0.000E+00  0.000E+00
 3    4  3   4.16607 0.700  10.0  90 270  5.8821E-06  5.1746E-07  0.0000E+00 180 999 999 999  2.631E+01  0.000E+00  0.000E+00  0.000E+00
 3    4  3   4.16607 0.750  10.0  90 270  5.7569E-06  5.3226E-07  0.0000E+00 180 999 999 999  2.587E+01  0.000E+00  0.000E+00  0.000E+00
      
 3    5  4   4.34923 0.000  10.0  90 270  6.8499E-06  5.9298E-07  0.0000E+00 180 999 999 999  1.647E+01  0.000E+00  0.000E+00  0.000E+00
 3    5  4   4.34923 0.050  10.0  90 270  6.8470E-06  1.9002E-07  0.0000E+00   0 180 999 999  2.073E+01  1.845E+01  0.000E+00  0.000E+00
 3    5  4   4.34923 0.100  10.0  90 270  6.8443E-06  4.2939E-07  0.0000E+00   0 999 999 999  1.666E+01  0.000E+00  0.000E+00  0.000E+00
 3    5  4   4.34923 0.150  10.0  90 270  6.8393E-06  7.3050E-07  0.0000E+00   0 999 999 999  1.620E+01  0.000E+00  0.000E+00  0.000E+00
 3    5  4   4.34923 0.200  10.0  90 270  6.8242E-06  9.1116E-07  0.0000E+00 999 999 999 999  0.000E+00  0.000E+00  0.000E+00  0.000E+00
 3    5  4   4.34923 0.250  10.0  90 270  6.7893E-06  9.8350E-07  0.0000E+00   0 999 999 999  1.549E+01  0.000E+00  0.000E+00  0.000E+00
 3    5  4   4.34923 0.300  10.0  90 270  6.7277E-06  9.5112E-07  0.0000E+00   0 999 999 999  1.459E+01  0.000E+00  0.000E+00  0.000E+00
 3    5  4   4.34923 0.350  10.0  90 270  6.6395E-06  8.1441E-07  0.0000E+00 180 999 999 999  2.310E+01  0.000E+00  0.000E+00  0.000E+00
 3    5  4   4.34923 0.400  10.0  90 270  6.5298E-06  5.6967E-07  0.0000E+00   0 180 999 999  1.195E+01  1.884E+01  0.000E+00  0.000E+00
 3    5  4   4.34923 0.450  10.0  90 270  6.4057E-06  2.0737E-07  0.0000E+00   0 180 999 999  1.098E+01  1.964E+01  0.000E+00  0.000E+00
 3    5  4   4.34923 0.500  10.0  90 270  6.2735E-06  3.4480E-07  0.0000E+00   0 180 999 999  1.424E+01  2.077E+01  0.000E+00  0.000E+00
 3    5  4   4.34923 0.550  10.0  90 270  6.1375E-06  4.5382E-07  0.0000E+00 180 999 999 999  2.135E+01  0.000E+00  0.000E+00  0.000E+00
 3    5  4   4.34923 0.600  10.0  90 270  6.0007E-06  4.8475E-07  0.0000E+00 180 999 999 999  2.104E+01  0.000E+00  0.000E+00  0.000E+00
 3    5  4   4.34923 0.650  10.0  90 270  5.8648E-06  4.4397E-07  0.0000E+00 180 999 999 999  1.992E+01  0.000E+00  0.000E+00  0.000E+00
 3    5  4   4.34923 0.700  10.0  90 270  5.7308E-06  3.3025E-07  0.0000E+00   0 180 999 999  3.149E+01  1.838E+01  0.000E+00  0.000E+00
 3    5  4   4.34923 0.750  10.0  90 270  5.5994E-06  1.3684E-07  0.0000E+00   0 180 999 999  2.650E+01  1.761E+01  0.000E+00  0.000E+00
      
 3    6  5   4.46922 0.000  10.0  90 270  6.9703E-06  6.0181E-07  0.0000E+00 180 999 999 999  1.374E+01  0.000E+00  0.000E+00  0.000E+00
 3    6  5   4.46922 0.050  10.0  90 270  6.9693E-06  1.9229E-07  0.0000E+00   0 180 999 999  1.626E+01  1.491E+01  0.000E+00  0.000E+00
 3    6  5   4.46922 0.100  10.0  90 270  6.9605E-06  4.4776E-07  0.0000E+00   0 999 999 999  1.386E+01  0.000E+00  0.000E+00  0.000E+00
 3    6  5   4.46922 0.150  10.0  90 270  6.9411E-06  7.1953E-07  0.0000E+00   0 999 999 999  1.369E+01  0.000E+00  0.000E+00  0.000E+00
 3    6  5   4.46922 0.200  10.0  90 270  6.9026E-06  8.4062E-07  0.0000E+00   0 999 999 999  1.338E+01  0.000E+00  0.000E+00  0.000E+00
 3    6  5   4.46922 0.250  10.0  90 270  6.8371E-06  8.2478E-07  0.0000E+00   0 999 999 999  1.260E+01  0.000E+00  0.000E+00  0.000E+00
 3    6  5   4.46922 0.300  10.0  90 270  6.7427E-06  6.7415E-07  0.0000E+00   0 180 999 999  1.142E+01  2.213E+01  0.000E+00  0.000E+00
 3    6  5   4.46922 0.350  10.0  90 270  6.6245E-06  3.8183E-07  0.0000E+00   0 180 999 999  1.020E+01  1.696E+01  0.000E+00  0.000E+00
 3    6  5   4.46922 0.400  10.0  90 270  6.4905E-06  2.3876E-07  0.0000E+00   0 180 999 999  1.067E+01  1.754E+01  0.000E+00  0.000E+00
 3    6  5   4.46922 0.450  10.0  90 270  6.3478E-06  3.9336E-07  0.0000E+00 180 999 999 999  1.812E+01  0.000E+00  0.000E+00  0.000E+00
 3    6  5   4.46922 0.500  10.0  90 270  6.2018E-06  4.4264E-07  0.0000E+00 180 999 999 999  1.788E+01  0.000E+00  0.000E+00  0.000E+00
 3    6  5   4.46922 0.550  10.0  90 270  6.0557E-06  3.9905E-07  0.0000E+00 180 999 999 999  1.679E+01  0.000E+00  0.000E+00  0.000E+00
 3    6  5   4.46922 0.600  10.0  90 270  5.9115E-06  2.6448E-07  0.0000E+00   0 180 999 999  2.551E+01  1.542E+01  0.000E+00  0.000E+00
 3    6  5   4.46922 0.650  10.0  90 270  5.7702E-06  8.3705E-08  0.0000E+00   0 180 999 999  2.265E+01  1.595E+01  0.000E+00  0.000E+00
 3    6  5   4.46922 0.700  10.0  90 270  5.6323E-06  2.0548E-07  0.0000E+00   0 999 999 999  2.292E+01  0.000E+00  0.000E+00  0.000E+00
 3    6  5   4.46922 0.750  10.0  90 270  5.4980E-06  2.4619E-07  0.0000E+00   0 999 999 999  2.261E+01  0.000E+00  0.000E+00  0.000E+00
      
 3    3  1   2.42626 0.000  10.0  90 270  5.7492E-06  7.9637E-09  0.0000E+00   0 999 999 999  2.612E+02  0.000E+00  0.000E+00  0.000E+00
 3    3  1   2.42626 0.050  10.0  90 270  5.7491E-06  2.6912E-08  0.0000E+00   0 999 999 999  1.463E+02  0.000E+00  0.000E+00  0.000E+00
 3    3  1   2.42626 0.100  10.0  90 270  5.7517E-06  3.2207E-08  0.0000E+00   0 999 999 999  1.345E+02  0.000E+00  0.000E+00  0.000E+00
 3    3  1   2.42626 0.150  10.0  90 270  5.7570E-06  2.4029E-08  0.0000E+00   0 999 999 999  1.554E+02  0.000E+00  0.000E+00  0.000E+00
 3    3  1   2.42626 0.200  10.0  90 270  5.7650E-06  2.4015E-09  0.0000E+00   0 999 999 999  5.015E+02  0.000E+00  0.000E+00  0.000E+00
 3    3  1   2.42626 0.250  10.0  90 270  5.7757E-06  3.1436E-08  0.0000E+00 180 999 999 999  1.403E+02  0.000E+00  0.000E+00  0.000E+00
 3    3  1   2.42626 0.300  10.0  90 270  5.7892E-06  7.6274E-08  0.0000E+00 180 999 999 999  9.189E+01  0.000E+00  0.000E+00  0.000E+00
 3    3  1   2.42626 0.350  10.0  90 270  5.8054E-06  1.3037E-07  0.0000E+00 180 999 999 999  7.205E+01  0.000E+00  0.000E+00  0.000E+00
 3    3  1   2.42626 0.400  10.0  90 270  5.8245E-06  1.9189E-07  0.0000E+00 180 999 999 999  6.107E+01  0.000E+00  0.000E+00  0.000E+00
 3    3  1   2.42626 0.450  10.0  90 270  5.8463E-06  2.5898E-07  0.0000E+00 180 999 999 999  5.413E+01  0.000E+00  0.000E+00  0.000E+00
 3    3  1   2.42626 0.500  10.0  90 270  5.8711E-06  3.2982E-07  0.0000E+00 180 999 999 999  4.941E+01  0.000E+00  0.000E+00  0.000E+00
 3    3  1   2.42626 0.550  10.0  90 270  5.8987E-06  4.0267E-07  0.0000E+00 180 999 999 999  4.601E+01  0.000E+00  0.000E+00  0.000E+00
 3    3  1   2.42626 0.600  10.0  90 270  5.9292E-06  4.7585E-07  0.0000E+00 180 999 999 999  4.346E+01  0.000E+00  0.000E+00  0.000E+00
 3    3  1   2.42626 0.650  10.0  90 270  5.9625E-06  5.4769E-07  0.0000E+00 180 999 999 999  4.146E+01  0.000E+00  0.000E+00  0.000E+00
 3    3  1   2.42626 0.700  10.0  90 270  5.9987E-06  6.1638E-07  0.0000E+00 180 999 999 999  3.983E+01  0.000E+00  0.000E+00  0.000E+00
 3    3  1   2.42626 0.750  10.0  90 270  6.0376E-06  6.7981E-07  0.0000E+00 999 999 999 999  0.000E+00  0.000E+00  0.000E+00  0.000E+00
      
 3    5  3   3.59021 0.000  10.0  90 270  6.2546E-06  1.8535E-08  0.0000E+00 180 999 999 999  7.740E+01  0.000E+00  0.000E+00  0.000E+00
 3    5  3   3.59021 0.050  10.0  90 270  6.2521E-06  3.5407E-08  0.0000E+00   0 999 999 999  6.377E+01  0.000E+00  0.000E+00  0.000E+00
 3    5  3   3.59021 0.100  10.0  90 270  6.2577E-06  2.8723E-08  0.0000E+00   0 999 999 999  7.097E+01  0.000E+00  0.000E+00  0.000E+00
 3    5  3   3.59021 0.150  10.0  90 270  6.2711E-06  3.5287E-08  0.0000E+00 180 999 999 999  6.150E+01  0.000E+00  0.000E+00  0.000E+00
 3    5  3   3.59021 0.200  10.0  90 270  6.2919E-06  1.4134E-07  0.0000E+00 180 999 999 999  3.337E+01  0.000E+00  0.000E+00  0.000E+00
 3    5  3   3.59021 0.250  10.0  90 270  6.3189E-06  2.6805E-07  0.0000E+00 180 999 999 999  2.616E+01  0.000E+00  0.000E+00  0.000E+00
 3    5  3   3.59021 0.300  10.0  90 270  6.3507E-06  3.9658E-07  0.0000E+00 180 999 999 999  2.303E+01  0.000E+00  0.000E+00  0.000E+00
 3    5  3   3.59021 0.350  10.0  90 270  6.3843E-06  5.1218E-07  0.0000E+00 180 999 999 999  2.132E+01  0.000E+00  0.000E+00  0.000E+00
 3    5  3   3.59021 0.400  10.0  90 270  6.4158E-06  6.0291E-07  0.0000E+00 999 999 999 999  0.000E+00  0.000E+00  0.000E+00  0.000E+00
 3    5  3   3.59021 0.450  10.0  90 270  6.4397E-06  6.5790E-07  0.0000E+00 180 999 999 999  1.913E+01  0.000E+00  0.000E+00  0.000E+00
 3    5  3   3.59021 0.500  10.0  90 270  6.4501E-06  6.6658E-07  0.0000E+00 180 999 999 999  1.814E+01  0.000E+00  0.000E+00  0.000E+00
 3    5  3   3.59021 0.550  10.0  90 270  6.4422E-06  6.1920E-07  0.0000E+00 180 999 999 999  1.716E+01  0.000E+00  0.000E+00  0.000E+00
 3    5  3   3.59021 0.600  10.0  90 270  6.4141E-06  5.0788E-07  0.0000E+00 180 999 999 999  1.629E+01  0.000E+00  0.000E+00  0.000E+00
 3    5  3   3.59021 0.650  10.0  90 270  6.3667E-06  3.2788E-07  0.0000E+00   0 180 999 999  3.401E+01  1.594E+01  0.000E+00  0.000E+00
 3    5  3   3.59021 0.700  10.0  90 270  6.3027E-06  8.2563E-08  0.0000E+00   0 180 999 999  2.789E+01  1.770E+01  0.000E+00  0.000E+00
 3    5  3   3.59021 0.750  10.0  90 270  6.2258E-06  2.2673E-07  0.0000E+00   0 180 999 999  2.637E+01  8.682E+01  0.000E+00  0.000E+00
      
 3    7  5   4.03274 0.000  10.0  90 270  6.5674E-06  2.8528E-08  0.0000E+00 180 999 999 999  3.928E+01  0.000E+00  0.000E+00  0.000E+00
 3    7  5   4.03274 0.050  10.0  90 270  6.5636E-06  6.0940E-08  0.0000E+00   0 999 999 999  3.340E+01  0.000E+00  0.000E+00  0.000E+00
 3    7  5   4.03274 0.100  10.0  90 270  6.5680E-06  3.7106E-08  0.0000E+00   0 999 999 999  4.133E+01  0.000E+00  0.000E+00  0.000E+00
 3    7  5   4.03274 0.150  10.0  90 270  6.5797E-06  8.7397E-08  0.0000E+00 180 999 999 999  2.673E+01  0.000E+00  0.000E+00  0.000E+00
 3    7  5   4.03274 0.200  10.0  90 270  6.5954E-06  2.4449E-07  0.0000E+00 180 999 999 999  1.819E+01  0.000E+00  0.000E+00  0.000E+00
 3    7  5   4.03274 0.250  10.0  90 270  6.6095E-06  3.7972E-07  0.0000E+00 180 999 999 999  1.583E+01  0.000E+00  0.000E+00  0.000E+00
 3    7  5   4.03274 0.300  10.0  90 270  6.6142E-06  4.5926E-07  0.0000E+00 180 999 999 999  1.465E+01  0.000E+00  0.000E+00  0.000E+00
 3    7  5   4.03274 0.350  10.0  90 270  6.6013E-06  4.6192E-07  0.0000E+00 180 999 999 999  1.372E+01  0.000E+00  0.000E+00  0.000E+00
 3    7  5   4.03274 0.400  10.0  90 270  6.5651E-06  3.7331E-07  0.0000E+00 180 999 999 999  1.297E+01  0.000E+00  0.000E+00  0.000E+00
 3    7  5   4.03274 0.450  10.0  90 270  6.5050E-06  1.8736E-07  0.0000E+00   0 180 999 999  2.700E+01  1.315E+01  0.000E+00  0.000E+00
 3    7  5   4.03274 0.500  10.0  90 270  6.4243E-06  1.3272E-07  0.0000E+00   0 180 999 999  2.060E+01  2.266E+01  0.000E+00  0.000E+00
 3    7  5   4.03274 0.550  10.0  90 270  6.3280E-06  2.4796E-07  0.0000E+00   0 999 999 999  1.919E+01  0.000E+00  0.000E+00  0.000E+00
 3    7  5   4.03274 0.600  10.0  90 270  6.2213E-06  2.8239E-07  0.0000E+00   0 999 999 999  1.829E+01  0.000E+00  0.000E+00  0.000E+00
 3    7  5   4.03274 0.650  10.0  90 270  6.1080E-06  2.3630E-07  0.0000E+00   0 999 999 999  1.753E+01  0.000E+00  0.000E+00  0.000E+00
 3    7  5   4.03274 0.700  10.0  90 270  5.9909E-06  1.1241E-07  0.0000E+00   0 180 999 999  1.833E+01  3.849E+01  0.000E+00  0.000E+00
 3    7  5   4.03274 0.750  10.0  90 270  5.8721E-06  8.9864E-08  0.0000E+00 180 999 999 999  2.546E+01  0.000E+00  0.000E+00  0.000E+00
      
 3    9  7   4.26831 0.000  10.0  90 270  6.7727E-06  4.1848E-08  0.0000E+00 180 999 999 999  2.432E+01  0.000E+00  0.000E+00  0.000E+00
 3    9  7   4.26831 0.050  10.0  90 270  6.7692E-06  7.8943E-08  0.0000E+00   0 999 999 999  2.254E+01  0.000E+00  0.000E+00  0.000E+00
 3    9  7   4.26831 0.100  10.0  90 270  6.7693E-06  3.7991E-08  0.0000E+00   0 999 999 999  2.972E+01  0.000E+00  0.000E+00  0.000E+00
 3    9  7   4.26831 0.150  10.0  90 270  6.7710E-06  1.2919E-07  0.0000E+00 180 999 999 999  1.715E+01  0.000E+00  0.000E+00  0.000E+00
 3    9  7   4.26831 0.200  10.0  90 270  6.7676E-06  2.8069E-07  0.0000E+00 180 999 999 999  1.326E+01  0.000E+00  0.000E+00  0.000E+00
 3    9  7   4.26831 0.250  10.0  90 270  6.7496E-06  3.4600E-07  0.0000E+00 180 999 999 999  1.205E+01  0.000E+00  0.000E+00  0.000E+00
 3    9  7   4.26831 0.300  10.0  90 270  6.7086E-06  2.9310E-07  0.0000E+00 180 999 999 999  1.139E+01  0.000E+00  0.000E+00  0.000E+00
 3    9  7   4.26831 0.350  10.0  90 270  6.6410E-06  1.1270E-07  0.0000E+00   0 180 999 999  2.447E+01  1.232E+01  0.000E+00  0.000E+00
 3    9  7   4.26831 0.400  10.0  90 270  6.5493E-06  1.4824E-07  0.0000E+00   0 999 999 999  1.671E+01  0.000E+00  0.000E+00  0.000E+00
 3    9  7   4.26831 0.450  10.0  90 270  6.4397E-06  2.2570E-07  0.0000E+00   0 999 999 999  1.527E+01  0.000E+00  0.000E+00  0.000E+00
 3    9  7   4.26831 0.500  10.0  90 270  6.3184E-06  1.9469E-07  0.0000E+00   0 999 999 999  1.453E+01  0.000E+00  0.000E+00  0.000E+00
 3    9  7   4.26831 0.550  10.0  90 270  6.1906E-06  6.3338E-08  0.0000E+00   0 180 999 999  1.642E+01  2.881E+01  0.000E+00  0.000E+00
 3    9  7   4.26831 0.600  10.0  90 270  6.0598E-06  1.0733E-07  0.0000E+00 180 999 999 999  1.987E+01  0.000E+00  0.000E+00  0.000E+00
 3    9  7   4.26831 0.650  10.0  90 270  5.9283E-06  1.4360E-07  0.0000E+00 180 999 999 999  1.847E+01  0.000E+00  0.000E+00  0.000E+00
 3    9  7   4.26831 0.700  10.0  90 270  5.7977E-06  9.3431E-08  0.0000E+00 180 999 999 999  1.894E+01  0.000E+00  0.000E+00  0.000E+00
 3    9  7   4.26831 0.750  10.0  90 270  5.6687E-06  3.5343E-08  0.0000E+00   0 180 999 999  2.779E+01  5.664E+01  0.000E+00  0.000E+00
      
 3    4  1   2.00284 0.000  10.0  90 270  5.6393E-06  1.2698E-09  0.0000E+00   0 999 999 999  5.576E+02  0.000E+00  0.000E+00  0.000E+00
 3    4  1   2.00284 0.050  10.0  90 270  5.6393E-06  2.0012E-09  0.0000E+00   0 999 999 999  4.447E+02  0.000E+00  0.000E+00  0.000E+00
 3    4  1   2.00284 0.100  10.0  90 270  5.6411E-06  1.7134E-09  0.0000E+00   0 999 999 999  4.806E+02  0.000E+00  0.000E+00  0.000E+00
 3    4  1   2.00284 0.150  10.0  90 270  5.6445E-06  1.2141E-09  0.0000E+00   0 999 999 999  5.709E+02  0.000E+00  0.000E+00  0.000E+00
 3    4  1   2.00284 0.200  10.0  90 270  5.6495E-06  1.3055E-09  0.0000E+00   0 999 999 999  5.506E+02  0.000E+00  0.000E+00  0.000E+00
 3    4  1   2.00284 0.250  10.0  90 270  5.6563E-06  2.7597E-09  0.0000E+00   0 999 999 999  3.788E+02  0.000E+00  0.000E+00  0.000E+00
 3    4  1   2.00284 0.300  10.0  90 270  5.6647E-06  6.2892E-09  0.0000E+00   0 999 999 999  2.514E+02  0.000E+00  0.000E+00  0.000E+00
 3    4  1   2.00284 0.350  10.0  90 270  5.6748E-06  1.2513E-08  0.0000E+00   0 999 999 999  1.789E+02  0.000E+00  0.000E+00  0.000E+00
 3    4  1   2.00284 0.400  10.0  90 270  5.6865E-06  2.1924E-08  0.0000E+00   0 999 999 999  1.359E+02  0.000E+00  0.000E+00  0.000E+00
 3    4  1   2.00284 0.450  10.0  90 270  5.7001E-06  3.4852E-08  0.0000E+00   0 999 999 999  1.086E+02  0.000E+00  0.000E+00  0.000E+00
 3    4  1   2.00284 0.500  10.0  90 270  5.7153E-06  5.1442E-08  0.0000E+00   0 999 999 999  9.024E+01  0.000E+00  0.000E+00  0.000E+00
 3    4  1   2.00284 0.550  10.0  90 270  5.7324E-06  7.1628E-08  0.0000E+00   0 999 999 999  7.734E+01  0.000E+00  0.000E+00  0.000E+00
 3    4  1   2.00284 0.600  10.0  90 270  5.7512E-06  9.5120E-08  0.0000E+00   0 999 999 999  6.797E+01  0.000E+00  0.000E+00  0.000E+00
 3    4  1   2.00284 0.650  10.0  90 270  5.7719E-06  1.2139E-07  0.0000E+00   0 999 999 999  6.098E+01  0.000E+00  0.000E+00  0.000E+00
 3    4  1   2.00284 0.700  10.0  90 270  5.7944E-06  1.4966E-07  0.0000E+00   0 999 999 999  5.567E+01  0.000E+00  0.000E+00  0.000E+00
 3    4  1   2.00284 0.750  10.0  90 270  5.8189E-06  1.7885E-07  0.0000E+00   0 999 999 999  5.158E+01  0.000E+00  0.000E+00  0.000E+00
      
 3    5  2   2.73984 0.000  10.0  90 270  5.8518E-06  1.0415E-09  0.0000E+00   0 999 999 999  4.196E+02  0.000E+00  0.000E+00  0.000E+00
 3    5  2   2.73984 0.050  10.0  90 270  5.8513E-06  1.7725E-09  0.0000E+00   0 999 999 999  3.236E+02  0.000E+00  0.000E+00  0.000E+00
 3    5  2   2.73984 0.100  10.0  90 270  5.8547E-06  3.4684E-11  0.0000E+00   0 999 999 999  2.263E+03  0.000E+00  0.000E+00  0.000E+00
 3    5  2   2.73984 0.150  10.0  90 270  5.8618E-06  7.7791E-10  0.0000E+00 180 999 999 999  4.881E+02  0.000E+00  0.000E+00  0.000E+00
 3    5  2   2.73984 0.200  10.0  90 270  5.8727E-06  2.5857E-09  0.0000E+00   0 999 999 999  2.677E+02  0.000E+00  0.000E+00  0.000E+00
 3    5  2   2.73984 0.250  10.0  90 270  5.8874E-06  1.2908E-08  0.0000E+00   0 999 999 999  1.206E+02  0.000E+00  0.000E+00  0.000E+00
 3    5  2   2.73984 0.300  10.0  90 270  5.9059E-06  3.2136E-08  0.0000E+00   0 999 999 999  7.740E+01  0.000E+00  0.000E+00  0.000E+00
 3    5  2   2.73984 0.350  10.0  90 270  5.9282E-06  6.1093E-08  0.0000E+00   0 999 999 999  5.720E+01  0.000E+00  0.000E+00  0.000E+00
 3    5  2   2.73984 0.400  10.0  90 270  5.9543E-06  9.9373E-08  0.0000E+00   0 999 999 999  4.593E+01  0.000E+00  0.000E+00  0.000E+00
 3    5  2   2.73984 0.450  10.0  90 270  5.9841E-06  1.4542E-07  0.0000E+00   0 999 999 999  3.901E+01  0.000E+00  0.000E+00  0.000E+00
 3    5  2   2.73984 0.500  10.0  90 270  6.0177E-06  1.9677E-07  0.0000E+00 999 999 999 999  0.000E+00  0.000E+00  0.000E+00  0.000E+00
 3    5  2   2.73984 0.550  10.0  90 270  6.0547E-06  2.5031E-07  0.0000E+00   0 999 999 999  3.136E+01  0.000E+00  0.000E+00  0.000E+00
 3    5  2   2.73984 0.600  10.0  90 270  6.0949E-06  3.0245E-07  0.0000E+00   0 999 999 999  2.911E+01  0.000E+00  0.000E+00  0.000E+00
 3    5  2   2.73984 0.650  10.0  90 270  6.1378E-06  3.4918E-07  0.0000E+00 999 999 999 999  0.000E+00  0.000E+00  0.000E+00  0.000E+00
 3    5  2   2.73984 0.700  10.0  90 270  6.1825E-06  3.8594E-07  0.0000E+00   0 999 999 999  2.609E+01  0.000E+00  0.000E+00  0.000E+00
 3    5  2   2.73984 0.750  10.0  90 270  6.2278E-06  4.0732E-07  0.0000E+00   0 999 999 999  2.504E+01  0.000E+00  0.000E+00  0.000E+00
      
 3    7  4   3.47531 0.000  10.0  90 270  6.1868E-06  4.4286E-09  0.0000E+00   0 999 999 999  1.292E+02  0.000E+00  0.000E+00  0.000E+00
 3    7  4   3.47531 0.050  10.0  90 270  6.1848E-06  4.0461E-09  0.0000E+00   0 999 999 999  1.360E+02  0.000E+00  0.000E+00  0.000E+00
 3    7  4   3.47531 0.100  10.0  90 270  6.1901E-06  2.6423E-09  0.0000E+00 180 999 999 999  1.678E+02  0.000E+00  0.000E+00  0.000E+00
 3    7  4   3.47531 0.150  10.0  90 270  6.2028E-06  1.0490E-09  0.0000E+00 180 999 999 999  2.639E+02  0.000E+00  0.000E+00  0.000E+00
 3    7  4   3.47531 0.200  10.0  90 270  6.2225E-06  2.0573E-08  0.0000E+00   0 999 999 999  6.058E+01  0.000E+00  0.000E+00  0.000E+00
 3    7  4   3.47531 0.250  10.0  90 270  6.2486E-06  6.6499E-08  0.0000E+00   0 999 999 999  3.487E+01  0.000E+00  0.000E+00  0.000E+00
 3    7  4   3.47531 0.300  10.0  90 270  6.2801E-06  1.3190E-07  0.0000E+00   0 999 999 999  2.591E+01  0.000E+00  0.000E+00  0.000E+00
 3    7  4   3.47531 0.350  10.0  90 270  6.3155E-06  2.0523E-07  0.0000E+00   0 999 999 999  2.172E+01  0.000E+00  0.000E+00  0.000E+00
 3    7  4   3.47531 0.400  10.0  90 270  6.3520E-06  2.7220E-07  0.0000E+00   0 999 999 999  1.942E+01  0.000E+00  0.000E+00  0.000E+00
 3    7  4   3.47531 0.450  10.0  90 270  6.3858E-06  3.1833E-07  0.0000E+00   0 999 999 999  1.799E+01  0.000E+00  0.000E+00  0.000E+00
 3    7  4   3.47531 0.500  10.0  90 270  6.4119E-06  3.2981E-07  0.0000E+00   0 999 999 999  1.702E+01  0.000E+00  0.000E+00  0.000E+00
 3    7  4   3.47531 0.550  10.0  90 270  6.4250E-06  2.9444E-07  0.0000E+00   0 999 999 999  1.651E+01  0.000E+00  0.000E+00  0.000E+00
 3    7  4   3.47531 0.600  10.0  90 270  6.4207E-06  2.0440E-07  0.0000E+00   0 999 999 999  1.698E+01  0.000E+00  0.000E+00  0.000E+00
 3    7  4   3.47531 0.650  10.0  90 270  6.3971E-06  6.3287E-08  0.0000E+00   0 180 999 999  2.127E+01  3.827E+01  0.000E+00  0.000E+00
 3    7  4   3.47531 0.700  10.0  90 270  6.3549E-06  1.0961E-07  0.0000E+00 180 999 999 999  2.612E+01  0.000E+00  0.000E+00  0.000E+00
 3    7  4   3.47531 0.750  10.0  90 270  6.2967E-06  1.8130E-07  0.0000E+00 180 999 999 999  2.313E+01  0.000E+00  0.000E+00  0.000E+00
      
 3    8  5   3.68926 0.000  10.0  90 270  6.3172E-06  6.5041E-09  0.0000E+00   0 999 999 999  9.056E+01  0.000E+00  0.000E+00  0.000E+00
 3    8  5   3.68926 0.050  10.0  90 270  6.3143E-06  5.1965E-09  0.0000E+00   0 999 999 999  1.019E+02  0.000E+00  0.000E+00  0.000E+00
 3    8  5   3.68926 0.100  10.0  90 270  6.3200E-06  4.6448E-09  0.0000E+00 180 999 999 999  1.077E+02  0.000E+00  0.000E+00  0.000E+00
 3    8  5   3.68926 0.150  10.0  90 270  6.3339E-06  1.3288E-10  0.0000E+00   0 180 999 999  1.594E+03  4.908E+02  0.000E+00  0.000E+00
 3    8  5   3.68926 0.200  10.0  90 270  6.3551E-06  3.4553E-08  0.0000E+00   0 999 999 999  3.998E+01  0.000E+00  0.000E+00  0.000E+00
 3    8  5   3.68926 0.250  10.0  90 270  6.3822E-06  9.8466E-08  0.0000E+00   0 999 999 999  2.488E+01  0.000E+00  0.000E+00  0.000E+00
 3    8  5   3.68926 0.300  10.0  90 270  6.4126E-06  1.7551E-07  0.0000E+00   0 999 999 999  1.963E+01  0.000E+00  0.000E+00  0.000E+00
 3    8  5   3.68926 0.350  10.0  90 270  6.4423E-06  2.4311E-07  0.0000E+00   0 999 999 999  1.721E+01  0.000E+00  0.000E+00  0.000E+00
 3    8  5   3.68926 0.400  10.0  90 270  6.4656E-06  2.7942E-07  0.0000E+00   0 999 999 999  1.588E+01  0.000E+00  0.000E+00  0.000E+00
 3    8  5   3.68926 0.450  10.0  90 270  6.4763E-06  2.6612E-07  0.0000E+00   0 999 999 999  1.518E+01  0.000E+00  0.000E+00  0.000E+00
 3    8  5   3.68926 0.500  10.0  90 270  6.4687E-06  1.9112E-07  0.0000E+00   0 999 999 999  1.544E+01  0.000E+00  0.000E+00  0.000E+00
 3    8  5   3.68926 0.550  10.0  90 270  6.4402E-06  5.6392E-08  0.0000E+00   0 180 999 999  1.960E+01  3.629E+01  0.000E+00  0.000E+00
 3    8  5   3.68926 0.600  10.0  90 270  6.3912E-06  1.0654E-07  0.0000E+00 180 999 999 999  2.303E+01  0.000E+00  0.000E+00  0.000E+00
 3    8  5   3.68926 0.650  10.0  90 270  6.3248E-06  1.7117E-07  0.0000E+00 180 999 999 999  2.029E+01  0.000E+00  0.000E+00  0.000E+00
 3    8  5   3.68926 0.700  10.0  90 270  6.2448E-06  1.7181E-07  0.0000E+00 180 999 999 999  1.941E+01  0.000E+00  0.000E+00  0.000E+00
 3    8  5   3.68926 0.750  10.0  90 270  6.1548E-06  1.0679E-07  0.0000E+00 180 999 999 999  2.070E+01  0.000E+00  0.000E+00  0.000E+00
      
 3   10  7   3.97879 0.000  10.0  90 270  6.5244E-06  1.0625E-08  0.0000E+00   0 999 999 999  5.454E+01  0.000E+00  0.000E+00  0.000E+00
 3   10  7   3.97879 0.050  10.0  90 270  6.5207E-06  7.3432E-09  0.0000E+00   0 999 999 999  6.586E+01  0.000E+00  0.000E+00  0.000E+00
 3   10  7   3.97879 0.100  10.0  90 270  6.5255E-06  9.2346E-09  0.0000E+00 180 999 999 999  5.910E+01  0.000E+00  0.000E+00  0.000E+00
 3   10  7   3.97879 0.150  10.0  90 270  6.5382E-06  4.3176E-09  0.0000E+00   0 999 999 999  8.161E+01  0.000E+00  0.000E+00  0.000E+00
 3   10  7   3.97879 0.200  10.0  90 270  6.5560E-06  6.4288E-08  0.0000E+00   0 999 999 999  2.303E+01  0.000E+00  0.000E+00  0.000E+00
 3   10  7   3.97879 0.250  10.0  90 270  6.5742E-06  1.4354E-07  0.0000E+00   0 999 999 999  1.640E+01  0.000E+00  0.000E+00  0.000E+00
 3   10  7   3.97879 0.300  10.0  90 270  6.5859E-06  1.9782E-07  0.0000E+00   0 999 999 999  1.421E+01  0.000E+00  0.000E+00  0.000E+00
 3   10  7   3.97879 0.350  10.0  90 270  6.5831E-06  1.9139E-07  0.0000E+00   0 999 999 999  1.350E+01  0.000E+00  0.000E+00  0.000E+00
 3   10  7   3.97879 0.400  10.0  90 270  6.5590E-06  1.0672E-07  0.0000E+00   0 999 999 999  1.482E+01  0.000E+00  0.000E+00  0.000E+00
 3   10  7   3.97879 0.450  10.0  90 270  6.5111E-06  5.2700E-08  0.0000E+00 180 999 999 999  2.234E+01  0.000E+00  0.000E+00  0.000E+00
 3   10  7   3.97879 0.500  10.0  90 270  6.4414E-06  1.3212E-07  0.0000E+00 180 999 999 999  1.747E+01  0.000E+00  0.000E+00  0.000E+00
 3   10  7   3.97879 0.550  10.0  90 270  6.3543E-06  1.3531E-07  0.0000E+00 180 999 999 999  1.648E+01  0.000E+00  0.000E+00  0.000E+00
 3   10  7   3.97879 0.600  10.0  90 270  6.2547E-06  6.1636E-08  0.0000E+00 180 999 999 999  1.917E+01  0.000E+00  0.000E+00  0.000E+00
 3   10  7   3.97879 0.650  10.0  90 270  6.1469E-06  5.5029E-08  0.0000E+00 999 999 999 999  0.000E+00  0.000E+00  0.000E+00  0.000E+00
 3   10  7   3.97879 0.700  10.0  90 270  6.0340E-06  9.3989E-08  0.0000E+00   0 999 999 999  2.040E+01  0.000E+00  0.000E+00  0.000E+00
 3   10  7   3.97879 0.750  10.0  90 270  5.9184E-06  6.2991E-08  0.0000E+00   0 999 999 999  2.189E+01  0.000E+00  0.000E+00  0.000E+00
      
 3    7  3   2.86881 0.000  10.0  90 270  5.9001E-06  4.1003E-10  0.0000E+00   0 999 999 999  4.692E+02  0.000E+00  0.000E+00  0.000E+00
 3    7  3   2.86881 0.050  10.0  90 270  5.8994E-06  7.3125E-11  0.0000E+00   0 999 999 999  1.110E+03  0.000E+00  0.000E+00  0.000E+00
 3    7  3   2.86881 0.100  10.0  90 270  5.9031E-06  1.0245E-10  0.0000E+00 180 999 999 999  9.385E+02  0.000E+00  0.000E+00  0.000E+00
 3    7  3   2.86881 0.150  10.0  90 270  5.9111E-06  8.0065E-11  0.0000E+00   0 999 999 999  1.061E+03  0.000E+00  0.000E+00  0.000E+00
 3    7  3   2.86881 0.200  10.0  90 270  5.9234E-06  3.3189E-10  0.0000E+00 180 999 999 999  5.213E+02  0.000E+00  0.000E+00  0.000E+00
 3    7  3   2.86881 0.250  10.0  90 270  5.9400E-06  3.1806E-09  0.0000E+00 180 999 999 999  1.688E+02  0.000E+00  0.000E+00  0.000E+00
 3    7  3   2.86881 0.300  10.0  90 270  5.9609E-06  1.0703E-08  0.0000E+00 180 999 999 999  9.257E+01  0.000E+00  0.000E+00  0.000E+00
 3    7  3   2.86881 0.350  10.0  90 270  5.9860E-06  2.4849E-08  0.0000E+00 180 999 999 999  6.146E+01  0.000E+00  0.000E+00  0.000E+00
 3    7  3   2.86881 0.400  10.0  90 270  6.0153E-06  4.6582E-08  0.0000E+00 180 999 999 999  4.565E+01  0.000E+00  0.000E+00  0.000E+00
 3    7  3   2.86881 0.450  10.0  90 270  6.0487E-06  7.5361E-08  0.0000E+00 180 999 999 999  3.665E+01  0.000E+00  0.000E+00  0.000E+00
 3    7  3   2.86881 0.500  10.0  90 270  6.0858E-06  1.0899E-07  0.0000E+00 180 999 999 999  3.114E+01  0.000E+00  0.000E+00  0.000E+00
 3    7  3   2.86881 0.550  10.0  90 270  6.1263E-06  1.4382E-07  0.0000E+00 180 999 999 999  2.760E+01  0.000E+00  0.000E+00  0.000E+00
 3    7  3   2.86881 0.600  10.0  90 270  6.1694E-06  1.7505E-07  0.0000E+00 180 999 999 999  2.526E+01  0.000E+00  0.000E+00  0.000E+00
 3    7  3   2.86881 0.650  10.0  90 270  6.2140E-06  1.9708E-07  0.0000E+00 180 999 999 999  2.373E+01  0.000E+00  0.000E+00  0.000E+00
 3    7  3   2.86881 0.700  10.0  90 270  6.2582E-06  2.0380E-07  0.0000E+00 180 999 999 999  2.286E+01  0.000E+00  0.000E+00  0.000E+00
 3    7  3   2.86881 0.750  10.0  90 270  6.2998E-06  1.8906E-07  0.0000E+00 180 999 999 999  2.278E+01  0.000E+00  0.000E+00  0.000E+00
      
 3    9  5   3.41065 0.000  10.0  90 270  6.1508E-06  1.1866E-09  0.0000E+00   0 999 999 999  1.969E+02  0.000E+00  0.000E+00  0.000E+00
 3    9  5   3.41065 0.050  10.0  90 270  6.1490E-06  6.4312E-11  0.0000E+00 180 999 999 999  8.411E+02  0.000E+00  0.000E+00  0.000E+00
 3    9  5   3.41065 0.100  10.0  90 270  6.1542E-06  2.1547E-10  0.0000E+00 180 999 999 999  4.616E+02  0.000E+00  0.000E+00  0.000E+00
 3    9  5   3.41065 0.150  10.0  90 270  6.1664E-06  4.6881E-10  0.0000E+00   0 999 999 999  3.131E+02  0.000E+00  0.000E+00  0.000E+00
 3    9  5   3.41065 0.200  10.0  90 270  6.1853E-06  2.8157E-09  0.0000E+00 180 999 999 999  1.277E+02  0.000E+00  0.000E+00  0.000E+00
 3    9  5   3.41065 0.250  10.0  90 270  6.2106E-06  1.6530E-08  0.0000E+00 180 999 999 999  5.335E+01  0.000E+00  0.000E+00  0.000E+00
 3    9  5   3.41065 0.300  10.0  90 270  6.2415E-06  4.4393E-08  0.0000E+00 180 999 999 999  3.334E+01  0.000E+00  0.000E+00  0.000E+00
 3    9  5   3.41065 0.350  10.0  90 270  6.2768E-06  8.3904E-08  0.0000E+00 180 999 999 999  2.500E+01  0.000E+00  0.000E+00  0.000E+00
 3    9  5   3.41065 0.400  10.0  90 270  6.3146E-06  1.2613E-07  0.0000E+00 180 999 999 999  2.091E+01  0.000E+00  0.000E+00  0.000E+00
 3    9  5   3.41065 0.450  10.0  90 270  6.3517E-06  1.5824E-07  0.0000E+00 180 999 999 999  1.877E+01  0.000E+00  0.000E+00  0.000E+00
 3    9  5   3.41065 0.500  10.0  90 270  6.3840E-06  1.6660E-07  0.0000E+00 180 999 999 999  1.778E+01  0.000E+00  0.000E+00  0.000E+00
 3    9  5   3.41065 0.550  10.0  90 270  6.4066E-06  1.3985E-07  0.0000E+00 180 999 999 999  1.804E+01  0.000E+00  0.000E+00  0.000E+00
 3    9  5   3.41065 0.600  10.0  90 270  6.4144E-06  7.4046E-08  0.0000E+00 180 999 999 999  2.144E+01  0.000E+00  0.000E+00  0.000E+00
 3    9  5   3.41065 0.650  10.0  90 270  6.4043E-06  2.8151E-08  0.0000E+00   0 180 999 999  3.456E+01  1.328E+02  0.000E+00  0.000E+00
 3    9  5   3.41065 0.700  10.0  90 270  6.3755E-06  8.9708E-08  0.0000E+00   0 999 999 999  2.428E+01  0.000E+00  0.000E+00  0.000E+00
 3    9  5   3.41065 0.750  10.0  90 270  6.3292E-06  1.0884E-07  0.0000E+00   0 999 999 999  2.216E+01  0.000E+00  0.000E+00  0.000E+00
      
 3    7  2   2.18931 0.000  10.0  90 270  5.6840E-06  1.5496E-11  0.0000E+00   0 999 999 999  2.762E+03  0.000E+00  0.000E+00  0.000E+00
 3    7  2   2.18931 0.050  10.0  90 270  5.6840E-06  1.4153E-12  0.0000E+00   0 999 999 999  9.139E+03  0.000E+00  0.000E+00  0.000E+00
 3    7  2   2.18931 0.100  10.0  90 270  5.6861E-06  1.9578E-12  0.0000E+00 180 999 999 999  7.770E+03  0.000E+00  0.000E+00  0.000E+00
 3    7  2   2.18931 0.150  10.0  90 270  5.6903E-06  5.1337E-13  0.0000E+00   0 999 999 999  1.517E+04  0.000E+00  0.000E+00  0.000E+00
 3    7  2   2.18931 0.200  10.0  90 270  5.6965E-06  4.5912E-14  0.0000E+00 180 999 999 999  5.074E+04  0.000E+00  0.000E+00  0.000E+00
 3    7  2   2.18931 0.250  10.0  90 270  5.7048E-06  2.5610E-11  0.0000E+00   0 999 999 999  2.148E+03  0.000E+00  0.000E+00  0.000E+00
 3    7  2   2.18931 0.300  10.0  90 270  5.7153E-06  1.7879E-10  0.0000E+00   0 999 999 999  8.133E+02  0.000E+00  0.000E+00  0.000E+00
 3    7  2   2.18931 0.350  10.0  90 270  5.7278E-06  6.5236E-10  0.0000E+00   0 999 999 999  4.259E+02  0.000E+00  0.000E+00  0.000E+00
 3    7  2   2.18931 0.400  10.0  90 270  5.7425E-06  1.7305E-09  0.0000E+00   0 999 999 999  2.618E+02  0.000E+00  0.000E+00  0.000E+00
 3    7  2   2.18931 0.450  10.0  90 270  5.7593E-06  3.7646E-09  0.0000E+00   0 999 999 999  1.778E+02  0.000E+00  0.000E+00  0.000E+00
 3    7  2   2.18931 0.500  10.0  90 270  5.7783E-06  7.1236E-09  0.0000E+00   0 999 999 999  1.296E+02  0.000E+00  0.000E+00  0.000E+00
 3    7  2   2.18931 0.550  10.0  90 270  5.7996E-06  1.2122E-08  0.0000E+00   0 999 999 999  9.981E+01  0.000E+00  0.000E+00  0.000E+00
 3    7  2   2.18931 0.600  10.0  90 270  5.8231E-06  1.8927E-08  0.0000E+00 999 999 999 999  0.000E+00  0.000E+00  0.000E+00  0.000E+00
 3    7  2   2.18931 0.650  10.0  90 270  5.8490E-06  2.7469E-08  0.0000E+00   0 999 999 999  6.710E+01  0.000E+00  0.000E+00  0.000E+00
 3    7  2   2.18931 0.700  10.0  90 270  5.8771E-06  3.7340E-08  0.0000E+00   0 999 999 999  5.794E+01  0.000E+00  0.000E+00  0.000E+00
 3    7  2   2.18931 0.750  10.0  90 270  5.9076E-06  4.7720E-08  0.0000E+00   0 999 999 999  5.156E+01  0.000E+00  0.000E+00  0.000E+00
      
 3    8  3   2.62446 0.000  10.0  90 270  5.8117E-06  3.4873E-11  0.0000E+00   0 999 999 999  1.471E+03  0.000E+00  0.000E+00  0.000E+00
 3    8  3   2.62446 0.050  10.0  90 270  5.8114E-06  4.5138E-12  0.0000E+00 180 999 999 999  4.090E+03  0.000E+00  0.000E+00  0.000E+00
 3    8  3   2.62446 0.100  10.0  90 270  5.8144E-06  2.3479E-12  0.0000E+00 180 999 999 999  5.671E+03  0.000E+00  0.000E+00  0.000E+00
 3    8  3   2.62446 0.150  10.0  90 270  5.8208E-06  1.3914E-12  0.0000E+00   0 999 999 999  7.366E+03  0.000E+00  0.000E+00  0.000E+00
 3    8  3   2.62446 0.200  10.0  90 270  5.8306E-06  5.0428E-12  0.0000E+00   0 999 999 999  3.869E+03  0.000E+00  0.000E+00  0.000E+00
 3    8  3   2.62446 0.250  10.0  90 270  5.8437E-06  2.1042E-10  0.0000E+00   0 999 999 999  5.991E+02  0.000E+00  0.000E+00  0.000E+00
 3    8  3   2.62446 0.300  10.0  90 270  5.8603E-06  1.1181E-09  0.0000E+00   0 999 999 999  2.601E+02  0.000E+00  0.000E+00  0.000E+00
 3    8  3   2.62446 0.350  10.0  90 270  5.8802E-06  3.5150E-09  0.0000E+00   0 999 999 999  1.470E+02  0.000E+00  0.000E+00  0.000E+00
 3    8  3   2.62446 0.400  10.0  90 270  5.9035E-06  8.3349E-09  0.0000E+00   0 999 999 999  9.593E+01  0.000E+00  0.000E+00  0.000E+00
 3    8  3   2.62446 0.450  10.0  90 270  5.9303E-06  1.6402E-08  0.0000E+00   0 999 999 999  6.888E+01  0.000E+00  0.000E+00  0.000E+00
 3    8  3   2.62446 0.500  10.0  90 270  5.9605E-06  2.8109E-08  0.0000E+00   0 999 999 999  5.314E+01  0.000E+00  0.000E+00  0.000E+00
 3    8  3   2.62446 0.550  10.0  90 270  5.9940E-06  4.3124E-08  0.0000E+00   0 999 999 999  4.341E+01  0.000E+00  0.000E+00  0.000E+00
 3    8  3   2.62446 0.600  10.0  90 270  6.0308E-06  6.0201E-08  0.0000E+00 999 999 999 999  0.000E+00  0.000E+00  0.000E+00  0.000E+00
 3    8  3   2.62446 0.650  10.0  90 270  6.0707E-06  7.7158E-08  0.0000E+00   0 999 999 999  3.309E+01  0.000E+00  0.000E+00  0.000E+00
 3    8  3   2.62446 0.700  10.0  90 270  6.1131E-06  9.0995E-08  0.0000E+00   0 999 999 999  3.054E+01  0.000E+00  0.000E+00  0.000E+00
 3    8  3   2.62446 0.750  10.0  90 270  6.1576E-06  9.8152E-08  0.0000E+00   0 999 999 999  2.921E+01  0.000E+00  0.000E+00  0.000E+00
      
 3    9  4   2.93921 0.000  10.0  90 270  5.9281E-06  6.4227E-11  0.0000E+00   0 999 999 999  9.107E+02  0.000E+00  0.000E+00  0.000E+00
 3    9  4   2.93921 0.050  10.0  90 270  5.9273E-06  1.6394E-11  0.0000E+00 180 999 999 999  1.803E+03  0.000E+00  0.000E+00  0.000E+00
 3    9  4   2.93921 0.100  10.0  90 270  5.9312E-06  1.8670E-12  0.0000E+00 999 999 999 999  0.000E+00  0.000E+00  0.000E+00  0.000E+00
 3    9  4   2.93921 0.150  10.0  90 270  5.9397E-06  2.8006E-12  0.0000E+00 180 999 999 999  4.361E+03  0.000E+00  0.000E+00  0.000E+00
 3    9  4   2.93921 0.200  10.0  90 270  5.9528E-06  3.8862E-11  0.0000E+00   0 999 999 999  1.171E+03  0.000E+00  0.000E+00  0.000E+00
 3    9  4   2.93921 0.250  10.0  90 270  5.9705E-06  7.9670E-10  0.0000E+00   0 999 999 999  2.587E+02  0.000E+00  0.000E+00  0.000E+00
 3    9  4   2.93921 0.300  10.0  90 270  5.9927E-06  3.6363E-09  0.0000E+00   0 999 999 999  1.214E+02  0.000E+00  0.000E+00  0.000E+00
 3    9  4   2.93921 0.350  10.0  90 270  6.0195E-06  1.0290E-08  0.0000E+00   0 999 999 999  7.266E+01  0.000E+00  0.000E+00  0.000E+00
 3    9  4   2.93921 0.400  10.0  90 270  6.0505E-06  2.2139E-08  0.0000E+00   0 999 999 999  5.009E+01  0.000E+00  0.000E+00  0.000E+00
 3    9  4   2.93921 0.450  10.0  90 270  6.0858E-06  3.9364E-08  0.0000E+00   0 999 999 999  3.812E+01  0.000E+00  0.000E+00  0.000E+00
 3    9  4   2.93921 0.500  10.0  90 270  6.1247E-06  6.0326E-08  0.0000E+00   0 999 999 999  3.126E+01  0.000E+00  0.000E+00  0.000E+00
 3    9  4   2.93921 0.550  10.0  90 270  6.1666E-06  8.1474E-08  0.0000E+00   0 999 999 999  2.720E+01  0.000E+00  0.000E+00  0.000E+00
 3    9  4   2.93921 0.600  10.0  90 270  6.2105E-06  9.7757E-08  0.0000E+00   0 999 999 999  2.486E+01  0.000E+00  0.000E+00  0.000E+00
 3    9  4   2.93921 0.650  10.0  90 270  6.2545E-06  1.0341E-07  0.0000E+00   0 999 999 999  2.383E+01  0.000E+00  0.000E+00  0.000E+00
 3    9  4   2.93921 0.700  10.0  90 270  6.2963E-06  9.3127E-08  0.0000E+00   0 999 999 999  2.430E+01  0.000E+00  0.000E+00  0.000E+00
 3    9  4   2.93921 0.750  10.0  90 270  6.3330E-06  6.4093E-08  0.0000E+00   0 999 999 999  2.770E+01  0.000E+00  0.000E+00  0.000E+00
      
 3   10  3   2.26169 0.000  10.0  90 270  5.7029E-06  7.6355E-14  0.0000E+00   0 999 999 999  2.710E+04  0.000E+00  0.000E+00  0.000E+00
 3   10  3   2.26169 0.050  10.0  90 270  5.7029E-06  4.3540E-14  0.0000E+00 180 999 999 999  3.589E+04  0.000E+00  0.000E+00  0.000E+00
 3   10  3   2.26169 0.100  10.0  90 270  5.7051E-06  8.8863E-15  0.0000E+00   0 999 999 999  7.947E+04  0.000E+00  0.000E+00  0.000E+00
 3   10  3   2.26169 0.150  10.0  90 270  5.7096E-06  1.9253E-15  0.0000E+00 180 999 999 999  1.696E+05  0.000E+00  0.000E+00  0.000E+00
 3   10  3   2.26169 0.200  10.0  90 270  5.7163E-06  1.5414E-15  0.0000E+00 180 999 999 999  1.932E+05  0.000E+00  0.000E+00  0.000E+00
 3   10  3   2.26169 0.250  10.0  90 270  5.7254E-06  4.5074E-13  0.0000E+00   0 999 999 999  1.115E+04  0.000E+00  0.000E+00  0.000E+00
 3   10  3   2.26169 0.300  10.0  90 270  5.7366E-06  6.8150E-12  0.0000E+00   0 999 999 999  2.868E+03  0.000E+00  0.000E+00  0.000E+00
 3   10  3   2.26169 0.350  10.0  90 270  5.7502E-06  4.0972E-11  0.0000E+00   0 999 999 999  1.170E+03  0.000E+00  0.000E+00  0.000E+00
 3   10  3   2.26169 0.400  10.0  90 270  5.7662E-06  1.5733E-10  0.0000E+00   0 999 999 999  5.971E+02  0.000E+00  0.000E+00  0.000E+00
 3   10  3   2.26169 0.450  10.0  90 270  5.7844E-06  4.5704E-10  0.0000E+00   0 999 999 999  3.505E+02  0.000E+00  0.000E+00  0.000E+00
 3   10  3   2.26169 0.500  10.0  90 270  5.8051E-06  1.0905E-09  0.0000E+00 999 999 999 999  0.000E+00  0.000E+00  0.000E+00  0.000E+00
 3   10  3   2.26169 0.550  10.0  90 270  5.8282E-06  2.2371E-09  0.0000E+00   0 999 999 999  1.587E+02  0.000E+00  0.000E+00  0.000E+00
 3   10  3   2.26169 0.600  10.0  90 270  5.8537E-06  4.0561E-09  0.0000E+00   0 999 999 999  1.181E+02  0.000E+00  0.000E+00  0.000E+00
 3   10  3   2.26169 0.650  10.0  90 270  5.8818E-06  6.6076E-09  0.0000E+00   0 999 999 999  9.278E+01  0.000E+00  0.000E+00  0.000E+00
 3   10  3   2.26169 0.700  10.0  90 270  5.9123E-06  9.7588E-09  0.0000E+00   0 999 999 999  7.655E+01  0.000E+00  0.000E+00  0.000E+00
 3   10  3   2.26169 0.750  10.0  90 270  5.9453E-06  1.3099E-08  0.0000E+00   0 999 999 999  6.623E+01  0.000E+00  0.000E+00  0.000E+00
      
