 I WILL CALCULATE           19  RESONANCES   sigma = k*lambda - kp*lambda_p + (kp-k)*varpi
 pla  kp:k    a(au)    e     i     w  ln      <R>      <R>-R_min  width(au)  sigma_0          periods(yr)      RHTol=   3.0000000000000000     
 6    2  1   3.27525 0.000  10.0  90 270  1.2738E-07  1.7104E-09  7.4412E-02 180 999 999 999  5.603E+03  0.000E+00  0.000E+00  0.000E+00
 6    2  1   3.27525 0.050  10.0  90 270  1.2733E-07  4.4935E-09  1.0102E-01   0 999 999 999  3.998E+02  0.000E+00  0.000E+00  0.000E+00
 6    2  1   3.27525 0.100  10.0  90 270  1.2742E-07  1.0683E-08  1.5988E-01   0 999 999 999  2.934E+02  0.000E+00  0.000E+00  0.000E+00
 6    2  1   3.27525 0.150  10.0  90 270  1.2765E-07  1.6088E-08  2.0234E-01   0 999 999 999  2.609E+02  0.000E+00  0.000E+00  0.000E+00
 6    2  1   3.27525 0.200  10.0  90 270  1.2800E-07  2.0855E-08  2.3820E-01   0 999 999 999  2.466E+02  0.000E+00  0.000E+00  0.000E+00
 6    2  1   3.27525 0.250  10.0  90 270  1.2847E-07  2.5096E-08  2.7073E-01   0 999 999 999  2.395E+02  0.000E+00  0.000E+00  0.000E+00
 6    2  1   3.27525 0.300  10.0  90 270  1.2907E-07  2.8897E-08  3.0146E-01   0 999 999 999  2.360E+02  0.000E+00  0.000E+00  0.000E+00
 6    2  1   3.27525 0.350  10.0  90 270  1.2977E-07  3.2321E-08  3.3100E-01   0 999 999 999  2.343E+02  0.000E+00  0.000E+00  0.000E+00
 6    2  1   3.27525 0.400  10.0  90 270  1.3055E-07  3.5405E-08  3.4505E-01   0 999 999 999  2.334E+02  0.000E+00  0.000E+00  0.000E+00
 6    2  1   3.27525 0.450  10.0  90 270  1.3140E-07  3.8161E-08  3.5638E-01   0 999 999 999  2.330E+02  0.000E+00  0.000E+00  0.000E+00
 6    2  1   3.27525 0.500  10.0  90 270  1.3224E-07  4.0572E-08  3.5661E-01   0 999 999 999  2.327E+02  0.000E+00  0.000E+00  0.000E+00
 6    2  1   3.27525 0.550  10.0  90 270  1.3302E-07  4.2588E-08  3.4728E-01   0 999 999 999  2.323E+02  0.000E+00  0.000E+00  0.000E+00
 6    2  1   3.27525 0.600  10.0  90 270  1.3365E-07  4.4133E-08  3.3155E-01   0 999 999 999  2.315E+02  0.000E+00  0.000E+00  0.000E+00
 6    2  1   3.27525 0.650  10.0  90 270  1.3403E-07  4.5111E-08  3.1537E-01   0 999 999 999  2.302E+02  0.000E+00  0.000E+00  0.000E+00
 6    2  1   3.27525 0.700  10.0  90 270  1.3409E-07  4.5431E-08  2.9656E-01   0 999 999 999  2.282E+02  0.000E+00  0.000E+00  0.000E+00
 6    2  1   3.27525 0.750  10.0  90 270  1.3377E-07  4.5017E-08  2.7893E-01   0 999 999 999  2.253E+02  0.000E+00  0.000E+00  0.000E+00
      
 6    3  2   3.96768 0.000  10.0  90 270  1.3652E-07  1.2506E-08  1.4811E-01 180 999 999 999  2.021E+02  0.000E+00  0.000E+00  0.000E+00
 6    3  2   3.96768 0.050  10.0  90 270  1.3642E-07  5.0455E-09  1.3095E-01   0 180 999 999  3.715E+02  2.362E+02  0.000E+00  0.000E+00
 6    3  2   3.96768 0.100  10.0  90 270  1.3651E-07  6.3468E-09  1.5338E-01   0 180 999 999  2.166E+02  1.164E+03  0.000E+00  0.000E+00
 6    3  2   3.96768 0.150  10.0  90 270  1.3676E-07  1.3429E-08  1.5991E-01 999 999 999 999  0.000E+00  0.000E+00  0.000E+00  0.000E+00
 6    3  2   3.96768 0.200  10.0  90 270  1.3713E-07  1.9117E-08  2.1899E-01   0 999 999 999  1.881E+02  0.000E+00  0.000E+00  0.000E+00
 6    3  2   3.96768 0.250  10.0  90 270  1.3754E-07  2.3644E-08  2.7539E-01   0 999 999 999  1.860E+02  0.000E+00  0.000E+00  0.000E+00
 6    3  2   3.96768 0.300  10.0  90 270  1.3784E-07  2.7101E-08  3.3233E-01   0 999 999 999  1.845E+02  0.000E+00  0.000E+00  0.000E+00
 6    3  2   3.96768 0.350  10.0  90 270  1.3788E-07  2.9478E-08  3.2447E-01   0 999 999 999  1.823E+02  0.000E+00  0.000E+00  0.000E+00
 6    3  2   3.96768 0.400  10.0  90 270  1.3751E-07  3.0728E-08  2.9740E-01   0 999 999 999  1.787E+02  0.000E+00  0.000E+00  0.000E+00
 6    3  2   3.96768 0.450  10.0  90 270  1.3664E-07  3.0830E-08  2.6917E-01   0 999 999 999  1.734E+02  0.000E+00  0.000E+00  0.000E+00
 6    3  2   3.96768 0.500  10.0  90 270  1.3531E-07  2.9820E-08  2.4039E-01   0 999 999 999  1.663E+02  0.000E+00  0.000E+00  0.000E+00
 6    3  2   3.96768 0.550  10.0  90 270  1.3358E-07  2.7756E-08  2.1051E-01   0 180 999 999  1.576E+02  1.835E+02  0.000E+00  0.000E+00
 6    3  2   3.96768 0.600  10.0  90 270  1.3158E-07  2.4666E-08  1.8152E-01   0 180 999 999  1.473E+02  1.694E+02  0.000E+00  0.000E+00
 6    3  2   3.96768 0.650  10.0  90 270  1.2938E-07  2.0509E-08  2.5985E-01   0 180 999 999  1.358E+02  1.794E+02  0.000E+00  0.000E+00
 6    3  2   3.96768 0.700  10.0  90 270  1.2706E-07  1.5139E-08  2.1207E-01   0 180 999 999  1.240E+02  1.962E+02  0.000E+00  0.000E+00
 6    3  2   3.96768 0.750  10.0  90 270  1.2467E-07  8.2832E-09  1.5018E-01 180 999 999 999  2.149E+02  0.000E+00  0.000E+00  0.000E+00
      
 6    4  3   4.29179 0.000  10.0  90 270  1.4236E-07  1.4397E-08  8.0191E-02 180 999 999 999  1.412E+02  0.000E+00  0.000E+00  0.000E+00
 6    4  3   4.29179 0.050  10.0  90 270  1.4228E-07  5.8842E-09  0.0000E+00   0 180 999 999  1.816E+02  1.532E+02  0.000E+00  0.000E+00
 6    4  3   4.29179 0.100  10.0  90 270  1.4226E-07  8.3846E-09  0.0000E+00   0 180 999 999  1.426E+02  3.324E+02  0.000E+00  0.000E+00
 6    4  3   4.29179 0.150  10.0  90 270  1.4226E-07  1.5803E-08  9.0606E-02   0 999 999 999  1.382E+02  0.000E+00  0.000E+00  0.000E+00
 6    4  3   4.29179 0.200  10.0  90 270  1.4215E-07  2.0966E-08  1.7745E-01   0 999 999 999  1.383E+02  0.000E+00  0.000E+00  0.000E+00
 6    4  3   4.29179 0.250  10.0  90 270  1.4174E-07  2.4176E-08  2.6586E-01   0 999 999 999  1.377E+02  0.000E+00  0.000E+00  0.000E+00
 6    4  3   4.29179 0.300  10.0  90 270  1.4084E-07  2.5560E-08  2.6290E-01   0 999 999 999  1.350E+02  0.000E+00  0.000E+00  0.000E+00
 6    4  3   4.29179 0.350  10.0  90 270  1.3938E-07  2.5213E-08  2.2042E-01   0 999 999 999  1.298E+02  0.000E+00  0.000E+00  0.000E+00
 6    4  3   4.29179 0.400  10.0  90 270  1.3743E-07  2.3245E-08  1.8132E-01   0 180 999 999  1.220E+02  1.976E+02  0.000E+00  0.000E+00
 6    4  3   4.29179 0.450  10.0  90 270  1.3510E-07  1.9725E-08  1.3682E-01   0 999 999 999  1.121E+02  0.000E+00  0.000E+00  0.000E+00
 6    4  3   4.29179 0.500  10.0  90 270  1.3252E-07  1.4613E-08  2.3051E-01   0 180 999 999  1.011E+02  1.468E+02  0.000E+00  0.000E+00
 6    4  3   4.29179 0.550  10.0  90 270  1.2982E-07  7.7094E-09  1.4718E-01   0 180 999 999  9.092E+01  1.607E+02  0.000E+00  0.000E+00
 6    4  3   4.29179 0.600  10.0  90 270  1.2706E-07  6.9076E-09  1.1914E-01   0 180 999 999  8.875E+01  1.744E+02  0.000E+00  0.000E+00
 6    4  3   4.29179 0.650  10.0  90 270  1.2429E-07  9.6088E-09  1.5399E-01   0 180 999 999  3.704E+02  1.843E+02  0.000E+00  0.000E+00
 6    4  3   4.29179 0.700  10.0  90 270  1.2154E-07  1.0987E-08  1.9553E-01 180 999 999 999  1.881E+02  0.000E+00  0.000E+00  0.000E+00
 6    4  3   4.29179 0.750  10.0  90 270  1.1882E-07  1.1165E-08  1.7485E-01 180 999 999 999  1.850E+02  0.000E+00  0.000E+00  0.000E+00
      
 6    5  4   4.48048 0.000  10.0  90 270  1.4627E-07  1.5434E-08  0.0000E+00 180 999 999 999  1.105E+02  0.000E+00  0.000E+00  0.000E+00
 6    5  4   4.48048 0.050  10.0  90 270  1.4627E-07  6.4801E-09  0.0000E+00   0 180 999 999  1.211E+02  1.135E+02  0.000E+00  0.000E+00
 6    5  4   4.48048 0.100  10.0  90 270  1.4607E-07  9.6166E-09  0.0000E+00   0 180 999 999  1.088E+02  1.925E+02  0.000E+00  0.000E+00
 6    5  4   4.48048 0.150  10.0  90 270  1.4566E-07  1.6709E-08  0.0000E+00   0 999 999 999  1.101E+02  0.000E+00  0.000E+00  0.000E+00
 6    5  4   4.48048 0.200  10.0  90 270  1.4486E-07  2.0731E-08  1.4485E-01 999 999 999 999  0.000E+00  0.000E+00  0.000E+00  0.000E+00
 6    5  4   4.48048 0.250  10.0  90 270  1.4351E-07  2.2124E-08  2.1501E-01   0 999 999 999  1.090E+02  0.000E+00  0.000E+00  0.000E+00
 6    5  4   4.48048 0.300  10.0  90 270  1.4155E-07  2.1144E-08  1.6276E-01 999 999 999 999  0.000E+00  0.000E+00  0.000E+00  0.000E+00
 6    5  4   4.48048 0.350  10.0  90 270  1.3909E-07  1.7948E-08  1.0923E-01   0 180 999 999  9.467E+01  1.322E+02  0.000E+00  0.000E+00
 6    5  4   4.48048 0.400  10.0  90 270  1.3629E-07  1.2525E-08  4.7045E-02   0 180 999 999  8.429E+01  1.245E+02  0.000E+00  0.000E+00
 6    5  4   4.48048 0.450  10.0  90 270  1.3330E-07  4.6381E-09  8.5846E-02   0 180 999 999  7.581E+01  1.355E+02  0.000E+00  0.000E+00
 6    5  4   4.48048 0.500  10.0  90 270  1.3024E-07  7.5921E-09  1.0991E-01   0 180 999 999  9.112E+01  1.463E+02  0.000E+00  0.000E+00
 6    5  4   4.48048 0.550  10.0  90 270  1.2717E-07  9.7732E-09  1.5657E-01 180 999 999 999  1.518E+02  0.000E+00  0.000E+00  0.000E+00
 6    5  4   4.48048 0.600  10.0  90 270  1.2414E-07  1.0306E-08  1.5766E-01 999 999 999 999  0.000E+00  0.000E+00  0.000E+00  0.000E+00
 6    5  4   4.48048 0.650  10.0  90 270  1.2118E-07  9.3403E-09  1.1062E-01 180 999 999 999  1.420E+02  0.000E+00  0.000E+00  0.000E+00
 6    5  4   4.48048 0.700  10.0  90 270  1.1828E-07  6.8421E-09  1.8647E-01   0 180 999 999  2.013E+02  1.303E+02  0.000E+00  0.000E+00
 6    5  4   4.48048 0.750  10.0  90 270  1.1546E-07  2.6400E-09  8.6014E-02   0 180 999 999  1.848E+02  1.238E+02  0.000E+00  0.000E+00
      
 6    3  1   2.49948 0.000  10.0  90 270  1.2090E-07  1.6646E-10  1.3496E-02   0 999 999 999  1.844E+03  0.000E+00  0.000E+00  0.000E+00
 6    3  1   2.49948 0.050  10.0  90 270  1.2089E-07  6.5854E-10  2.7168E-02   0 999 999 999  9.612E+02  0.000E+00  0.000E+00  0.000E+00
 6    3  1   2.49948 0.100  10.0  90 270  1.2095E-07  8.3377E-10  3.0648E-02   0 999 999 999  8.607E+02  0.000E+00  0.000E+00  0.000E+00
 6    3  1   2.49948 0.150  10.0  90 270  1.2106E-07  6.9759E-10  2.8029E-02   0 999 999 999  9.405E+02  0.000E+00  0.000E+00  0.000E+00
 6    3  1   2.49948 0.200  10.0  90 270  1.2124E-07  2.5089E-10  1.6807E-02   0 999 999 999  1.567E+03  0.000E+00  0.000E+00  0.000E+00
 6    3  1   2.49948 0.250  10.0  90 270  1.2148E-07  4.8509E-10  2.3660E-02 180 999 999 999  1.170E+03  0.000E+00  0.000E+00  0.000E+00
 6    3  1   2.49948 0.300  10.0  90 270  1.2178E-07  1.4775E-09  4.1550E-02 180 999 999 999  6.823E+02  0.000E+00  0.000E+00  0.000E+00
 6    3  1   2.49948 0.350  10.0  90 270  1.2214E-07  2.6869E-09  5.6563E-02 180 999 999 999  5.191E+02  0.000E+00  0.000E+00  0.000E+00
 6    3  1   2.49948 0.400  10.0  90 270  1.2257E-07  4.0700E-09  7.0416E-02 180 999 999 999  4.343E+02  0.000E+00  0.000E+00  0.000E+00
 6    3  1   2.49948 0.450  10.0  90 270  1.2305E-07  5.5832E-09  8.3545E-02 180 999 999 999  3.826E+02  0.000E+00  0.000E+00  0.000E+00
 6    3  1   2.49948 0.500  10.0  90 270  1.2361E-07  7.1837E-09  9.6097E-02 180 999 999 999  3.482E+02  0.000E+00  0.000E+00  0.000E+00
 6    3  1   2.49948 0.550  10.0  90 270  1.2422E-07  8.8313E-09  1.0809E-01 180 999 999 999  3.238E+02  0.000E+00  0.000E+00  0.000E+00
 6    3  1   2.49948 0.600  10.0  90 270  1.2491E-07  1.0487E-08  1.1947E-01 180 999 999 999  3.057E+02  0.000E+00  0.000E+00  0.000E+00
 6    3  1   2.49948 0.650  10.0  90 270  1.2565E-07  1.2113E-08  1.3006E-01 180 999 999 999  2.916E+02  0.000E+00  0.000E+00  0.000E+00
 6    3  1   2.49948 0.700  10.0  90 270  1.2645E-07  1.3667E-08  1.3961E-01 180 999 999 999  2.801E+02  0.000E+00  0.000E+00  0.000E+00
 6    3  1   2.49948 0.750  10.0  90 270  1.2731E-07  1.5102E-08  1.4775E-01 180 999 999 999  2.702E+02  0.000E+00  0.000E+00  0.000E+00
      
 6    5  3   3.69855 0.000  10.0  90 270  1.3248E-07  6.7860E-10  4.7508E-02 180 999 999 999  4.207E+02  0.000E+00  0.000E+00  0.000E+00
 6    5  3   3.69855 0.050  10.0  90 270  1.3240E-07  8.5574E-10  5.5859E-02   0 999 999 999  4.194E+02  0.000E+00  0.000E+00  0.000E+00
 6    5  3   3.69855 0.100  10.0  90 270  1.3251E-07  8.6825E-10  5.6701E-02   0 999 999 999  4.249E+02  0.000E+00  0.000E+00  0.000E+00
 6    5  3   3.69855 0.150  10.0  90 270  1.3278E-07  5.3033E-10  4.2915E-02 180 999 999 999  4.975E+02  0.000E+00  0.000E+00  0.000E+00
 6    5  3   3.69855 0.200  10.0  90 270  1.3321E-07  3.0132E-09  9.7043E-02 180 999 999 999  2.333E+02  0.000E+00  0.000E+00  0.000E+00
 6    5  3   3.69855 0.250  10.0  90 270  1.3377E-07  6.0049E-09  1.1685E-01 180 999 999 999  1.802E+02  0.000E+00  0.000E+00  0.000E+00
 6    5  3   3.69855 0.300  10.0  90 270  1.3440E-07  9.0166E-09  1.4720E-01 180 999 999 999  1.588E+02  0.000E+00  0.000E+00  0.000E+00
 6    5  3   3.69855 0.350  10.0  90 270  1.3503E-07  1.1675E-08  1.7939E-01 180 999 999 999  1.477E+02  0.000E+00  0.000E+00  0.000E+00
 6    5  3   3.69855 0.400  10.0  90 270  1.3554E-07  1.3687E-08  1.7024E-01 180 999 999 999  1.402E+02  0.000E+00  0.000E+00  0.000E+00
 6    5  3   3.69855 0.450  10.0  90 270  1.3579E-07  1.4806E-08  1.4946E-01 180 999 999 999  1.337E+02  0.000E+00  0.000E+00  0.000E+00
 6    5  3   3.69855 0.500  10.0  90 270  1.3566E-07  1.4815E-08  1.2286E-01 180 999 999 999  1.270E+02  0.000E+00  0.000E+00  0.000E+00
 6    5  3   3.69855 0.550  10.0  90 270  1.3511E-07  1.3544E-08  9.3135E-02 180 999 999 999  1.199E+02  0.000E+00  0.000E+00  0.000E+00
 6    5  3   3.69855 0.600  10.0  90 270  1.3412E-07  1.0870E-08  5.9398E-02   0 999 999 999  4.866E+02  0.000E+00  0.000E+00  0.000E+00
 6    5  3   3.69855 0.650  10.0  90 270  1.3275E-07  6.7153E-09  2.0314E-02   0 180 999 999  2.115E+02  1.103E+02  0.000E+00  0.000E+00
 6    5  3   3.69855 0.700  10.0  90 270  1.3110E-07  2.2788E-09  0.0000E+00   0 180 999 999  1.890E+02  1.227E+02  0.000E+00  0.000E+00
 6    5  3   3.69855 0.750  10.0  90 270  1.2923E-07  5.3269E-09  4.2108E-02   0 999 999 999  1.840E+02  0.000E+00  0.000E+00  0.000E+00
      
 6    7  5   4.15444 0.000  10.0  90 270  1.3975E-07  1.0708E-09  0.0000E+00 180 999 999 999  2.088E+02  0.000E+00  0.000E+00  0.000E+00
 6    7  5   4.15444 0.050  10.0  90 270  1.3965E-07  1.6430E-09  0.0000E+00   0 999 999 999  2.092E+02  0.000E+00  0.000E+00  0.000E+00
 6    7  5   4.15444 0.100  10.0  90 270  1.3969E-07  1.3499E-09  0.0000E+00   0 999 999 999  2.301E+02  0.000E+00  0.000E+00  0.000E+00
 6    7  5   4.15444 0.150  10.0  90 270  1.3985E-07  1.6115E-09  0.0000E+00 180 999 999 999  1.922E+02  0.000E+00  0.000E+00  0.000E+00
 6    7  5   4.15444 0.200  10.0  90 270  1.4003E-07  5.5021E-09  1.3220E-03 180 999 999 999  1.238E+02  0.000E+00  0.000E+00  0.000E+00
 6    7  5   4.15444 0.250  10.0  90 270  1.4008E-07  8.7728E-09  7.5864E-02 180 999 999 999  1.085E+02  0.000E+00  0.000E+00  0.000E+00
 6    7  5   4.15444 0.300  10.0  90 270  1.3981E-07  1.0604E-08  1.1513E-01 180 999 999 999  1.013E+02  0.000E+00  0.000E+00  0.000E+00
 6    7  5   4.15444 0.350  10.0  90 270  1.3906E-07  1.0575E-08  7.2628E-02 180 999 999 999  9.523E+01  0.000E+00  0.000E+00  0.000E+00
 6    7  5   4.15444 0.400  10.0  90 270  1.3779E-07  8.4587E-09  2.1922E-02 180 999 999 999  8.961E+01  0.000E+00  0.000E+00  0.000E+00
 6    7  5   4.15444 0.450  10.0  90 270  1.3604E-07  4.1762E-09  0.0000E+00   0 180 999 999  1.673E+02  8.914E+01  0.000E+00  0.000E+00
 6    7  5   4.15444 0.500  10.0  90 270  1.3393E-07  3.1759E-09  0.0000E+00   0 180 999 999  1.401E+02  1.446E+02  0.000E+00  0.000E+00
 6    7  5   4.15444 0.550  10.0  90 270  1.3158E-07  5.5676E-09  4.1575E-02   0 999 999 999  1.341E+02  0.000E+00  0.000E+00  0.000E+00
 6    7  5   4.15444 0.600  10.0  90 270  1.2909E-07  6.1702E-09  7.5548E-02   0 999 999 999  1.288E+02  0.000E+00  0.000E+00  0.000E+00
 6    7  5   4.15444 0.650  10.0  90 270  1.2651E-07  5.0361E-09  2.9236E-02   0 999 999 999  1.231E+02  0.000E+00  0.000E+00  0.000E+00
 6    7  5   4.15444 0.700  10.0  90 270  1.2391E-07  2.2233E-09  0.0000E+00   0 180 999 999  1.281E+02  2.312E+02  0.000E+00  0.000E+00
 6    7  5   4.15444 0.750  10.0  90 270  1.2130E-07  2.1641E-09  2.2291E-02   0 180 999 999  3.909E+03  1.756E+02  0.000E+00  0.000E+00
      
 6    9  7   4.39712 0.000  10.0  90 270  1.4450E-07  1.5679E-09  0.0000E+00   0 180 999 999  5.922E+02  1.281E+02  0.000E+00  0.000E+00
 6    9  7   4.39712 0.050  10.0  90 270  1.4445E-07  2.2919E-09  0.0000E+00   0 999 999 999  1.370E+02  0.000E+00  0.000E+00  0.000E+00
 6    9  7   4.39712 0.100  10.0  90 270  1.4435E-07  1.6577E-09  0.0000E+00   0 999 999 999  1.552E+02  0.000E+00  0.000E+00  0.000E+00
 6    9  7   4.39712 0.150  10.0  90 270  1.4415E-07  2.6302E-09  0.0000E+00 180 999 999 999  1.170E+02  0.000E+00  0.000E+00  0.000E+00
 6    9  7   4.39712 0.200  10.0  90 270  1.4371E-07  6.5710E-09  0.0000E+00 999 999 999 999  0.000E+00  0.000E+00  0.000E+00  0.000E+00
 6    9  7   4.39712 0.250  10.0  90 270  1.4281E-07  8.2422E-09  5.2397E-02 180 999 999 999  8.245E+01  0.000E+00  0.000E+00  0.000E+00
 6    9  7   4.39712 0.300  10.0  90 270  1.4134E-07  7.0450E-09  0.0000E+00 180 999 999 999  7.763E+01  0.000E+00  0.000E+00  0.000E+00
 6    9  7   4.39712 0.350  10.0  90 270  1.3932E-07  2.8654E-09  0.0000E+00   0 180 999 999  1.498E+02  8.027E+01  0.000E+00  0.000E+00
 6    9  7   4.39712 0.400  10.0  90 270  1.3687E-07  3.4312E-09  0.0000E+00   0 999 999 999  1.135E+02  0.000E+00  0.000E+00  0.000E+00
 6    9  7   4.39712 0.450  10.0  90 270  1.3415E-07  5.1091E-09  0.0000E+00   0 999 999 999  1.063E+02  0.000E+00  0.000E+00  0.000E+00
 6    9  7   4.39712 0.500  10.0  90 270  1.3129E-07  4.3529E-09  0.0000E+00   0 999 999 999  1.011E+02  0.000E+00  0.000E+00  0.000E+00
 6    9  7   4.39712 0.550  10.0  90 270  1.2836E-07  1.3716E-09  0.0000E+00   0 180 999 999  1.112E+02  1.805E+02  0.000E+00  0.000E+00
 6    9  7   4.39712 0.600  10.0  90 270  1.2544E-07  2.4526E-09  1.0780E-02 180 999 999 999  1.375E+02  0.000E+00  0.000E+00  0.000E+00
 6    9  7   4.39712 0.650  10.0  90 270  1.2255E-07  3.1491E-09  3.2217E-02 180 999 999 999  1.296E+02  0.000E+00  0.000E+00  0.000E+00
 6    9  7   4.39712 0.700  10.0  90 270  1.1971E-07  1.9552E-09  0.0000E+00 180 999 999 999  1.325E+02  0.000E+00  0.000E+00  0.000E+00
 6    9  7   4.39712 0.750  10.0  90 270  1.1694E-07  9.1290E-10  0.0000E+00   0 180 999 999  1.866E+02  6.200E+02  0.000E+00  0.000E+00
      
 6    4  1   2.06328 0.000  10.0  90 270  1.1842E-07  3.2065E-11  4.5032E-03   0 999 999 999  3.612E+03  0.000E+00  0.000E+00  0.000E+00
 6    4  1   2.06328 0.050  10.0  90 270  1.1842E-07  5.6372E-11  5.9747E-03   0 999 999 999  2.729E+03  0.000E+00  0.000E+00  0.000E+00
 6    4  1   2.06328 0.100  10.0  90 270  1.1846E-07  5.2591E-11  5.7710E-03   0 999 999 999  2.826E+03  0.000E+00  0.000E+00  0.000E+00
 6    4  1   2.06328 0.150  10.0  90 270  1.1853E-07  3.9868E-11  5.0245E-03   0 999 999 999  3.246E+03  0.000E+00  0.000E+00  0.000E+00
 6    4  1   2.06328 0.200  10.0  90 270  1.1864E-07  3.7304E-11  4.8603E-03   0 999 999 999  3.355E+03  0.000E+00  0.000E+00  0.000E+00
 6    4  1   2.06328 0.250  10.0  90 270  1.1879E-07  6.3406E-11  6.3369E-03   0 999 999 999  2.574E+03  0.000E+00  0.000E+00  0.000E+00
 6    4  1   2.06328 0.300  10.0  90 270  1.1898E-07  1.3539E-10  9.2648E-03   0 999 999 999  1.764E+03  0.000E+00  0.000E+00  0.000E+00
 6    4  1   2.06328 0.350  10.0  90 270  1.1920E-07  2.6836E-10  1.3059E-02   0 999 999 999  1.258E+03  0.000E+00  0.000E+00  0.000E+00
 6    4  1   2.06328 0.400  10.0  90 270  1.1947E-07  4.7447E-10  1.7399E-02   0 999 999 999  9.513E+02  0.000E+00  0.000E+00  0.000E+00
 6    4  1   2.06328 0.450  10.0  90 270  1.1977E-07  7.6210E-10  2.2111E-02   0 999 999 999  7.567E+02  0.000E+00  0.000E+00  0.000E+00
 6    4  1   2.06328 0.500  10.0  90 270  1.2011E-07  1.1352E-09  2.7082E-02   0 999 999 999  6.263E+02  0.000E+00  0.000E+00  0.000E+00
 6    4  1   2.06328 0.550  10.0  90 270  1.2049E-07  1.5926E-09  3.2217E-02   0 999 999 999  5.352E+02  0.000E+00  0.000E+00  0.000E+00
 6    4  1   2.06328 0.600  10.0  90 270  1.2091E-07  2.1280E-09  3.7428E-02   0 999 999 999  4.694E+02  0.000E+00  0.000E+00  0.000E+00
 6    4  1   2.06328 0.650  10.0  90 270  1.2137E-07  2.7293E-09  4.2622E-02   0 999 999 999  4.206E+02  0.000E+00  0.000E+00  0.000E+00
 6    4  1   2.06328 0.700  10.0  90 270  1.2188E-07  3.3787E-09  4.7695E-02   0 999 999 999  3.837E+02  0.000E+00  0.000E+00  0.000E+00
 6    4  1   2.06328 0.750  10.0  90 270  1.2243E-07  4.0511E-09  5.2518E-02   0 999 999 999  3.554E+02  0.000E+00  0.000E+00  0.000E+00
      
 6    5  2   2.82253 0.000  10.0  90 270  1.2323E-07  1.6615E-11  5.1622E-03   0 999 999 999  3.386E+03  0.000E+00  0.000E+00  0.000E+00
 6    5  2   2.82253 0.050  10.0  90 270  1.2321E-07  4.9966E-11  9.0049E-03   0 999 999 999  1.986E+03  0.000E+00  0.000E+00  0.000E+00
 6    5  2   2.82253 0.100  10.0  90 270  1.2328E-07  9.7685E-12  3.9771E-03   0 999 999 999  4.477E+03  0.000E+00  0.000E+00  0.000E+00
 6    5  2   2.82253 0.150  10.0  90 270  1.2343E-07  2.0780E-11  5.8049E-03 999 999 999 999  0.000E+00  0.000E+00  0.000E+00  0.000E+00
 6    5  2   2.82253 0.200  10.0  90 270  1.2367E-07  3.9087E-11  7.9590E-03   0 999 999 999  2.241E+03  0.000E+00  0.000E+00  0.000E+00
 6    5  2   2.82253 0.250  10.0  90 270  1.2400E-07  2.5972E-10  2.0561E-02   0 999 999 999  8.751E+02  0.000E+00  0.000E+00  0.000E+00
 6    5  2   2.82253 0.300  10.0  90 270  1.2441E-07  6.9144E-10  3.3700E-02   0 999 999 999  5.435E+02  0.000E+00  0.000E+00  0.000E+00
 6    5  2   2.82253 0.350  10.0  90 270  1.2491E-07  1.3568E-09  4.7546E-02   0 999 999 999  3.959E+02  0.000E+00  0.000E+00  0.000E+00
 6    5  2   2.82253 0.400  10.0  90 270  1.2549E-07  2.2473E-09  6.1783E-02   0 999 999 999  3.158E+02  0.000E+00  0.000E+00  0.000E+00
 6    5  2   2.82253 0.450  10.0  90 270  1.2616E-07  3.3254E-09  7.6038E-02   0 999 999 999  2.675E+02  0.000E+00  0.000E+00  0.000E+00
 6    5  2   2.82253 0.500  10.0  90 270  1.2690E-07  4.5309E-09  8.9893E-02   0 999 999 999  2.363E+02  0.000E+00  0.000E+00  0.000E+00
 6    5  2   2.82253 0.550  10.0  90 270  1.2772E-07  5.7877E-09  1.0286E-01   0 999 999 999  2.151E+02  0.000E+00  0.000E+00  0.000E+00
 6    5  2   2.82253 0.600  10.0  90 270  1.2860E-07  7.0084E-09  1.0898E-01   0 999 999 999  1.999E+02  0.000E+00  0.000E+00  0.000E+00
 6    5  2   2.82253 0.650  10.0  90 270  1.2953E-07  8.0951E-09  1.0742E-01   0 999 999 999  1.885E+02  0.000E+00  0.000E+00  0.000E+00
 6    5  2   2.82253 0.700  10.0  90 270  1.3047E-07  8.9362E-09  1.0147E-01   0 999 999 999  1.795E+02  0.000E+00  0.000E+00  0.000E+00
 6    5  2   2.82253 0.750  10.0  90 270  1.3140E-07  9.3989E-09  9.0845E-02   0 999 999 999  1.722E+02  0.000E+00  0.000E+00  0.000E+00
      
 6    7  4   3.58019 0.000  10.0  90 270  1.3091E-07  1.0901E-10  1.8913E-02   0 999 999 999  8.417E+02  0.000E+00  0.000E+00  0.000E+00
 6    7  4   3.58019 0.050  10.0  90 270  1.3085E-07  1.3606E-10  2.1249E-02   0 999 999 999  7.657E+02  0.000E+00  0.000E+00  0.000E+00
 6    7  4   3.58019 0.100  10.0  90 270  1.3095E-07  5.0983E-11  1.2964E-02 180 999 999 999  1.238E+03  0.000E+00  0.000E+00  0.000E+00
 6    7  4   3.58019 0.150  10.0  90 270  1.3121E-07  7.0797E-11  1.5309E-02 180 999 999 999  1.058E+03  0.000E+00  0.000E+00  0.000E+00
 6    7  4   3.58019 0.200  10.0  90 270  1.3163E-07  3.9510E-10  3.6176E-02   0 999 999 999  4.481E+02  0.000E+00  0.000E+00  0.000E+00
 6    7  4   3.58019 0.250  10.0  90 270  1.3219E-07  1.4765E-09  6.2095E-02   0 999 999 999  2.407E+02  0.000E+00  0.000E+00  0.000E+00
 6    7  4   3.58019 0.300  10.0  90 270  1.3285E-07  3.0525E-09  7.6402E-02   0 999 999 999  1.763E+02  0.000E+00  0.000E+00  0.000E+00
 6    7  4   3.58019 0.350  10.0  90 270  1.3356E-07  4.8194E-09  9.6909E-02   0 999 999 999  1.477E+02  0.000E+00  0.000E+00  0.000E+00
 6    7  4   3.58019 0.400  10.0  90 270  1.3425E-07  6.4068E-09  1.0156E-01   0 999 999 999  1.325E+02  0.000E+00  0.000E+00  0.000E+00
 6    7  4   3.58019 0.450  10.0  90 270  1.3481E-07  7.4521E-09  8.6141E-02   0 999 999 999  1.232E+02  0.000E+00  0.000E+00  0.000E+00
 6    7  4   3.58019 0.500  10.0  90 270  1.3512E-07  7.6286E-09  6.1630E-02   0 999 999 999  1.167E+02  0.000E+00  0.000E+00  0.000E+00
 6    7  4   3.58019 0.550  10.0  90 270  1.3507E-07  6.6707E-09  3.1160E-02   0 999 999 999  1.129E+02  0.000E+00  0.000E+00  0.000E+00
 6    7  4   3.58019 0.600  10.0  90 270  1.3461E-07  4.4336E-09  0.0000E+00   0 999 999 999  1.157E+02  0.000E+00  0.000E+00  0.000E+00
 6    7  4   3.58019 0.650  10.0  90 270  1.3373E-07  1.0460E-09  0.0000E+00   0 180 999 999  1.471E+02  2.259E+02  0.000E+00  0.000E+00
 6    7  4   3.58019 0.700  10.0  90 270  1.3250E-07  2.8021E-09  0.0000E+00 180 999 999 999  1.745E+02  0.000E+00  0.000E+00  0.000E+00
 6    7  4   3.58019 0.750  10.0  90 270  1.3097E-07  4.2028E-09  0.0000E+00 180 999 999 999  1.593E+02  0.000E+00  0.000E+00  0.000E+00
      
 6    8  5   3.80059 0.000  10.0  90 270  1.3393E-07  1.7395E-10  0.0000E+00   0 999 999 999  5.655E+02  0.000E+00  0.000E+00  0.000E+00
 6    8  5   3.80059 0.050  10.0  90 270  1.3385E-07  1.8758E-10  2.7299E-02   0 999 999 999  5.544E+02  0.000E+00  0.000E+00  0.000E+00
 6    8  5   3.80059 0.100  10.0  90 270  1.3394E-07  1.0530E-10  2.0392E-02 180 999 999 999  7.334E+02  0.000E+00  0.000E+00  0.000E+00
 6    8  5   3.80059 0.150  10.0  90 270  1.3422E-07  8.7625E-11  1.8591E-02 180 999 999 999  8.027E+02  0.000E+00  0.000E+00  0.000E+00
 6    8  5   3.80059 0.200  10.0  90 270  1.3465E-07  6.9318E-10  1.0829E-02 999 999 999 999  0.000E+00  0.000E+00  0.000E+00  0.000E+00
 6    8  5   3.80059 0.250  10.0  90 270  1.3518E-07  2.2420E-09  3.3498E-02   0 999 999 999  1.698E+02  0.000E+00  0.000E+00  0.000E+00
 6    8  5   3.80059 0.300  10.0  90 270  1.3575E-07  4.1282E-09  6.6947E-02 999 999 999 999  0.000E+00  0.000E+00  0.000E+00  0.000E+00
 6    8  5   3.80059 0.350  10.0  90 270  1.3622E-07  5.7551E-09  8.6851E-02   0 999 999 999  1.170E+02  0.000E+00  0.000E+00  0.000E+00
 6    8  5   3.80059 0.400  10.0  90 270  1.3647E-07  6.5775E-09  6.2844E-02   0 999 999 999  1.083E+02  0.000E+00  0.000E+00  0.000E+00
 6    8  5   3.80059 0.450  10.0  90 270  1.3635E-07  6.1774E-09  2.7831E-02   0 999 999 999  1.035E+02  0.000E+00  0.000E+00  0.000E+00
 6    8  5   3.80059 0.500  10.0  90 270  1.3579E-07  4.3120E-09  0.0000E+00   0 999 999 999  1.045E+02  0.000E+00  0.000E+00  0.000E+00
 6    8  5   3.80059 0.550  10.0  90 270  1.3477E-07  1.0713E-09  0.0000E+00   0 180 999 999  1.324E+02  2.128E+02  0.000E+00  0.000E+00
 6    8  5   3.80059 0.600  10.0  90 270  1.3335E-07  2.6426E-09  0.0000E+00 180 999 999 999  1.544E+02  0.000E+00  0.000E+00  0.000E+00
 6    8  5   3.80059 0.650  10.0  90 270  1.3163E-07  3.9299E-09  0.0000E+00 180 999 999 999  1.400E+02  0.000E+00  0.000E+00  0.000E+00
 6    8  5   3.80059 0.700  10.0  90 270  1.2968E-07  3.7643E-09  2.5209E-02 180 999 999 999  1.349E+02  0.000E+00  0.000E+00  0.000E+00
 6    8  5   3.80059 0.750  10.0  90 270  1.2757E-07  2.1521E-09  0.0000E+00 180 999 999 999  1.449E+02  0.000E+00  0.000E+00  0.000E+00
      
 6   10  7   4.09886 0.000  10.0  90 270  1.3875E-07  3.1909E-10  0.0000E+00   0 999 999 999  3.207E+02  0.000E+00  0.000E+00  0.000E+00
 6   10  7   4.09886 0.050  10.0  90 270  1.3865E-07  2.9958E-10  0.0000E+00   0 999 999 999  3.383E+02  0.000E+00  0.000E+00  0.000E+00
 6   10  7   4.09886 0.100  10.0  90 270  1.3871E-07  2.4870E-10  0.0000E+00 180 999 999 999  3.697E+02  0.000E+00  0.000E+00  0.000E+00
 6   10  7   4.09886 0.150  10.0  90 270  1.3890E-07  8.7326E-11  0.0000E+00 180 999 999 999  5.894E+02  0.000E+00  0.000E+00  0.000E+00
 6   10  7   4.09886 0.200  10.0  90 270  1.3916E-07  1.3732E-09  0.0000E+00   0 999 999 999  1.603E+02  0.000E+00  0.000E+00  0.000E+00
 6   10  7   4.09886 0.250  10.0  90 270  1.3935E-07  3.3894E-09  0.0000E+00   0 999 999 999  1.105E+02  0.000E+00  0.000E+00  0.000E+00
 6   10  7   4.09886 0.300  10.0  90 270  1.3928E-07  4.7639E-09  4.0009E-02   0 999 999 999  9.587E+01  0.000E+00  0.000E+00  0.000E+00
 6   10  7   4.09886 0.350  10.0  90 270  1.3880E-07  4.6132E-09  0.0000E+00   0 999 999 999  9.085E+01  0.000E+00  0.000E+00  0.000E+00
 6   10  7   4.09886 0.400  10.0  90 270  1.3780E-07  2.5598E-09  0.0000E+00   0 999 999 999  9.768E+01  0.000E+00  0.000E+00  0.000E+00
 6   10  7   4.09886 0.450  10.0  90 270  1.3631E-07  1.3350E-09  0.0000E+00   0 180 999 999  6.061E+02  1.456E+02  0.000E+00  0.000E+00
 6   10  7   4.09886 0.500  10.0  90 270  1.3442E-07  3.0941E-09  0.0000E+00 180 999 999 999  1.193E+02  0.000E+00  0.000E+00  0.000E+00
 6   10  7   4.09886 0.550  10.0  90 270  1.3224E-07  3.0597E-09  0.0000E+00 180 999 999 999  1.135E+02  0.000E+00  0.000E+00  0.000E+00
 6   10  7   4.09886 0.600  10.0  90 270  1.2987E-07  1.2888E-09  0.0000E+00 180 999 999 999  1.316E+02  0.000E+00  0.000E+00  0.000E+00
 6   10  7   4.09886 0.650  10.0  90 270  1.2739E-07  1.3644E-09  0.0000E+00   0 999 999 999  1.600E+02  0.000E+00  0.000E+00  0.000E+00
 6   10  7   4.09886 0.700  10.0  90 270  1.2486E-07  2.1115E-09  1.8372E-02   0 999 999 999  1.413E+02  0.000E+00  0.000E+00  0.000E+00
 6   10  7   4.09886 0.750  10.0  90 270  1.2231E-07  1.2930E-09  0.0000E+00   0 999 999 999  1.537E+02  0.000E+00  0.000E+00  0.000E+00
      
 6    7  3   2.95538 0.000  10.0  90 270  1.2433E-07  1.1951E-11  4.7167E-03   0 999 999 999  2.831E+03  0.000E+00  0.000E+00  0.000E+00
 6    7  3   2.95538 0.050  10.0  90 270  1.2430E-07  3.8823E-12  2.6878E-03   0 999 999 999  4.965E+03  0.000E+00  0.000E+00  0.000E+00
 6    7  3   2.95538 0.100  10.0  90 270  1.2438E-07  2.9501E-12  2.3431E-03 999 999 999 999  0.000E+00  0.000E+00  0.000E+00  0.000E+00
 6    7  3   2.95538 0.150  10.0  90 270  1.2455E-07  1.3147E-12  1.5641E-03   0 999 999 999  8.533E+03  0.000E+00  0.000E+00  0.000E+00
 6    7  3   2.95538 0.200  10.0  90 270  1.2482E-07  3.8240E-12  2.6674E-03 180 999 999 999  5.002E+03  0.000E+00  0.000E+00  0.000E+00
 6    7  3   2.95538 0.250  10.0  90 270  1.2519E-07  6.3283E-11  1.0859E-02 180 999 999 999  1.232E+03  0.000E+00  0.000E+00  0.000E+00
 6    7  3   2.95538 0.300  10.0  90 270  1.2565E-07  2.3404E-10  2.0928E-02 180 999 999 999  6.449E+02  0.000E+00  0.000E+00  0.000E+00
 6    7  3   2.95538 0.350  10.0  90 270  1.2621E-07  5.6739E-10  3.2727E-02 180 999 999 999  4.195E+02  0.000E+00  0.000E+00  0.000E+00
 6    7  3   2.95538 0.400  10.0  90 270  1.2686E-07  1.0898E-09  4.5663E-02 180 999 999 999  3.085E+02  0.000E+00  0.000E+00  0.000E+00
 6    7  3   2.95538 0.450  10.0  90 270  1.2760E-07  1.7888E-09  5.9017E-02 180 999 999 999  2.466E+02  0.000E+00  0.000E+00  0.000E+00
 6    7  3   2.95538 0.500  10.0  90 270  1.2842E-07  2.6089E-09  7.1829E-02 180 999 999 999  2.093E+02  0.000E+00  0.000E+00  0.000E+00
 6    7  3   2.95538 0.550  10.0  90 270  1.2930E-07  3.4568E-09  7.4033E-02 180 999 999 999  1.857E+02  0.000E+00  0.000E+00  0.000E+00
 6    7  3   2.95538 0.600  10.0  90 270  1.3022E-07  4.2104E-09  7.1154E-02 180 999 999 999  1.701E+02  0.000E+00  0.000E+00  0.000E+00
 6    7  3   2.95538 0.650  10.0  90 270  1.3115E-07  4.7270E-09  6.2127E-02 180 999 999 999  1.599E+02  0.000E+00  0.000E+00  0.000E+00
 6    7  3   2.95538 0.700  10.0  90 270  1.3203E-07  4.8508E-09  4.8182E-02 180 999 999 999  1.540E+02  0.000E+00  0.000E+00  0.000E+00
 6    7  3   2.95538 0.750  10.0  90 270  1.3280E-07  4.4255E-09  3.0028E-02 180 999 999 999  1.533E+02  0.000E+00  0.000E+00  0.000E+00
      
 6    9  5   3.51358 0.000  10.0  90 270  1.3008E-07  3.9187E-11  1.1077E-02   0 999 999 999  1.117E+03  0.000E+00  0.000E+00  0.000E+00
 6    9  5   3.51358 0.050  10.0  90 270  1.3002E-07  2.8767E-12  2.9939E-03   0 999 999 999  4.093E+03  0.000E+00  0.000E+00  0.000E+00
 6    9  5   3.51358 0.100  10.0  90 270  1.3012E-07  9.6399E-12  5.4912E-03 180 999 999 999  2.249E+03  0.000E+00  0.000E+00  0.000E+00
 6    9  5   3.51358 0.150  10.0  90 270  1.3038E-07  1.3854E-11  6.5831E-03   0 999 999 999  1.876E+03  0.000E+00  0.000E+00  0.000E+00
 6    9  5   3.51358 0.200  10.0  90 270  1.3078E-07  4.4853E-11  1.1838E-02 180 999 999 999  1.041E+03  0.000E+00  0.000E+00  0.000E+00
 6    9  5   3.51358 0.250  10.0  90 270  1.3133E-07  3.6045E-10  3.3700E-02 180 999 999 999  3.718E+02  0.000E+00  0.000E+00  0.000E+00
 6    9  5   3.51358 0.300  10.0  90 270  1.3198E-07  1.0409E-09  4.2289E-02 180 999 999 999  2.248E+02  0.000E+00  0.000E+00  0.000E+00
 6    9  5   3.51358 0.350  10.0  90 270  1.3272E-07  2.0241E-09  5.4194E-02 180 999 999 999  1.671E+02  0.000E+00  0.000E+00  0.000E+00
 6    9  5   3.51358 0.400  10.0  90 270  1.3347E-07  3.0720E-09  6.1156E-02 180 999 999 999  1.398E+02  0.000E+00  0.000E+00  0.000E+00
 6    9  5   3.51358 0.450  10.0  90 270  1.3415E-07  3.8473E-09  4.9074E-02 180 999 999 999  1.257E+02  0.000E+00  0.000E+00  0.000E+00
 6    9  5   3.51358 0.500  10.0  90 270  1.3465E-07  4.0039E-09  2.5197E-02 180 999 999 999  1.192E+02  0.000E+00  0.000E+00  0.000E+00
 6    9  5   3.51358 0.550  10.0  90 270  1.3485E-07  3.2704E-09  0.0000E+00 180 999 999 999  1.208E+02  0.000E+00  0.000E+00  0.000E+00
 6    9  5   3.51358 0.600  10.0  90 270  1.3468E-07  1.5794E-09  0.0000E+00 180 999 999 999  1.449E+02  0.000E+00  0.000E+00  0.000E+00
 6    9  5   3.51358 0.650  10.0  90 270  1.3409E-07  9.1515E-10  0.0000E+00   0 999 999 999  2.098E+02  0.000E+00  0.000E+00  0.000E+00
 6    9  5   3.51358 0.700  10.0  90 270  1.3312E-07  2.2366E-09  0.0000E+00   0 999 999 999  1.613E+02  0.000E+00  0.000E+00  0.000E+00
 6    9  5   3.51358 0.750  10.0  90 270  1.3182E-07  2.5021E-09  0.0000E+00   0 999 999 999  1.510E+02  0.000E+00  0.000E+00  0.000E+00
      
 6    7  2   2.25538 0.000  10.0  90 270  1.1943E-07  5.0409E-13  6.4570E-04 999 999 999 999  0.000E+00  0.000E+00  0.000E+00  0.000E+00
 6    7  2   2.25538 0.050  10.0  90 270  1.1943E-07  1.1020E-13  3.0191E-04   0 999 999 999  3.374E+04  0.000E+00  0.000E+00  0.000E+00
 6    7  2   2.25538 0.100  10.0  90 270  1.1947E-07  5.9683E-14  2.2218E-04 180 999 999 999  4.585E+04  0.000E+00  0.000E+00  0.000E+00
 6    7  2   2.25538 0.150  10.0  90 270  1.1956E-07  5.4419E-15  6.7089E-05   0 999 999 999  1.518E+05  0.000E+00  0.000E+00  0.000E+00
 6    7  2   2.25538 0.200  10.0  90 270  1.1970E-07  3.5554E-15  5.4228E-05 180 999 999 999  1.878E+05  0.000E+00  0.000E+00  0.000E+00
 6    7  2   2.25538 0.250  10.0  90 270  1.1988E-07  3.9763E-13  5.7348E-04   0 999 999 999  1.776E+04  0.000E+00  0.000E+00  0.000E+00
 6    7  2   2.25538 0.300  10.0  90 270  1.2011E-07  3.4165E-12  1.6811E-03   0 999 999 999  6.061E+03  0.000E+00  0.000E+00  0.000E+00
 6    7  2   2.25538 0.350  10.0  90 270  1.2039E-07  1.3563E-11  3.3499E-03   0 999 999 999  3.043E+03  0.000E+00  0.000E+00  0.000E+00
 6    7  2   2.25538 0.400  10.0  90 270  1.2072E-07  3.7731E-11  5.5894E-03   0 999 999 999  1.826E+03  0.000E+00  0.000E+00  0.000E+00
 6    7  2   2.25538 0.450  10.0  90 270  1.2110E-07  8.4666E-11  8.3784E-03   0 999 999 999  1.222E+03  0.000E+00  0.000E+00  0.000E+00
 6    7  2   2.25538 0.500  10.0  90 270  1.2152E-07  1.6376E-10  1.1665E-02   0 999 999 999  8.814E+02  0.000E+00  0.000E+00  0.000E+00
 6    7  2   2.25538 0.550  10.0  90 270  1.2200E-07  2.8321E-10  1.5366E-02   0 999 999 999  6.734E+02  0.000E+00  0.000E+00  0.000E+00
 6    7  2   2.25538 0.600  10.0  90 270  1.2253E-07  4.4775E-10  1.9362E-02   0 999 999 999  5.390E+02  0.000E+00  0.000E+00  0.000E+00
 6    7  2   2.25538 0.650  10.0  90 270  1.2310E-07  6.5609E-10  2.3499E-02   0 999 999 999  4.486E+02  0.000E+00  0.000E+00  0.000E+00
 6    7  2   2.25538 0.700  10.0  90 270  1.2373E-07  8.9863E-10  2.7577E-02   0 999 999 999  3.863E+02  0.000E+00  0.000E+00  0.000E+00
 6    7  2   2.25538 0.750  10.0  90 270  1.2442E-07  1.1553E-09  3.1347E-02   0 999 999 999  3.431E+02  0.000E+00  0.000E+00  0.000E+00
      
 6    8  3   2.70366 0.000  10.0  90 270  1.2232E-07  1.2468E-12  1.3329E-03   0 999 999 999  8.017E+03  0.000E+00  0.000E+00  0.000E+00
 6    8  3   2.70366 0.050  10.0  90 270  1.2230E-07  1.5836E-14  1.5018E-04 180 999 999 999  7.108E+04  0.000E+00  0.000E+00  0.000E+00
 6    8  3   2.70366 0.100  10.0  90 270  1.2237E-07  1.3403E-13  4.3699E-04 180 999 999 999  2.445E+04  0.000E+00  0.000E+00  0.000E+00
 6    8  3   2.70366 0.150  10.0  90 270  1.2251E-07  6.8308E-14  3.1197E-04   0 999 999 999  3.425E+04  0.000E+00  0.000E+00  0.000E+00
 6    8  3   2.70366 0.200  10.0  90 270  1.2272E-07  1.9409E-14  1.6629E-04 180 999 999 999  6.425E+04  0.000E+00  0.000E+00  0.000E+00
 6    8  3   2.70366 0.250  10.0  90 270  1.2301E-07  3.8042E-12  2.3282E-03   0 999 999 999  4.590E+03  0.000E+00  0.000E+00  0.000E+00
 6    8  3   2.70366 0.300  10.0  90 270  1.2338E-07  2.3445E-11  5.7815E-03   0 999 999 999  1.850E+03  0.000E+00  0.000E+00  0.000E+00
 6    8  3   2.70366 0.350  10.0  90 270  1.2382E-07  7.8609E-11  1.0595E-02   0 999 999 999  1.013E+03  0.000E+00  0.000E+00  0.000E+00
 6    8  3   2.70366 0.400  10.0  90 270  1.2435E-07  1.9345E-10  1.6650E-02   0 999 999 999  6.491E+02  0.000E+00  0.000E+00  0.000E+00
 6    8  3   2.70366 0.450  10.0  90 270  1.2494E-07  3.8993E-10  2.3706E-02   0 999 999 999  4.610E+02  0.000E+00  0.000E+00  0.000E+00
 6    8  3   2.70366 0.500  10.0  90 270  1.2562E-07  6.7919E-10  3.1413E-02   0 999 999 999  3.534E+02  0.000E+00  0.000E+00  0.000E+00
 6    8  3   2.70366 0.550  10.0  90 270  1.2636E-07  1.0535E-09  3.9315E-02   0 999 999 999  2.876E+02  0.000E+00  0.000E+00  0.000E+00
 6    8  3   2.70366 0.600  10.0  90 270  1.2718E-07  1.4814E-09  4.6847E-02   0 999 999 999  2.458E+02  0.000E+00  0.000E+00  0.000E+00
 6    8  3   2.70366 0.650  10.0  90 270  1.2806E-07  1.9067E-09  5.1582E-02   0 999 999 999  2.188E+02  0.000E+00  0.000E+00  0.000E+00
 6    8  3   2.70366 0.700  10.0  90 270  1.2898E-07  2.2516E-09  4.7527E-02   0 999 999 999  2.019E+02  0.000E+00  0.000E+00  0.000E+00
 6    8  3   2.70366 0.750  10.0  90 270  1.2993E-07  2.4233E-09  3.9118E-02   0 999 999 999  1.931E+02  0.000E+00  0.000E+00  0.000E+00
      
 6    9  4   3.02791 0.000  10.0  90 270  1.2497E-07  2.4636E-12  2.2206E-03   0 999 999 999  4.791E+03  0.000E+00  0.000E+00  0.000E+00
 6    9  4   3.02791 0.050  10.0  90 270  1.2494E-07  3.5517E-13  8.4308E-04 180 999 999 999  1.262E+04  0.000E+00  0.000E+00  0.000E+00
 6    9  4   3.02791 0.100  10.0  90 270  1.2502E-07  1.0672E-13  4.6215E-04 180 999 999 999  2.301E+04  0.000E+00  0.000E+00  0.000E+00
 6    9  4   3.02791 0.150  10.0  90 270  1.2520E-07  7.9980E-14  4.0008E-04   0 999 999 999  2.659E+04  0.000E+00  0.000E+00  0.000E+00
 6    9  4   3.02791 0.200  10.0  90 270  1.2549E-07  2.1781E-13  6.6021E-04   0 999 999 999  1.611E+04  0.000E+00  0.000E+00  0.000E+00
 6    9  4   3.02791 0.250  10.0  90 270  1.2588E-07  1.5559E-11  5.5811E-03   0 999 999 999  1.907E+03  0.000E+00  0.000E+00  0.000E+00
 6    9  4   3.02791 0.300  10.0  90 270  1.2637E-07  8.0530E-11  1.2710E-02   0 999 999 999  8.407E+02  0.000E+00  0.000E+00  0.000E+00
 6    9  4   3.02791 0.350  10.0  90 270  1.2697E-07  2.4092E-10  2.2037E-02   0 999 999 999  4.896E+02  0.000E+00  0.000E+00  0.000E+00
 6    9  4   3.02791 0.400  10.0  90 270  1.2766E-07  5.3471E-10  3.2976E-02   0 999 999 999  3.329E+02  0.000E+00  0.000E+00  0.000E+00
 6    9  4   3.02791 0.450  10.0  90 270  1.2843E-07  9.6823E-10  4.4648E-02   0 999 999 999  2.517E+02  0.000E+00  0.000E+00  0.000E+00
 6    9  4   3.02791 0.500  10.0  90 270  1.2928E-07  1.4989E-09  4.9175E-02   0 999 999 999  2.060E+02  0.000E+00  0.000E+00  0.000E+00
 6    9  4   3.02791 0.550  10.0  90 270  1.3018E-07  2.0324E-09  4.7577E-02   0 999 999 999  1.793E+02  0.000E+00  0.000E+00  0.000E+00
 6    9  4   3.02791 0.600  10.0  90 270  1.3110E-07  2.4348E-09  3.9852E-02   0 999 999 999  1.640E+02  0.000E+00  0.000E+00  0.000E+00
 6    9  4   3.02791 0.650  10.0  90 270  1.3198E-07  2.5531E-09  2.5587E-02   0 999 999 999  1.573E+02  0.000E+00  0.000E+00  0.000E+00
 6    9  4   3.02791 0.700  10.0  90 270  1.3276E-07  2.2481E-09  8.0661E-03   0 999 999 999  1.608E+02  0.000E+00  0.000E+00  0.000E+00
 6    9  4   3.02791 0.750  10.0  90 270  1.3337E-07  1.4522E-09  0.0000E+00   0 999 999 999  1.859E+02  0.000E+00  0.000E+00  0.000E+00
      
 6   10  3   2.32994 0.000  10.0  90 270  1.1986E-07  5.4023E-15  7.0187E-05   0 999 999 999  1.050E+05  0.000E+00  0.000E+00  0.000E+00
 6   10  3   2.32994 0.050  10.0  90 270  1.1985E-07  1.7778E-15  4.0263E-05 180 999 999 999  1.829E+05  0.000E+00  0.000E+00  0.000E+00
 6   10  3   2.32994 0.100  10.0  90 270  1.1990E-07  1.7394E-16  1.2594E-05   0 999 999 999  5.842E+05  0.000E+00  0.000E+00  0.000E+00
 6   10  3   2.32994 0.150  10.0  90 270  1.2000E-07  3.1367E-17  5.3481E-06 999 999 999 999  0.000E+00  0.000E+00  0.000E+00  0.000E+00
 6   10  3   2.32994 0.200  10.0  90 270  1.2014E-07  1.0992E-17  3.1660E-06 999 999 999 999  0.000E+00  0.000E+00  0.000E+00  0.000E+00
 6   10  3   2.32994 0.250  10.0  90 270  1.2034E-07  6.2486E-15  7.5485E-05   0 999 999 999  9.758E+04  0.000E+00  0.000E+00  0.000E+00
 6   10  3   2.32994 0.300  10.0  90 270  1.2059E-07  1.2716E-13  3.4053E-04   0 999 999 999  2.163E+04  0.000E+00  0.000E+00  0.000E+00
 6   10  3   2.32994 0.350  10.0  90 270  1.2090E-07  8.5888E-13  8.8499E-04   0 999 999 999  8.324E+03  0.000E+00  0.000E+00  0.000E+00
 6   10  3   2.32994 0.400  10.0  90 270  1.2125E-07  3.5204E-12  1.7918E-03   0 999 999 999  4.112E+03  0.000E+00  0.000E+00  0.000E+00
 6   10  3   2.32994 0.450  10.0  90 270  1.2166E-07  1.0671E-11  3.1201E-03   0 999 999 999  2.363E+03  0.000E+00  0.000E+00  0.000E+00
 6   10  3   2.32994 0.500  10.0  90 270  1.2212E-07  2.6240E-11  4.8940E-03   0 999 999 999  1.508E+03  0.000E+00  0.000E+00  0.000E+00
 6   10  3   2.32994 0.550  10.0  90 270  1.2264E-07  5.5054E-11  7.0926E-03   0 999 999 999  1.043E+03  0.000E+00  0.000E+00  0.000E+00
 6   10  3   2.32994 0.600  10.0  90 270  1.2321E-07  1.0155E-10  9.6406E-03   0 999 999 999  7.696E+02  0.000E+00  0.000E+00  0.000E+00
 6   10  3   2.32994 0.650  10.0  90 270  1.2384E-07  1.6767E-10  1.2401E-02   0 999 999 999  6.008E+02  0.000E+00  0.000E+00  0.000E+00
 6   10  3   2.32994 0.700  10.0  90 270  1.2452E-07  2.5025E-10  1.5167E-02   0 999 999 999  4.935E+02  0.000E+00  0.000E+00  0.000E+00
 6   10  3   2.32994 0.750  10.0  90 270  1.2526E-07  3.3858E-10  1.7660E-02   0 999 999 999  4.255E+02  0.000E+00  0.000E+00  0.000E+00
      
