 I WILL CALCULATE           19  RESONANCES   sigma = k*lambda - kp*lambda_p + (kp-k)*varpi
 pla  kp:k    a(au)    e     i     w  ln      <R>      <R>-R_min  width(au)  sigma_0          periods(yr)      RHTol=   3.0000000000000000     
 2    2  1   3.26707 0.000  10.0  90 270  6.0759E-07  7.8911E-09  1.3185E-02 180 999 999 999  6.745E+02  0.000E+00  0.000E+00  0.000E+00
 2    2  1   3.26707 0.050  10.0  90 270  6.0745E-07  2.2793E-08  0.0000E+00   0 999 999 999  1.785E+02  0.000E+00  0.000E+00  0.000E+00
 2    2  1   3.26707 0.100  10.0  90 270  6.0793E-07  5.1489E-08  0.0000E+00   0 999 999 999  1.353E+02  0.000E+00  0.000E+00  0.000E+00
 2    2  1   3.26707 0.150  10.0  90 270  6.0903E-07  7.6630E-08  0.0000E+00   0 999 999 999  1.212E+02  0.000E+00  0.000E+00  0.000E+00
 2    2  1   3.26707 0.200  10.0  90 270  6.1075E-07  9.8867E-08  1.9678E-01   0 999 999 999  1.149E+02  0.000E+00  0.000E+00  0.000E+00
 2    2  1   3.26707 0.250  10.0  90 270  6.1306E-07  1.1871E-07  2.9378E-01   0 999 999 999  1.117E+02  0.000E+00  0.000E+00  0.000E+00
 2    2  1   3.26707 0.300  10.0  90 270  6.1593E-07  1.3655E-07  3.7076E-01   0 999 999 999  1.101E+02  0.000E+00  0.000E+00  0.000E+00
 2    2  1   3.26707 0.350  10.0  90 270  6.1930E-07  1.5266E-07  4.3519E-01   0 999 999 999  1.093E+02  0.000E+00  0.000E+00  0.000E+00
 2    2  1   3.26707 0.400  10.0  90 270  6.2307E-07  1.6721E-07  5.0049E-01   0 999 999 999  1.089E+02  0.000E+00  0.000E+00  0.000E+00
 2    2  1   3.26707 0.450  10.0  90 270  6.2708E-07  1.8022E-07  5.5775E-01   0 999 999 999  1.087E+02  0.000E+00  0.000E+00  0.000E+00
 2    2  1   3.26707 0.500  10.0  90 270  6.3110E-07  1.9161E-07  5.6244E-01   0 999 999 999  1.085E+02  0.000E+00  0.000E+00  0.000E+00
 2    2  1   3.26707 0.550  10.0  90 270  6.3476E-07  2.0112E-07  5.3685E-01 999 999 999 999  0.000E+00  0.000E+00  0.000E+00  0.000E+00
 2    2  1   3.26707 0.600  10.0  90 270  6.3765E-07  2.0837E-07  5.1118E-01   0 999 999 999  1.077E+02  0.000E+00  0.000E+00  0.000E+00
 2    2  1   3.26707 0.650  10.0  90 270  6.3930E-07  2.1291E-07  4.7500E-01   0 999 999 999  1.069E+02  0.000E+00  0.000E+00  0.000E+00
 2    2  1   3.26707 0.700  10.0  90 270  6.3937E-07  2.1431E-07  4.4035E-01   0 999 999 999  1.058E+02  0.000E+00  0.000E+00  0.000E+00
 2    2  1   3.26707 0.750  10.0  90 270  6.3769E-07  2.1223E-07  4.0723E-01   0 999 999 999  1.043E+02  0.000E+00  0.000E+00  0.000E+00
      
 2    3  2   3.95777 0.000  10.0  90 270  6.5081E-07  5.4240E-08  0.0000E+00 180 999 999 999  9.369E+01  0.000E+00  0.000E+00  0.000E+00
 2    3  2   3.95777 0.050  10.0  90 270  6.5043E-07  1.7820E-08  0.0000E+00   0 180 999 999  1.451E+02  1.137E+02  0.000E+00  0.000E+00
 2    3  2   3.95777 0.100  10.0  90 270  6.5094E-07  3.5537E-08  0.0000E+00   0 999 999 999  9.710E+01  0.000E+00  0.000E+00  0.000E+00
 2    3  2   3.95777 0.150  10.0  90 270  6.5223E-07  6.8059E-08  0.0000E+00   0 999 999 999  8.854E+01  0.000E+00  0.000E+00  0.000E+00
 2    3  2   3.95777 0.200  10.0  90 270  6.5408E-07  9.4248E-08  0.0000E+00   0 999 999 999  8.605E+01  0.000E+00  0.000E+00  0.000E+00
 2    3  2   3.95777 0.250  10.0  90 270  6.5603E-07  1.1509E-07  0.0000E+00   0 999 999 999  8.513E+01  0.000E+00  0.000E+00  0.000E+00
 2    3  2   3.95777 0.300  10.0  90 270  6.5744E-07  1.3094E-07  0.0000E+00   0 999 999 999  8.441E+01  0.000E+00  0.000E+00  0.000E+00
 2    3  2   3.95777 0.350  10.0  90 270  6.5751E-07  1.4169E-07  2.9579E-01   0 999 999 999  8.330E+01  0.000E+00  0.000E+00  0.000E+00
 2    3  2   3.95777 0.400  10.0  90 270  6.5556E-07  1.4708E-07  3.8367E-01   0 999 999 999  8.155E+01  0.000E+00  0.000E+00  0.000E+00
 2    3  2   3.95777 0.450  10.0  90 270  6.5125E-07  1.4704E-07  3.2547E-01   0 999 999 999  7.903E+01  0.000E+00  0.000E+00  0.000E+00
 2    3  2   3.95777 0.500  10.0  90 270  6.4472E-07  1.4175E-07  2.6931E-01   0 180 999 999  7.570E+01  4.526E+02  0.000E+00  0.000E+00
 2    3  2   3.95777 0.550  10.0  90 270  6.3638E-07  1.3147E-07  2.0756E-01   0 180 999 999  7.160E+01  8.029E+01  0.000E+00  0.000E+00
 2    3  2   3.95777 0.600  10.0  90 270  6.2672E-07  1.1633E-07  1.4271E-01   0 180 999 999  6.681E+01  7.673E+01  0.000E+00  0.000E+00
 2    3  2   3.95777 0.650  10.0  90 270  6.1617E-07  9.6096E-08  5.9053E-02   0 180 999 999  6.151E+01  8.193E+01  0.000E+00  0.000E+00
 2    3  2   3.95777 0.700  10.0  90 270  6.0506E-07  7.0032E-08  0.0000E+00   0 180 999 999  5.606E+01  8.979E+01  0.000E+00  0.000E+00
 2    3  2   3.95777 0.750  10.0  90 270  5.9364E-07  3.6807E-08  0.0000E+00   0 180 999 999  5.137E+01  9.831E+01  0.000E+00  0.000E+00
      
 2    4  3   4.28107 0.000  10.0  90 270  6.7846E-07  6.2746E-08  0.0000E+00 180 999 999 999  6.498E+01  0.000E+00  0.000E+00  0.000E+00
 2    4  3   4.28107 0.050  10.0  90 270  6.7812E-07  2.0785E-08  0.0000E+00   0 180 999 999  7.866E+01  7.254E+01  0.000E+00  0.000E+00
 2    4  3   4.28107 0.100  10.0  90 270  6.7809E-07  4.5458E-08  0.0000E+00   0 999 999 999  6.500E+01  0.000E+00  0.000E+00  0.000E+00
 2    4  3   4.28107 0.150  10.0  90 270  6.7817E-07  7.9102E-08  0.0000E+00   0 999 999 999  6.335E+01  0.000E+00  0.000E+00  0.000E+00
 2    4  3   4.28107 0.200  10.0  90 270  6.7766E-07  1.0245E-07  0.0000E+00   0 999 999 999  6.330E+01  0.000E+00  0.000E+00  0.000E+00
 2    4  3   4.28107 0.250  10.0  90 270  6.7562E-07  1.1672E-07  0.0000E+00   0 999 999 999  6.289E+01  0.000E+00  0.000E+00  0.000E+00
 2    4  3   4.28107 0.300  10.0  90 270  6.7121E-07  1.2243E-07  0.0000E+00   0 999 999 999  6.149E+01  0.000E+00  0.000E+00  0.000E+00
 2    4  3   4.28107 0.350  10.0  90 270  6.6412E-07  1.1998E-07  0.0000E+00   0 999 999 999  5.891E+01  0.000E+00  0.000E+00  0.000E+00
 2    4  3   4.28107 0.400  10.0  90 270  6.5467E-07  1.0986E-07  9.0920E-02   0 180 999 999  5.521E+01  7.870E+01  0.000E+00  0.000E+00
 2    4  3   4.28107 0.450  10.0  90 270  6.4346E-07  9.2352E-08  0.0000E+00 180 999 999 999  6.352E+01  0.000E+00  0.000E+00  0.000E+00
 2    4  3   4.28107 0.500  10.0  90 270  6.3115E-07  6.7184E-08  0.0000E+00   0 180 999 999  4.550E+01  6.731E+01  0.000E+00  0.000E+00
 2    4  3   4.28107 0.550  10.0  90 270  6.1823E-07  3.3331E-08  0.0000E+00   0 180 999 999  4.094E+01  7.383E+01  0.000E+00  0.000E+00
 2    4  3   4.28107 0.600  10.0  90 270  6.0505E-07  3.4773E-08  0.0000E+00   0 180 999 999  4.058E+01  8.002E+01  0.000E+00  0.000E+00
 2    4  3   4.28107 0.650  10.0  90 270  5.9183E-07  4.7009E-08  0.0000E+00 180 999 999 999  8.433E+01  0.000E+00  0.000E+00  0.000E+00
 2    4  3   4.28107 0.700  10.0  90 270  5.7871E-07  5.3061E-08  0.0000E+00 180 999 999 999  8.582E+01  0.000E+00  0.000E+00  0.000E+00
 2    4  3   4.28107 0.750  10.0  90 270  5.6577E-07  5.3473E-08  8.7779E-02 180 999 999 999  8.413E+01  0.000E+00  0.000E+00  0.000E+00
      
 2    5  4   4.46929 0.000  10.0  90 270  6.9704E-07  6.7554E-08  0.0000E+00 180 999 999 999  5.059E+01  0.000E+00  0.000E+00  0.000E+00
 2    5  4   4.46929 0.050  10.0  90 270  6.9694E-07  2.2963E-08  0.0000E+00   0 180 999 999  5.433E+01  5.313E+01  0.000E+00  0.000E+00
 2    5  4   4.46929 0.100  10.0  90 270  6.9606E-07  5.1182E-08  0.0000E+00   0 180 999 999  5.002E+01  1.676E+02  0.000E+00  0.000E+00
 2    5  4   4.46929 0.150  10.0  90 270  6.9411E-07  8.2840E-08  0.0000E+00   0 999 999 999  5.057E+01  0.000E+00  0.000E+00  0.000E+00
 2    5  4   4.46929 0.200  10.0  90 270  6.9027E-07  1.0044E-07  0.0000E+00   0 999 999 999  5.077E+01  0.000E+00  0.000E+00  0.000E+00
 2    5  4   4.46929 0.250  10.0  90 270  6.8371E-07  1.0580E-07  0.0000E+00   0 999 999 999  4.956E+01  0.000E+00  0.000E+00  0.000E+00
 2    5  4   4.46929 0.300  10.0  90 270  6.7427E-07  1.0000E-07  0.0000E+00   0 999 999 999  4.677E+01  0.000E+00  0.000E+00  0.000E+00
 2    5  4   4.46929 0.350  10.0  90 270  6.6245E-07  8.3675E-08  0.0000E+00   0 180 999 999  4.264E+01  5.786E+01  0.000E+00  0.000E+00
 2    5  4   4.46929 0.400  10.0  90 270  6.4904E-07  5.6622E-08  0.0000E+00   0 180 999 999  3.784E+01  5.699E+01  0.000E+00  0.000E+00
 2    5  4   4.46929 0.450  10.0  90 270  6.3478E-07  1.9206E-08  0.0000E+00   0 180 999 999  3.418E+01  6.228E+01  0.000E+00  0.000E+00
 2    5  4   4.46929 0.500  10.0  90 270  6.2017E-07  3.8007E-08  0.0000E+00   0 180 999 999  4.517E+01  6.707E+01  0.000E+00  0.000E+00
 2    5  4   4.46929 0.550  10.0  90 270  6.0556E-07  4.7563E-08  0.0000E+00 180 999 999 999  6.931E+01  0.000E+00  0.000E+00  0.000E+00
 2    5  4   4.46929 0.600  10.0  90 270  5.9114E-07  4.9412E-08  0.0000E+00 180 999 999 999  6.826E+01  0.000E+00  0.000E+00  0.000E+00
 2    5  4   4.46929 0.650  10.0  90 270  5.7701E-07  4.4183E-08  0.0000E+00 180 999 999 999  6.428E+01  0.000E+00  0.000E+00  0.000E+00
 2    5  4   4.46929 0.700  10.0  90 270  5.6323E-07  3.1644E-08  0.0000E+00   0 180 999 999  8.822E+01  5.884E+01  0.000E+00  0.000E+00
 2    5  4   4.46929 0.750  10.0  90 270  5.4979E-07  1.0942E-08  0.0000E+00   0 180 999 999  8.398E+01  5.623E+01  0.000E+00  0.000E+00
      
 2    3  1   2.49324 0.000  10.0  90 270  5.7695E-07  8.9450E-10  3.1227E-02   0 999 999 999  7.986E+02  0.000E+00  0.000E+00  0.000E+00
 2    3  1   2.49324 0.050  10.0  90 270  5.7693E-07  2.8920E-09  5.6767E-02   0 999 999 999  4.586E+02  0.000E+00  0.000E+00  0.000E+00
 2    3  1   2.49324 0.100  10.0  90 270  5.7720E-07  3.3985E-09  6.1663E-02   0 999 999 999  4.256E+02  0.000E+00  0.000E+00  0.000E+00
 2    3  1   2.49324 0.150  10.0  90 270  5.7777E-07  2.4333E-09  5.2136E-02 999 999 999 999  0.000E+00  0.000E+00  0.000E+00  0.000E+00
 2    3  1   2.49324 0.200  10.0  90 270  5.7863E-07  4.2844E-12  2.2883E-03  93 267 999 999  6.005E+03  6.005E+03  0.000E+00  0.000E+00
 2    3  1   2.49324 0.250  10.0  90 270  5.7978E-07  3.7650E-09  6.5594E-02 180 999 999 999  4.174E+02  0.000E+00  0.000E+00  0.000E+00
 2    3  1   2.49324 0.300  10.0  90 270  5.8122E-07  8.7128E-09  1.0058E-01 180 999 999 999  2.806E+02  0.000E+00  0.000E+00  0.000E+00
 2    3  1   2.49324 0.350  10.0  90 270  5.8296E-07  1.4649E-08  1.2149E-01 180 999 999 999  2.224E+02  0.000E+00  0.000E+00  0.000E+00
 2    3  1   2.49324 0.400  10.0  90 270  5.8501E-07  2.1370E-08  1.3579E-01 180 999 999 999  1.897E+02  0.000E+00  0.000E+00  0.000E+00
 2    3  1   2.49324 0.450  10.0  90 270  5.8735E-07  2.8670E-08  1.5078E-01 180 999 999 999  1.691E+02  0.000E+00  0.000E+00  0.000E+00
 2    3  1   2.49324 0.500  10.0  90 270  5.9000E-07  3.6351E-08  1.6632E-01 180 999 999 999  1.550E+02  0.000E+00  0.000E+00  0.000E+00
 2    3  1   2.49324 0.550  10.0  90 270  5.9296E-07  4.4226E-08  1.8213E-01 180 999 999 999  1.449E+02  0.000E+00  0.000E+00  0.000E+00
 2    3  1   2.49324 0.600  10.0  90 270  5.9622E-07  5.2115E-08  1.9451E-01 180 999 999 999  1.373E+02  0.000E+00  0.000E+00  0.000E+00
 2    3  1   2.49324 0.650  10.0  90 270  5.9978E-07  5.9840E-08  2.0121E-01 180 999 999 999  1.313E+02  0.000E+00  0.000E+00  0.000E+00
 2    3  1   2.49324 0.700  10.0  90 270  6.0363E-07  6.7207E-08  2.0153E-01 180 999 999 999  1.264E+02  0.000E+00  0.000E+00  0.000E+00
 2    3  1   2.49324 0.750  10.0  90 270  6.0773E-07  7.3989E-08  1.9526E-01 180 999 999 999  1.221E+02  0.000E+00  0.000E+00  0.000E+00
      
 2    5  3   3.68931 0.000  10.0  90 270  6.3172E-07  1.6108E-09  0.0000E+00 180 999 999 999  2.527E+02  0.000E+00  0.000E+00  0.000E+00
 2    5  3   3.68931 0.050  10.0  90 270  6.3144E-07  4.4511E-09  0.0000E+00   0 999 999 999  1.858E+02  0.000E+00  0.000E+00  0.000E+00
 2    5  3   3.68931 0.100  10.0  90 270  6.3200E-07  3.4704E-09  0.0000E+00   0 999 999 999  2.101E+02  0.000E+00  0.000E+00  0.000E+00
 2    5  3   3.68931 0.150  10.0  90 270  6.3339E-07  4.1739E-09  0.0000E+00 999 999 999 999  0.000E+00  0.000E+00  0.000E+00  0.000E+00
 2    5  3   3.68931 0.200  10.0  90 270  6.3551E-07  1.6495E-08  0.0000E+00 180 999 999 999  1.008E+02  0.000E+00  0.000E+00  0.000E+00
 2    5  3   3.68931 0.250  10.0  90 270  6.3823E-07  3.0862E-08  0.0000E+00 180 999 999 999  8.033E+01  0.000E+00  0.000E+00  0.000E+00
 2    5  3   3.68931 0.300  10.0  90 270  6.4127E-07  4.5062E-08  0.0000E+00 180 999 999 999  7.164E+01  0.000E+00  0.000E+00  0.000E+00
 2    5  3   3.68931 0.350  10.0  90 270  6.4423E-07  5.7409E-08  0.0000E+00 180 999 999 999  6.694E+01  0.000E+00  0.000E+00  0.000E+00
 2    5  3   3.68931 0.400  10.0  90 270  6.4657E-07  6.6564E-08  9.2887E-02 999 999 999 999  0.000E+00  0.000E+00  0.000E+00  0.000E+00
 2    5  3   3.68931 0.450  10.0  90 270  6.4763E-07  7.1365E-08  7.0427E-02 999 999 999 999  0.000E+00  0.000E+00  0.000E+00  0.000E+00
 2    5  3   3.68931 0.500  10.0  90 270  6.4688E-07  7.0806E-08  7.0489E-03 180 999 999 999  5.754E+01  0.000E+00  0.000E+00  0.000E+00
 2    5  3   3.68931 0.550  10.0  90 270  6.4402E-07  6.4093E-08  0.0000E+00 180 999 999 999  5.429E+01  0.000E+00  0.000E+00  0.000E+00
 2    5  3   3.68931 0.600  10.0  90 270  6.3912E-07  5.0647E-08  0.0000E+00   0 180 999 999  1.630E+02  5.132E+01  0.000E+00  0.000E+00
 2    5  3   3.68931 0.650  10.0  90 270  6.3248E-07  3.0121E-08  0.0000E+00   0 180 999 999  9.360E+01  5.010E+01  0.000E+00  0.000E+00
 2    5  3   3.68931 0.700  10.0  90 270  6.2448E-07  1.2642E-08  0.0000E+00   0 180 999 999  8.545E+01  5.685E+01  0.000E+00  0.000E+00
 2    5  3   3.68931 0.750  10.0  90 270  6.1548E-07  2.6651E-08  0.0000E+00   0 999 999 999  8.359E+01  0.000E+00  0.000E+00  0.000E+00
      
 2    7  5   4.14406 0.000  10.0  90 270  6.6608E-07  2.4082E-09  0.0000E+00   0 180 999 999  2.411E+02  1.214E+02  0.000E+00  0.000E+00
 2    7  5   4.14406 0.050  10.0  90 270  6.6569E-07  8.2049E-09  0.0000E+00   0 999 999 999  9.474E+01  0.000E+00  0.000E+00  0.000E+00
 2    7  5   4.14406 0.100  10.0  90 270  6.6599E-07  5.0435E-09  0.0000E+00   0 999 999 999  1.153E+02  0.000E+00  0.000E+00  0.000E+00
 2    7  5   4.14406 0.150  10.0  90 270  6.6682E-07  1.0400E-08  0.0000E+00 180 999 999 999  7.831E+01  0.000E+00  0.000E+00  0.000E+00
 2    7  5   4.14406 0.200  10.0  90 270  6.6773E-07  2.8801E-08  0.0000E+00 180 999 999 999  5.506E+01  0.000E+00  0.000E+00  0.000E+00
 2    7  5   4.14406 0.250  10.0  90 270  6.6794E-07  4.3649E-08  0.0000E+00 180 999 999 999  4.899E+01  0.000E+00  0.000E+00  0.000E+00
 2    7  5   4.14406 0.300  10.0  90 270  6.6654E-07  5.1395E-08  0.0000E+00 180 999 999 999  4.586E+01  0.000E+00  0.000E+00  0.000E+00
 2    7  5   4.14406 0.350  10.0  90 270  6.6284E-07  5.0160E-08  0.0000E+00 180 999 999 999  4.307E+01  0.000E+00  0.000E+00  0.000E+00
 2    7  5   4.14406 0.400  10.0  90 270  6.5660E-07  3.8893E-08  0.0000E+00 180 999 999 999  4.052E+01  0.000E+00  0.000E+00  0.000E+00
 2    7  5   4.14406 0.450  10.0  90 270  6.4813E-07  1.7280E-08  0.0000E+00   0 999 999 999  7.268E+01  0.000E+00  0.000E+00  0.000E+00
 2    7  5   4.14406 0.500  10.0  90 270  6.3797E-07  1.7003E-08  0.0000E+00   0 180 999 999  6.326E+01  8.122E+01  0.000E+00  0.000E+00
 2    7  5   4.14406 0.550  10.0  90 270  6.2670E-07  2.7545E-08  0.0000E+00   0 999 999 999  6.082E+01  0.000E+00  0.000E+00  0.000E+00
 2    7  5   4.14406 0.600  10.0  90 270  6.1475E-07  2.9609E-08  0.0000E+00   0 999 999 999  5.834E+01  0.000E+00  0.000E+00  0.000E+00
 2    7  5   4.14406 0.650  10.0  90 270  6.0245E-07  2.3426E-08  0.0000E+00   0 999 999 999  5.578E+01  0.000E+00  0.000E+00  0.000E+00
 2    7  5   4.14406 0.700  10.0  90 270  5.9002E-07  9.3004E-09  0.0000E+00   0 180 999 999  5.886E+01  9.841E+01  0.000E+00  0.000E+00
 2    7  5   4.14406 0.750  10.0  90 270  5.7759E-07  1.1269E-08  0.0000E+00 180 999 999 999  7.913E+01  0.000E+00  0.000E+00  0.000E+00
      
 2    9  7   4.38613 0.000  10.0  90 270  6.8862E-07  3.8400E-09  0.0000E+00   0 180 999 999  1.206E+02  7.095E+01  0.000E+00  0.000E+00
 2    9  7   4.38613 0.050  10.0  90 270  6.8837E-07  1.1258E-08  0.0000E+00   0 999 999 999  6.265E+01  0.000E+00  0.000E+00  0.000E+00
 2    9  7   4.38613 0.100  10.0  90 270  6.8795E-07  5.8209E-09  0.0000E+00   0 999 999 999  7.823E+01  0.000E+00  0.000E+00  0.000E+00
 2    9  7   4.38613 0.150  10.0  90 270  6.8706E-07  1.5680E-08  0.0000E+00 180 999 999 999  4.989E+01  0.000E+00  0.000E+00  0.000E+00
 2    9  7   4.38613 0.200  10.0  90 270  6.8492E-07  3.3286E-08  0.0000E+00 180 999 999 999  4.031E+01  0.000E+00  0.000E+00  0.000E+00
 2    9  7   4.38613 0.250  10.0  90 270  6.8054E-07  3.9649E-08  0.0000E+00 180 999 999 999  3.728E+01  0.000E+00  0.000E+00  0.000E+00
 2    9  7   4.38613 0.300  10.0  90 270  6.7340E-07  3.2230E-08  0.0000E+00 180 999 999 999  3.512E+01  0.000E+00  0.000E+00  0.000E+00
 2    9  7   4.38613 0.350  10.0  90 270  6.6364E-07  1.0637E-08  0.0000E+00 180 999 999 999  3.737E+01  0.000E+00  0.000E+00  0.000E+00
 2    9  7   4.38613 0.400  10.0  90 270  6.5189E-07  1.8095E-08  0.0000E+00   0 999 999 999  5.112E+01  0.000E+00  0.000E+00  0.000E+00
 2    9  7   4.38613 0.450  10.0  90 270  6.3888E-07  2.4830E-08  0.0000E+00   0 999 999 999  4.809E+01  0.000E+00  0.000E+00  0.000E+00
 2    9  7   4.38613 0.500  10.0  90 270  6.2520E-07  2.0016E-08  0.0000E+00   0 999 999 999  4.576E+01  0.000E+00  0.000E+00  0.000E+00
 2    9  7   4.38613 0.550  10.0  90 270  6.1127E-07  4.7517E-09  0.0000E+00   0 180 999 999  5.239E+01  7.624E+01  0.000E+00  0.000E+00
 2    9  7   4.38613 0.600  10.0  90 270  5.9734E-07  1.2619E-08  0.0000E+00 180 999 999 999  6.190E+01  0.000E+00  0.000E+00  0.000E+00
 2    9  7   4.38613 0.650  10.0  90 270  5.8357E-07  1.5106E-08  0.0000E+00 180 999 999 999  5.868E+01  0.000E+00  0.000E+00  0.000E+00
 2    9  7   4.38613 0.700  10.0  90 270  5.7004E-07  8.6475E-09  0.0000E+00 180 999 999 999  6.074E+01  0.000E+00  0.000E+00  0.000E+00
 2    9  7   4.38613 0.750  10.0  90 270  5.5680E-07  5.1111E-09  0.0000E+00   0 999 999 999  8.241E+01  0.000E+00  0.000E+00  0.000E+00
      
 2    4  1   2.05812 0.000  10.0  90 270  5.6520E-07  1.4078E-10  9.4025E-03   0 999 999 999  1.721E+03  0.000E+00  0.000E+00  0.000E+00
 2    4  1   2.05812 0.050  10.0  90 270  5.6520E-07  2.1293E-10  1.1569E-02   0 999 999 999  1.401E+03  0.000E+00  0.000E+00  0.000E+00
 2    4  1   2.05812 0.100  10.0  90 270  5.6539E-07  1.7616E-10  1.0522E-02   0 999 999 999  1.540E+03  0.000E+00  0.000E+00  0.000E+00
 2    4  1   2.05812 0.150  10.0  90 270  5.6575E-07  1.2104E-10  8.7219E-03   0 999 999 999  1.858E+03  0.000E+00  0.000E+00  0.000E+00
 2    4  1   2.05812 0.200  10.0  90 270  5.6629E-07  1.3748E-10  9.2954E-03   0 999 999 999  1.743E+03  0.000E+00  0.000E+00  0.000E+00
 2    4  1   2.05812 0.250  10.0  90 270  5.6700E-07  3.1194E-10  1.4004E-02   0 999 999 999  1.158E+03  0.000E+00  0.000E+00  0.000E+00
 2    4  1   2.05812 0.300  10.0  90 270  5.6790E-07  7.2402E-10  2.1351E-02   0 999 999 999  7.617E+02  0.000E+00  0.000E+00  0.000E+00
 2    4  1   2.05812 0.350  10.0  90 270  5.6898E-07  1.4425E-09  3.0179E-02   0 999 999 999  5.419E+02  0.000E+00  0.000E+00  0.000E+00
 2    4  1   2.05812 0.400  10.0  90 270  5.7024E-07  2.5214E-09  3.9986E-02   0 999 999 999  4.125E+02  0.000E+00  0.000E+00  0.000E+00
 2    4  1   2.05812 0.450  10.0  90 270  5.7168E-07  3.9963E-09  5.0488E-02   0 999 999 999  3.305E+02  0.000E+00  0.000E+00  0.000E+00
 2    4  1   2.05812 0.500  10.0  90 270  5.7331E-07  5.8811E-09  6.1480E-02   0 999 999 999  2.753E+02  0.000E+00  0.000E+00  0.000E+00
 2    4  1   2.05812 0.550  10.0  90 270  5.7514E-07  8.1663E-09  7.2775E-02   0 999 999 999  2.366E+02  0.000E+00  0.000E+00  0.000E+00
 2    4  1   2.05812 0.600  10.0  90 270  5.7715E-07  1.0817E-08  8.4057E-02   0 999 999 999  2.085E+02  0.000E+00  0.000E+00  0.000E+00
 2    4  1   2.05812 0.650  10.0  90 270  5.7937E-07  1.3773E-08  8.8227E-02   0 999 999 999  1.876E+02  0.000E+00  0.000E+00  0.000E+00
 2    4  1   2.05812 0.700  10.0  90 270  5.8178E-07  1.6944E-08  9.1744E-02   0 999 999 999  1.717E+02  0.000E+00  0.000E+00  0.000E+00
 2    4  1   2.05812 0.750  10.0  90 270  5.8440E-07  2.0210E-08  9.4782E-02   0 999 999 999  1.594E+02  0.000E+00  0.000E+00  0.000E+00
      
 2    5  2   2.81547 0.000  10.0  90 270  5.8796E-07  1.4636E-10  1.5327E-02   0 999 999 999  1.152E+03  0.000E+00  0.000E+00  0.000E+00
 2    5  2   2.81547 0.050  10.0  90 270  5.8791E-07  2.0371E-10  1.8113E-02   0 999 999 999  9.811E+02  0.000E+00  0.000E+00  0.000E+00
 2    5  2   2.81547 0.100  10.0  90 270  5.8826E-07  7.4171E-12  3.4378E-03 180 999 999 999  5.061E+03  0.000E+00  0.000E+00  0.000E+00
 2    5  2   2.81547 0.150  10.0  90 270  5.8902E-07  9.4202E-11  1.2314E-02 180 999 999 999  1.442E+03  0.000E+00  0.000E+00  0.000E+00
 2    5  2   2.81547 0.200  10.0  90 270  5.9019E-07  3.1809E-10  6.9895E-03   0 999 999 999  7.842E+02  0.000E+00  0.000E+00  0.000E+00
 2    5  2   2.81547 0.250  10.0  90 270  5.9177E-07  1.5481E-09  7.7471E-03   0 999 999 999  3.582E+02  0.000E+00  0.000E+00  0.000E+00
 2    5  2   2.81547 0.300  10.0  90 270  5.9376E-07  3.8124E-09  1.2648E-02   0 999 999 999  2.316E+02  0.000E+00  0.000E+00  0.000E+00
 2    5  2   2.81547 0.350  10.0  90 270  5.9615E-07  7.1926E-09  2.3219E-02   0 999 999 999  1.723E+02  0.000E+00  0.000E+00  0.000E+00
 2    5  2   2.81547 0.400  10.0  90 270  5.9895E-07  1.1624E-08  3.8589E-02   0 999 999 999  1.393E+02  0.000E+00  0.000E+00  0.000E+00
 2    5  2   2.81547 0.450  10.0  90 270  6.0214E-07  1.6910E-08  5.7990E-02   0 999 999 999  1.190E+02  0.000E+00  0.000E+00  0.000E+00
 2    5  2   2.81547 0.500  10.0  90 270  6.0571E-07  2.2754E-08  7.9823E-02   0 999 999 999  1.058E+02  0.000E+00  0.000E+00  0.000E+00
 2    5  2   2.81547 0.550  10.0  90 270  6.0963E-07  2.8788E-08  9.4089E-02   0 999 999 999  9.677E+01  0.000E+00  0.000E+00  0.000E+00
 2    5  2   2.81547 0.600  10.0  90 270  6.1384E-07  3.4597E-08  8.7629E-02   0 999 999 999  9.020E+01  0.000E+00  0.000E+00  0.000E+00
 2    5  2   2.81547 0.650  10.0  90 270  6.1826E-07  3.9713E-08  7.2830E-02   0 999 999 999  8.520E+01  0.000E+00  0.000E+00  0.000E+00
 2    5  2   2.81547 0.700  10.0  90 270  6.2275E-07  4.3604E-08  4.7703E-02   0 999 999 999  8.120E+01  0.000E+00  0.000E+00  0.000E+00
 2    5  2   2.81547 0.750  10.0  90 270  6.2714E-07  4.5633E-08  1.7873E-02   0 999 999 999  7.794E+01  0.000E+00  0.000E+00  0.000E+00
      
 2    7  4   3.57124 0.000  10.0  90 270  6.2431E-07  6.5016E-10  0.0000E+00   0 999 999 999  3.475E+02  0.000E+00  0.000E+00  0.000E+00
 2    7  4   3.57124 0.050  10.0  90 270  6.2407E-07  4.9498E-10  0.0000E+00   0 999 999 999  3.994E+02  0.000E+00  0.000E+00  0.000E+00
 2    7  4   3.57124 0.100  10.0  90 270  6.2462E-07  3.6965E-10  0.0000E+00 180 999 999 999  4.610E+02  0.000E+00  0.000E+00  0.000E+00
 2    7  4   3.57124 0.150  10.0  90 270  6.2595E-07  1.6691E-10  0.0000E+00 180 999 999 999  6.796E+02  0.000E+00  0.000E+00  0.000E+00
 2    7  4   3.57124 0.200  10.0  90 270  6.2801E-07  2.5138E-09  0.0000E+00   0 999 999 999  1.780E+02  0.000E+00  0.000E+00  0.000E+00
 2    7  4   3.57124 0.250  10.0  90 270  6.3071E-07  8.0993E-09  0.0000E+00   0 999 999 999  1.033E+02  0.000E+00  0.000E+00  0.000E+00
 2    7  4   3.57124 0.300  10.0  90 270  6.3389E-07  1.5865E-08  0.0000E+00   0 999 999 999  7.782E+01  0.000E+00  0.000E+00  0.000E+00
 2    7  4   3.57124 0.350  10.0  90 270  6.3730E-07  2.4306E-08  0.0000E+00   0 999 999 999  6.611E+01  0.000E+00  0.000E+00  0.000E+00
 2    7  4   3.57124 0.400  10.0  90 270  6.4056E-07  3.1671E-08  0.0000E+00   0 999 999 999  5.973E+01  0.000E+00  0.000E+00  0.000E+00
 2    7  4   3.57124 0.450  10.0  90 270  6.4315E-07  3.6264E-08  0.0000E+00 999 999 999 999  0.000E+00  0.000E+00  0.000E+00  0.000E+00
 2    7  4   3.57124 0.500  10.0  90 270  6.4449E-07  3.6563E-08  0.0000E+00   0 999 999 999  5.280E+01  0.000E+00  0.000E+00  0.000E+00
 2    7  4   3.57124 0.550  10.0  90 270  6.4408E-07  3.1341E-08  0.0000E+00   0 999 999 999  5.122E+01  0.000E+00  0.000E+00  0.000E+00
 2    7  4   3.57124 0.600  10.0  90 270  6.4167E-07  1.9981E-08  0.0000E+00   0 999 999 999  5.289E+01  0.000E+00  0.000E+00  0.000E+00
 2    7  4   3.57124 0.650  10.0  90 270  6.3731E-07  3.2687E-09  0.0000E+00   0 180 999 999  7.011E+01  9.748E+01  0.000E+00  0.000E+00
 2    7  4   3.57124 0.700  10.0  90 270  6.3126E-07  1.4464E-08  0.0000E+00 999 999 999 999  0.000E+00  0.000E+00  0.000E+00  0.000E+00
 2    7  4   3.57124 0.750  10.0  90 270  6.2385E-07  2.0652E-08  0.0000E+00 180 999 999 999  7.199E+01  0.000E+00  0.000E+00  0.000E+00
      
 2    8  5   3.79110 0.000  10.0  90 270  6.3857E-07  9.9710E-10  0.0000E+00   0 999 999 999  2.387E+02  0.000E+00  0.000E+00  0.000E+00
 2    8  5   3.79110 0.050  10.0  90 270  6.3825E-07  6.5624E-10  0.0000E+00   0 999 999 999  2.943E+02  0.000E+00  0.000E+00  0.000E+00
 2    8  5   3.79110 0.100  10.0  90 270  6.3882E-07  6.6224E-10  0.0000E+00 180 999 999 999  2.932E+02  0.000E+00  0.000E+00  0.000E+00
 2    8  5   3.79110 0.150  10.0  90 270  6.4022E-07  1.0740E-10  0.0000E+00 180 999 999 999  6.790E+02  0.000E+00  0.000E+00  0.000E+00
 2    8  5   3.79110 0.200  10.0  90 270  6.4233E-07  4.2382E-09  0.0000E+00   0 999 999 999  1.172E+02  0.000E+00  0.000E+00  0.000E+00
 2    8  5   3.79110 0.250  10.0  90 270  6.4492E-07  1.2027E-08  0.0000E+00   0 999 999 999  7.385E+01  0.000E+00  0.000E+00  0.000E+00
 2    8  5   3.79110 0.300  10.0  90 270  6.4760E-07  2.1047E-08  0.0000E+00   0 999 999 999  5.927E+01  0.000E+00  0.000E+00  0.000E+00
 2    8  5   3.79110 0.350  10.0  90 270  6.4982E-07  2.8481E-08  0.0000E+00   0 999 999 999  5.266E+01  0.000E+00  0.000E+00  0.000E+00
 2    8  5   3.79110 0.400  10.0  90 270  6.5089E-07  3.1817E-08  0.0000E+00   0 999 999 999  4.896E+01  0.000E+00  0.000E+00  0.000E+00
 2    8  5   3.79110 0.450  10.0  90 270  6.5017E-07  2.9145E-08  0.0000E+00   0 999 999 999  4.688E+01  0.000E+00  0.000E+00  0.000E+00
 2    8  5   3.79110 0.500  10.0  90 270  6.4728E-07  1.9410E-08  0.0000E+00 999 999 999 999  0.000E+00  0.000E+00  0.000E+00  0.000E+00
 2    8  5   3.79110 0.550  10.0  90 270  6.4223E-07  3.2655E-09  0.0000E+00   0 999 999 999  6.375E+01  0.000E+00  0.000E+00  0.000E+00
 2    8  5   3.79110 0.600  10.0  90 270  6.3533E-07  1.3740E-08  0.0000E+00 180 999 999 999  6.906E+01  0.000E+00  0.000E+00  0.000E+00
 2    8  5   3.79110 0.650  10.0  90 270  6.2699E-07  1.9263E-08  0.0000E+00 180 999 999 999  6.322E+01  0.000E+00  0.000E+00  0.000E+00
 2    8  5   3.79110 0.700  10.0  90 270  6.1761E-07  1.7827E-08  0.0000E+00 180 999 999 999  6.119E+01  0.000E+00  0.000E+00  0.000E+00
 2    8  5   3.79110 0.750  10.0  90 270  6.0752E-07  9.5445E-09  0.0000E+00 180 999 999 999  6.665E+01  0.000E+00  0.000E+00  0.000E+00
      
 2   10  7   4.08862 0.000  10.0  90 270  6.6135E-07  1.7792E-09  0.0000E+00   0 999 999 999  1.381E+02  0.000E+00  0.000E+00  0.000E+00
 2   10  7   4.08862 0.050  10.0  90 270  6.6096E-07  9.8625E-10  0.0000E+00   0 999 999 999  1.840E+02  0.000E+00  0.000E+00  0.000E+00
 2   10  7   4.08862 0.100  10.0  90 270  6.6134E-07  1.3906E-09  0.0000E+00 180 999 999 999  1.570E+02  0.000E+00  0.000E+00  0.000E+00
 2   10  7   4.08862 0.150  10.0  90 270  6.6236E-07  3.0989E-10  0.0000E+00   0 999 999 999  2.886E+02  0.000E+00  0.000E+00  0.000E+00
 2   10  7   4.08862 0.200  10.0  90 270  6.6365E-07  7.9510E-09  0.0000E+00   0 999 999 999  6.734E+01  0.000E+00  0.000E+00  0.000E+00
 2   10  7   4.08862 0.250  10.0  90 270  6.6452E-07  1.7499E-08  0.0000E+00   0 999 999 999  4.897E+01  0.000E+00  0.000E+00  0.000E+00
 2   10  7   4.08862 0.300  10.0  90 270  6.6413E-07  2.3344E-08  0.0000E+00   0 999 999 999  4.316E+01  0.000E+00  0.000E+00  0.000E+00
 2   10  7   4.08862 0.350  10.0  90 270  6.6167E-07  2.1572E-08  0.0000E+00   0 999 999 999  4.123E+01  0.000E+00  0.000E+00  0.000E+00
 2   10  7   4.08862 0.400  10.0  90 270  6.5675E-07  1.0672E-08  0.0000E+00 999 999 999 999  0.000E+00  0.000E+00  0.000E+00  0.000E+00
 2   10  7   4.08862 0.450  10.0  90 270  6.4949E-07  7.8291E-09  0.0000E+00 180 999 999 999  6.345E+01  0.000E+00  0.000E+00  0.000E+00
 2   10  7   4.08862 0.500  10.0  90 270  6.4033E-07  1.5400E-08  0.0000E+00 180 999 999 999  5.364E+01  0.000E+00  0.000E+00  0.000E+00
 2   10  7   4.08862 0.550  10.0  90 270  6.2984E-07  1.4316E-08  0.0000E+00 180 999 999 999  5.152E+01  0.000E+00  0.000E+00  0.000E+00
 2   10  7   4.08862 0.600  10.0  90 270  6.1850E-07  5.0797E-09  0.0000E+00   0 180 999 999  1.813E+02  6.217E+01  0.000E+00  0.000E+00
 2   10  7   4.08862 0.650  10.0  90 270  6.0665E-07  7.2938E-09  0.0000E+00   0 999 999 999  7.086E+01  0.000E+00  0.000E+00  0.000E+00
 2   10  7   4.08862 0.700  10.0  90 270  5.9456E-07  1.0219E-08  0.0000E+00   0 999 999 999  6.390E+01  0.000E+00  0.000E+00  0.000E+00
 2   10  7   4.08862 0.750  10.0  90 270  5.8239E-07  5.7097E-09  0.0000E+00   0 999 999 999  7.109E+01  0.000E+00  0.000E+00  0.000E+00
      
 2    7  3   2.94800 0.000  10.0  90 270  5.9317E-07  5.1905E-11  0.0000E+00   0 999 999 999  1.355E+03  0.000E+00  0.000E+00  0.000E+00
 2    7  3   2.94800 0.050  10.0  90 270  5.9309E-07  6.5039E-12  0.0000E+00   0 999 999 999  3.824E+03  0.000E+00  0.000E+00  0.000E+00
 2    7  3   2.94800 0.100  10.0  90 270  5.9348E-07  1.2972E-11  4.6910E-04 180 999 999 999  2.710E+03  0.000E+00  0.000E+00  0.000E+00
 2    7  3   2.94800 0.150  10.0  90 270  5.9434E-07  1.1386E-11  0.0000E+00   0 999 999 999  2.893E+03  0.000E+00  0.000E+00  0.000E+00
 2    7  3   2.94800 0.200  10.0  90 270  5.9566E-07  4.2238E-11  0.0000E+00 180 999 999 999  1.502E+03  0.000E+00  0.000E+00  0.000E+00
 2    7  3   2.94800 0.250  10.0  90 270  5.9744E-07  4.0245E-10  0.0000E+00 180 999 999 999  4.878E+02  0.000E+00  0.000E+00  0.000E+00
 2    7  3   2.94800 0.300  10.0  90 270  5.9968E-07  1.3417E-09  0.0000E+00 180 999 999 999  2.691E+02  0.000E+00  0.000E+00  0.000E+00
 2    7  3   2.94800 0.350  10.0  90 270  6.0237E-07  3.0900E-09  0.0000E+00 180 999 999 999  1.798E+02  0.000E+00  0.000E+00  0.000E+00
 2    7  3   2.94800 0.400  10.0  90 270  6.0550E-07  5.7469E-09  0.0000E+00 180 999 999 999  1.346E+02  0.000E+00  0.000E+00  0.000E+00
 2    7  3   2.94800 0.450  10.0  90 270  6.0905E-07  9.2219E-09  0.0000E+00 180 999 999 999  1.089E+02  0.000E+00  0.000E+00  0.000E+00
 2    7  3   2.94800 0.500  10.0  90 270  6.1296E-07  1.3224E-08  7.4508E-03 180 999 999 999  9.320E+01  0.000E+00  0.000E+00  0.000E+00
 2    7  3   2.94800 0.550  10.0  90 270  6.1717E-07  1.7289E-08  1.3919E-03 180 999 999 999  8.316E+01  0.000E+00  0.000E+00  0.000E+00
 2    7  3   2.94800 0.600  10.0  90 270  6.2156E-07  2.0825E-08  0.0000E+00 180 999 999 999  7.650E+01  0.000E+00  0.000E+00  0.000E+00
 2    7  3   2.94800 0.650  10.0  90 270  6.2594E-07  2.3149E-08  0.0000E+00 180 999 999 999  7.211E+01  0.000E+00  0.000E+00  0.000E+00
 2    7  3   2.94800 0.700  10.0  90 270  6.3008E-07  2.3515E-08  0.0000E+00 180 999 999 999  6.960E+01  0.000E+00  0.000E+00  0.000E+00
 2    7  3   2.94800 0.750  10.0  90 270  6.3367E-07  2.1186E-08  0.0000E+00 180 999 999 999  6.949E+01  0.000E+00  0.000E+00  0.000E+00
      
 2    9  5   3.50480 0.000  10.0  90 270  6.2038E-07  1.6158E-10  0.0000E+00   0 999 999 999  5.486E+02  0.000E+00  0.000E+00  0.000E+00
 2    9  5   3.50480 0.050  10.0  90 270  6.2016E-07  1.7035E-11  0.0000E+00 180 999 999 999  1.682E+03  0.000E+00  0.000E+00  0.000E+00
 2    9  5   3.50480 0.100  10.0  90 270  6.2070E-07  2.8136E-11  0.0000E+00 180 999 999 999  1.312E+03  0.000E+00  0.000E+00  0.000E+00
 2    9  5   3.50480 0.150  10.0  90 270  6.2199E-07  7.1017E-11  0.0000E+00   0 999 999 999  8.267E+02  0.000E+00  0.000E+00  0.000E+00
 2    9  5   3.50480 0.200  10.0  90 270  6.2399E-07  3.5245E-10  0.0000E+00 180 999 999 999  3.708E+02  0.000E+00  0.000E+00  0.000E+00
 2    9  5   3.50480 0.250  10.0  90 270  6.2663E-07  2.1174E-09  0.0000E+00 999 999 999 999  0.000E+00  0.000E+00  0.000E+00  0.000E+00
 2    9  5   3.50480 0.300  10.0  90 270  6.2980E-07  5.6373E-09  0.0000E+00 180 999 999 999  9.687E+01  0.000E+00  0.000E+00  0.000E+00
 2    9  5   3.50480 0.350  10.0  90 270  6.3332E-07  1.0488E-08  0.0000E+00 180 999 999 999  7.365E+01  0.000E+00  0.000E+00  0.000E+00
 2    9  5   3.50480 0.400  10.0  90 270  6.3688E-07  1.5452E-08  0.0000E+00 180 999 999 999  6.242E+01  0.000E+00  0.000E+00  0.000E+00
 2    9  5   3.50480 0.450  10.0  90 270  6.4006E-07  1.8905E-08  0.0000E+00 180 999 999 999  5.658E+01  0.000E+00  0.000E+00  0.000E+00
 2    9  5   3.50480 0.500  10.0  90 270  6.4232E-07  1.9220E-08  0.0000E+00 180 999 999 999  5.396E+01  0.000E+00  0.000E+00  0.000E+00
 2    9  5   3.50480 0.550  10.0  90 270  6.4314E-07  1.5172E-08  0.0000E+00 180 999 999 999  5.517E+01  0.000E+00  0.000E+00  0.000E+00
 2    9  5   3.50480 0.600  10.0  90 270  6.4211E-07  6.5830E-09  0.0000E+00 180 999 999 999  6.822E+01  0.000E+00  0.000E+00  0.000E+00
 2    9  5   3.50480 0.650  10.0  90 270  6.3914E-07  5.3001E-09  0.0000E+00   0 999 999 999  9.060E+01  0.000E+00  0.000E+00  0.000E+00
 2    9  5   3.50480 0.700  10.0  90 270  6.3433E-07  1.1242E-08  0.0000E+00   0 999 999 999  7.219E+01  0.000E+00  0.000E+00  0.000E+00
 2    9  5   3.50480 0.750  10.0  90 270  6.2799E-07  1.2026E-08  0.0000E+00 999 999 999 999  0.000E+00  0.000E+00  0.000E+00  0.000E+00
      
 2    7  2   2.24974 0.000  10.0  90 270  5.6997E-07  1.8104E-12  1.2191E-03   0 999 999 999  8.304E+03  0.000E+00  0.000E+00  0.000E+00
 2    7  2   2.24974 0.050  10.0  90 270  5.6997E-07  8.3581E-14  2.6193E-04   0 999 999 999  3.864E+04  0.000E+00  0.000E+00  0.000E+00
 2    7  2   2.24974 0.100  10.0  90 270  5.7019E-07  2.2983E-13  4.3436E-04 180 999 999 999  2.331E+04  0.000E+00  0.000E+00  0.000E+00
 2    7  2   2.24974 0.150  10.0  90 270  5.7063E-07  7.2145E-14  2.4336E-04   0 999 999 999  4.160E+04  0.000E+00  0.000E+00  0.000E+00
 2    7  2   2.24974 0.200  10.0  90 270  5.7130E-07  6.0784E-15  7.0639E-05 180 999 999 999  1.433E+05  0.000E+00  0.000E+00  0.000E+00
 2    7  2   2.24974 0.250  10.0  90 270  5.7219E-07  3.4495E-12  1.6828E-03   0 999 999 999  6.016E+03  0.000E+00  0.000E+00  0.000E+00
 2    7  2   2.24974 0.300  10.0  90 270  5.7330E-07  2.3341E-11  4.3776E-03   0 999 999 999  2.313E+03  0.000E+00  0.000E+00  0.000E+00
 2    7  2   2.24974 0.350  10.0  90 270  5.7465E-07  8.3843E-11  8.2983E-03   0 999 999 999  1.221E+03  0.000E+00  0.000E+00  0.000E+00
 2    7  2   2.24974 0.400  10.0  90 270  5.7622E-07  2.2023E-10  1.3455E-02   0 999 999 999  7.544E+02  0.000E+00  0.000E+00  0.000E+00
 2    7  2   2.24974 0.450  10.0  90 270  5.7802E-07  4.7574E-10  1.9790E-02   0 999 999 999  5.144E+02  0.000E+00  0.000E+00  0.000E+00
 2    7  2   2.24974 0.500  10.0  90 270  5.8006E-07  8.9528E-10  2.1480E-02   0 999 999 999  3.764E+02  0.000E+00  0.000E+00  0.000E+00
 2    7  2   2.24974 0.550  10.0  90 270  5.8234E-07  1.5163E-09  2.1822E-02   0 999 999 999  2.907E+02  0.000E+00  0.000E+00  0.000E+00
 2    7  2   2.24974 0.600  10.0  90 270  5.8486E-07  2.3578E-09  2.2367E-02   0 999 999 999  2.347E+02  0.000E+00  0.000E+00  0.000E+00
 2    7  2   2.24974 0.650  10.0  90 270  5.8762E-07  3.4085E-09  2.2711E-02   0 999 999 999  1.967E+02  0.000E+00  0.000E+00  0.000E+00
 2    7  2   2.24974 0.700  10.0  90 270  5.9064E-07  4.6160E-09  2.1412E-02   0 999 999 999  1.704E+02  0.000E+00  0.000E+00  0.000E+00
 2    7  2   2.24974 0.750  10.0  90 270  5.9390E-07  5.8779E-09  1.7288E-02   0 999 999 999  1.521E+02  0.000E+00  0.000E+00  0.000E+00
      
 2    8  3   2.69690 0.000  10.0  90 270  5.8365E-07  4.1555E-12  2.4242E-03   0 999 999 999  4.380E+03  0.000E+00  0.000E+00  0.000E+00
 2    8  3   2.69690 0.050  10.0  90 270  5.8361E-07  7.4181E-13  1.0242E-03 180 999 999 999  1.037E+04  0.000E+00  0.000E+00  0.000E+00
 2    8  3   2.69690 0.100  10.0  90 270  5.8394E-07  2.1878E-13  5.5622E-04 180 999 999 999  1.909E+04  0.000E+00  0.000E+00  0.000E+00
 2    8  3   2.69690 0.150  10.0  90 270  5.8462E-07  1.5121E-13  4.6242E-04   0 999 999 999  2.296E+04  0.000E+00  0.000E+00  0.000E+00
 2    8  3   2.69690 0.200  10.0  90 270  5.8567E-07  6.5954E-13  9.6575E-04   0 999 999 999  1.099E+04  0.000E+00  0.000E+00  0.000E+00
 2    8  3   2.69690 0.250  10.0  90 270  5.8708E-07  2.7938E-11  1.0913E-03   0 999 999 999  1.690E+03  0.000E+00  0.000E+00  0.000E+00
 2    8  3   2.69690 0.300  10.0  90 270  5.8885E-07  1.4642E-10  0.0000E+00   0 999 999 999  7.388E+02  0.000E+00  0.000E+00  0.000E+00
 2    8  3   2.69690 0.350  10.0  90 270  5.9099E-07  4.5595E-10  0.0000E+00   0 999 999 999  4.199E+02  0.000E+00  0.000E+00  0.000E+00
 2    8  3   2.69690 0.400  10.0  90 270  5.9350E-07  1.0730E-09  0.0000E+00   0 999 999 999  2.753E+02  0.000E+00  0.000E+00  0.000E+00
 2    8  3   2.69690 0.450  10.0  90 270  5.9637E-07  2.0972E-09  0.0000E+00   0 999 999 999  1.987E+02  0.000E+00  0.000E+00  0.000E+00
 2    8  3   2.69690 0.500  10.0  90 270  5.9959E-07  3.5700E-09  0.0000E+00   0 999 999 999  1.542E+02  0.000E+00  0.000E+00  0.000E+00
 2    8  3   2.69690 0.550  10.0  90 270  6.0317E-07  5.4388E-09  0.0000E+00   0 999 999 999  1.267E+02  0.000E+00  0.000E+00  0.000E+00
 2    8  3   2.69690 0.600  10.0  90 270  6.0707E-07  7.5365E-09  0.0000E+00   0 999 999 999  1.091E+02  0.000E+00  0.000E+00  0.000E+00
 2    8  3   2.69690 0.650  10.0  90 270  6.1126E-07  9.5807E-09  0.0000E+00   0 999 999 999  9.763E+01  0.000E+00  0.000E+00  0.000E+00
 2    8  3   2.69690 0.700  10.0  90 270  6.1567E-07  1.1191E-08  0.0000E+00   0 999 999 999  9.048E+01  0.000E+00  0.000E+00  0.000E+00
 2    8  3   2.69690 0.750  10.0  90 270  6.2020E-07  1.1919E-08  0.0000E+00   0 999 999 999  8.684E+01  0.000E+00  0.000E+00  0.000E+00
      
 2    9  4   3.02034 0.000  10.0  90 270  5.9619E-07  7.8169E-12  0.0000E+00   0 999 999 999  2.683E+03  0.000E+00  0.000E+00  0.000E+00
 2    9  4   3.02034 0.050  10.0  90 270  5.9610E-07  2.4400E-12  0.0000E+00 180 999 999 999  4.801E+03  0.000E+00  0.000E+00  0.000E+00
 2    9  4   3.02034 0.100  10.0  90 270  5.9651E-07  4.5269E-13  0.0000E+00   0 999 999 999  1.115E+04  0.000E+00  0.000E+00  0.000E+00
 2    9  4   3.02034 0.150  10.0  90 270  5.9742E-07  5.2601E-13  0.0000E+00 180 999 999 999  1.034E+04  0.000E+00  0.000E+00  0.000E+00
 2    9  4   3.02034 0.200  10.0  90 270  5.9883E-07  4.9007E-12  0.0000E+00   0 999 999 999  3.388E+03  0.000E+00  0.000E+00  0.000E+00
 2    9  4   3.02034 0.250  10.0  90 270  6.0073E-07  1.0592E-10  0.0000E+00   0 999 999 999  7.293E+02  0.000E+00  0.000E+00  0.000E+00
 2    9  4   3.02034 0.300  10.0  90 270  6.0311E-07  4.8041E-10  0.0000E+00   0 999 999 999  3.436E+02  0.000E+00  0.000E+00  0.000E+00
 2    9  4   3.02034 0.350  10.0  90 270  6.0597E-07  1.3483E-09  0.0000E+00   0 999 999 999  2.068E+02  0.000E+00  0.000E+00  0.000E+00
 2    9  4   3.02034 0.400  10.0  90 270  6.0928E-07  2.8749E-09  0.0000E+00   0 999 999 999  1.436E+02  0.000E+00  0.000E+00  0.000E+00
 2    9  4   3.02034 0.450  10.0  90 270  6.1300E-07  5.0592E-09  0.0000E+00   0 999 999 999  1.102E+02  0.000E+00  0.000E+00  0.000E+00
 2    9  4   3.02034 0.500  10.0  90 270  6.1706E-07  7.6621E-09  0.0000E+00   0 999 999 999  9.122E+01  0.000E+00  0.000E+00  0.000E+00
 2    9  4   3.02034 0.550  10.0  90 270  6.2135E-07  1.0205E-08  0.0000E+00   0 999 999 999  8.001E+01  0.000E+00  0.000E+00  0.000E+00
 2    9  4   3.02034 0.600  10.0  90 270  6.2570E-07  1.2032E-08  0.0000E+00   0 999 999 999  7.362E+01  0.000E+00  0.000E+00  0.000E+00
 2    9  4   3.02034 0.650  10.0  90 270  6.2985E-07  1.2412E-08  0.0000E+00   0 999 999 999  7.101E+01  0.000E+00  0.000E+00  0.000E+00
 2    9  4   3.02034 0.700  10.0  90 270  6.3350E-07  1.0697E-08  0.0000E+00   0 999 999 999  7.310E+01  0.000E+00  0.000E+00  0.000E+00
 2    9  4   3.02034 0.750  10.0  90 270  6.3627E-07  6.6151E-09  0.0000E+00   0 999 999 999  8.588E+01  0.000E+00  0.000E+00  0.000E+00
      
 2   10  3   2.32412 0.000  10.0  90 270  5.7199E-07  6.2959E-15  7.5486E-05   0 999 999 999  9.697E+04  0.000E+00  0.000E+00  0.000E+00
 2   10  3   2.32412 0.050  10.0  90 270  5.7199E-07  5.2430E-15  6.8885E-05 180 999 999 999  1.063E+05  0.000E+00  0.000E+00  0.000E+00
 2   10  3   2.32412 0.100  10.0  90 270  5.7222E-07  1.2561E-15  3.3717E-05   0 999 999 999  2.170E+05  0.000E+00  0.000E+00  0.000E+00
 2   10  3   2.32412 0.150  10.0  90 270  5.7270E-07  2.7292E-16  1.5716E-05 180 999 999 999  4.663E+05  0.000E+00  0.000E+00  0.000E+00
 2   10  3   2.32412 0.200  10.0  90 270  5.7342E-07  2.9532E-16  1.6349E-05 180 999 999 999  4.504E+05  0.000E+00  0.000E+00  0.000E+00
 2   10  3   2.32412 0.250  10.0  90 270  5.7438E-07  6.7134E-14  2.4649E-04 999 999 999 999  0.000E+00  0.000E+00  0.000E+00  0.000E+00
 2   10  3   2.32412 0.300  10.0  90 270  5.7559E-07  9.8138E-13  9.4245E-04 999 999 999 999  0.000E+00  0.000E+00  0.000E+00  0.000E+00
 2   10  3   2.32412 0.350  10.0  90 270  5.7705E-07  5.7912E-12  2.2894E-03   0 999 999 999  3.198E+03  0.000E+00  0.000E+00  0.000E+00
 2   10  3   2.32412 0.400  10.0  90 270  5.7875E-07  2.1969E-11  4.4594E-03   0 999 999 999  1.642E+03  0.000E+00  0.000E+00  0.000E+00
 2   10  3   2.32412 0.450  10.0  90 270  5.8071E-07  6.3261E-11  4.2293E-03   0 999 999 999  9.682E+02  0.000E+00  0.000E+00  0.000E+00
 2   10  3   2.32412 0.500  10.0  90 270  5.8293E-07  1.4989E-10  2.3181E-03   0 999 999 999  6.296E+02  0.000E+00  0.000E+00  0.000E+00
 2   10  3   2.32412 0.550  10.0  90 270  5.8540E-07  3.0567E-10  4.3386E-04 999 999 999 999  0.000E+00  0.000E+00  0.000E+00  0.000E+00
 2   10  3   2.32412 0.600  10.0  90 270  5.8814E-07  5.5119E-10  0.0000E+00   0 999 999 999  3.298E+02  0.000E+00  0.000E+00  0.000E+00
 2   10  3   2.32412 0.650  10.0  90 270  5.9114E-07  8.9315E-10  0.0000E+00   0 999 999 999  2.599E+02  0.000E+00  0.000E+00  0.000E+00
 2   10  3   2.32412 0.700  10.0  90 270  5.9440E-07  1.3119E-09  0.0000E+00   0 999 999 999  2.152E+02  0.000E+00  0.000E+00  0.000E+00
 2   10  3   2.32412 0.750  10.0  90 270  5.9793E-07  1.7505E-09  0.0000E+00   0 999 999 999  1.869E+02  0.000E+00  0.000E+00  0.000E+00
      
