 I WILL CALCULATE           19  RESONANCES   sigma = k*lambda - kp*lambda_p + (kp-k)*varpi
 pla  kp:k    a(au)    e     i     w  ln      <R>      <R>-R_min  width(au)  sigma_0          periods(yr)      RHTol=   3.0000000000000000     
 5    2  1   3.27525 0.000  10.0  90 270  1.2736E-07  1.6728E-09  6.9710E-02 180 999 999 999  1.451E+03  0.000E+00  0.000E+00  0.000E+00
 5    2  1   3.27525 0.050  10.0  90 270  1.2733E-07  4.8053E-09  1.0389E-01   0 999 999 999  3.892E+02  0.000E+00  0.000E+00  0.000E+00
 5    2  1   3.27525 0.100  10.0  90 270  1.2743E-07  1.0850E-08  1.6170E-01   0 999 999 999  2.953E+02  0.000E+00  0.000E+00  0.000E+00
 5    2  1   3.27525 0.150  10.0  90 270  1.2766E-07  1.6143E-08  2.0399E-01   0 999 999 999  2.648E+02  0.000E+00  0.000E+00  0.000E+00
 5    2  1   3.27525 0.200  10.0  90 270  1.2802E-07  2.0823E-08  2.3994E-01   0 999 999 999  2.511E+02  0.000E+00  0.000E+00  0.000E+00
 5    2  1   3.27525 0.250  10.0  90 270  1.2851E-07  2.4998E-08  2.7272E-01   0 999 999 999  2.444E+02  0.000E+00  0.000E+00  0.000E+00
 5    2  1   3.27525 0.300  10.0  90 270  1.2911E-07  2.8750E-08  3.0376E-01   0 999 999 999  2.409E+02  0.000E+00  0.000E+00  0.000E+00
 5    2  1   3.27525 0.350  10.0  90 270  1.2982E-07  3.2137E-08  3.3045E-01   0 999 999 999  2.392E+02  0.000E+00  0.000E+00  0.000E+00
 5    2  1   3.27525 0.400  10.0  90 270  1.3061E-07  3.5193E-08  3.4489E-01   0 999 999 999  2.383E+02  0.000E+00  0.000E+00  0.000E+00
 5    2  1   3.27525 0.450  10.0  90 270  1.3145E-07  3.7924E-08  3.5467E-01   0 999 999 999  2.378E+02  0.000E+00  0.000E+00  0.000E+00
 5    2  1   3.27525 0.500  10.0  90 270  1.3229E-07  4.0309E-08  3.5350E-01   0 999 999 999  2.374E+02  0.000E+00  0.000E+00  0.000E+00
 5    2  1   3.27525 0.550  10.0  90 270  1.3304E-07  4.2293E-08  3.4331E-01   0 999 999 999  2.367E+02  0.000E+00  0.000E+00  0.000E+00
 5    2  1   3.27525 0.600  10.0  90 270  1.3363E-07  4.3796E-08  3.2724E-01   0 999 999 999  2.357E+02  0.000E+00  0.000E+00  0.000E+00
 5    2  1   3.27525 0.650  10.0  90 270  1.3395E-07  4.4722E-08  3.1106E-01   0 999 999 999  2.341E+02  0.000E+00  0.000E+00  0.000E+00
 5    2  1   3.27525 0.700  10.0  90 270  1.3393E-07  4.4983E-08  2.9238E-01   0 999 999 999  2.317E+02  0.000E+00  0.000E+00  0.000E+00
 5    2  1   3.27525 0.750  10.0  90 270  1.3354E-07  4.4512E-08  2.7497E-01   0 999 999 999  2.284E+02  0.000E+00  0.000E+00  0.000E+00
      
 5    3  2   3.96768 0.000  10.0  90 270  1.3649E-07  1.1450E-08  1.3803E-01 180 999 999 999  2.044E+02  0.000E+00  0.000E+00  0.000E+00
 5    3  2   3.96768 0.050  10.0  90 270  1.3641E-07  3.7619E-09  1.0672E-01   0 180 999 999  3.120E+02  2.474E+02  0.000E+00  0.000E+00
 5    3  2   3.96768 0.100  10.0  90 270  1.3651E-07  7.5417E-09  1.7254E-01   0 999 999 999  2.114E+02  0.000E+00  0.000E+00  0.000E+00
 5    3  2   3.96768 0.150  10.0  90 270  1.3678E-07  1.4394E-08  1.6823E-01   0 999 999 999  1.932E+02  0.000E+00  0.000E+00  0.000E+00
 5    3  2   3.96768 0.200  10.0  90 270  1.3716E-07  1.9904E-08  2.2577E-01   0 999 999 999  1.880E+02  0.000E+00  0.000E+00  0.000E+00
 5    3  2   3.96768 0.250  10.0  90 270  1.3756E-07  2.4279E-08  2.8030E-01   0 999 999 999  1.862E+02  0.000E+00  0.000E+00  0.000E+00
 5    3  2   3.96768 0.300  10.0  90 270  1.3783E-07  2.7592E-08  3.4163E-01 999 999 999 999  0.000E+00  0.000E+00  0.000E+00  0.000E+00
 5    3  2   3.96768 0.350  10.0  90 270  1.3781E-07  2.9820E-08  3.2261E-01   0 999 999 999  1.823E+02  0.000E+00  0.000E+00  0.000E+00
 5    3  2   3.96768 0.400  10.0  90 270  1.3735E-07  3.0915E-08  2.9201E-01 999 999 999 999  0.000E+00  0.000E+00  0.000E+00  0.000E+00
 5    3  2   3.96768 0.450  10.0  90 270  1.3641E-07  3.0866E-08  2.6412E-01 999 999 999 999  0.000E+00  0.000E+00  0.000E+00  0.000E+00
 5    3  2   3.96768 0.500  10.0  90 270  1.3499E-07  2.9718E-08  2.3566E-01   0 180 999 999  1.658E+02  5.463E+02  0.000E+00  0.000E+00
 5    3  2   3.96768 0.550  10.0  90 270  1.3321E-07  2.7531E-08  2.0597E-01   0 999 999 999  1.568E+02  0.000E+00  0.000E+00  0.000E+00
 5    3  2   3.96768 0.600  10.0  90 270  1.3116E-07  2.4331E-08  1.7704E-01   0 180 999 999  1.462E+02  1.672E+02  0.000E+00  0.000E+00
 5    3  2   3.96768 0.650  10.0  90 270  1.2892E-07  2.0069E-08  2.5542E-01   0 180 999 999  1.346E+02  1.791E+02  0.000E+00  0.000E+00
 5    3  2   3.96768 0.700  10.0  90 270  1.2658E-07  1.4586E-08  2.0694E-01   0 180 999 999  1.226E+02  1.966E+02  0.000E+00  0.000E+00
 5    3  2   3.96768 0.750  10.0  90 270  1.2417E-07  7.6005E-09  1.4355E-01   0 180 999 999  1.123E+02  2.155E+02  0.000E+00  0.000E+00
      
 5    4  3   4.29179 0.000  10.0  90 270  1.4233E-07  1.3278E-08  6.7118E-02 180 999 999 999  1.416E+02  0.000E+00  0.000E+00  0.000E+00
 5    4  3   4.29179 0.050  10.0  90 270  1.4226E-07  4.4142E-09  0.0000E+00   0 180 999 999  1.693E+02  1.574E+02  0.000E+00  0.000E+00
 5    4  3   4.29179 0.100  10.0  90 270  1.4225E-07  9.6624E-09  0.0000E+00   0 999 999 999  1.414E+02  0.000E+00  0.000E+00  0.000E+00
 5    4  3   4.29179 0.150  10.0  90 270  1.4225E-07  1.6746E-08  1.0620E-01   0 999 999 999  1.382E+02  0.000E+00  0.000E+00  0.000E+00
 5    4  3   4.29179 0.200  10.0  90 270  1.4211E-07  2.1641E-08  1.9031E-01 999 999 999 999  0.000E+00  0.000E+00  0.000E+00  0.000E+00
 5    4  3   4.29179 0.250  10.0  90 270  1.4164E-07  2.4610E-08  2.7633E-01   0 999 999 999  1.376E+02  0.000E+00  0.000E+00  0.000E+00
 5    4  3   4.29179 0.300  10.0  90 270  1.4066E-07  2.5767E-08  2.5523E-01   0 999 999 999  1.346E+02  0.000E+00  0.000E+00  0.000E+00
 5    4  3   4.29179 0.350  10.0  90 270  1.3911E-07  2.5208E-08  2.1631E-01   0 999 999 999  1.290E+02  0.000E+00  0.000E+00  0.000E+00
 5    4  3   4.29179 0.400  10.0  90 270  1.3708E-07  2.3044E-08  1.7449E-01   0 180 999 999  1.209E+02  1.668E+02  0.000E+00  0.000E+00
 5    4  3   4.29179 0.450  10.0  90 270  1.3470E-07  1.9339E-08  1.3274E-01   0 180 999 999  1.107E+02  1.380E+02  0.000E+00  0.000E+00
 5    4  3   4.29179 0.500  10.0  90 270  1.3209E-07  1.4034E-08  2.2264E-01 180 999 999 999  1.470E+02  0.000E+00  0.000E+00  0.000E+00
 5    4  3   4.29179 0.550  10.0  90 270  1.2936E-07  6.9094E-09  1.3588E-01   0 180 999 999  8.947E+01  1.616E+02  0.000E+00  0.000E+00
 5    4  3   4.29179 0.600  10.0  90 270  1.2658E-07  7.3494E-09  1.2239E-01   0 180 999 999  8.866E+01  1.753E+02  0.000E+00  0.000E+00
 5    4  3   4.29179 0.650  10.0  90 270  1.2380E-07  9.8881E-09  1.5756E-01 180 999 999 999  1.848E+02  0.000E+00  0.000E+00  0.000E+00
 5    4  3   4.29179 0.700  10.0  90 270  1.2104E-07  1.1134E-08  2.0009E-01 180 999 999 999  1.881E+02  0.000E+00  0.000E+00  0.000E+00
 5    4  3   4.29179 0.750  10.0  90 270  1.1832E-07  1.1201E-08  1.7186E-01 180 999 999 999  1.843E+02  0.000E+00  0.000E+00  0.000E+00
      
 5    5  4   4.48048 0.000  10.0  90 270  1.4625E-07  1.4322E-08  0.0000E+00 180 999 999 999  1.103E+02  0.000E+00  0.000E+00  0.000E+00
 5    5  4   4.48048 0.050  10.0  90 270  1.4624E-07  4.9013E-09  0.0000E+00   0 180 999 999  1.169E+02  1.151E+02  0.000E+00  0.000E+00
 5    5  4   4.48048 0.100  10.0  90 270  1.4604E-07  1.0893E-08  0.0000E+00   0 180 999 999  1.088E+02  3.119E+02  0.000E+00  0.000E+00
 5    5  4   4.48048 0.150  10.0  90 270  1.4559E-07  1.7546E-08  2.0169E-02   0 999 999 999  1.104E+02  0.000E+00  0.000E+00  0.000E+00
 5    5  4   4.48048 0.200  10.0  90 270  1.4473E-07  2.1215E-08  1.5999E-01   0 999 999 999  1.110E+02  0.000E+00  0.000E+00  0.000E+00
 5    5  4   4.48048 0.250  10.0  90 270  1.4329E-07  2.2296E-08  2.1089E-01   0 999 999 999  1.084E+02  0.000E+00  0.000E+00  0.000E+00
 5    5  4   4.48048 0.300  10.0  90 270  1.4125E-07  2.1031E-08  1.5632E-01   0 999 999 999  1.024E+02  0.000E+00  0.000E+00  0.000E+00
 5    5  4   4.48048 0.350  10.0  90 270  1.3872E-07  1.7562E-08  1.0250E-01   0 180 999 999  9.329E+01  1.246E+02  0.000E+00  0.000E+00
 5    5  4   4.48048 0.400  10.0  90 270  1.3587E-07  1.1851E-08  3.8918E-02   0 180 999 999  8.272E+01  1.242E+02  0.000E+00  0.000E+00
 5    5  4   4.48048 0.450  10.0  90 270  1.3285E-07  4.1080E-09  6.5522E-02 180 999 999 999  1.362E+02  0.000E+00  0.000E+00  0.000E+00
 5    5  4   4.48048 0.500  10.0  90 270  1.2976E-07  8.0213E-09  1.1497E-01   0 180 999 999  9.872E+01  1.469E+02  0.000E+00  0.000E+00
 5    5  4   4.48048 0.550  10.0  90 270  1.2668E-07  9.9983E-09  1.6250E-01 180 999 999 999  1.518E+02  0.000E+00  0.000E+00  0.000E+00
 5    5  4   4.48048 0.600  10.0  90 270  1.2365E-07  1.0363E-08  1.5290E-01 180 999 999 999  1.495E+02  0.000E+00  0.000E+00  0.000E+00
 5    5  4   4.48048 0.650  10.0  90 270  1.2068E-07  9.2477E-09  1.0604E-01 180 999 999 999  1.407E+02  0.000E+00  0.000E+00  0.000E+00
 5    5  4   4.48048 0.700  10.0  90 270  1.1779E-07  6.6004E-09  1.7967E-01   0 180 999 999  1.914E+02  1.287E+02  0.000E+00  0.000E+00
 5    5  4   4.48048 0.750  10.0  90 270  1.1497E-07  2.2396E-09  7.2709E-02   0 180 999 999  1.837E+02  1.230E+02  0.000E+00  0.000E+00
      
 5    3  1   2.49948 0.000  10.0  90 270  1.2089E-07  1.8940E-10  1.4422E-02 999 999 999 999  0.000E+00  0.000E+00  0.000E+00  0.000E+00
 5    3  1   2.49948 0.050  10.0  90 270  1.2089E-07  6.0986E-10  2.6166E-02   0 999 999 999  1.001E+03  0.000E+00  0.000E+00  0.000E+00
 5    3  1   2.49948 0.100  10.0  90 270  1.2095E-07  7.1545E-10  2.8399E-02   0 999 999 999  9.300E+02  0.000E+00  0.000E+00  0.000E+00
 5    3  1   2.49948 0.150  10.0  90 270  1.2107E-07  5.1024E-10  2.3964E-02   0 999 999 999  1.099E+03  0.000E+00  0.000E+00  0.000E+00
 5    3  1   2.49948 0.200  10.0  90 270  1.2125E-07  4.3246E-12  2.4295E-03 180 999 999 999  1.986E+04  0.000E+00  0.000E+00  0.000E+00
 5    3  1   2.49948 0.250  10.0  90 270  1.2149E-07  8.0138E-10  3.0378E-02 180 999 999 999  9.072E+02  0.000E+00  0.000E+00  0.000E+00
 5    3  1   2.49948 0.300  10.0  90 270  1.2179E-07  1.8472E-09  4.6491E-02 180 999 999 999  6.111E+02  0.000E+00  0.000E+00  0.000E+00
 5    3  1   2.49948 0.350  10.0  90 270  1.2216E-07  3.1013E-09  6.0859E-02 180 999 999 999  4.848E+02  0.000E+00  0.000E+00  0.000E+00
 5    3  1   2.49948 0.400  10.0  90 270  1.2259E-07  4.5206E-09  7.4362E-02 180 999 999 999  4.139E+02  0.000E+00  0.000E+00  0.000E+00
 5    3  1   2.49948 0.450  10.0  90 270  1.2309E-07  6.0615E-09  8.7268E-02 180 999 999 999  3.691E+02  0.000E+00  0.000E+00  0.000E+00
 5    3  1   2.49948 0.500  10.0  90 270  1.2365E-07  7.6824E-09  9.9664E-02 180 999 999 999  3.385E+02  0.000E+00  0.000E+00  0.000E+00
 5    3  1   2.49948 0.550  10.0  90 270  1.2427E-07  9.3436E-09  1.1154E-01 180 999 999 999  3.166E+02  0.000E+00  0.000E+00  0.000E+00
 5    3  1   2.49948 0.600  10.0  90 270  1.2496E-07  1.1007E-08  1.2281E-01 180 999 999 999  3.000E+02  0.000E+00  0.000E+00  0.000E+00
 5    3  1   2.49948 0.650  10.0  90 270  1.2571E-07  1.2636E-08  1.3329E-01 999 999 999 999  0.000E+00  0.000E+00  0.000E+00  0.000E+00
 5    3  1   2.49948 0.700  10.0  90 270  1.2652E-07  1.4189E-08  1.4271E-01 180 999 999 999  2.763E+02  0.000E+00  0.000E+00  0.000E+00
 5    3  1   2.49948 0.750  10.0  90 270  1.2738E-07  1.5618E-08  1.5068E-01 180 999 999 999  2.670E+02  0.000E+00  0.000E+00  0.000E+00
      
 5    5  3   3.69855 0.000  10.0  90 270  1.3245E-07  3.3127E-10  3.1877E-02 180 999 999 999  5.542E+02  0.000E+00  0.000E+00  0.000E+00
 5    5  3   3.69855 0.050  10.0  90 270  1.3239E-07  9.5223E-10  5.9220E-02   0 999 999 999  4.029E+02  0.000E+00  0.000E+00  0.000E+00
 5    5  3   3.69855 0.100  10.0  90 270  1.3251E-07  7.4014E-10  5.2183E-02   0 999 999 999  4.562E+02  0.000E+00  0.000E+00  0.000E+00
 5    5  3   3.69855 0.150  10.0  90 270  1.3280E-07  8.8727E-10  5.6048E-02 180 999 999 999  3.951E+02  0.000E+00  0.000E+00  0.000E+00
 5    5  3   3.69855 0.200  10.0  90 270  1.3325E-07  3.5036E-09  9.5570E-02 180 999 999 999  2.194E+02  0.000E+00  0.000E+00  0.000E+00
 5    5  3   3.69855 0.250  10.0  90 270  1.3381E-07  6.5470E-09  1.2055E-01 999 999 999 999  0.000E+00  0.000E+00  0.000E+00  0.000E+00
 5    5  3   3.69855 0.300  10.0  90 270  1.3445E-07  9.5470E-09  1.5220E-01 180 999 999 999  1.563E+02  0.000E+00  0.000E+00  0.000E+00
 5    5  3   3.69855 0.350  10.0  90 270  1.3506E-07  1.2146E-08  1.7962E-01 180 999 999 999  1.462E+02  0.000E+00  0.000E+00  0.000E+00
 5    5  3   3.69855 0.400  10.0  90 270  1.3553E-07  1.4062E-08  1.6888E-01 180 999 999 999  1.391E+02  0.000E+00  0.000E+00  0.000E+00
 5    5  3   3.69855 0.450  10.0  90 270  1.3572E-07  1.5050E-08  1.4568E-01 180 999 999 999  1.326E+02  0.000E+00  0.000E+00  0.000E+00
 5    5  3   3.69855 0.500  10.0  90 270  1.3552E-07  1.4902E-08  1.2054E-01 999 999 999 999  0.000E+00  0.000E+00  0.000E+00  0.000E+00
 5    5  3   3.69855 0.550  10.0  90 270  1.3488E-07  1.3456E-08  9.0554E-02 180 999 999 999  1.187E+02  0.000E+00  0.000E+00  0.000E+00
 5    5  3   3.69855 0.600  10.0  90 270  1.3382E-07  1.0597E-08  5.6403E-02   0 180 999 999  3.350E+02  1.121E+02  0.000E+00  0.000E+00
 5    5  3   3.69855 0.650  10.0  90 270  1.3239E-07  6.2512E-09  1.4904E-02   0 180 999 999  2.028E+02  1.094E+02  0.000E+00  0.000E+00
 5    5  3   3.69855 0.700  10.0  90 270  1.3069E-07  2.7398E-09  0.0000E+00   0 999 999 999  1.864E+02  0.000E+00  0.000E+00  0.000E+00
 5    5  3   3.69855 0.750  10.0  90 270  1.2878E-07  5.6520E-09  4.7994E-02 999 999 999 999  0.000E+00  0.000E+00  0.000E+00  0.000E+00
      
 5    7  5   4.15444 0.000  10.0  90 270  1.3971E-07  4.9168E-10  0.0000E+00   0 180 999 999  4.872E+02  2.647E+02  0.000E+00  0.000E+00
 5    7  5   4.15444 0.050  10.0  90 270  1.3963E-07  1.7665E-09  0.0000E+00   0 999 999 999  2.050E+02  0.000E+00  0.000E+00  0.000E+00
 5    7  5   4.15444 0.100  10.0  90 270  1.3969E-07  1.0879E-09  0.0000E+00   0 999 999 999  2.490E+02  0.000E+00  0.000E+00  0.000E+00
 5    7  5   4.15444 0.150  10.0  90 270  1.3986E-07  2.2112E-09  0.0000E+00 180 999 999 999  1.699E+02  0.000E+00  0.000E+00  0.000E+00
 5    7  5   4.15444 0.200  10.0  90 270  1.4003E-07  6.1196E-09  1.0928E-02 180 999 999 999  1.198E+02  0.000E+00  0.000E+00  0.000E+00
 5    7  5   4.15444 0.250  10.0  90 270  1.4004E-07  9.2527E-09  8.6476E-02 180 999 999 999  1.069E+02  0.000E+00  0.000E+00  0.000E+00
 5    7  5   4.15444 0.300  10.0  90 270  1.3971E-07  1.0867E-08  1.1142E-01 180 999 999 999  1.002E+02  0.000E+00  0.000E+00  0.000E+00
 5    7  5   4.15444 0.350  10.0  90 270  1.3888E-07  1.0576E-08  6.6452E-02 180 999 999 999  9.408E+01  0.000E+00  0.000E+00  0.000E+00
 5    7  5   4.15444 0.400  10.0  90 270  1.3752E-07  8.1703E-09  1.4803E-02 180 999 999 999  8.847E+01  0.000E+00  0.000E+00  0.000E+00
 5    7  5   4.15444 0.450  10.0  90 270  1.3570E-07  3.5880E-09  0.0000E+00   0 180 999 999  1.572E+02  8.904E+01  0.000E+00  0.000E+00
 5    7  5   4.15444 0.500  10.0  90 270  1.3354E-07  3.6285E-09  0.0000E+00   0 180 999 999  1.380E+02  1.800E+02  0.000E+00  0.000E+00
 5    7  5   4.15444 0.550  10.0  90 270  1.3115E-07  5.8166E-09  5.1865E-02   0 999 999 999  1.330E+02  0.000E+00  0.000E+00  0.000E+00
 5    7  5   4.15444 0.600  10.0  90 270  1.2862E-07  6.2231E-09  7.1026E-02 999 999 999 999  0.000E+00  0.000E+00  0.000E+00  0.000E+00
 5    7  5   4.15444 0.650  10.0  90 270  1.2603E-07  4.8994E-09  2.4147E-02   0 999 999 999  1.220E+02  0.000E+00  0.000E+00  0.000E+00
 5    7  5   4.15444 0.700  10.0  90 270  1.2341E-07  1.9092E-09  0.0000E+00   0 180 999 999  1.288E+02  2.124E+02  0.000E+00  0.000E+00
 5    7  5   4.15444 0.750  10.0  90 270  1.2080E-07  2.4005E-09  2.6429E-02 180 999 999 999  1.728E+02  0.000E+00  0.000E+00  0.000E+00
      
 5    9  7   4.39712 0.000  10.0  90 270  1.4447E-07  7.9159E-10  0.0000E+00   0 180 999 999  2.472E+02  1.537E+02  0.000E+00  0.000E+00
 5    9  7   4.39712 0.050  10.0  90 270  1.4443E-07  2.4364E-09  0.0000E+00   0 999 999 999  1.353E+02  0.000E+00  0.000E+00  0.000E+00
 5    9  7   4.39712 0.100  10.0  90 270  1.4433E-07  1.2693E-09  0.0000E+00   0 999 999 999  1.681E+02  0.000E+00  0.000E+00  0.000E+00
 5    9  7   4.39712 0.150  10.0  90 270  1.4411E-07  3.3391E-09  0.0000E+00 180 999 999 999  1.082E+02  0.000E+00  0.000E+00  0.000E+00
 5    9  7   4.39712 0.200  10.0  90 270  1.4362E-07  7.0743E-09  0.0000E+00 180 999 999 999  8.779E+01  0.000E+00  0.000E+00  0.000E+00
 5    9  7   4.39712 0.250  10.0  90 270  1.4265E-07  8.4003E-09  4.4804E-02 180 999 999 999  8.133E+01  0.000E+00  0.000E+00  0.000E+00
 5    9  7   4.39712 0.300  10.0  90 270  1.4109E-07  6.8043E-09  0.0000E+00 180 999 999 999  7.661E+01  0.000E+00  0.000E+00  0.000E+00
 5    9  7   4.39712 0.350  10.0  90 270  1.3899E-07  2.2151E-09  0.0000E+00   0 180 999 999  1.356E+02  8.137E+01  0.000E+00  0.000E+00
 5    9  7   4.39712 0.400  10.0  90 270  1.3648E-07  3.8494E-09  0.0000E+00   0 999 999 999  1.115E+02  0.000E+00  0.000E+00  0.000E+00
 5    9  7   4.39712 0.450  10.0  90 270  1.3372E-07  5.2398E-09  3.0811E-02   0 999 999 999  1.051E+02  0.000E+00  0.000E+00  0.000E+00
 5    9  7   4.39712 0.500  10.0  90 270  1.3082E-07  4.2000E-09  0.0000E+00   0 999 999 999  9.998E+01  0.000E+00  0.000E+00  0.000E+00
 5    9  7   4.39712 0.550  10.0  90 270  1.2789E-07  9.6423E-10  0.0000E+00   0 180 999 999  1.146E+02  1.648E+02  0.000E+00  0.000E+00
 5    9  7   4.39712 0.600  10.0  90 270  1.2495E-07  2.6761E-09  1.5946E-02 180 999 999 999  1.352E+02  0.000E+00  0.000E+00  0.000E+00
 5    9  7   4.39712 0.650  10.0  90 270  1.2206E-07  3.1755E-09  2.7298E-02 180 999 999 999  1.283E+02  0.000E+00  0.000E+00  0.000E+00
 5    9  7   4.39712 0.700  10.0  90 270  1.1922E-07  1.7962E-09  0.0000E+00 180 999 999 999  1.329E+02  0.000E+00  0.000E+00  0.000E+00
 5    9  7   4.39712 0.750  10.0  90 270  1.1644E-07  1.0987E-09  0.0000E+00   0 999 999 999  1.794E+02  0.000E+00  0.000E+00  0.000E+00
      
 5    4  1   2.06328 0.000  10.0  90 270  1.1842E-07  2.9771E-11  4.3401E-03   0 999 999 999  3.751E+03  0.000E+00  0.000E+00  0.000E+00
 5    4  1   2.06328 0.050  10.0  90 270  1.1842E-07  4.4859E-11  5.3300E-03   0 999 999 999  3.060E+03  0.000E+00  0.000E+00  0.000E+00
 5    4  1   2.06328 0.100  10.0  90 270  1.1846E-07  3.6991E-11  4.8399E-03   0 999 999 999  3.370E+03  0.000E+00  0.000E+00  0.000E+00
 5    4  1   2.06328 0.150  10.0  90 270  1.1853E-07  2.5341E-11  4.0058E-03   0 999 999 999  4.071E+03  0.000E+00  0.000E+00  0.000E+00
 5    4  1   2.06328 0.200  10.0  90 270  1.1865E-07  2.8942E-11  4.2810E-03   0 999 999 999  3.809E+03  0.000E+00  0.000E+00  0.000E+00
 5    4  1   2.06328 0.250  10.0  90 270  1.1880E-07  6.6095E-11  6.4706E-03   0 999 999 999  2.522E+03  0.000E+00  0.000E+00  0.000E+00
 5    4  1   2.06328 0.300  10.0  90 270  1.1899E-07  1.5364E-10  9.8726E-03   0 999 999 999  1.658E+03  0.000E+00  0.000E+00  0.000E+00
 5    4  1   2.06328 0.350  10.0  90 270  1.1921E-07  3.0613E-10  1.3955E-02   0 999 999 999  1.179E+03  0.000E+00  0.000E+00  0.000E+00
 5    4  1   2.06328 0.400  10.0  90 270  1.1948E-07  5.3497E-10  1.8489E-02   0 999 999 999  8.979E+02  0.000E+00  0.000E+00  0.000E+00
 5    4  1   2.06328 0.450  10.0  90 270  1.1978E-07  8.4766E-10  2.3342E-02   0 999 999 999  7.195E+02  0.000E+00  0.000E+00  0.000E+00
 5    4  1   2.06328 0.500  10.0  90 270  1.2013E-07  1.2471E-09  2.8421E-02   0 999 999 999  5.996E+02  0.000E+00  0.000E+00  0.000E+00
 5    4  1   2.06328 0.550  10.0  90 270  1.2051E-07  1.7312E-09  3.3640E-02   0 999 999 999  5.155E+02  0.000E+00  0.000E+00  0.000E+00
 5    4  1   2.06328 0.600  10.0  90 270  1.2094E-07  2.2927E-09  3.8916E-02   0 999 999 999  4.544E+02  0.000E+00  0.000E+00  0.000E+00
 5    4  1   2.06328 0.650  10.0  90 270  1.2140E-07  2.9184E-09  4.4159E-02   0 999 999 999  4.088E+02  0.000E+00  0.000E+00  0.000E+00
 5    4  1   2.06328 0.700  10.0  90 270  1.2191E-07  3.5898E-09  4.9266E-02   0 999 999 999  3.743E+02  0.000E+00  0.000E+00  0.000E+00
 5    4  1   2.06328 0.750  10.0  90 270  1.2246E-07  4.2810E-09  5.4107E-02   0 999 999 999  3.476E+02  0.000E+00  0.000E+00  0.000E+00
      
 5    5  2   2.82253 0.000  10.0  90 270  1.2322E-07  3.1568E-11  7.1453E-03   0 999 999 999  2.486E+03  0.000E+00  0.000E+00  0.000E+00
 5    5  2   2.82253 0.050  10.0  90 270  1.2320E-07  4.3218E-11  8.3744E-03 999 999 999 999  0.000E+00  0.000E+00  0.000E+00  0.000E+00
 5    5  2   2.82253 0.100  10.0  90 270  1.2328E-07  1.7965E-12  1.6991E-03 180 999 999 999  1.032E+04  0.000E+00  0.000E+00  0.000E+00
 5    5  2   2.82253 0.150  10.0  90 270  1.2344E-07  2.0087E-11  5.7077E-03 180 999 999 999  3.130E+03  0.000E+00  0.000E+00  0.000E+00
 5    5  2   2.82253 0.200  10.0  90 270  1.2369E-07  6.7881E-11  1.0491E-02   0 999 999 999  1.702E+03  0.000E+00  0.000E+00  0.000E+00
 5    5  2   2.82253 0.250  10.0  90 270  1.2402E-07  3.2968E-10  2.3181E-02   0 999 999 999  7.783E+02  0.000E+00  0.000E+00  0.000E+00
 5    5  2   2.82253 0.300  10.0  90 270  1.2444E-07  8.1113E-10  3.6546E-02   0 999 999 999  5.036E+02  0.000E+00  0.000E+00  0.000E+00
 5    5  2   2.82253 0.350  10.0  90 270  1.2494E-07  1.5292E-09  5.0569E-02   0 999 999 999  3.748E+02  0.000E+00  0.000E+00  0.000E+00
 5    5  2   2.82253 0.400  10.0  90 270  1.2553E-07  2.4699E-09  6.4929E-02   0 999 999 999  3.031E+02  0.000E+00  0.000E+00  0.000E+00
 5    5  2   2.82253 0.450  10.0  90 270  1.2621E-07  3.5911E-09  7.9250E-02   0 999 999 999  2.593E+02  0.000E+00  0.000E+00  0.000E+00
 5    5  2   2.82253 0.500  10.0  90 270  1.2696E-07  4.8295E-09  9.3111E-02   0 999 999 999  2.307E+02  0.000E+00  0.000E+00  0.000E+00
 5    5  2   2.82253 0.550  10.0  90 270  1.2778E-07  6.1071E-09  1.0601E-01   0 999 999 999  2.110E+02  0.000E+00  0.000E+00  0.000E+00
 5    5  2   2.82253 0.600  10.0  90 270  1.2867E-07  7.3353E-09  1.0958E-01   0 999 999 999  1.968E+02  0.000E+00  0.000E+00  0.000E+00
 5    5  2   2.82253 0.650  10.0  90 270  1.2959E-07  8.4152E-09  1.0757E-01   0 999 999 999  1.859E+02  0.000E+00  0.000E+00  0.000E+00
 5    5  2   2.82253 0.700  10.0  90 270  1.3053E-07  9.2333E-09  1.0073E-01   0 999 999 999  1.772E+02  0.000E+00  0.000E+00  0.000E+00
 5    5  2   2.82253 0.750  10.0  90 270  1.3145E-07  9.6541E-09  8.9493E-02   0 999 999 999  1.701E+02  0.000E+00  0.000E+00  0.000E+00
      
 5    7  4   3.58019 0.000  10.0  90 270  1.3089E-07  1.4092E-10  2.1586E-02   0 999 999 999  7.485E+02  0.000E+00  0.000E+00  0.000E+00
 5    7  4   3.58019 0.050  10.0  90 270  1.3084E-07  1.0564E-10  1.8707E-02   0 999 999 999  8.668E+02  0.000E+00  0.000E+00  0.000E+00
 5    7  4   3.58019 0.100  10.0  90 270  1.3095E-07  7.9846E-11  1.6250E-02 180 999 999 999  9.945E+02  0.000E+00  0.000E+00  0.000E+00
 5    7  4   3.58019 0.150  10.0  90 270  1.3123E-07  3.6549E-11  1.0959E-02 180 999 999 999  1.456E+03  0.000E+00  0.000E+00  0.000E+00
 5    7  4   3.58019 0.200  10.0  90 270  1.3167E-07  5.3596E-10  4.2197E-02   0 999 999 999  3.865E+02  0.000E+00  0.000E+00  0.000E+00
 5    7  4   3.58019 0.250  10.0  90 270  1.3223E-07  1.7267E-09  6.2757E-02   0 999 999 999  2.244E+02  0.000E+00  0.000E+00  0.000E+00
 5    7  4   3.58019 0.300  10.0  90 270  1.3290E-07  3.3784E-09  7.8801E-02   0 999 999 999  1.693E+02  0.000E+00  0.000E+00  0.000E+00
 5    7  4   3.58019 0.350  10.0  90 270  1.3361E-07  5.1680E-09  1.0091E-01   0 999 999 999  1.440E+02  0.000E+00  0.000E+00  0.000E+00
 5    7  4   3.58019 0.400  10.0  90 270  1.3428E-07  6.7219E-09  1.0166E-01   0 999 999 999  1.302E+02  0.000E+00  0.000E+00  0.000E+00
 5    7  4   3.58019 0.450  10.0  90 270  1.3480E-07  7.6806E-09  8.3962E-02   0 999 999 999  1.214E+02  0.000E+00  0.000E+00  0.000E+00
 5    7  4   3.58019 0.500  10.0  90 270  1.3505E-07  7.7231E-09  5.8736E-02   0 999 999 999  1.152E+02  0.000E+00  0.000E+00  0.000E+00
 5    7  4   3.58019 0.550  10.0  90 270  1.3493E-07  6.5940E-09  2.7715E-02   0 999 999 999  1.117E+02  0.000E+00  0.000E+00  0.000E+00
 5    7  4   3.58019 0.600  10.0  90 270  1.3439E-07  4.1682E-09  0.0000E+00   0 999 999 999  1.155E+02  0.000E+00  0.000E+00  0.000E+00
 5    7  4   3.58019 0.650  10.0  90 270  1.3344E-07  6.5389E-10  0.0000E+00   0 180 999 999  1.540E+02  2.101E+02  0.000E+00  0.000E+00
 5    7  4   3.58019 0.700  10.0  90 270  1.3213E-07  3.0938E-09  0.0000E+00 180 999 999 999  1.703E+02  0.000E+00  0.000E+00  0.000E+00
 5    7  4   3.58019 0.750  10.0  90 270  1.3055E-07  4.3687E-09  0.0000E+00 180 999 999 999  1.572E+02  0.000E+00  0.000E+00  0.000E+00
      
 5    8  5   3.80059 0.000  10.0  90 270  1.3390E-07  2.1696E-10  1.0012E-02   0 999 999 999  5.132E+02  0.000E+00  0.000E+00  0.000E+00
 5    8  5   3.80059 0.050  10.0  90 270  1.3383E-07  1.4047E-10  2.3586E-02   0 999 999 999  6.377E+02  0.000E+00  0.000E+00  0.000E+00
 5    8  5   3.80059 0.100  10.0  90 270  1.3395E-07  1.4333E-10  2.3834E-02 180 999 999 999  6.319E+02  0.000E+00  0.000E+00  0.000E+00
 5    8  5   3.80059 0.150  10.0  90 270  1.3424E-07  2.5159E-11  9.7427E-03 180 999 999 999  1.412E+03  0.000E+00  0.000E+00  0.000E+00
 5    8  5   3.80059 0.200  10.0  90 270  1.3468E-07  9.0367E-10  1.2279E-02   0 999 999 999  2.545E+02  0.000E+00  0.000E+00  0.000E+00
 5    8  5   3.80059 0.250  10.0  90 270  1.3522E-07  2.5641E-09  3.7067E-02   0 999 999 999  1.605E+02  0.000E+00  0.000E+00  0.000E+00
 5    8  5   3.80059 0.300  10.0  90 270  1.3578E-07  4.4792E-09  7.2150E-02   0 999 999 999  1.290E+02  0.000E+00  0.000E+00  0.000E+00
 5    8  5   3.80059 0.350  10.0  90 270  1.3622E-07  6.0473E-09  8.5385E-02   0 999 999 999  1.148E+02  0.000E+00  0.000E+00  0.000E+00
 5    8  5   3.80059 0.400  10.0  90 270  1.3642E-07  6.7369E-09  5.8885E-02   0 999 999 999  1.068E+02  0.000E+00  0.000E+00  0.000E+00
 5    8  5   3.80059 0.450  10.0  90 270  1.3622E-07  6.1483E-09  2.3043E-02   0 999 999 999  1.023E+02  0.000E+00  0.000E+00  0.000E+00
 5    8  5   3.80059 0.500  10.0  90 270  1.3558E-07  4.0648E-09  0.0000E+00   0 999 999 999  1.043E+02  0.000E+00  0.000E+00  0.000E+00
 5    8  5   3.80059 0.550  10.0  90 270  1.3448E-07  6.3306E-10  0.0000E+00 999 999 999 999  0.000E+00  0.000E+00  0.000E+00  0.000E+00
 5    8  5   3.80059 0.600  10.0  90 270  1.3300E-07  2.9344E-09  0.0000E+00 180 999 999 999  1.504E+02  0.000E+00  0.000E+00  0.000E+00
 5    8  5   3.80059 0.650  10.0  90 270  1.3122E-07  4.0712E-09  0.0000E+00 180 999 999 999  1.380E+02  0.000E+00  0.000E+00  0.000E+00
 5    8  5   3.80059 0.700  10.0  90 270  1.2923E-07  3.7414E-09  2.1526E-02 180 999 999 999  1.337E+02  0.000E+00  0.000E+00  0.000E+00
 5    8  5   3.80059 0.750  10.0  90 270  1.2710E-07  1.9735E-09  0.0000E+00 180 999 999 999  1.459E+02  0.000E+00  0.000E+00  0.000E+00
      
 5   10  7   4.09886 0.000  10.0  90 270  1.3871E-07  3.9011E-10  0.0000E+00   0 999 999 999  2.960E+02  0.000E+00  0.000E+00  0.000E+00
 5   10  7   4.09886 0.050  10.0  90 270  1.3863E-07  2.1235E-10  0.0000E+00   0 999 999 999  3.974E+02  0.000E+00  0.000E+00  0.000E+00
 5   10  7   4.09886 0.100  10.0  90 270  1.3871E-07  3.0254E-10  0.0000E+00 180 999 999 999  3.375E+02  0.000E+00  0.000E+00  0.000E+00
 5   10  7   4.09886 0.150  10.0  90 270  1.3892E-07  6.0361E-11  0.0000E+00   0 999 999 999  6.449E+02  0.000E+00  0.000E+00  0.000E+00
 5   10  7   4.09886 0.200  10.0  90 270  1.3917E-07  1.6957E-09  0.0000E+00   0 999 999 999  1.462E+02  0.000E+00  0.000E+00  0.000E+00
 5   10  7   4.09886 0.250  10.0  90 270  1.3933E-07  3.7279E-09  0.0000E+00   0 999 999 999  1.065E+02  0.000E+00  0.000E+00  0.000E+00
 5   10  7   4.09886 0.300  10.0  90 270  1.3921E-07  4.9581E-09  3.4827E-02   0 999 999 999  9.402E+01  0.000E+00  0.000E+00  0.000E+00
 5   10  7   4.09886 0.350  10.0  90 270  1.3865E-07  4.5624E-09  0.0000E+00   0 999 999 999  8.985E+01  0.000E+00  0.000E+00  0.000E+00
 5   10  7   4.09886 0.400  10.0  90 270  1.3757E-07  2.2316E-09  0.0000E+00   0 999 999 999  9.922E+01  0.000E+00  0.000E+00  0.000E+00
 5   10  7   4.09886 0.450  10.0  90 270  1.3600E-07  1.6887E-09  0.0000E+00 180 999 999 999  1.376E+02  0.000E+00  0.000E+00  0.000E+00
 5   10  7   4.09886 0.500  10.0  90 270  1.3404E-07  3.2644E-09  0.0000E+00 180 999 999 999  1.170E+02  0.000E+00  0.000E+00  0.000E+00
 5   10  7   4.09886 0.550  10.0  90 270  1.3181E-07  3.0100E-09  0.0000E+00 180 999 999 999  1.125E+02  0.000E+00  0.000E+00  0.000E+00
 5   10  7   4.09886 0.600  10.0  90 270  1.2941E-07  1.0407E-09  0.0000E+00 180 999 999 999  1.362E+02  0.000E+00  0.000E+00  0.000E+00
 5   10  7   4.09886 0.650  10.0  90 270  1.2691E-07  1.5599E-09  0.0000E+00   0 999 999 999  1.542E+02  0.000E+00  0.000E+00  0.000E+00
 5   10  7   4.09886 0.700  10.0  90 270  1.2437E-07  2.1530E-09  1.4567E-02   0 999 999 999  1.396E+02  0.000E+00  0.000E+00  0.000E+00
 5   10  7   4.09886 0.750  10.0  90 270  1.2181E-07  1.1822E-09  0.0000E+00   0 999 999 999  1.558E+02  0.000E+00  0.000E+00  0.000E+00
      
 5    7  3   2.95538 0.000  10.0  90 270  1.2431E-07  1.1108E-11  4.5473E-03   0 999 999 999  2.937E+03  0.000E+00  0.000E+00  0.000E+00
 5    7  3   2.95538 0.050  10.0  90 270  1.2430E-07  1.3395E-12  1.5784E-03 999 999 999 999  0.000E+00  0.000E+00  0.000E+00  0.000E+00
 5    7  3   2.95538 0.100  10.0  90 270  1.2438E-07  2.7766E-12  2.2732E-03 180 999 999 999  5.873E+03  0.000E+00  0.000E+00  0.000E+00
 5    7  3   2.95538 0.150  10.0  90 270  1.2456E-07  2.4629E-12  2.1409E-03   0 999 999 999  6.235E+03  0.000E+00  0.000E+00  0.000E+00
 5    7  3   2.95538 0.200  10.0  90 270  1.2484E-07  9.0370E-12  4.1007E-03 180 999 999 999  3.254E+03  0.000E+00  0.000E+00  0.000E+00
 5    7  3   2.95538 0.250  10.0  90 270  1.2521E-07  8.6117E-11  1.2670E-02 180 999 999 999  1.057E+03  0.000E+00  0.000E+00  0.000E+00
 5    7  3   2.95538 0.300  10.0  90 270  1.2569E-07  2.8688E-10  2.3185E-02 180 999 999 999  5.836E+02  0.000E+00  0.000E+00  0.000E+00
 5    7  3   2.95538 0.350  10.0  90 270  1.2625E-07  6.6023E-10  3.5345E-02 180 999 999 999  3.902E+02  0.000E+00  0.000E+00  0.000E+00
 5    7  3   2.95538 0.400  10.0  90 270  1.2691E-07  1.2270E-09  4.8538E-02 180 999 999 999  2.922E+02  0.000E+00  0.000E+00  0.000E+00
 5    7  3   2.95538 0.450  10.0  90 270  1.2766E-07  1.9674E-09  6.2032E-02 180 999 999 999  2.365E+02  0.000E+00  0.000E+00  0.000E+00
 5    7  3   2.95538 0.500  10.0  90 270  1.2848E-07  2.8187E-09  7.2662E-02 180 999 999 999  2.027E+02  0.000E+00  0.000E+00  0.000E+00
 5    7  3   2.95538 0.550  10.0  90 270  1.2937E-07  3.6818E-09  7.4420E-02 180 999 999 999  1.809E+02  0.000E+00  0.000E+00  0.000E+00
 5    7  3   2.95538 0.600  10.0  90 270  1.3029E-07  4.4302E-09  7.0675E-02 180 999 999 999  1.665E+02  0.000E+00  0.000E+00  0.000E+00
 5    7  3   2.95538 0.650  10.0  90 270  1.3120E-07  4.9180E-09  6.0674E-02 180 999 999 999  1.570E+02  0.000E+00  0.000E+00  0.000E+00
 5    7  3   2.95538 0.700  10.0  90 270  1.3206E-07  4.9865E-09  4.6051E-02 180 999 999 999  1.516E+02  0.000E+00  0.000E+00  0.000E+00
 5    7  3   2.95538 0.750  10.0  90 270  1.3280E-07  4.4788E-09  2.7418E-02 180 999 999 999  1.514E+02  0.000E+00  0.000E+00  0.000E+00
      
 5    9  5   3.51358 0.000  10.0  90 270  1.3006E-07  3.4811E-11  1.0439E-02   0 999 999 999  1.185E+03  0.000E+00  0.000E+00  0.000E+00
 5    9  5   3.51358 0.050  10.0  90 270  1.3001E-07  3.8351E-12  3.4597E-03 180 999 999 999  3.554E+03  0.000E+00  0.000E+00  0.000E+00
 5    9  5   3.51358 0.100  10.0  90 270  1.3012E-07  6.0439E-12  4.3472E-03 180 999 999 999  2.839E+03  0.000E+00  0.000E+00  0.000E+00
 5    9  5   3.51358 0.150  10.0  90 270  1.3040E-07  1.5463E-11  6.9555E-03   0 999 999 999  1.776E+03  0.000E+00  0.000E+00  0.000E+00
 5    9  5   3.51358 0.200  10.0  90 270  1.3082E-07  7.5249E-11  1.5338E-02 180 999 999 999  8.043E+02  0.000E+00  0.000E+00  0.000E+00
 5    9  5   3.51358 0.250  10.0  90 270  1.3137E-07  4.5340E-10  3.7841E-02 180 999 999 999  3.326E+02  0.000E+00  0.000E+00  0.000E+00
 5    9  5   3.51358 0.300  10.0  90 270  1.3204E-07  1.2063E-09  4.3139E-02 180 999 999 999  2.101E+02  0.000E+00  0.000E+00  0.000E+00
 5    9  5   3.51358 0.350  10.0  90 270  1.3277E-07  2.2408E-09  5.6281E-02 180 999 999 999  1.599E+02  0.000E+00  0.000E+00  0.000E+00
 5    9  5   3.51358 0.400  10.0  90 270  1.3351E-07  3.2948E-09  6.0992E-02 180 999 999 999  1.357E+02  0.000E+00  0.000E+00  0.000E+00
 5    9  5   3.51358 0.450  10.0  90 270  1.3416E-07  4.0207E-09  4.6752E-02 180 999 999 999  1.232E+02  0.000E+00  0.000E+00  0.000E+00
 5    9  5   3.51358 0.500  10.0  90 270  1.3461E-07  4.0736E-09  2.1932E-02 180 999 999 999  1.175E+02  0.000E+00  0.000E+00  0.000E+00
 5    9  5   3.51358 0.550  10.0  90 270  1.3475E-07  3.1960E-09  0.0000E+00 180 999 999 999  1.202E+02  0.000E+00  0.000E+00  0.000E+00
 5    9  5   3.51358 0.600  10.0  90 270  1.3450E-07  1.3564E-09  0.0000E+00 180 999 999 999  1.493E+02  0.000E+00  0.000E+00  0.000E+00
 5    9  5   3.51358 0.650  10.0  90 270  1.3384E-07  1.1599E-09  0.0000E+00   0 999 999 999  1.955E+02  0.000E+00  0.000E+00  0.000E+00
 5    9  5   3.51358 0.700  10.0  90 270  1.3280E-07  2.3961E-09  0.0000E+00   0 999 999 999  1.571E+02  0.000E+00  0.000E+00  0.000E+00
 5    9  5   3.51358 0.750  10.0  90 270  1.3144E-07  2.5361E-09  0.0000E+00   0 999 999 999  1.492E+02  0.000E+00  0.000E+00  0.000E+00
      
 5    7  2   2.25538 0.000  10.0  90 270  1.1942E-07  3.8458E-13  5.6399E-04   0 999 999 999  1.806E+04  0.000E+00  0.000E+00  0.000E+00
 5    7  2   2.25538 0.050  10.0  90 270  1.1942E-07  1.6163E-14  1.1562E-04   0 999 999 999  8.810E+04  0.000E+00  0.000E+00  0.000E+00
 5    7  2   2.25538 0.100  10.0  90 270  1.1947E-07  4.8817E-14  2.0094E-04 180 999 999 999  5.069E+04  0.000E+00  0.000E+00  0.000E+00
 5    7  2   2.25538 0.150  10.0  90 270  1.1956E-07  1.5562E-14  1.1345E-04   0 999 999 999  8.979E+04  0.000E+00  0.000E+00  0.000E+00
 5    7  2   2.25538 0.200  10.0  90 270  1.1970E-07  1.3100E-15  3.2916E-05 180 999 999 999  3.095E+05  0.000E+00  0.000E+00  0.000E+00
 5    7  2   2.25538 0.250  10.0  90 270  1.1989E-07  7.4230E-13  7.8356E-04   0 999 999 999  1.300E+04  0.000E+00  0.000E+00  0.000E+00
 5    7  2   2.25538 0.300  10.0  90 270  1.2013E-07  5.0093E-12  2.0356E-03   0 999 999 999  5.005E+03  0.000E+00  0.000E+00  0.000E+00
 5    7  2   2.25538 0.350  10.0  90 270  1.2041E-07  1.7969E-11  3.8562E-03   0 999 999 999  2.644E+03  0.000E+00  0.000E+00  0.000E+00
 5    7  2   2.25538 0.400  10.0  90 270  1.2074E-07  4.7159E-11  6.2496E-03   0 999 999 999  1.634E+03  0.000E+00  0.000E+00  0.000E+00
 5    7  2   2.25538 0.450  10.0  90 270  1.2112E-07  1.0181E-10  9.1897E-03   0 999 999 999  1.115E+03  0.000E+00  0.000E+00  0.000E+00
 5    7  2   2.25538 0.500  10.0  90 270  1.2155E-07  1.9150E-10  1.2619E-02   0 999 999 999  8.160E+02  0.000E+00  0.000E+00  0.000E+00
 5    7  2   2.25538 0.550  10.0  90 270  1.2203E-07  3.2420E-10  1.6449E-02   0 999 999 999  6.304E+02  0.000E+00  0.000E+00  0.000E+00
 5    7  2   2.25538 0.600  10.0  90 270  1.2256E-07  5.0391E-10  2.0556E-02   0 999 999 999  5.091E+02  0.000E+00  0.000E+00  0.000E+00
 5    7  2   2.25538 0.650  10.0  90 270  1.2314E-07  7.2819E-10  2.4779E-02   0 999 999 999  4.269E+02  0.000E+00  0.000E+00  0.000E+00
 5    7  2   2.25538 0.700  10.0  90 270  1.2378E-07  9.8582E-10  2.8914E-02   0 999 999 999  3.699E+02  0.000E+00  0.000E+00  0.000E+00
 5    7  2   2.25538 0.750  10.0  90 270  1.2447E-07  1.2549E-09  3.2706E-02   0 999 999 999  3.302E+02  0.000E+00  0.000E+00  0.000E+00
      
 5    8  3   2.70366 0.000  10.0  90 270  1.2231E-07  8.8427E-13  1.1225E-03   0 999 999 999  9.519E+03  0.000E+00  0.000E+00  0.000E+00
 5    8  3   2.70366 0.050  10.0  90 270  1.2230E-07  1.6200E-13  4.8043E-04 180 999 999 999  2.224E+04  0.000E+00  0.000E+00  0.000E+00
 5    8  3   2.70366 0.100  10.0  90 270  1.2237E-07  4.5246E-14  2.5390E-04 180 999 999 999  4.208E+04  0.000E+00  0.000E+00  0.000E+00
 5    8  3   2.70366 0.150  10.0  90 270  1.2251E-07  3.1825E-14  2.1294E-04   0 999 999 999  5.018E+04  0.000E+00  0.000E+00  0.000E+00
 5    8  3   2.70366 0.200  10.0  90 270  1.2273E-07  1.4123E-13  4.4857E-04   0 999 999 999  2.382E+04  0.000E+00  0.000E+00  0.000E+00
 5    8  3   2.70366 0.250  10.0  90 270  1.2303E-07  6.0041E-12  2.9250E-03   0 999 999 999  3.654E+03  0.000E+00  0.000E+00  0.000E+00
 5    8  3   2.70366 0.300  10.0  90 270  1.2340E-07  3.1432E-11  6.6950E-03   0 999 999 999  1.599E+03  0.000E+00  0.000E+00  0.000E+00
 5    8  3   2.70366 0.350  10.0  90 270  1.2385E-07  9.7801E-11  1.1821E-02   0 999 999 999  9.090E+02  0.000E+00  0.000E+00  0.000E+00
 5    8  3   2.70366 0.400  10.0  90 270  1.2438E-07  2.3001E-10  1.8164E-02   0 999 999 999  5.962E+02  0.000E+00  0.000E+00  0.000E+00
 5    8  3   2.70366 0.450  10.0  90 270  1.2499E-07  4.4924E-10  2.5467E-02   0 999 999 999  4.306E+02  0.000E+00  0.000E+00  0.000E+00
 5    8  3   2.70366 0.500  10.0  90 270  1.2567E-07  7.6425E-10  3.3362E-02   0 999 999 999  3.343E+02  0.000E+00  0.000E+00  0.000E+00
 5    8  3   2.70366 0.550  10.0  90 270  1.2642E-07  1.1635E-09  4.1375E-02   0 999 999 999  2.748E+02  0.000E+00  0.000E+00  0.000E+00
 5    8  3   2.70366 0.600  10.0  90 270  1.2724E-07  1.6111E-09  4.8929E-02   0 999 999 999  2.367E+02  0.000E+00  0.000E+00  0.000E+00
 5    8  3   2.70366 0.650  10.0  90 270  1.2812E-07  2.0464E-09  5.1549E-02   0 999 999 999  2.120E+02  0.000E+00  0.000E+00  0.000E+00
 5    8  3   2.70366 0.700  10.0  90 270  1.2905E-07  2.3880E-09  4.6674E-02   0 999 999 999  1.966E+02  0.000E+00  0.000E+00  0.000E+00
 5    8  3   2.70366 0.750  10.0  90 270  1.3000E-07  2.5400E-09  3.7579E-02   0 999 999 999  1.887E+02  0.000E+00  0.000E+00  0.000E+00
      
 5    9  4   3.02791 0.000  10.0  90 270  1.2495E-07  1.6663E-12  1.8262E-03   0 999 999 999  5.825E+03  0.000E+00  0.000E+00  0.000E+00
 5    9  4   3.02791 0.050  10.0  90 270  1.2493E-07  5.2956E-13  1.0295E-03 180 999 999 999  1.033E+04  0.000E+00  0.000E+00  0.000E+00
 5    9  4   3.02791 0.100  10.0  90 270  1.2502E-07  1.0144E-13  4.5057E-04   0 999 999 999  2.360E+04  0.000E+00  0.000E+00  0.000E+00
 5    9  4   3.02791 0.150  10.0  90 270  1.2521E-07  1.1626E-13  4.8236E-04 180 999 999 999  2.205E+04  0.000E+00  0.000E+00  0.000E+00
 5    9  4   3.02791 0.200  10.0  90 270  1.2551E-07  1.0460E-12  1.4468E-03   0 999 999 999  7.351E+03  0.000E+00  0.000E+00  0.000E+00
 5    9  4   3.02791 0.250  10.0  90 270  1.2591E-07  2.2763E-11  6.7513E-03   0 999 999 999  1.577E+03  0.000E+00  0.000E+00  0.000E+00
 5    9  4   3.02791 0.300  10.0  90 270  1.2641E-07  1.0320E-10  1.4393E-02   0 999 999 999  7.434E+02  0.000E+00  0.000E+00  0.000E+00
 5    9  4   3.02791 0.350  10.0  90 270  1.2701E-07  2.8945E-10  2.4173E-02   0 999 999 999  4.476E+02  0.000E+00  0.000E+00  0.000E+00
 5    9  4   3.02791 0.400  10.0  90 270  1.2771E-07  6.1662E-10  3.5455E-02   0 999 999 999  3.111E+02  0.000E+00  0.000E+00  0.000E+00
 5    9  4   3.02791 0.450  10.0  90 270  1.2849E-07  1.0840E-09  4.7319E-02   0 999 999 999  2.390E+02  0.000E+00  0.000E+00  0.000E+00
 5    9  4   3.02791 0.500  10.0  90 270  1.2935E-07  1.6398E-09  4.9549E-02   0 999 999 999  1.979E+02  0.000E+00  0.000E+00  0.000E+00
 5    9  4   3.02791 0.550  10.0  90 270  1.3025E-07  2.1810E-09  4.7135E-02   0 999 999 999  1.737E+02  0.000E+00  0.000E+00  0.000E+00
 5    9  4   3.02791 0.600  10.0  90 270  1.3115E-07  2.5668E-09  3.8279E-02   0 999 999 999  1.600E+02  0.000E+00  0.000E+00  0.000E+00
 5    9  4   3.02791 0.650  10.0  90 270  1.3202E-07  2.6409E-09  2.3759E-02   0 999 999 999  1.544E+02  0.000E+00  0.000E+00  0.000E+00
 5    9  4   3.02791 0.700  10.0  90 270  1.3277E-07  2.2657E-09  5.2469E-03 999 999 999 999  0.000E+00  0.000E+00  0.000E+00  0.000E+00
 5    9  4   3.02791 0.750  10.0  90 270  1.3333E-07  1.3846E-09  0.0000E+00   0 999 999 999  1.875E+02  0.000E+00  0.000E+00  0.000E+00
      
 5   10  3   2.32994 0.000  10.0  90 270  1.1985E-07  1.2821E-15  3.4192E-05   0 999 999 999  2.154E+05  0.000E+00  0.000E+00  0.000E+00
 5   10  3   2.32994 0.050  10.0  90 270  1.1985E-07  1.1159E-15  3.1899E-05 180 999 999 999  2.309E+05  0.000E+00  0.000E+00  0.000E+00
 5   10  3   2.32994 0.100  10.0  90 270  1.1990E-07  2.7105E-16  1.5721E-05   0 999 999 999  4.684E+05  0.000E+00  0.000E+00  0.000E+00
 5   10  3   2.32994 0.150  10.0  90 270  1.2000E-07  5.8852E-17  7.3256E-06 180 999 999 999  1.008E+06  0.000E+00  0.000E+00  0.000E+00
 5   10  3   2.32994 0.200  10.0  90 270  1.2015E-07  6.5640E-17  7.7366E-06 180 999 999 999  9.501E+05  0.000E+00  0.000E+00  0.000E+00
 5   10  3   2.32994 0.250  10.0  90 270  1.2035E-07  1.4577E-14  1.1529E-04   0 999 999 999  6.389E+04  0.000E+00  0.000E+00  0.000E+00
 5   10  3   2.32994 0.300  10.0  90 270  1.2061E-07  2.1250E-13  4.4020E-04   0 999 999 999  1.673E+04  0.000E+00  0.000E+00  0.000E+00
 5   10  3   2.32994 0.350  10.0  90 270  1.2091E-07  1.2520E-12  1.0685E-03   0 999 999 999  6.895E+03  0.000E+00  0.000E+00  0.000E+00
 5   10  3   2.32994 0.400  10.0  90 270  1.2127E-07  4.7443E-12  2.0801E-03   0 999 999 999  3.542E+03  0.000E+00  0.000E+00  0.000E+00
 5   10  3   2.32994 0.450  10.0  90 270  1.2169E-07  1.3651E-11  3.5291E-03   0 999 999 999  2.089E+03  0.000E+00  0.000E+00  0.000E+00
 5   10  3   2.32994 0.500  10.0  90 270  1.2215E-07  3.2323E-11  5.4324E-03   0 999 999 999  1.359E+03  0.000E+00  0.000E+00  0.000E+00
 5   10  3   2.32994 0.550  10.0  90 270  1.2268E-07  6.5882E-11  7.7603E-03   0 999 999 999  9.538E+02  0.000E+00  0.000E+00  0.000E+00
 5   10  3   2.32994 0.600  10.0  90 270  1.2325E-07  1.1874E-10  1.0427E-02   0 999 999 999  7.124E+02  0.000E+00  0.000E+00  0.000E+00
 5   10  3   2.32994 0.650  10.0  90 270  1.2388E-07  1.9231E-10  1.3286E-02   0 999 999 999  5.617E+02  0.000E+00  0.000E+00  0.000E+00
 5   10  3   2.32994 0.700  10.0  90 270  1.2457E-07  2.8232E-10  1.6117E-02   0 999 999 999  4.653E+02  0.000E+00  0.000E+00  0.000E+00
 5   10  3   2.32994 0.750  10.0  90 270  1.2532E-07  3.7649E-10  1.8631E-02   0 999 999 999  4.041E+02  0.000E+00  0.000E+00  0.000E+00
      
