 I WILL CALCULATE           19  RESONANCES   sigma = k*lambda - kp*lambda_p + (kp-k)*varpi
 pla  kp:k    a(au)    e     i     w  ln      <R>      <R>-R_min  width(au)  sigma_0          periods(yr)      RHTol=   3.0000000000000000     
 1    2  1   3.27639 0.000  10.0  90 270  6.0806E-08  7.9989E-10  4.8218E-02 180 999 999 999  2.096E+03  0.000E+00  0.000E+00  0.000E+00
 1    2  1   3.27639 0.050  10.0  90 270  6.0791E-08  2.2961E-09  7.1844E-02   0 999 999 999  5.631E+02  0.000E+00  0.000E+00  0.000E+00
 1    2  1   3.27639 0.100  10.0  90 270  6.0839E-08  5.1840E-09  1.1183E-01   0 999 999 999  4.274E+02  0.000E+00  0.000E+00  0.000E+00
 1    2  1   3.27639 0.150  10.0  90 270  6.0951E-08  7.7126E-09  1.4107E-01   0 999 999 999  3.832E+02  0.000E+00  0.000E+00  0.000E+00
 1    2  1   3.27639 0.200  10.0  90 270  6.1124E-08  9.9483E-09  1.6594E-01   0 999 999 999  3.635E+02  0.000E+00  0.000E+00  0.000E+00
 1    2  1   3.27639 0.250  10.0  90 270  6.1356E-08  1.1943E-08  1.8861E-01   0 999 999 999  3.537E+02  0.000E+00  0.000E+00  0.000E+00
 1    2  1   3.27639 0.300  10.0  90 270  6.1645E-08  1.3735E-08  2.1009E-01   0 999 999 999  3.487E+02  0.000E+00  0.000E+00  0.000E+00
 1    2  1   3.27639 0.350  10.0  90 270  6.1983E-08  1.5353E-08  2.3074E-01   0 999 999 999  3.462E+02  0.000E+00  0.000E+00  0.000E+00
 1    2  1   3.27639 0.400  10.0  90 270  6.2361E-08  1.6812E-08  2.5037E-01   0 999 999 999  3.450E+02  0.000E+00  0.000E+00  0.000E+00
 1    2  1   3.27639 0.450  10.0  90 270  6.2762E-08  1.8116E-08  2.6810E-01   0 999 999 999  3.443E+02  0.000E+00  0.000E+00  0.000E+00
 1    2  1   3.27639 0.500  10.0  90 270  6.3160E-08  1.9255E-08  2.8034E-01   0 999 999 999  3.436E+02  0.000E+00  0.000E+00  0.000E+00
 1    2  1   3.27639 0.550  10.0  90 270  6.3521E-08  2.0202E-08  2.7471E-01   0 999 999 999  3.427E+02  0.000E+00  0.000E+00  0.000E+00
 1    2  1   3.27639 0.600  10.0  90 270  6.3798E-08  2.0918E-08  2.6293E-01   0 999 999 999  3.412E+02  0.000E+00  0.000E+00  0.000E+00
 1    2  1   3.27639 0.650  10.0  90 270  6.3949E-08  2.1358E-08  2.4875E-01 999 999 999 999  0.000E+00  0.000E+00  0.000E+00  0.000E+00
 1    2  1   3.27639 0.700  10.0  90 270  6.3938E-08  2.1481E-08  2.3457E-01   0 999 999 999  3.355E+02  0.000E+00  0.000E+00  0.000E+00
 1    2  1   3.27639 0.750  10.0  90 270  6.3749E-08  2.1254E-08  2.2111E-01   0 999 999 999  3.307E+02  0.000E+00  0.000E+00  0.000E+00
      
 1    3  2   3.96906 0.000  10.0  90 270  6.5168E-08  5.4719E-09  1.5837E-01 180 999 999 999  2.958E+02  0.000E+00  0.000E+00  0.000E+00
 1    3  2   3.96906 0.050  10.0  90 270  6.5131E-08  1.7979E-09  7.9838E-02   0 180 999 999  4.506E+02  3.579E+02  0.000E+00  0.000E+00
 1    3  2   3.96906 0.100  10.0  90 270  6.5180E-08  3.6069E-09  1.1937E-01   0 999 999 999  3.057E+02  0.000E+00  0.000E+00  0.000E+00
 1    3  2   3.96906 0.150  10.0  90 270  6.5308E-08  6.8811E-09  1.8477E-01   0 999 999 999  2.796E+02  0.000E+00  0.000E+00  0.000E+00
 1    3  2   3.96906 0.200  10.0  90 270  6.5490E-08  9.5130E-09  2.3477E-01   0 999 999 999  2.721E+02  0.000E+00  0.000E+00  0.000E+00
 1    3  2   3.96906 0.250  10.0  90 270  6.5678E-08  1.1602E-08  2.5673E-01   0 999 999 999  2.695E+02  0.000E+00  0.000E+00  0.000E+00
 1    3  2   3.96906 0.300  10.0  90 270  6.5806E-08  1.3183E-08  2.8125E-01   0 999 999 999  2.674E+02  0.000E+00  0.000E+00  0.000E+00
 1    3  2   3.96906 0.350  10.0  90 270  6.5794E-08  1.4245E-08  2.6458E-01   0 999 999 999  2.640E+02  0.000E+00  0.000E+00  0.000E+00
 1    3  2   3.96906 0.400  10.0  90 270  6.5575E-08  1.4766E-08  2.4217E-01   0 999 999 999  2.585E+02  0.000E+00  0.000E+00  0.000E+00
 1    3  2   3.96906 0.450  10.0  90 270  6.5118E-08  1.4740E-08  2.1859E-01   0 999 999 999  2.505E+02  0.000E+00  0.000E+00  0.000E+00
 1    3  2   3.96906 0.500  10.0  90 270  6.4442E-08  1.4189E-08  2.6901E-01   0 180 999 999  2.400E+02  7.555E+02  0.000E+00  0.000E+00
 1    3  2   3.96906 0.550  10.0  90 270  6.3587E-08  1.3143E-08  2.4114E-01   0 180 999 999  2.269E+02  2.501E+02  0.000E+00  0.000E+00
 1    3  2   3.96906 0.600  10.0  90 270  6.2605E-08  1.1613E-08  2.1392E-01   0 180 999 999  2.117E+02  2.418E+02  0.000E+00  0.000E+00
 1    3  2   3.96906 0.650  10.0  90 270  6.1538E-08  9.5766E-09  1.8624E-01   0 180 999 999  1.948E+02  2.593E+02  0.000E+00  0.000E+00
 1    3  2   3.96906 0.700  10.0  90 270  6.0417E-08  6.9577E-09  1.5553E-01   0 180 999 999  1.775E+02  2.847E+02  0.000E+00  0.000E+00
 1    3  2   3.96906 0.750  10.0  90 270  5.9267E-08  3.6212E-09  1.1872E-01   0 180 999 999  1.625E+02  3.120E+02  0.000E+00  0.000E+00
      
 1    4  3   4.29329 0.000  10.0  90 270  6.7961E-08  6.3477E-09  1.1563E-01 180 999 999 999  2.049E+02  0.000E+00  0.000E+00  0.000E+00
 1    4  3   4.29329 0.050  10.0  90 270  6.7928E-08  2.1114E-09  8.6669E-02   0 180 999 999  2.445E+02  2.276E+02  0.000E+00  0.000E+00
 1    4  3   4.29329 0.100  10.0  90 270  6.7922E-08  4.6221E-09  1.5191E-01   0 999 999 999  2.045E+02  0.000E+00  0.000E+00  0.000E+00
 1    4  3   4.29329 0.150  10.0  90 270  6.7920E-08  8.0060E-09  1.4891E-01   0 999 999 999  2.001E+02  0.000E+00  0.000E+00  0.000E+00
 1    4  3   4.29329 0.200  10.0  90 270  6.7853E-08  1.0343E-08  2.0280E-01   0 999 999 999  2.002E+02  0.000E+00  0.000E+00  0.000E+00
 1    4  3   4.29329 0.250  10.0  90 270  6.7624E-08  1.1759E-08  2.5056E-01   0 999 999 999  1.991E+02  0.000E+00  0.000E+00  0.000E+00
 1    4  3   4.29329 0.300  10.0  90 270  6.7153E-08  1.2309E-08  2.1956E-01   0 999 999 999  1.948E+02  0.000E+00  0.000E+00  0.000E+00
 1    4  3   4.29329 0.350  10.0  90 270  6.6413E-08  1.2039E-08  1.8863E-01   0 999 999 999  1.867E+02  0.000E+00  0.000E+00  0.000E+00
 1    4  3   4.29329 0.400  10.0  90 270  6.5440E-08  1.1003E-08  2.4840E-01   0 999 999 999  1.750E+02  0.000E+00  0.000E+00  0.000E+00
 1    4  3   4.29329 0.450  10.0  90 270  6.4297E-08  9.2319E-09  2.0893E-01   0 180 999 999  1.603E+02  1.996E+02  0.000E+00  0.000E+00
 1    4  3   4.29329 0.500  10.0  90 270  6.3049E-08  6.6971E-09  1.6732E-01   0 180 999 999  1.440E+02  2.128E+02  0.000E+00  0.000E+00
 1    4  3   4.29329 0.550  10.0  90 270  6.1744E-08  3.2937E-09  1.1647E-01   0 180 999 999  1.295E+02  2.339E+02  0.000E+00  0.000E+00
 1    4  3   4.29329 0.600  10.0  90 270  6.0417E-08  3.5129E-09  1.1580E-01   0 180 999 999  1.283E+02  2.538E+02  0.000E+00  0.000E+00
 1    4  3   4.29329 0.650  10.0  90 270  5.9088E-08  4.7232E-09  1.3759E-01 180 999 999 999  2.676E+02  0.000E+00  0.000E+00  0.000E+00
 1    4  3   4.29329 0.700  10.0  90 270  5.7770E-08  5.3167E-09  1.6994E-01 180 999 999 999  2.723E+02  0.000E+00  0.000E+00  0.000E+00
 1    4  3   4.29329 0.750  10.0  90 270  5.6472E-08  5.3475E-09  1.4741E-01 180 999 999 999  2.669E+02  0.000E+00  0.000E+00  0.000E+00
      
 1    5  4   4.48204 0.000  10.0  90 270  6.9836E-08  6.8487E-09  8.9923E-02 180 999 999 999  1.595E+02  0.000E+00  0.000E+00  0.000E+00
 1    5  4   4.48204 0.050  10.0  90 270  6.9829E-08  2.3460E-09  3.5480E-02   0 180 999 999  1.688E+02  1.664E+02  0.000E+00  0.000E+00
 1    5  4   4.48204 0.100  10.0  90 270  6.9732E-08  5.2116E-09  6.4437E-02   0 180 999 999  1.574E+02  4.428E+02  0.000E+00  0.000E+00
 1    5  4   4.48204 0.150  10.0  90 270  6.9519E-08  8.3895E-09  1.2715E-01   0 999 999 999  1.597E+02  0.000E+00  0.000E+00  0.000E+00
 1    5  4   4.48204 0.200  10.0  90 270  6.9105E-08  1.0140E-08  1.9387E-01   0 999 999 999  1.606E+02  0.000E+00  0.000E+00  0.000E+00
 1    5  4   4.48204 0.250  10.0  90 270  6.8413E-08  1.0653E-08  1.8878E-01   0 999 999 999  1.570E+02  0.000E+00  0.000E+00  0.000E+00
 1    5  4   4.48204 0.300  10.0  90 270  6.7433E-08  1.0046E-08  1.4955E-01   0 999 999 999  1.482E+02  0.000E+00  0.000E+00  0.000E+00
 1    5  4   4.48204 0.350  10.0  90 270  6.6221E-08  8.3864E-09  2.1491E-01   0 180 999 999  1.350E+02  1.800E+02  0.000E+00  0.000E+00
 1    5  4   4.48204 0.400  10.0  90 270  6.4856E-08  5.6567E-09  1.5922E-01   0 180 999 999  1.197E+02  1.797E+02  0.000E+00  0.000E+00
 1    5  4   4.48204 0.450  10.0  90 270  6.3412E-08  1.9667E-09  8.6501E-02   0 180 999 999  1.080E+02  1.971E+02  0.000E+00  0.000E+00
 1    5  4   4.48204 0.500  10.0  90 270  6.1938E-08  3.8333E-09  1.1400E-01   0 180 999 999  1.429E+02  2.126E+02  0.000E+00  0.000E+00
 1    5  4   4.48204 0.550  10.0  90 270  6.0468E-08  4.7755E-09  1.4822E-01 180 999 999 999  2.198E+02  0.000E+00  0.000E+00  0.000E+00
 1    5  4   4.48204 0.600  10.0  90 270  5.9019E-08  4.9483E-09  1.3690E-01 180 999 999 999  2.165E+02  0.000E+00  0.000E+00  0.000E+00
 1    5  4   4.48204 0.650  10.0  90 270  5.7601E-08  4.4143E-09  1.0495E-01 180 999 999 999  2.037E+02  0.000E+00  0.000E+00  0.000E+00
 1    5  4   4.48204 0.700  10.0  90 270  5.6219E-08  3.1492E-09  1.2649E-01   0 180 999 999  2.768E+02  1.863E+02  0.000E+00  0.000E+00
 1    5  4   4.48204 0.750  10.0  90 270  5.4872E-08  1.0657E-09  6.6733E-02   0 180 999 999  2.658E+02  1.780E+02  0.000E+00  0.000E+00
      
 1    3  1   2.50035 0.000  10.0  90 270  5.7717E-08  9.0555E-11  9.9771E-03   0 999 999 999  2.516E+03  0.000E+00  0.000E+00  0.000E+00
 1    3  1   2.50035 0.050  10.0  90 270  5.7715E-08  2.9142E-10  1.8097E-02   0 999 999 999  1.449E+03  0.000E+00  0.000E+00  0.000E+00
 1    3  1   2.50035 0.100  10.0  90 270  5.7742E-08  3.4179E-10  1.9639E-02   0 999 999 999  1.346E+03  0.000E+00  0.000E+00  0.000E+00
 1    3  1   2.50035 0.150  10.0  90 270  5.7799E-08  2.4362E-10  1.6567E-02   0 999 999 999  1.590E+03  0.000E+00  0.000E+00  0.000E+00
 1    3  1   2.50035 0.200  10.0  90 270  5.7886E-08  2.4020E-12  1.7896E-03 180 999 999 999  2.392E+04  0.000E+00  0.000E+00  0.000E+00
 1    3  1   2.50035 0.250  10.0  90 270  5.8002E-08  3.8342E-10  2.1024E-02 180 999 999 999  1.312E+03  0.000E+00  0.000E+00  0.000E+00
 1    3  1   2.50035 0.300  10.0  90 270  5.8147E-08  8.8331E-10  3.2167E-02 180 999 999 999  8.841E+02  0.000E+00  0.000E+00  0.000E+00
 1    3  1   2.50035 0.350  10.0  90 270  5.8323E-08  1.4828E-09  4.2104E-02 180 999 999 999  7.014E+02  0.000E+00  0.000E+00  0.000E+00
 1    3  1   2.50035 0.400  10.0  90 270  5.8528E-08  2.1611E-09  5.1444E-02 180 999 999 999  5.990E+02  0.000E+00  0.000E+00  0.000E+00
 1    3  1   2.50035 0.450  10.0  90 270  5.8765E-08  2.8975E-09  6.0371E-02 180 999 999 999  5.341E+02  0.000E+00  0.000E+00  0.000E+00
 1    3  1   2.50035 0.500  10.0  90 270  5.9032E-08  3.6721E-09  6.8946E-02 180 999 999 999  4.899E+02  0.000E+00  0.000E+00  0.000E+00
 1    3  1   2.50035 0.550  10.0  90 270  5.9330E-08  4.4659E-09  7.7161E-02 180 999 999 999  4.581E+02  0.000E+00  0.000E+00  0.000E+00
 1    3  1   2.50035 0.600  10.0  90 270  5.9658E-08  5.2610E-09  8.4955E-02 180 999 999 999  4.343E+02  0.000E+00  0.000E+00  0.000E+00
 1    3  1   2.50035 0.650  10.0  90 270  6.0016E-08  6.0392E-09  9.2207E-02 180 999 999 999  4.155E+02  0.000E+00  0.000E+00  0.000E+00
 1    3  1   2.50035 0.700  10.0  90 270  6.0403E-08  6.7813E-09  9.8725E-02 180 999 999 999  3.999E+02  0.000E+00  0.000E+00  0.000E+00
 1    3  1   2.50035 0.750  10.0  90 270  6.0816E-08  7.4640E-09  1.0424E-01 180 999 999 999  3.864E+02  0.000E+00  0.000E+00  0.000E+00
      
 1    5  3   3.69984 0.000  10.0  90 270  6.3241E-08  1.5773E-10  2.1993E-02 180 999 999 999  8.025E+02  0.000E+00  0.000E+00  0.000E+00
 1    5  3   3.69984 0.050  10.0  90 270  6.3212E-08  4.5592E-10  4.1000E-02   0 999 999 999  5.826E+02  0.000E+00  0.000E+00  0.000E+00
 1    5  3   3.69984 0.100  10.0  90 270  6.3269E-08  3.5423E-10  3.6119E-02   0 999 999 999  6.596E+02  0.000E+00  0.000E+00  0.000E+00
 1    5  3   3.69984 0.150  10.0  90 270  6.3408E-08  4.2444E-10  3.8783E-02 180 999 999 999  5.714E+02  0.000E+00  0.000E+00  0.000E+00
 1    5  3   3.69984 0.200  10.0  90 270  6.3620E-08  1.6758E-09  7.9789E-02 180 999 999 999  3.174E+02  0.000E+00  0.000E+00  0.000E+00
 1    5  3   3.69984 0.250  10.0  90 270  6.3891E-08  3.1310E-09  1.1298E-01 180 999 999 999  2.533E+02  0.000E+00  0.000E+00  0.000E+00
 1    5  3   3.69984 0.300  10.0  90 270  6.4192E-08  4.5649E-09  1.4145E-01 180 999 999 999  2.262E+02  0.000E+00  0.000E+00  0.000E+00
 1    5  3   3.69984 0.350  10.0  90 270  6.4483E-08  5.8066E-09  1.5734E-01 180 999 999 999  2.116E+02  0.000E+00  0.000E+00  0.000E+00
 1    5  3   3.69984 0.400  10.0  90 270  6.4706E-08  6.7209E-09  1.5355E-01 180 999 999 999  2.013E+02  0.000E+00  0.000E+00  0.000E+00
 1    5  3   3.69984 0.450  10.0  90 270  6.4796E-08  7.1913E-09  1.3729E-01 180 999 999 999  1.919E+02  0.000E+00  0.000E+00  0.000E+00
 1    5  3   3.69984 0.500  10.0  90 270  6.4699E-08  7.1186E-09  1.1876E-01 999 999 999 999  0.000E+00  0.000E+00  0.000E+00  0.000E+00
 1    5  3   3.69984 0.550  10.0  90 270  6.4391E-08  6.4260E-09  9.6777E-02 180 999 999 999  1.717E+02  0.000E+00  0.000E+00  0.000E+00
 1    5  3   3.69984 0.600  10.0  90 270  6.3879E-08  5.0579E-09  1.2311E-01   0 180 999 999  4.810E+02  1.623E+02  0.000E+00  0.000E+00
 1    5  3   3.69984 0.650  10.0  90 270  6.3196E-08  2.9804E-09  8.7090E-02   0 180 999 999  2.932E+02  1.584E+02  0.000E+00  0.000E+00
 1    5  3   3.69984 0.700  10.0  90 270  6.2381E-08  1.3140E-09  5.1505E-02   0 180 999 999  2.697E+02  1.802E+02  0.000E+00  0.000E+00
 1    5  3   3.69984 0.750  10.0  90 270  6.1468E-08  2.7028E-09  7.3367E-02   0 999 999 999  2.646E+02  0.000E+00  0.000E+00  0.000E+00
      
 1    7  5   4.15589 0.000  10.0  90 270  6.6711E-08  2.3385E-10  2.9521E-02   0 180 999 999  6.979E+02  3.830E+02  0.000E+00  0.000E+00
 1    7  5   4.15589 0.050  10.0  90 270  6.6672E-08  8.4656E-10  5.7613E-02   0 999 999 999  2.963E+02  0.000E+00  0.000E+00  0.000E+00
 1    7  5   4.15589 0.100  10.0  90 270  6.6700E-08  5.2148E-10  5.1713E-02   0 999 999 999  3.598E+02  0.000E+00  0.000E+00  0.000E+00
 1    7  5   4.15589 0.150  10.0  90 270  6.6778E-08  1.0578E-09  7.2742E-02 180 999 999 999  2.457E+02  0.000E+00  0.000E+00  0.000E+00
 1    7  5   4.15589 0.200  10.0  90 270  6.6859E-08  2.9272E-09  7.8563E-02 180 999 999 999  1.734E+02  0.000E+00  0.000E+00  0.000E+00
 1    7  5   4.15589 0.250  10.0  90 270  6.6865E-08  4.4245E-09  1.2356E-01 999 999 999 999  0.000E+00  0.000E+00  0.000E+00  0.000E+00
 1    7  5   4.15589 0.300  10.0  90 270  6.6702E-08  5.1945E-09  1.1884E-01 180 999 999 999  1.449E+02  0.000E+00  0.000E+00  0.000E+00
 1    7  5   4.15589 0.350  10.0  90 270  6.6304E-08  5.0536E-09  8.7685E-02 180 999 999 999  1.362E+02  0.000E+00  0.000E+00  0.000E+00
 1    7  5   4.15589 0.400  10.0  90 270  6.5651E-08  3.9020E-09  5.2204E-02 180 999 999 999  1.280E+02  0.000E+00  0.000E+00  0.000E+00
 1    7  5   4.15589 0.450  10.0  90 270  6.4779E-08  1.7108E-09  7.4310E-02   0 180 999 999  2.272E+02  1.288E+02  0.000E+00  0.000E+00
 1    7  5   4.15589 0.500  10.0  90 270  6.3744E-08  1.7366E-09  5.4522E-02   0 180 999 999  1.997E+02  2.610E+02  0.000E+00  0.000E+00
 1    7  5   4.15589 0.550  10.0  90 270  6.2600E-08  2.7799E-09  8.7433E-02   0 999 999 999  1.925E+02  0.000E+00  0.000E+00  0.000E+00
 1    7  5   4.15589 0.600  10.0  90 270  6.1394E-08  2.9722E-09  7.9827E-02   0 999 999 999  1.847E+02  0.000E+00  0.000E+00  0.000E+00
 1    7  5   4.15589 0.650  10.0  90 270  6.0155E-08  2.3384E-09  4.9656E-02   0 999 999 999  1.766E+02  0.000E+00  0.000E+00  0.000E+00
 1    7  5   4.15589 0.700  10.0  90 270  5.8905E-08  9.0883E-10  5.5103E-02   0 180 999 999  1.865E+02  3.070E+02  0.000E+00  0.000E+00
 1    7  5   4.15589 0.750  10.0  90 270  5.7657E-08  1.1486E-09  4.6207E-02 180 999 999 999  2.501E+02  0.000E+00  0.000E+00  0.000E+00
      
 1    9  7   4.39865 0.000  10.0  90 270  6.8986E-08  3.7701E-10  0.0000E+00   0 180 999 999  3.548E+02  2.221E+02  0.000E+00  0.000E+00
 1    9  7   4.39865 0.050  10.0  90 270  6.8964E-08  1.1684E-09  2.0576E-02   0 999 999 999  1.955E+02  0.000E+00  0.000E+00  0.000E+00
 1    9  7   4.39865 0.100  10.0  90 270  6.8915E-08  6.0938E-10  4.9977E-03   0 999 999 999  2.427E+02  0.000E+00  0.000E+00  0.000E+00
 1    9  7   4.39865 0.150  10.0  90 270  6.8813E-08  1.5977E-09  0.0000E+00 180 999 999 999  1.564E+02  0.000E+00  0.000E+00  0.000E+00
 1    9  7   4.39865 0.200  10.0  90 270  6.8575E-08  3.3840E-09  5.7357E-02 180 999 999 999  1.270E+02  0.000E+00  0.000E+00  0.000E+00
 1    9  7   4.39865 0.250  10.0  90 270  6.8106E-08  4.0166E-09  7.7187E-02 180 999 999 999  1.177E+02  0.000E+00  0.000E+00  0.000E+00
 1    9  7   4.39865 0.300  10.0  90 270  6.7358E-08  3.2518E-09  3.1569E-02 180 999 999 999  1.109E+02  0.000E+00  0.000E+00  0.000E+00
 1    9  7   4.39865 0.350  10.0  90 270  6.6350E-08  1.0566E-09  5.9210E-02   0 180 999 999  1.959E+02  1.177E+02  0.000E+00  0.000E+00
 1    9  7   4.39865 0.400  10.0  90 270  6.5150E-08  1.8416E-09  5.0552E-02 999 999 999 999  0.000E+00  0.000E+00  0.000E+00  0.000E+00
 1    9  7   4.39865 0.450  10.0  90 270  6.3829E-08  2.5040E-09  6.7816E-02   0 999 999 999  1.521E+02  0.000E+00  0.000E+00  0.000E+00
 1    9  7   4.39865 0.500  10.0  90 270  6.2446E-08  2.0055E-09  2.8813E-02   0 999 999 999  1.447E+02  0.000E+00  0.000E+00  0.000E+00
 1    9  7   4.39865 0.550  10.0  90 270  6.1042E-08  4.5826E-10  3.4290E-02   0 180 999 999  1.659E+02  2.381E+02  0.000E+00  0.000E+00
 1    9  7   4.39865 0.600  10.0  90 270  5.9641E-08  1.2797E-09  4.4934E-02 180 999 999 999  1.956E+02  0.000E+00  0.000E+00  0.000E+00
 1    9  7   4.39865 0.650  10.0  90 270  5.8258E-08  1.5167E-09  4.9801E-02 180 999 999 999  1.857E+02  0.000E+00  0.000E+00  0.000E+00
 1    9  7   4.39865 0.700  10.0  90 270  5.6901E-08  8.5649E-10  1.3257E-02 180 999 999 999  1.924E+02  0.000E+00  0.000E+00  0.000E+00
 1    9  7   4.39865 0.750  10.0  90 270  5.5574E-08  5.2637E-10  2.3355E-02   0 999 999 999  2.595E+02  0.000E+00  0.000E+00  0.000E+00
      
 1    4  1   2.06400 0.000  10.0  90 270  5.6534E-08  1.4231E-11  3.0023E-03   0 999 999 999  5.428E+03  0.000E+00  0.000E+00  0.000E+00
 1    4  1   2.06400 0.050  10.0  90 270  5.6534E-08  2.1433E-11  3.6861E-03   0 999 999 999  4.429E+03  0.000E+00  0.000E+00  0.000E+00
 1    4  1   2.06400 0.100  10.0  90 270  5.6552E-08  1.7665E-11  3.3464E-03   0 999 999 999  4.878E+03  0.000E+00  0.000E+00  0.000E+00
 1    4  1   2.06400 0.150  10.0  90 270  5.6589E-08  1.2097E-11  2.7691E-03   0 999 999 999  5.894E+03  0.000E+00  0.000E+00  0.000E+00
 1    4  1   2.06400 0.200  10.0  90 270  5.6643E-08  1.3826E-11  2.9605E-03 999 999 999 999  0.000E+00  0.000E+00  0.000E+00  0.000E+00
 1    4  1   2.06400 0.250  10.0  90 270  5.6715E-08  3.1604E-11  4.4767E-03 999 999 999 999  0.000E+00  0.000E+00  0.000E+00  0.000E+00
 1    4  1   2.06400 0.300  10.0  90 270  5.6806E-08  7.3480E-11  6.8311E-03 999 999 999 999  0.000E+00  0.000E+00  0.000E+00  0.000E+00
 1    4  1   2.06400 0.350  10.0  90 270  5.6914E-08  1.4641E-10  9.6562E-03   0 999 999 999  1.706E+03  0.000E+00  0.000E+00  0.000E+00
 1    4  1   2.06400 0.400  10.0  90 270  5.7041E-08  2.5585E-10  1.2793E-02   0 999 999 999  1.299E+03  0.000E+00  0.000E+00  0.000E+00
 1    4  1   2.06400 0.450  10.0  90 270  5.7186E-08  4.0537E-10  1.6151E-02   0 999 999 999  1.041E+03  0.000E+00  0.000E+00  0.000E+00
 1    4  1   2.06400 0.500  10.0  90 270  5.7351E-08  5.9638E-10  1.9665E-02   0 999 999 999  8.675E+02  0.000E+00  0.000E+00  0.000E+00
 1    4  1   2.06400 0.550  10.0  90 270  5.7534E-08  8.2787E-10  2.3276E-02   0 999 999 999  7.457E+02  0.000E+00  0.000E+00  0.000E+00
 1    4  1   2.06400 0.600  10.0  90 270  5.7737E-08  1.0963E-09  2.6926E-02   0 999 999 999  6.573E+02  0.000E+00  0.000E+00  0.000E+00
 1    4  1   2.06400 0.650  10.0  90 270  5.7960E-08  1.3955E-09  3.0553E-02   0 999 999 999  5.915E+02  0.000E+00  0.000E+00  0.000E+00
 1    4  1   2.06400 0.700  10.0  90 270  5.8203E-08  1.7164E-09  3.4086E-02   0 999 999 999  5.415E+02  0.000E+00  0.000E+00  0.000E+00
 1    4  1   2.06400 0.750  10.0  90 270  5.8467E-08  2.0469E-09  3.7435E-02   0 999 999 999  5.030E+02  0.000E+00  0.000E+00  0.000E+00
      
 1    5  2   2.82351 0.000  10.0  90 270  5.8827E-08  1.5132E-11  4.9495E-03   0 999 999 999  3.592E+03  0.000E+00  0.000E+00  0.000E+00
 1    5  2   2.82351 0.050  10.0  90 270  5.8821E-08  2.0669E-11  5.7943E-03   0 999 999 999  3.089E+03  0.000E+00  0.000E+00  0.000E+00
 1    5  2   2.82351 0.100  10.0  90 270  5.8856E-08  8.7403E-13  1.1858E-03 180 999 999 999  1.481E+04  0.000E+00  0.000E+00  0.000E+00
 1    5  2   2.82351 0.150  10.0  90 270  5.8933E-08  9.6132E-12  3.9506E-03 180 999 999 999  4.526E+03  0.000E+00  0.000E+00  0.000E+00
 1    5  2   2.82351 0.200  10.0  90 270  5.9051E-08  3.2490E-11  7.2617E-03   0 999 999 999  2.461E+03  0.000E+00  0.000E+00  0.000E+00
 1    5  2   2.82351 0.250  10.0  90 270  5.9210E-08  1.5775E-10  1.6044E-02   0 999 999 999  1.126E+03  0.000E+00  0.000E+00  0.000E+00
 1    5  2   2.82351 0.300  10.0  90 270  5.9411E-08  3.8807E-10  2.5292E-02   0 999 999 999  7.283E+02  0.000E+00  0.000E+00  0.000E+00
 1    5  2   2.82351 0.350  10.0  90 270  5.9652E-08  7.3157E-10  3.4996E-02   0 999 999 999  5.421E+02  0.000E+00  0.000E+00  0.000E+00
 1    5  2   2.82351 0.400  10.0  90 270  5.9933E-08  1.1815E-09  4.4932E-02   0 999 999 999  4.385E+02  0.000E+00  0.000E+00  0.000E+00
 1    5  2   2.82351 0.450  10.0  90 270  6.0255E-08  1.7177E-09  5.4841E-02   0 999 999 999  3.751E+02  0.000E+00  0.000E+00  0.000E+00
 1    5  2   2.82351 0.500  10.0  90 270  6.0614E-08  2.3098E-09  6.4433E-02   0 999 999 999  3.337E+02  0.000E+00  0.000E+00  0.000E+00
 1    5  2   2.82351 0.550  10.0  90 270  6.1008E-08  2.9206E-09  7.3356E-02 999 999 999 999  0.000E+00  0.000E+00  0.000E+00  0.000E+00
 1    5  2   2.82351 0.600  10.0  90 270  6.1431E-08  3.5077E-09  8.1169E-02   0 999 999 999  2.847E+02  0.000E+00  0.000E+00  0.000E+00
 1    5  2   2.82351 0.650  10.0  90 270  6.1873E-08  4.0238E-09  8.7326E-02   0 999 999 999  2.690E+02  0.000E+00  0.000E+00  0.000E+00
 1    5  2   2.82351 0.700  10.0  90 270  6.2322E-08  4.4146E-09  9.1197E-02   0 999 999 999  2.564E+02  0.000E+00  0.000E+00  0.000E+00
 1    5  2   2.82351 0.750  10.0  90 270  6.2758E-08  4.6152E-09  8.9000E-02   0 999 999 999  2.461E+02  0.000E+00  0.000E+00  0.000E+00
      
 1    7  4   3.58143 0.000  10.0  90 270  6.2493E-08  6.7592E-11  1.4958E-02   0 999 999 999  1.081E+03  0.000E+00  0.000E+00  0.000E+00
 1    7  4   3.58143 0.050  10.0  90 270  6.2468E-08  5.0561E-11  1.2949E-02   0 999 999 999  1.253E+03  0.000E+00  0.000E+00  0.000E+00
 1    7  4   3.58143 0.100  10.0  90 270  6.2524E-08  3.8281E-11  1.1258E-02 180 999 999 999  1.437E+03  0.000E+00  0.000E+00  0.000E+00
 1    7  4   3.58143 0.150  10.0  90 270  6.2657E-08  1.7557E-11  7.5993E-03 180 999 999 999  2.101E+03  0.000E+00  0.000E+00  0.000E+00
 1    7  4   3.58143 0.200  10.0  90 270  6.2864E-08  2.5649E-10  2.9206E-02   0 999 999 999  5.589E+02  0.000E+00  0.000E+00  0.000E+00
 1    7  4   3.58143 0.250  10.0  90 270  6.3135E-08  8.2636E-10  5.3188E-02   0 999 999 999  3.245E+02  0.000E+00  0.000E+00  0.000E+00
 1    7  4   3.58143 0.300  10.0  90 270  6.3452E-08  1.6165E-09  7.5944E-02   0 999 999 999  2.449E+02  0.000E+00  0.000E+00  0.000E+00
 1    7  4   3.58143 0.350  10.0  90 270  6.3791E-08  2.4723E-09  9.5955E-02   0 999 999 999  2.083E+02  0.000E+00  0.000E+00  0.000E+00
 1    7  4   3.58143 0.400  10.0  90 270  6.4111E-08  3.2149E-09  1.0277E-01   0 999 999 999  1.884E+02  0.000E+00  0.000E+00  0.000E+00
 1    7  4   3.58143 0.450  10.0  90 270  6.4360E-08  3.6723E-09  9.3983E-02   0 999 999 999  1.757E+02  0.000E+00  0.000E+00  0.000E+00
 1    7  4   3.58143 0.500  10.0  90 270  6.4477E-08  3.6912E-09  7.6536E-02   0 999 999 999  1.667E+02  0.000E+00  0.000E+00  0.000E+00
 1    7  4   3.58143 0.550  10.0  90 270  6.4416E-08  3.1498E-09  5.4408E-02   0 999 999 999  1.617E+02  0.000E+00  0.000E+00  0.000E+00
 1    7  4   3.58143 0.600  10.0  90 270  6.4154E-08  1.9887E-09  2.9678E-02   0 999 999 999  1.671E+02  0.000E+00  0.000E+00  0.000E+00
 1    7  4   3.58143 0.650  10.0  90 270  6.3697E-08  3.1690E-10  1.2340E-02   0 180 999 999  2.230E+02  3.036E+02  0.000E+00  0.000E+00
 1    7  4   3.58143 0.700  10.0  90 270  6.3073E-08  1.4812E-09  3.7954E-02 180 999 999 999  2.463E+02  0.000E+00  0.000E+00  0.000E+00
 1    7  4   3.58143 0.750  10.0  90 270  6.2317E-08  2.0884E-09  6.3520E-02 180 999 999 999  2.275E+02  0.000E+00  0.000E+00  0.000E+00
      
 1    8  5   3.80191 0.000  10.0  90 270  6.3933E-08  1.0412E-10  2.0317E-02   0 999 999 999  7.411E+02  0.000E+00  0.000E+00  0.000E+00
 1    8  5   3.80191 0.050  10.0  90 270  6.3901E-08  6.7264E-11  1.6330E-02   0 999 999 999  9.218E+02  0.000E+00  0.000E+00  0.000E+00
 1    8  5   3.80191 0.100  10.0  90 270  6.3957E-08  6.8737E-11  1.6514E-02 180 999 999 999  9.129E+02  0.000E+00  0.000E+00  0.000E+00
 1    8  5   3.80191 0.150  10.0  90 270  6.4096E-08  1.2194E-11  6.7877E-03 180 999 999 999  2.030E+03  0.000E+00  0.000E+00  0.000E+00
 1    8  5   3.80191 0.200  10.0  90 270  6.4307E-08  4.3247E-10  4.1570E-02   0 999 999 999  3.680E+02  0.000E+00  0.000E+00  0.000E+00
 1    8  5   3.80191 0.250  10.0  90 270  6.4564E-08  1.2271E-09  7.1567E-02   0 999 999 999  2.321E+02  0.000E+00  0.000E+00  0.000E+00
 1    8  5   3.80191 0.300  10.0  90 270  6.4827E-08  2.1430E-09  9.3015E-02   0 999 999 999  1.866E+02  0.000E+00  0.000E+00  0.000E+00
 1    8  5   3.80191 0.350  10.0  90 270  6.5039E-08  2.8923E-09  9.5607E-02   0 999 999 999  1.660E+02  0.000E+00  0.000E+00  0.000E+00
 1    8  5   3.80191 0.400  10.0  90 270  6.5129E-08  3.2209E-09  7.9417E-02   0 999 999 999  1.545E+02  0.000E+00  0.000E+00  0.000E+00
 1    8  5   3.80191 0.450  10.0  90 270  6.5035E-08  2.9380E-09  5.4805E-02   0 999 999 999  1.480E+02  0.000E+00  0.000E+00  0.000E+00
 1    8  5   3.80191 0.500  10.0  90 270  6.4723E-08  1.9404E-09  2.5719E-02   0 999 999 999  1.509E+02  0.000E+00  0.000E+00  0.000E+00
 1    8  5   3.80191 0.550  10.0  90 270  6.4196E-08  2.9881E-10  1.4794E-02   0 180 999 999  2.024E+02  2.799E+02  0.000E+00  0.000E+00
 1    8  5   3.80191 0.600  10.0  90 270  6.3486E-08  1.4046E-09  3.8893E-02 999 999 999 999  0.000E+00  0.000E+00  0.000E+00  0.000E+00
 1    8  5   3.80191 0.650  10.0  90 270  6.2635E-08  1.9459E-09  6.7124E-02 180 999 999 999  1.998E+02  0.000E+00  0.000E+00  0.000E+00
 1    8  5   3.80191 0.700  10.0  90 270  6.1684E-08  1.7866E-09  4.5095E-02 180 999 999 999  1.935E+02  0.000E+00  0.000E+00  0.000E+00
 1    8  5   3.80191 0.750  10.0  90 270  6.0665E-08  9.4038E-10  5.5923E-02 180 999 999 999  2.113E+02  0.000E+00  0.000E+00  0.000E+00
      
 1   10  7   4.10029 0.000  10.0  90 270  6.6233E-08  1.8742E-10  2.2655E-02   0 999 999 999  4.272E+02  0.000E+00  0.000E+00  0.000E+00
 1   10  7   4.10029 0.050  10.0  90 270  6.6194E-08  1.0177E-10  2.2451E-02   0 999 999 999  5.742E+02  0.000E+00  0.000E+00  0.000E+00
 1   10  7   4.10029 0.100  10.0  90 270  6.6231E-08  1.4519E-10  2.6945E-02 180 999 999 999  4.873E+02  0.000E+00  0.000E+00  0.000E+00
 1   10  7   4.10029 0.150  10.0  90 270  6.6330E-08  2.8496E-11  1.1198E-02   0 999 999 999  9.365E+02  0.000E+00  0.000E+00  0.000E+00
 1   10  7   4.10029 0.200  10.0  90 270  6.6451E-08  8.1151E-10  2.9588E-02   0 999 999 999  2.113E+02  0.000E+00  0.000E+00  0.000E+00
 1   10  7   4.10029 0.250  10.0  90 270  6.6525E-08  1.7838E-09  6.3084E-02   0 999 999 999  1.540E+02  0.000E+00  0.000E+00  0.000E+00
 1   10  7   4.10029 0.300  10.0  90 270  6.6466E-08  2.3715E-09  6.6923E-02   0 999 999 999  1.360E+02  0.000E+00  0.000E+00  0.000E+00
 1   10  7   4.10029 0.350  10.0  90 270  6.6195E-08  2.1810E-09  3.4486E-02   0 999 999 999  1.300E+02  0.000E+00  0.000E+00  0.000E+00
 1   10  7   4.10029 0.400  10.0  90 270  6.5675E-08  1.0651E-09  0.0000E+00   0 999 999 999  1.436E+02  0.000E+00  0.000E+00  0.000E+00
 1   10  7   4.10029 0.450  10.0  90 270  6.4923E-08  8.0941E-10  1.9114E-02 180 999 999 999  1.990E+02  0.000E+00  0.000E+00  0.000E+00
 1   10  7   4.10029 0.500  10.0  90 270  6.3986E-08  1.5609E-09  5.3854E-02 180 999 999 999  1.693E+02  0.000E+00  0.000E+00  0.000E+00
 1   10  7   4.10029 0.550  10.0  90 270  6.2920E-08  1.4377E-09  2.7567E-02 180 999 999 999  1.628E+02  0.000E+00  0.000E+00  0.000E+00
 1   10  7   4.10029 0.600  10.0  90 270  6.1772E-08  4.9526E-10  0.0000E+00   0 180 999 999  5.221E+02  1.973E+02  0.000E+00  0.000E+00
 1   10  7   4.10029 0.650  10.0  90 270  6.0578E-08  7.4681E-10  2.4914E-02   0 999 999 999  2.230E+02  0.000E+00  0.000E+00  0.000E+00
 1   10  7   4.10029 0.700  10.0  90 270  5.9361E-08  1.0286E-09  3.8938E-02   0 999 999 999  2.020E+02  0.000E+00  0.000E+00  0.000E+00
 1   10  7   4.10029 0.750  10.0  90 270  5.8138E-08  5.6344E-10  8.4899E-03   0 999 999 999  2.256E+02  0.000E+00  0.000E+00  0.000E+00
      
 1    7  3   2.95641 0.000  10.0  90 270  5.9351E-08  5.3186E-12  3.1482E-03   0 999 999 999  4.246E+03  0.000E+00  0.000E+00  0.000E+00
 1    7  3   2.95641 0.050  10.0  90 270  5.9343E-08  6.3789E-13  1.0898E-03   0 999 999 999  1.225E+04  0.000E+00  0.000E+00  0.000E+00
 1    7  3   2.95641 0.100  10.0  90 270  5.9383E-08  1.3295E-12  1.5739E-03 180 999 999 999  8.490E+03  0.000E+00  0.000E+00  0.000E+00
 1    7  3   2.95641 0.150  10.0  90 270  5.9469E-08  1.1810E-12  1.4833E-03   0 999 999 999  9.007E+03  0.000E+00  0.000E+00  0.000E+00
 1    7  3   2.95641 0.200  10.0  90 270  5.9602E-08  4.3269E-12  2.8390E-03 180 999 999 999  4.705E+03  0.000E+00  0.000E+00  0.000E+00
 1    7  3   2.95641 0.250  10.0  90 270  5.9781E-08  4.1234E-11  8.7720E-03 180 999 999 999  1.528E+03  0.000E+00  0.000E+00  0.000E+00
 1    7  3   2.95641 0.300  10.0  90 270  6.0007E-08  1.3735E-10  1.6051E-02 180 999 999 999  8.438E+02  0.000E+00  0.000E+00  0.000E+00
 1    7  3   2.95641 0.350  10.0  90 270  6.0278E-08  3.1606E-10  2.4468E-02 180 999 999 999  5.642E+02  0.000E+00  0.000E+00  0.000E+00
 1    7  3   2.95641 0.400  10.0  90 270  6.0594E-08  5.8731E-10  3.3600E-02 999 999 999 999  0.000E+00  0.000E+00  0.000E+00  0.000E+00
 1    7  3   2.95641 0.450  10.0  90 270  6.0950E-08  9.4160E-10  4.2940E-02 180 999 999 999  3.421E+02  0.000E+00  0.000E+00  0.000E+00
 1    7  3   2.95641 0.500  10.0  90 270  6.1343E-08  1.3489E-09  5.1900E-02 180 999 999 999  2.931E+02  0.000E+00  0.000E+00  0.000E+00
 1    7  3   2.95641 0.550  10.0  90 270  6.1766E-08  1.7617E-09  5.9792E-02 999 999 999 999  0.000E+00  0.000E+00  0.000E+00  0.000E+00
 1    7  3   2.95641 0.600  10.0  90 270  6.2204E-08  2.1195E-09  6.5808E-02 180 999 999 999  2.409E+02  0.000E+00  0.000E+00  0.000E+00
 1    7  3   2.95641 0.650  10.0  90 270  6.2641E-08  2.3524E-09  6.9048E-02 180 999 999 999  2.272E+02  0.000E+00  0.000E+00  0.000E+00
 1    7  3   2.95641 0.700  10.0  90 270  6.3051E-08  2.3846E-09  6.0588E-02 180 999 999 999  2.193E+02  0.000E+00  0.000E+00  0.000E+00
 1    7  3   2.95641 0.750  10.0  90 270  6.3401E-08  2.1408E-09  4.7521E-02 180 999 999 999  2.190E+02  0.000E+00  0.000E+00  0.000E+00
      
 1    9  5   3.51480 0.000  10.0  90 270  6.2096E-08  1.6684E-11  7.2308E-03   0 999 999 999  1.712E+03  0.000E+00  0.000E+00  0.000E+00
 1    9  5   3.51480 0.050  10.0  90 270  6.2074E-08  1.8490E-12  2.4036E-03 180 999 999 999  5.120E+03  0.000E+00  0.000E+00  0.000E+00
 1    9  5   3.51480 0.100  10.0  90 270  6.2128E-08  2.8955E-12  3.0105E-03 180 999 999 999  4.103E+03  0.000E+00  0.000E+00  0.000E+00
 1    9  5   3.51480 0.150  10.0  90 270  6.2258E-08  7.4220E-12  4.8213E-03   0 999 999 999  2.565E+03  0.000E+00  0.000E+00  0.000E+00
 1    9  5   3.51480 0.200  10.0  90 270  6.2458E-08  3.6018E-11  1.0617E-02 180 999 999 999  1.163E+03  0.000E+00  0.000E+00  0.000E+00
 1    9  5   3.51480 0.250  10.0  90 270  6.2724E-08  2.1712E-10  2.6200E-02 180 999 999 999  4.809E+02  0.000E+00  0.000E+00  0.000E+00
 1    9  5   3.51480 0.300  10.0  90 270  6.3041E-08  5.7757E-10  4.3183E-02 180 999 999 999  3.037E+02  0.000E+00  0.000E+00  0.000E+00
 1    9  5   3.51480 0.350  10.0  90 270  6.3392E-08  1.0727E-09  5.9674E-02 180 999 999 999  2.313E+02  0.000E+00  0.000E+00  0.000E+00
 1    9  5   3.51480 0.400  10.0  90 270  6.3744E-08  1.5768E-09  7.1326E-02 999 999 999 999  0.000E+00  0.000E+00  0.000E+00  0.000E+00
 1    9  5   3.51480 0.450  10.0  90 270  6.4054E-08  1.9235E-09  6.6122E-02 180 999 999 999  1.781E+02  0.000E+00  0.000E+00  0.000E+00
 1    9  5   3.51480 0.500  10.0  90 270  6.4268E-08  1.9479E-09  5.0309E-02 180 999 999 999  1.700E+02  0.000E+00  0.000E+00  0.000E+00
 1    9  5   3.51480 0.550  10.0  90 270  6.4332E-08  1.5269E-09  2.9464E-02 180 999 999 999  1.740E+02  0.000E+00  0.000E+00  0.000E+00
 1    9  5   3.51480 0.600  10.0  90 270  6.4210E-08  6.4601E-10  6.4501E-03 180 999 999 999  2.162E+02  0.000E+00  0.000E+00  0.000E+00
 1    9  5   3.51480 0.650  10.0  90 270  6.3891E-08  5.5703E-10  0.0000E+00   0 999 999 999  2.824E+02  0.000E+00  0.000E+00  0.000E+00
 1    9  5   3.51480 0.700  10.0  90 270  6.3391E-08  1.1466E-09  2.7967E-02   0 999 999 999  2.272E+02  0.000E+00  0.000E+00  0.000E+00
 1    9  5   3.51480 0.750  10.0  90 270  6.2740E-08  1.2118E-09  3.6978E-02   0 999 999 999  2.159E+02  0.000E+00  0.000E+00  0.000E+00
      
 1    7  2   2.25616 0.000  10.0  90 270  5.7015E-08  1.8395E-13  3.9027E-04   0 999 999 999  2.612E+04  0.000E+00  0.000E+00  0.000E+00
 1    7  2   2.25616 0.050  10.0  90 270  5.7014E-08  7.6253E-15  7.9455E-05   0 999 999 999  1.283E+05  0.000E+00  0.000E+00  0.000E+00
 1    7  2   2.25616 0.100  10.0  90 270  5.7036E-08  2.3350E-14  1.3904E-04 180 999 999 999  7.333E+04  0.000E+00  0.000E+00  0.000E+00
 1    7  2   2.25616 0.150  10.0  90 270  5.7081E-08  7.4593E-15  7.8587E-05   0 999 999 999  1.297E+05  0.000E+00  0.000E+00  0.000E+00
 1    7  2   2.25616 0.200  10.0  90 270  5.7148E-08  6.2788E-16  2.2800E-05 180 999 999 999  4.472E+05  0.000E+00  0.000E+00  0.000E+00
 1    7  2   2.25616 0.250  10.0  90 270  5.7237E-08  3.5570E-13  5.4269E-04   0 999 999 999  1.879E+04  0.000E+00  0.000E+00  0.000E+00
 1    7  2   2.25616 0.300  10.0  90 270  5.7350E-08  2.3995E-12  1.4096E-03   0 999 999 999  7.235E+03  0.000E+00  0.000E+00  0.000E+00
 1    7  2   2.25616 0.350  10.0  90 270  5.7485E-08  8.6059E-12  2.6700E-03   0 999 999 999  3.822E+03  0.000E+00  0.000E+00  0.000E+00
 1    7  2   2.25616 0.400  10.0  90 270  5.7643E-08  2.2583E-11  4.3270E-03   0 999 999 999  2.363E+03  0.000E+00  0.000E+00  0.000E+00
 1    7  2   2.25616 0.450  10.0  90 270  5.7825E-08  4.8748E-11  6.3623E-03   0 999 999 999  1.612E+03  0.000E+00  0.000E+00  0.000E+00
 1    7  2   2.25616 0.500  10.0  90 270  5.8030E-08  9.1686E-11  8.7365E-03   0 999 999 999  1.180E+03  0.000E+00  0.000E+00  0.000E+00
 1    7  2   2.25616 0.550  10.0  90 270  5.8259E-08  1.5521E-10  1.1388E-02   0 999 999 999  9.115E+02  0.000E+00  0.000E+00  0.000E+00
 1    7  2   2.25616 0.600  10.0  90 270  5.8513E-08  2.4124E-10  1.4230E-02   0 999 999 999  7.361E+02  0.000E+00  0.000E+00  0.000E+00
 1    7  2   2.25616 0.650  10.0  90 270  5.8792E-08  3.4859E-10  1.7153E-02   0 999 999 999  6.172E+02  0.000E+00  0.000E+00  0.000E+00
 1    7  2   2.25616 0.700  10.0  90 270  5.9096E-08  4.7190E-10  2.0016E-02   0 999 999 999  5.349E+02  0.000E+00  0.000E+00  0.000E+00
 1    7  2   2.25616 0.750  10.0  90 270  5.9424E-08  6.0065E-10  2.2640E-02   0 999 999 999  4.775E+02  0.000E+00  0.000E+00  0.000E+00
      
 1    8  3   2.70460 0.000  10.0  90 270  5.8392E-08  4.2307E-13  7.7681E-04   0 999 999 999  1.377E+04  0.000E+00  0.000E+00  0.000E+00
 1    8  3   2.70460 0.050  10.0  90 270  5.8388E-08  7.7783E-14  3.3308E-04 180 999 999 999  3.211E+04  0.000E+00  0.000E+00  0.000E+00
 1    8  3   2.70460 0.100  10.0  90 270  5.8421E-08  2.1560E-14  1.7536E-04 180 999 999 999  6.098E+04  0.000E+00  0.000E+00  0.000E+00
 1    8  3   2.70460 0.150  10.0  90 270  5.8490E-08  1.5202E-14  1.4725E-04   0 999 999 999  7.262E+04  0.000E+00  0.000E+00  0.000E+00
 1    8  3   2.70460 0.200  10.0  90 270  5.8595E-08  6.7625E-14  3.1057E-04   0 999 999 999  3.443E+04  0.000E+00  0.000E+00  0.000E+00
 1    8  3   2.70460 0.250  10.0  90 270  5.8737E-08  2.8766E-12  2.0257E-03   0 999 999 999  5.281E+03  0.000E+00  0.000E+00  0.000E+00
 1    8  3   2.70460 0.300  10.0  90 270  5.8916E-08  1.5057E-11  4.6362E-03   0 999 999 999  2.311E+03  0.000E+00  0.000E+00  0.000E+00
 1    8  3   2.70460 0.350  10.0  90 270  5.9131E-08  4.6844E-11  8.1856E-03   0 999 999 999  1.314E+03  0.000E+00  0.000E+00  0.000E+00
 1    8  3   2.70460 0.400  10.0  90 270  5.9384E-08  1.1016E-10  1.2577E-02   0 999 999 999  8.618E+02  0.000E+00  0.000E+00  0.000E+00
 1    8  3   2.70460 0.450  10.0  90 270  5.9673E-08  2.1514E-10  1.7633E-02   0 999 999 999  6.225E+02  0.000E+00  0.000E+00  0.000E+00
 1    8  3   2.70460 0.500  10.0  90 270  5.9998E-08  3.6595E-10  2.3098E-02   0 999 999 999  4.833E+02  0.000E+00  0.000E+00  0.000E+00
 1    8  3   2.70460 0.550  10.0  90 270  6.0358E-08  5.5709E-10  2.8646E-02   0 999 999 999  3.973E+02  0.000E+00  0.000E+00  0.000E+00
 1    8  3   2.70460 0.600  10.0  90 270  6.0750E-08  7.7131E-10  3.3874E-02   0 999 999 999  3.423E+02  0.000E+00  0.000E+00  0.000E+00
 1    8  3   2.70460 0.650  10.0  90 270  6.1171E-08  9.7960E-10  3.8307E-02   0 999 999 999  3.066E+02  0.000E+00  0.000E+00  0.000E+00
 1    8  3   2.70460 0.700  10.0  90 270  6.1613E-08  1.1430E-09  4.1393E-02 999 999 999 999  0.000E+00  0.000E+00  0.000E+00  0.000E+00
 1    8  3   2.70460 0.750  10.0  90 270  6.2066E-08  1.2155E-09  4.2509E-02   0 999 999 999  2.729E+02  0.000E+00  0.000E+00  0.000E+00
      
 1    9  4   3.02896 0.000  10.0  90 270  5.9656E-08  7.9742E-13  1.2640E-03   0 999 999 999  8.423E+03  0.000E+00  0.000E+00  0.000E+00
 1    9  4   3.02896 0.050  10.0  90 270  5.9647E-08  2.5406E-13  7.1344E-04 180 999 999 999  1.492E+04  0.000E+00  0.000E+00  0.000E+00
 1    9  4   3.02896 0.100  10.0  90 270  5.9688E-08  4.8879E-14  3.1293E-04   0 999 999 999  3.402E+04  0.000E+00  0.000E+00  0.000E+00
 1    9  4   3.02896 0.150  10.0  90 270  5.9780E-08  5.5916E-14  3.3470E-04 180 999 999 999  3.181E+04  0.000E+00  0.000E+00  0.000E+00
 1    9  4   3.02896 0.200  10.0  90 270  5.9922E-08  5.0063E-13  1.0015E-03   0 999 999 999  1.063E+04  0.000E+00  0.000E+00  0.000E+00
 1    9  4   3.02896 0.250  10.0  90 270  6.0113E-08  1.0906E-11  4.6755E-03   0 999 999 999  2.279E+03  0.000E+00  0.000E+00  0.000E+00
 1    9  4   3.02896 0.300  10.0  90 270  6.0353E-08  4.9442E-11  9.9673E-03   0 999 999 999  1.074E+03  0.000E+00  0.000E+00  0.000E+00
 1    9  4   3.02896 0.350  10.0  90 270  6.0641E-08  1.3865E-10  1.6739E-02   0 999 999 999  6.470E+02  0.000E+00  0.000E+00  0.000E+00
 1    9  4   3.02896 0.400  10.0  90 270  6.0974E-08  2.9534E-10  2.4551E-02   0 999 999 999  4.496E+02  0.000E+00  0.000E+00  0.000E+00
 1    9  4   3.02896 0.450  10.0  90 270  6.1348E-08  5.1914E-10  3.2765E-02   0 999 999 999  3.455E+02  0.000E+00  0.000E+00  0.000E+00
 1    9  4   3.02896 0.500  10.0  90 270  6.1755E-08  7.8517E-10  4.0571E-02   0 999 999 999  2.862E+02  0.000E+00  0.000E+00  0.000E+00
 1    9  4   3.02896 0.550  10.0  90 270  6.2185E-08  1.0441E-09  4.6996E-02   0 999 999 999  2.512E+02  0.000E+00  0.000E+00  0.000E+00
 1    9  4   3.02896 0.600  10.0  90 270  6.2618E-08  1.2285E-09  5.0930E-02   0 999 999 999  2.313E+02  0.000E+00  0.000E+00  0.000E+00
 1    9  4   3.02896 0.650  10.0  90 270  6.3030E-08  1.2635E-09  4.4737E-02   0 999 999 999  2.233E+02  0.000E+00  0.000E+00  0.000E+00
 1    9  4   3.02896 0.700  10.0  90 270  6.3387E-08  1.0833E-09  3.1785E-02   0 999 999 999  2.301E+02  0.000E+00  0.000E+00  0.000E+00
 1    9  4   3.02896 0.750  10.0  90 270  6.3653E-08  6.6091E-10  1.6040E-02   0 999 999 999  2.713E+02  0.000E+00  0.000E+00  0.000E+00
      
 1   10  3   2.33075 0.000  10.0  90 270  5.7218E-08  6.0953E-16  2.3588E-05   0 999 999 999  3.125E+05  0.000E+00  0.000E+00  0.000E+00
 1   10  3   2.33075 0.050  10.0  90 270  5.7217E-08  5.3390E-16  2.2076E-05 999 999 999 999  0.000E+00  0.000E+00  0.000E+00  0.000E+00
 1   10  3   2.33075 0.100  10.0  90 270  5.7241E-08  1.2993E-16  1.0891E-05   0 999 999 999  6.770E+05  0.000E+00  0.000E+00  0.000E+00
 1   10  3   2.33075 0.150  10.0  90 270  5.7289E-08  2.8208E-17  5.0743E-06 180 999 999 999  1.462E+06  0.000E+00  0.000E+00  0.000E+00
 1   10  3   2.33075 0.200  10.0  90 270  5.7361E-08  3.1596E-17  5.3704E-06 180 999 999 999  1.370E+06  0.000E+00  0.000E+00  0.000E+00
 1   10  3   2.33075 0.250  10.0  90 270  5.7458E-08  6.9939E-15  7.9901E-05   0 999 999 999  9.227E+04  0.000E+00  0.000E+00  0.000E+00
 1   10  3   2.33075 0.300  10.0  90 270  5.7580E-08  1.0192E-13  3.0501E-04   0 999 999 999  2.417E+04  0.000E+00  0.000E+00  0.000E+00
 1   10  3   2.33075 0.350  10.0  90 270  5.7727E-08  6.0031E-13  7.4027E-04   0 999 999 999  9.960E+03  0.000E+00  0.000E+00  0.000E+00
 1   10  3   2.33075 0.400  10.0  90 270  5.7899E-08  2.2745E-12  1.4410E-03   0 999 999 999  5.118E+03  0.000E+00  0.000E+00  0.000E+00
 1   10  3   2.33075 0.450  10.0  90 270  5.8096E-08  6.5438E-12  2.4447E-03   0 999 999 999  3.019E+03  0.000E+00  0.000E+00  0.000E+00
 1   10  3   2.33075 0.500  10.0  90 270  5.8319E-08  1.5493E-11  3.7630E-03   0 999 999 999  1.964E+03  0.000E+00  0.000E+00  0.000E+00
 1   10  3   2.33075 0.550  10.0  90 270  5.8568E-08  3.1577E-11  5.3753E-03   0 999 999 999  1.378E+03  0.000E+00  0.000E+00  0.000E+00
 1   10  3   2.33075 0.600  10.0  90 270  5.8844E-08  5.6906E-11  7.2226E-03   0 999 999 999  1.029E+03  0.000E+00  0.000E+00  0.000E+00
 1   10  3   2.33075 0.650  10.0  90 270  5.9146E-08  9.2159E-11  9.2020E-03   0 999 999 999  8.117E+02  0.000E+00  0.000E+00  0.000E+00
 1   10  3   2.33075 0.700  10.0  90 270  5.9475E-08  1.3529E-10  1.1163E-02   0 999 999 999  6.724E+02  0.000E+00  0.000E+00  0.000E+00
 1   10  3   2.33075 0.750  10.0  90 270  5.9830E-08  1.8040E-10  1.2904E-02   0 999 999 999  5.840E+02  0.000E+00  0.000E+00  0.000E+00
      
